[2026-03-02 20:03:12] === Auto Rotation Daemon Starting ===
[2026-03-02 20:03:13] No positions available. Exiting.
[2026-03-02 20:04:01] === Auto Rotation Daemon Starting ===
[2026-03-02 20:04:01] Held: 6 crypto positions
[2026-03-02 20:04:01] Universe: 12 assets tracked
[2026-03-02 20:04:01] Weakest held: SOL-USD (+2.1%, $5643, held 999.0h)
[2026-03-02 20:04:01] Strongest non-held: APT-USD (+3.4%)
[2026-03-02 20:04:01] Delta: 1.3% (threshold: 3.0%)
[2026-03-02 20:04:01] Delta 1.3% below threshold 3.0%. No rotation.
[2026-03-02 20:33:13] === Auto Rotation Daemon Starting ===
[2026-03-02 20:33:13] Held: 6 crypto positions
[2026-03-02 20:33:13] Universe: 12 assets tracked
[2026-03-02 20:33:13] Weakest held: LINK-USD (+1.9%, $448, held 1.9h)
[2026-03-02 20:33:13] Strongest non-held: APT-USD (+2.7%)
[2026-03-02 20:33:13] Delta: 0.9% (threshold: 3.0%)
[2026-03-02 20:33:13] Delta 0.9% below threshold 3.0%. No rotation.
[2026-03-02 21:03:13] === Auto Rotation Daemon Starting ===
[2026-03-02 21:03:13] Held: 6 crypto positions
[2026-03-02 21:03:13] Universe: 12 assets tracked
[2026-03-02 21:03:13] Weakest held: LINK-USD (+1.5%, $446, held 2.4h)
[2026-03-02 21:03:13] Strongest non-held: UNI-USD (+2.2%)
[2026-03-02 21:03:13] Delta: 0.7% (threshold: 3.0%)
[2026-03-02 21:03:13] Delta 0.7% below threshold 3.0%. No rotation.
[2026-03-02 21:33:14] === Auto Rotation Daemon Starting ===
[2026-03-02 21:33:14] Held: 6 crypto positions
[2026-03-02 21:33:14] Universe: 12 assets tracked
[2026-03-02 21:33:14] Weakest held: SOL-USD (+1.8%, $5578, held 999.0h)
[2026-03-02 21:33:14] Strongest non-held: APT-USD (+2.5%)
[2026-03-02 21:33:14] Delta: 0.7% (threshold: 3.0%)
[2026-03-02 21:33:14] Delta 0.7% below threshold 3.0%. No rotation.
[2026-03-02 22:03:14] === Auto Rotation Daemon Starting ===
[2026-03-02 22:03:14] ERROR fetching prices: HTTP Error 429: Too Many Requests
[2026-03-02 22:03:14] No prices available. Exiting.
[2026-03-02 22:33:14] === Auto Rotation Daemon Starting ===
[2026-03-02 22:33:14] Held: 8 crypto positions
[2026-03-02 22:33:14] Universe: 12 assets tracked
[2026-03-02 22:33:15] Weakest held: LINK-USD (+0.5%, $444, held 3.9h)
[2026-03-02 22:33:15] Strongest non-held: UNI-USD (+1.5%)
[2026-03-02 22:33:15] Delta: 0.9% (threshold: 3.0%)
[2026-03-02 22:33:15] Delta 0.9% below threshold 3.0%. No rotation.
[2026-03-02 23:03:15] === Auto Rotation Daemon Starting ===
[2026-03-02 23:03:15] Held: 8 crypto positions
[2026-03-02 23:03:15] Universe: 12 assets tracked
[2026-03-02 23:03:15] Weakest held: LINK-USD (+0.7%, $444, held 4.4h)
[2026-03-02 23:03:15] Strongest non-held: UNI-USD (+2.0%)
[2026-03-02 23:03:15] Delta: 1.4% (threshold: 3.0%)
[2026-03-02 23:03:15] Delta 1.4% below threshold 3.0%. No rotation.
[2026-03-02 23:33:15] === Auto Rotation Daemon Starting ===
[2026-03-02 23:33:15] Held: 8 crypto positions
[2026-03-02 23:33:15] Universe: 12 assets tracked
[2026-03-02 23:33:15] Weakest held: LINK-USD (+0.6%, $444, held 4.9h)
[2026-03-02 23:33:15] Strongest non-held: APT-USD (+2.2%)
[2026-03-02 23:33:15] Delta: 1.6% (threshold: 3.0%)
[2026-03-02 23:33:15] Delta 1.6% below threshold 3.0%. No rotation.
[2026-03-03 00:03:15] === Auto Rotation Daemon Starting ===
[2026-03-03 00:03:16] Held: 8 crypto positions
[2026-03-03 00:03:16] Universe: 12 assets tracked
[2026-03-03 00:03:16] Weakest held: LINK-USD (+0.4%, $442, held 5.4h)
[2026-03-03 00:03:16] Strongest non-held: APT-USD (+2.0%)
[2026-03-03 00:03:16] Delta: 1.6% (threshold: 3.0%)
[2026-03-03 00:03:16] Delta 1.6% below threshold 3.0%. No rotation.
[2026-03-03 00:33:16] === Auto Rotation Daemon Starting ===
[2026-03-03 00:33:16] Held: 8 crypto positions
[2026-03-03 00:33:16] Universe: 12 assets tracked
[2026-03-03 00:33:16] Weakest held: LINK-USD (+1.1%, $444, held 5.9h)
[2026-03-03 00:33:16] Strongest non-held: APT-USD (+4.0%)
[2026-03-03 00:33:16] Delta: 2.9% (threshold: 3.0%)
[2026-03-03 00:33:16] Delta 2.9% below threshold 3.0%. No rotation.
[2026-03-03 01:03:16] === Auto Rotation Daemon Starting ===
[2026-03-03 01:03:17] Held: 8 crypto positions
[2026-03-03 01:03:17] Universe: 12 assets tracked
[2026-03-03 01:03:17] Weakest held: LINK-USD (-0.0%, $440, held 6.4h)
[2026-03-03 01:03:17] Strongest non-held: APT-USD (+3.1%)
[2026-03-03 01:03:17] Delta: 3.1% (threshold: 3.0%)
[2026-03-03 01:03:17] 🔄 ROTATING: LINK-USD → APT-USD (delta: +3.1%)
[2026-03-03 01:03:17] SOLD LINK-USD 50.0 @ $8.8
[2026-03-03 01:03:17] BOUGHT APT-USD 450.330123 @ $0.977061
[2026-03-03 01:03:17] ✅ Rotation complete. 1/4 today.
[2026-03-03 01:03:17] === Daemon Complete ===
[2026-03-03 01:33:17] === Auto Rotation Daemon Starting ===
[2026-03-03 01:33:18] Held: 9 crypto positions
[2026-03-03 01:33:18] Universe: 12 assets tracked
[2026-03-03 01:33:18] Weakest held: LINK-USD (+0.9%, $439, held 6.9h)
[2026-03-03 01:33:18] Strongest non-held: UNI-USD (+2.1%)
[2026-03-03 01:33:18] Delta: 1.2% (threshold: 3.0%)
[2026-03-03 01:33:18] Delta 1.2% below threshold 3.0%. No rotation.
[2026-03-03 02:03:18] === Auto Rotation Daemon Starting ===
[2026-03-03 02:03:18] Held: 9 crypto positions
[2026-03-03 02:03:18] Universe: 12 assets tracked
[2026-03-03 02:03:18] Weakest held: LINK-USD (+1.4%, $440, held 7.4h)
[2026-03-03 02:03:18] Strongest non-held: UNI-USD (+2.5%)
[2026-03-03 02:03:18] Delta: 1.1% (threshold: 3.0%)
[2026-03-03 02:03:18] Delta 1.1% below threshold 3.0%. No rotation.
[2026-03-03 02:33:18] === Auto Rotation Daemon Starting ===
[2026-03-03 02:33:19] Held: 9 crypto positions
[2026-03-03 02:33:19] Universe: 12 assets tracked
[2026-03-03 02:33:19] Weakest held: LINK-USD (+1.8%, $440, held 7.9h)
[2026-03-03 02:33:19] Strongest non-held: SUI-USD (+3.4%)
[2026-03-03 02:33:19] Delta: 1.6% (threshold: 3.0%)
[2026-03-03 02:33:19] Delta 1.6% below threshold 3.0%. No rotation.
[2026-03-03 03:03:19] === Auto Rotation Daemon Starting ===
[2026-03-03 03:03:19] Held: 9 crypto positions
[2026-03-03 03:03:19] Universe: 12 assets tracked
[2026-03-03 03:03:19] Weakest held: LINK-USD (+1.3%, $439, held 8.4h)
[2026-03-03 03:03:19] Strongest non-held: UNI-USD (+3.3%)
[2026-03-03 03:03:19] Delta: 1.9% (threshold: 3.0%)
[2026-03-03 03:03:19] Delta 1.9% below threshold 3.0%. No rotation.
[2026-03-03 03:33:19] === Auto Rotation Daemon Starting ===
[2026-03-03 03:33:20] Held: 9 crypto positions
[2026-03-03 03:33:20] Universe: 12 assets tracked
[2026-03-03 03:33:20] Weakest held: LINK-USD (+1.4%, $437, held 8.9h)
[2026-03-03 03:33:20] Strongest non-held: UNI-USD (+3.4%)
[2026-03-03 03:33:20] Delta: 1.9% (threshold: 3.0%)
[2026-03-03 03:33:20] Delta 1.9% below threshold 3.0%. No rotation.
[2026-03-03 04:03:20] === Auto Rotation Daemon Starting ===
[2026-03-03 04:03:20] Held: 9 crypto positions
[2026-03-03 04:03:20] Universe: 12 assets tracked
[2026-03-03 04:03:20] Weakest held: LINK-USD (-0.5%, $432, held 9.4h)
[2026-03-03 04:03:20] Strongest non-held: SUI-USD (+0.7%)
[2026-03-03 04:03:20] Delta: 1.1% (threshold: 3.0%)
[2026-03-03 04:03:20] Delta 1.1% below threshold 3.0%. No rotation.
[2026-03-03 04:33:20] === Auto Rotation Daemon Starting ===
[2026-03-03 04:33:20] Held: 8 crypto positions
[2026-03-03 04:33:20] Universe: 12 assets tracked
[2026-03-03 04:33:20] Weakest held: ETH-USD (-0.8%, $7773, held 8.5h)
[2026-03-03 04:33:20] Strongest non-held: SUI-USD (+0.6%)
[2026-03-03 04:33:20] Delta: 1.3% (threshold: 3.0%)
[2026-03-03 04:33:20] Delta 1.3% below threshold 3.0%. No rotation.
[2026-03-03 05:03:21] === Auto Rotation Daemon Starting ===
[2026-03-03 05:03:21] Held: 8 crypto positions
[2026-03-03 05:03:21] Universe: 12 assets tracked
[2026-03-03 05:03:21] Weakest held: ETH-USD (+0.0%, $7793, held 9.0h)
[2026-03-03 05:03:21] Strongest non-held: SUI-USD (+0.5%)
[2026-03-03 05:03:21] Delta: 0.5% (threshold: 3.0%)
[2026-03-03 05:03:21] Delta 0.5% below threshold 3.0%. No rotation.
[2026-03-03 05:33:21] === Auto Rotation Daemon Starting ===
[2026-03-03 05:33:21] Held: 8 crypto positions
[2026-03-03 05:33:21] Universe: 12 assets tracked
[2026-03-03 05:33:21] Weakest held: ETH-USD (+0.0%, $7808, held 9.5h)
[2026-03-03 05:33:21] Strongest non-held: SUI-USD (+0.6%)
[2026-03-03 05:33:21] Delta: 0.6% (threshold: 3.0%)
[2026-03-03 05:33:21] Delta 0.6% below threshold 3.0%. No rotation.
[2026-03-03 06:03:21] === Auto Rotation Daemon Starting ===
[2026-03-03 06:03:22] Held: 6 crypto positions
[2026-03-03 06:03:22] Universe: 12 assets tracked
[2026-03-03 06:03:22] Weakest held: SOL-USD (+0.2%, $5455, held 999.0h)
[2026-03-03 06:03:22] Strongest non-held: SUI-USD (+0.8%)
[2026-03-03 06:03:22] Delta: 0.6% (threshold: 3.0%)
[2026-03-03 06:03:22] Delta 0.6% below threshold 3.0%. No rotation.
[2026-03-03 06:33:22] === Auto Rotation Daemon Starting ===
[2026-03-03 06:33:22] Held: 6 crypto positions
[2026-03-03 06:33:22] Universe: 12 assets tracked
[2026-03-03 06:33:22] Weakest held: SOL-USD (+0.4%, $5468, held 999.0h)
[2026-03-03 06:33:22] Strongest non-held: UNI-USD (+0.6%)
[2026-03-03 06:33:22] Delta: 0.2% (threshold: 3.0%)
[2026-03-03 06:33:22] Delta 0.2% below threshold 3.0%. No rotation.
[2026-03-03 07:03:22] === Auto Rotation Daemon Starting ===
[2026-03-03 07:03:23] Held: 6 crypto positions
[2026-03-03 07:03:23] Universe: 12 assets tracked
[2026-03-03 07:03:23] Weakest held: SOL-USD (+0.4%, $5478, held 999.0h)
[2026-03-03 07:03:23] Strongest non-held: SUI-USD (+0.7%)
[2026-03-03 07:03:23] Delta: 0.2% (threshold: 3.0%)
[2026-03-03 07:03:23] Delta 0.2% below threshold 3.0%. No rotation.
[2026-03-03 07:33:23] === Auto Rotation Daemon Starting ===
[2026-03-03 07:33:23] Held: 6 crypto positions
[2026-03-03 07:33:23] Universe: 12 assets tracked
[2026-03-03 07:33:23] Weakest held: SOL-USD (+1.4%, $5524, held 999.0h)
[2026-03-03 07:33:23] Strongest non-held: UNI-USD (+1.7%)
[2026-03-03 07:33:23] Delta: 0.3% (threshold: 3.0%)
[2026-03-03 07:33:23] Delta 0.3% below threshold 3.0%. No rotation.
[2026-03-03 08:03:23] === Auto Rotation Daemon Starting ===
[2026-03-03 08:03:23] Held: 6 crypto positions
[2026-03-03 08:03:23] Universe: 12 assets tracked
[2026-03-03 08:03:23] Weakest held: SOL-USD (+0.7%, $5481, held 999.0h)
[2026-03-03 08:03:23] Strongest non-held: UNI-USD (+1.5%)
[2026-03-03 08:03:23] Delta: 0.8% (threshold: 3.0%)
[2026-03-03 08:03:23] Delta 0.8% below threshold 3.0%. No rotation.
[2026-03-03 08:33:24] === Auto Rotation Daemon Starting ===
[2026-03-03 08:33:24] Held: 6 crypto positions
[2026-03-03 08:33:24] Universe: 12 assets tracked
[2026-03-03 08:33:24] Weakest held: SOL-USD (+0.7%, $5457, held 999.0h)
[2026-03-03 08:33:24] Strongest non-held: UNI-USD (+0.9%)
[2026-03-03 08:33:24] Delta: 0.2% (threshold: 3.0%)
[2026-03-03 08:33:24] Delta 0.2% below threshold 3.0%. No rotation.
[2026-03-03 09:03:24] === Auto Rotation Daemon Starting ===
[2026-03-03 09:03:24] Held: 6 crypto positions
[2026-03-03 09:03:24] Universe: 12 assets tracked
[2026-03-03 09:03:24] Weakest held: SOL-USD (+0.6%, $5428, held 999.0h)
[2026-03-03 09:03:24] Strongest non-held: UNI-USD (+1.0%)
[2026-03-03 09:03:24] Delta: 0.5% (threshold: 3.0%)
[2026-03-03 09:03:24] Delta 0.5% below threshold 3.0%. No rotation.
[2026-03-03 09:33:24] === Auto Rotation Daemon Starting ===
[2026-03-03 09:33:25] Held: 8 crypto positions
[2026-03-03 09:33:25] Universe: 12 assets tracked
[2026-03-03 09:33:25] Weakest held: LINK-USD (+0.2%, $2013, held 0.5h)
[2026-03-03 09:33:25] Strongest non-held: UNI-USD (+0.5%)
[2026-03-03 09:33:25] Delta: 0.3% (threshold: 3.0%)
[2026-03-03 09:33:25] Delta 0.3% below threshold 3.0%. No rotation.
[2026-03-03 10:03:25] === Auto Rotation Daemon Starting ===
[2026-03-03 10:03:25] Held: 7 crypto positions
[2026-03-03 10:03:25] Universe: 12 assets tracked
[2026-03-03 10:03:25] Weakest held: SUI-USD (-2.6%, $2004, held 1.0h)
[2026-03-03 10:03:25] Strongest non-held: AVAX-USD (-1.9%)
[2026-03-03 10:03:25] Delta: 0.7% (threshold: 3.0%)
[2026-03-03 10:03:25] Delta 0.7% below threshold 3.0%. No rotation.
[2026-03-03 10:33:25] === Auto Rotation Daemon Starting ===
[2026-03-03 10:33:26] Held: 5 crypto positions
[2026-03-03 10:33:26] Universe: 12 assets tracked
[2026-03-03 10:33:26] Weakest held: LINK-USD (-4.7%, $2595, held 0.5h)
[2026-03-03 10:33:26] Strongest non-held: APT-USD (-2.0%)
[2026-03-03 10:33:26] Delta: 2.8% (threshold: 3.0%)
[2026-03-03 10:33:26] Delta 2.8% below threshold 3.0%. No rotation.
[2026-03-03 11:03:26] === Auto Rotation Daemon Starting ===
[2026-03-03 11:03:26] Held: 5 crypto positions
[2026-03-03 11:03:26] Universe: 12 assets tracked
[2026-03-03 11:03:26] Weakest held: LINK-USD (-4.2%, $2619, held 1.0h)
[2026-03-03 11:03:26] Strongest non-held: APT-USD (-1.2%)
[2026-03-03 11:03:26] Delta: 3.0% (threshold: 3.0%)
[2026-03-03 11:03:26] Hold time 1.0h below 1h minimum. No rotation.
[2026-03-03 11:33:26] === Auto Rotation Daemon Starting ===
[2026-03-03 11:33:26] Held: 3 crypto positions
[2026-03-03 11:33:26] Universe: 12 assets tracked
[2026-03-03 11:33:26] Weakest held: ETH-USD (-2.5%, $7990, held 15.5h)
[2026-03-03 11:33:26] Strongest non-held: APT-USD (+1.1%)
[2026-03-03 11:33:26] Delta: 3.7% (threshold: 3.0%)
[2026-03-03 11:33:26] 🔄 ROTATING: ETH-USD → APT-USD (delta: +3.7%)
[2026-03-03 11:33:27] SOLD ETH-USD 4.0 @ $1997.55
[2026-03-03 11:33:27] BOUGHT APT-USD 8135.069314 @ $0.982192
[2026-03-03 11:33:27] ✅ Rotation complete. 2/4 today.
[2026-03-03 11:33:27] === Daemon Complete ===
[2026-03-03 12:03:27] === Auto Rotation Daemon Starting ===
[2026-03-03 12:03:28] Held: 4 crypto positions
[2026-03-03 12:03:28] Universe: 12 assets tracked
[2026-03-03 12:03:28] Weakest held: ETH-USD (-4.3%, $7903, held 16.0h)
[2026-03-03 12:03:28] Strongest non-held: AVAX-USD (-1.7%)
[2026-03-03 12:03:28] Delta: 2.6% (threshold: 3.0%)
[2026-03-03 12:03:28] Delta 2.6% below threshold 3.0%. No rotation.
[2026-03-03 12:33:28] === Auto Rotation Daemon Starting ===
[2026-03-03 12:33:28] Held: 5 crypto positions
[2026-03-03 12:33:28] Universe: 12 assets tracked
[2026-03-03 12:33:28] Weakest held: ETH-USD (-4.1%, $7874, held 16.5h)
[2026-03-03 12:33:28] Strongest non-held: UNI-USD (-2.0%)
[2026-03-03 12:33:28] Delta: 2.1% (threshold: 3.0%)
[2026-03-03 12:33:28] Delta 2.1% below threshold 3.0%. No rotation.
[2026-03-03 13:03:28] === Auto Rotation Daemon Starting ===
[2026-03-03 13:03:29] Held: 5 crypto positions
[2026-03-03 13:03:29] Universe: 12 assets tracked
[2026-03-03 13:03:29] Weakest held: ETH-USD (-2.4%, $7938, held 17.0h)
[2026-03-03 13:03:29] Strongest non-held: UNI-USD (-1.1%)
[2026-03-03 13:03:29] Delta: 1.3% (threshold: 3.0%)
[2026-03-03 13:03:29] Delta 1.3% below threshold 3.0%. No rotation.
[2026-03-03 13:33:29] === Auto Rotation Daemon Starting ===
[2026-03-03 13:33:29] Held: 5 crypto positions
[2026-03-03 13:33:29] Universe: 12 assets tracked
[2026-03-03 13:33:29] Weakest held: ETH-USD (-2.3%, $7957, held 17.5h)
[2026-03-03 13:33:29] Strongest non-held: UNI-USD (-0.5%)
[2026-03-03 13:33:29] Delta: 1.7% (threshold: 3.0%)
[2026-03-03 13:33:29] Delta 1.7% below threshold 3.0%. No rotation.
[2026-03-03 14:03:29] === Auto Rotation Daemon Starting ===
[2026-03-03 14:03:30] Held: 4 crypto positions
[2026-03-03 14:03:30] Universe: 12 assets tracked
[2026-03-03 14:03:30] Weakest held: ETH-USD (-2.0%, $7953, held 18.0h)
[2026-03-03 14:03:30] Strongest non-held: AVAX-USD (+0.0%)
[2026-03-03 14:03:30] Delta: 2.0% (threshold: 3.0%)
[2026-03-03 14:03:30] Delta 2.0% below threshold 3.0%. No rotation.
[2026-03-03 14:33:30] === Auto Rotation Daemon Starting ===
[2026-03-03 14:33:30] Held: 4 crypto positions
[2026-03-03 14:33:30] Universe: 12 assets tracked
[2026-03-03 14:33:30] Weakest held: ETH-USD (-2.3%, $7944, held 18.5h)
[2026-03-03 14:33:30] Strongest non-held: AVAX-USD (-0.1%)
[2026-03-03 14:33:30] Delta: 2.2% (threshold: 3.0%)
[2026-03-03 14:33:30] Delta 2.2% below threshold 3.0%. No rotation.
[2026-03-03 15:03:30] === Auto Rotation Daemon Starting ===
[2026-03-03 15:03:30] Held: 4 crypto positions
[2026-03-03 15:03:30] Universe: 12 assets tracked
[2026-03-03 15:03:30] Weakest held: ETH-USD (-3.3%, $7948, held 19.0h)
[2026-03-03 15:03:30] Strongest non-held: AVAX-USD (-0.8%)
[2026-03-03 15:03:30] Delta: 2.5% (threshold: 3.0%)
[2026-03-03 15:03:30] Delta 2.5% below threshold 3.0%. No rotation.
[2026-03-03 15:33:30] === Auto Rotation Daemon Starting ===
[2026-03-03 15:33:31] Held: 5 crypto positions
[2026-03-03 15:33:31] Universe: 12 assets tracked
[2026-03-03 15:33:31] Weakest held: ETH-USD (-2.8%, $7935, held 19.5h)
[2026-03-03 15:33:31] Strongest non-held: AVAX-USD (-0.7%)
[2026-03-03 15:33:31] Delta: 2.1% (threshold: 3.0%)
[2026-03-03 15:33:31] Delta 2.1% below threshold 3.0%. No rotation.
[2026-03-03 16:03:31] === Auto Rotation Daemon Starting ===
[2026-03-03 16:03:31] Held: 6 crypto positions
[2026-03-03 16:03:31] Universe: 12 assets tracked
[2026-03-03 16:03:31] Weakest held: LINK-USD (-3.0%, $1991, held 0.4h)
[2026-03-03 16:03:31] Strongest non-held: AVAX-USD (-0.9%)
[2026-03-03 16:03:31] Delta: 2.2% (threshold: 3.0%)
[2026-03-03 16:03:31] Delta 2.2% below threshold 3.0%. No rotation.
[2026-03-03 16:33:31] === Auto Rotation Daemon Starting ===
[2026-03-03 16:33:32] Held: 6 crypto positions
[2026-03-03 16:33:32] Universe: 12 assets tracked
[2026-03-03 16:33:32] Weakest held: ETH-USD (-3.8%, $7854, held 20.5h)
[2026-03-03 16:33:32] Strongest non-held: AVAX-USD (-1.3%)
[2026-03-03 16:33:32] Delta: 2.6% (threshold: 3.0%)
[2026-03-03 16:33:32] Delta 2.6% below threshold 3.0%. No rotation.
[2026-03-03 17:03:32] === Auto Rotation Daemon Starting ===
[2026-03-03 17:03:32] Held: 3 crypto positions
[2026-03-03 17:03:32] Universe: 12 assets tracked
[2026-03-03 17:03:32] Weakest held: ETH-USD (-3.6%, $7878, held 21.0h)
[2026-03-03 17:03:32] Strongest non-held: APT-USD (+1.7%)
[2026-03-03 17:03:32] Delta: 5.3% (threshold: 3.0%)
[2026-03-03 17:03:32] 🔄 ROTATING: ETH-USD → APT-USD (delta: +5.3%)
[2026-03-03 17:03:33] SOLD ETH-USD 4.0 @ $1969.56
[2026-03-03 17:03:33] BOUGHT APT-USD 7914.218035 @ $0.995454
[2026-03-03 17:03:33] ✅ Rotation complete. 3/4 today.
[2026-03-03 17:03:33] === Daemon Complete ===
[2026-03-03 17:33:33] === Auto Rotation Daemon Starting ===
[2026-03-03 17:33:33] Held: 4 crypto positions
[2026-03-03 17:33:33] Universe: 12 assets tracked
[2026-03-03 17:33:33] Weakest held: NEAR-USD (-3.5%, $10935, held 22.9h)
[2026-03-03 17:33:33] Strongest non-held: AVAX-USD (-1.0%)
[2026-03-03 17:33:33] Delta: 2.5% (threshold: 3.0%)
[2026-03-03 17:33:33] Delta 2.5% below threshold 3.0%. No rotation.
[2026-03-03 18:03:34] === Auto Rotation Daemon Starting ===
[2026-03-03 18:03:34] Held: 4 crypto positions
[2026-03-03 18:03:34] Universe: 12 assets tracked
[2026-03-03 18:03:34] Weakest held: ETH-USD (-3.3%, $7936, held 22.0h)
[2026-03-03 18:03:34] Strongest non-held: AVAX-USD (-0.8%)
[2026-03-03 18:03:34] Delta: 2.5% (threshold: 3.0%)
[2026-03-03 18:03:34] Delta 2.5% below threshold 3.0%. No rotation.
