09:00:50 === CYCLE START 2026-02-27 09:00 ET ===
09:00:50 Market closed: Pre-market
09:05:09 === CYCLE START 2026-02-27 09:05 ET ===
09:05:09 Market closed: Pre-market
09:10:04 === CYCLE START 2026-02-27 09:10 ET ===
09:10:04 Market closed: Pre-market
09:20:04 === CYCLE START 2026-02-27 09:20 ET ===
09:20:04 Market closed: Pre-market
09:25:06 === CYCLE START 2026-02-27 09:25 ET ===
09:25:06 Market closed: Pre-market
09:30:04 === CYCLE START 2026-02-27 09:30 ET ===
09:30:04 Running risk checks...
09:30:27 === CYCLE START 2026-02-27 09:30 ET ===
09:30:27 Running risk checks...
09:30:28 Closed: SELL 3.0x MSFT
09:30:52 === CYCLE START 2026-02-27 09:30 ET ===
09:30:52 Running risk checks...
09:30:52 Scanning for signals...
09:30:57 Syncing dashboard...
09:31:02 === CYCLE END === **Alfred** 09:30 ET | 游눯 Portfolio: $24,993.00 | 游늵 No signals detected
09:35:04 === CYCLE START 2026-02-27 09:35 ET ===
09:35:04 Running risk checks...
09:35:05 Closed: SELL 3.0x MSFT
09:35:05 Scanning for signals...
09:40:03 === CYCLE START 2026-02-27 09:40 ET ===
09:40:03 Running risk checks...
09:40:04 Closed: SELL 3.0x MSFT
09:40:04 Scanning for signals...
09:40:10 Executed: SCOUT SHORT 1x NVDA
09:40:11 Executed: SCOUT SHORT 1x CRM
09:40:11 Executed: SCOUT BUY 15x SQQQ
09:40:12 Syncing dashboard...
09:40:15 === CYCLE END === **Alfred** 09:40 ET | 游눯 Portfolio: $27,350.33 | 游댮 Closed: SELL 3.0x MSFT | 游릭 Trades: SCOUT SHORT 1x NVDA, SCOUT SHORT 1x CRM, SCOUT BUY 15x SQQQ
09:50:03 === CYCLE START 2026-02-27 09:50 ET ===
09:50:03 Running risk checks...
09:50:04 Closed: SELL 3.0x MSFT
09:50:04 Scanning for signals...
09:50:08 Executed: SCOUT SHORT 5x CRM
09:50:08 Syncing dashboard...
09:50:12 === CYCLE END === **Alfred** 09:50 ET | 游눯 Portfolio: $28,516.60 | 游댮 Closed: SELL 3.0x MSFT | 游릭 Trades: SCOUT SHORT 5x CRM
09:55:04 === CYCLE START 2026-02-27 09:55 ET ===
09:55:04 Running risk checks...
09:55:05 Closed: SELL 3.0x MSFT
09:55:05 Scanning for signals...
09:55:09 Executed: SCOUT SHORT 1x NVDA
09:55:10 Executed: SCOUT SHORT 6x CRM
09:55:10 Syncing dashboard...
09:55:14 === CYCLE END === **Alfred** 09:55 ET | 游눯 Portfolio: $29,719.35 | 游댮 Closed: SELL 3.0x MSFT | 游릭 Trades: SCOUT SHORT 1x NVDA, SCOUT SHORT 6x CRM
10:00:04 === CYCLE START 2026-02-27 10:00 ET ===
10:00:04 Running risk checks...
10:00:05 Closed: SELL 3.0x MSFT
10:00:05 Scanning for signals...
10:00:10 Executed: SCOUT SHORT 1x NVDA
10:00:11 Executed: SCOUT SHORT 4x CRM
10:00:12 Executed: SCOUT BUY 14x SQQQ
10:00:12 Syncing dashboard...
10:00:19 === CYCLE END === **Alfred** 10:00 ET | 游눯 Portfolio: $30,904.60 | 游댮 Closed: SELL 3.0x MSFT | 游릭 Trades: SCOUT SHORT 1x NVDA, SCOUT SHORT 4x CRM, SCOUT BUY 14x SQQQ
10:05:04 === CYCLE START 2026-02-27 10:05 ET ===
10:05:04 Running risk checks...
10:05:05 Closed: SELL 3.0x MSFT
10:05:05 Scanning for signals...
10:05:09 Syncing dashboard...
10:05:12 === CYCLE END === **Alfred** 10:05 ET | 游눯 Portfolio: $32,046.20 | 游댮 Closed: SELL 3.0x MSFT | 游늵 Signals found but none executed
10:10:04 === CYCLE START 2026-02-27 10:10 ET ===
10:10:04 Running risk checks...
10:10:05 Closed: SELL 3.0x MSFT
10:10:05 Scanning for signals...
10:10:08 Executed: SCOUT SHORT 1x CRM
10:10:08 Syncing dashboard...
10:10:12 === CYCLE END === **Alfred** 10:10 ET | 游눯 Portfolio: $33,192.27 | 游댮 Closed: SELL 3.0x MSFT | 游릭 Trades: SCOUT SHORT 1x CRM
10:20:03 === CYCLE START 2026-02-27 10:20 ET ===
10:20:03 Running risk checks...
10:20:04 Closed: SELL 3.0x MSFT
10:20:04 Scanning for signals...
10:20:08 Executed: SCOUT SHORT 1x NVDA
10:20:08 Syncing dashboard...
10:20:13 === CYCLE END === **Alfred** 10:20 ET | 游눯 Portfolio: $34,397.71 | 游댮 Closed: SELL 3.0x MSFT | 游릭 Trades: SCOUT SHORT 1x NVDA
10:25:03 === CYCLE START 2026-02-27 10:25 ET ===
10:25:03 Running risk checks...
10:25:04 Closed: SELL 3.0x MSFT
10:25:04 Scanning for signals...
10:25:08 Executed: SCOUT SHORT 1x NVDA
10:25:08 Syncing dashboard...
10:25:12 === CYCLE END === **Alfred** 10:25 ET | 游눯 Portfolio: $35,575.39 | 游댮 Closed: SELL 3.0x MSFT | 游릭 Trades: SCOUT SHORT 1x NVDA
10:30:03 === CYCLE START 2026-02-27 10:30 ET ===
10:30:03 Running risk checks...
10:30:04 Closed: SELL 3.0x MSFT
10:30:04 Scanning for signals...
10:30:07 Executed: SCOUT SHORT 1x NVDA
10:30:08 Syncing dashboard...
10:30:11 === CYCLE END === **Alfred** 10:30 ET | 游눯 Portfolio: $36,758.56 | 游댮 Closed: SELL 3.0x MSFT | 游릭 Trades: SCOUT SHORT 1x NVDA
10:35:02 === CYCLE START 2026-02-27 10:35 ET ===
10:35:02 Running risk checks...
10:35:03 Closed: SELL 3.0x MSFT
10:35:03 Scanning for signals...
10:35:06 Syncing dashboard...
10:35:09 === CYCLE END === **Alfred** 10:35 ET | 游눯 Portfolio: $37,948.22 | 游댮 Closed: SELL 3.0x MSFT | 游늵 Signals found but none executed
10:40:03 === CYCLE START 2026-02-27 10:40 ET ===
10:40:03 Running risk checks...
10:40:03 Scanning for signals...
10:40:06 Syncing dashboard...
10:40:10 === CYCLE END === **Alfred** 10:40 ET | 游눯 Portfolio: $37,938.64 | 游늵 Signals found but none executed
10:50:04 === CYCLE START 2026-02-27 10:50 ET ===
10:50:04 Running risk checks...
10:50:04 Scanning for signals...
10:50:07 Syncing dashboard...
10:50:12 === CYCLE END === **Alfred** 10:50 ET | 游눯 Portfolio: $37,944.64 | 游늵 Signals found but none executed
10:55:03 === CYCLE START 2026-02-27 10:55 ET ===
10:55:03 Running risk checks...
10:55:03 Scanning for signals...
10:55:06 Syncing dashboard...
10:55:09 === CYCLE END === **Alfred** 10:55 ET | 游눯 Portfolio: $37,960.62 | 游늵 Signals found but none executed
11:00:08 === CYCLE START 2026-02-27 11:00 ET ===
11:00:08 Running risk checks...
11:00:08 Scanning for signals...
11:00:11 Syncing dashboard...
11:00:15 === CYCLE END === **Alfred** 11:00 ET | 游눯 Portfolio: $37,941.84 | 游늵 Signals found but none executed
11:05:04 === CYCLE START 2026-02-27 11:05 ET ===
11:05:04 Running risk checks...
11:05:04 Scanning for signals...
11:05:06 Syncing dashboard...
11:05:10 === CYCLE END === **Alfred** 11:05 ET | 游눯 Portfolio: $37,930.49 | 游늵 Signals found but none executed
11:10:03 === CYCLE START 2026-02-27 11:10 ET ===
11:10:03 Running risk checks...
11:10:04 Closed: SELL 4.0x CRM
11:10:04 Scanning for signals...
11:10:07 Executed: SCOUT SHORT 2x CRM
11:10:07 Syncing dashboard...
11:10:10 === CYCLE END === **Alfred** 11:10 ET | 游눯 Portfolio: $37,757.91 | 游댮 Closed: SELL 4.0x CRM | 游릭 Trades: SCOUT SHORT 2x CRM
11:20:04 === CYCLE START 2026-02-27 11:20 ET ===
11:20:04 Running risk checks...
11:20:04 Scanning for signals...
11:20:07 Executed: SCOUT SHORT 1x NVDA
11:20:07 Syncing dashboard...
11:20:10 === CYCLE END === **Alfred** 11:20 ET | 游눯 Portfolio: $38,513.65 | 游릭 Trades: SCOUT SHORT 1x NVDA
11:25:03 === CYCLE START 2026-02-27 11:25 ET ===
11:25:03 Running risk checks...
11:25:03 Scanning for signals...
11:25:05 Syncing dashboard...
11:25:09 === CYCLE END === **Alfred** 11:25 ET | 游눯 Portfolio: $38,511.09 | 游늵 Signals found but none executed
11:30:03 === CYCLE START 2026-02-27 11:30 ET ===
11:30:03 Running risk checks...
11:30:03 Scanning for signals...
11:30:06 Syncing dashboard...
11:30:10 === CYCLE END === **Alfred** 11:30 ET | 游눯 Portfolio: $38,510.02 | 游늵 Signals found but none executed
11:35:03 === CYCLE START 2026-02-27 11:35 ET ===
11:35:03 Running risk checks...
11:35:04 Scanning for signals...
11:35:07 Syncing dashboard...
11:35:10 === CYCLE END === **Alfred** 11:35 ET | 游눯 Portfolio: $38,483.31 | 游늵 Signals found but none executed
11:40:03 === CYCLE START 2026-02-27 11:40 ET ===
11:40:03 Running risk checks...
11:40:03 Scanning for signals...
11:40:06 Syncing dashboard...
11:40:09 === CYCLE END === **Alfred** 11:40 ET | 游눯 Portfolio: $38,504.03 | 游늵 Signals found but none executed
11:50:04 === CYCLE START 2026-02-27 11:50 ET ===
11:50:04 Running risk checks...
11:50:04 Scanning for signals...
11:50:08 Executed: SCOUT SHORT 2x NVDA
11:50:08 Syncing dashboard...
11:50:11 === CYCLE END === **Alfred** 11:50 ET | 游눯 Portfolio: $42,186.11 | 游릭 Trades: SCOUT SHORT 2x NVDA
11:55:03 === CYCLE START 2026-02-27 11:55 ET ===
11:55:03 Running risk checks...
11:55:03 Scanning for signals...
11:55:07 Syncing dashboard...
11:55:10 === CYCLE END === **Alfred** 11:55 ET | 游눯 Portfolio: $42,160.18 | 游늵 Signals found but none executed
12:00:04 === CYCLE START 2026-02-27 12:00 ET ===
12:00:04 Running risk checks...
12:00:04 Scanning for signals...
12:00:09 Syncing dashboard...
12:00:13 === CYCLE END === **Alfred** 12:00 ET | 游눯 Portfolio: $42,178.12 | 游늵 Signals found but none executed
12:05:03 === CYCLE START 2026-02-27 12:05 ET ===
12:05:03 Running risk checks...
12:05:03 Scanning for signals...
12:05:05 Syncing dashboard...
12:05:08 === CYCLE END === **Alfred** 12:05 ET | 游눯 Portfolio: $42,171.27 | 游늵 Signals found but none executed
12:10:03 === CYCLE START 2026-02-27 12:10 ET ===
12:10:03 Running risk checks...
12:10:04 Scanning for signals...
12:10:07 Syncing dashboard...
12:10:11 === CYCLE END === **Alfred** 12:10 ET | 游눯 Portfolio: $42,157.38 | 游늵 Signals found but none executed
12:20:03 === CYCLE START 2026-02-27 12:20 ET ===
12:20:03 Running risk checks...
12:20:03 Scanning for signals...
12:20:06 Syncing dashboard...
12:20:10 === CYCLE END === **Alfred** 12:20 ET | 游눯 Portfolio: $42,184.46 | 游늵 Signals found but none executed
12:25:03 === CYCLE START 2026-02-27 12:25 ET ===
12:25:03 Running risk checks...
12:25:03 Scanning for signals...
12:25:06 Executed: SCOUT SHORT 8x AMD
12:25:07 Executed: SCOUT SHORT 4x TSLA
12:25:07 Syncing dashboard...
12:25:10 === CYCLE END === **Alfred** 12:25 ET | 游눯 Portfolio: $42,198.28 | 游릭 Trades: SCOUT SHORT 8x AMD, SCOUT SHORT 4x TSLA
12:30:03 === CYCLE START 2026-02-27 12:30 ET ===
12:30:03 Running risk checks...
12:30:03 Scanning for signals...
12:30:08 Executed: SCOUT SHORT 8x AMD
12:30:08 Syncing dashboard...
12:30:12 === CYCLE END === **Alfred** 12:30 ET | 游눯 Portfolio: $42,187.26 | 游릭 Trades: SCOUT SHORT 8x AMD
12:35:03 === CYCLE START 2026-02-27 12:35 ET ===
12:35:03 Running risk checks...
12:35:04 Scanning for signals...
12:35:06 Syncing dashboard...
12:35:09 === CYCLE END === **Alfred** 12:35 ET | 游눯 Portfolio: $42,167.45 | 游늵 Signals found but none executed
12:40:03 === CYCLE START 2026-02-27 12:40 ET ===
12:40:03 Running risk checks...
12:40:03 Scanning for signals...
12:40:05 Syncing dashboard...
12:40:09 === CYCLE END === **Alfred** 12:40 ET | 游눯 Portfolio: $42,180.82 | 游늵 Signals found but none executed
12:50:03 === CYCLE START 2026-02-27 12:50 ET ===
12:50:03 Running risk checks...
12:50:03 Scanning for signals...
12:50:07 Executed: SCOUT SHORT 4x TSLA
12:50:07 Syncing dashboard...
12:50:11 === CYCLE END === **Alfred** 12:50 ET | 游눯 Portfolio: $42,195.63 | 游릭 Trades: SCOUT SHORT 4x TSLA
12:55:03 === CYCLE START 2026-02-27 12:55 ET ===
12:55:03 Running risk checks...
12:55:03 Scanning for signals...
12:55:06 Executed: SCOUT SHORT 2x TSLA
12:55:06 Syncing dashboard...
12:55:09 === CYCLE END === **Alfred** 12:55 ET | 游눯 Portfolio: $42,192.53 | 游릭 Trades: SCOUT SHORT 2x TSLA
13:00:03 === CYCLE START 2026-02-27 13:00 ET ===
13:00:03 Running risk checks...
13:00:04 Scanning for signals...
13:00:07 Syncing dashboard...
13:00:11 === CYCLE END === **Alfred** 13:00 ET | 游눯 Portfolio: $42,185.23 | 游늵 Signals found but none executed
13:05:02 === CYCLE START 2026-02-27 13:05 ET ===
13:05:02 Running risk checks...
13:05:03 Scanning for signals...
13:05:05 Syncing dashboard...
13:05:08 === CYCLE END === **Alfred** 13:05 ET | 游눯 Portfolio: $42,189.95 | 游늵 Signals found but none executed
13:10:05 === CYCLE START 2026-02-27 13:10 ET ===
13:10:05 Running risk checks...
13:10:05 Scanning for signals...
13:10:07 Syncing dashboard...
13:10:11 === CYCLE END === **Alfred** 13:10 ET | 游눯 Portfolio: $42,202.47 | 游늵 Signals found but none executed
13:20:03 === CYCLE START 2026-02-27 13:20 ET ===
13:20:03 Running risk checks...
13:20:04 Scanning for signals...
13:20:07 Executed: SCOUT SHORT 2x META
13:20:07 Syncing dashboard...
13:20:12 === CYCLE END === **Alfred** 13:20 ET | 游눯 Portfolio: $42,234.79 | 游릭 Trades: SCOUT SHORT 2x META
13:25:03 === CYCLE START 2026-02-27 13:25 ET ===
13:25:03 Running risk checks...
13:25:03 Scanning for signals...
13:25:06 Executed: SCOUT SHORT 2x META
13:25:06 Syncing dashboard...
13:25:09 === CYCLE END === **Alfred** 13:25 ET | 游눯 Portfolio: $42,230.58 | 游릭 Trades: SCOUT SHORT 2x META
13:30:03 === CYCLE START 2026-02-27 13:30 ET ===
13:30:03 Running risk checks...
13:30:03 Scanning for signals...
13:30:07 Executed: SCOUT SHORT 2x META
13:30:08 Executed: SCOUT SHORT 6x AAPL
13:30:08 Syncing dashboard...
13:30:12 === CYCLE END === **Alfred** 13:30 ET | 游눯 Portfolio: $42,228.23 | 游릭 Trades: SCOUT SHORT 2x META, SCOUT SHORT 6x AAPL
13:35:03 === CYCLE START 2026-02-27 13:35 ET ===
13:35:03 Running risk checks...
13:35:03 Scanning for signals...
13:35:05 Syncing dashboard...
13:35:08 === CYCLE END === **Alfred** 13:35 ET | 游눯 Portfolio: $42,238.39 | 游늵 Signals found but none executed
13:40:03 === CYCLE START 2026-02-27 13:40 ET ===
13:40:03 Running risk checks...
13:40:03 Scanning for signals...
13:40:06 Executed: SCOUT SHORT 6x AAPL
13:40:06 Syncing dashboard...
13:40:09 === CYCLE END === **Alfred** 13:40 ET | 游눯 Portfolio: $42,236.43 | 游릭 Trades: SCOUT SHORT 6x AAPL
13:50:03 === CYCLE START 2026-02-27 13:50 ET ===
13:50:03 Running risk checks...
13:50:03 Scanning for signals...
13:50:06 Executed: SCOUT SHORT 3x AAPL
13:50:06 Syncing dashboard...
13:50:10 === CYCLE END === **Alfred** 13:50 ET | 游눯 Portfolio: $42,261.11 | 游릭 Trades: SCOUT SHORT 3x AAPL
13:55:03 === CYCLE START 2026-02-27 13:55 ET ===
13:55:03 Running risk checks...
13:55:03 Scanning for signals...
13:55:05 Syncing dashboard...
13:55:09 === CYCLE END === **Alfred** 13:55 ET | 游눯 Portfolio: $42,257.79 | 游늵 Signals found but none executed
