12:07:24 === CYCLE START 2026-02-26 12:07 ET ===
12:07:24 Running risk checks...
12:07:24 Scanning for signals...
12:07:29 [DRY RUN] Would trade SCOUT SHORT TSLA
12:07:29 === CYCLE END === **Alfred** 12:07 ET | 💰 Portfolio: $25,679.41 | 🟢 Trades: SCOUT TSLA
12:08:27 === CYCLE START 2026-02-26 12:08 ET ===
12:08:27 Running risk checks...
12:08:27 Scanning for signals...
12:08:32 [DRY RUN] Would trade CONFIRM LONG CRM
12:08:32 [DRY RUN] Would trade CONFIRM SHORT NVDA
12:08:32 [DRY RUN] Would trade SCOUT LONG SQQQ
12:08:32 [DRY RUN] Would trade SCOUT SHORT AMD
12:08:32 [DRY RUN] Would trade SCOUT SHORT TSLA
12:08:32 === CYCLE END === **Alfred** 12:08 ET | 💰 Portfolio: $25,679.53 | 🟢 Trades: CONFIRM CRM, CONFIRM NVDA, SCOUT SQQQ, SCOUT AMD, SCOUT TSLA
12:08:55 === CYCLE START 2026-02-26 12:08 ET ===
12:08:55 Running risk checks...
12:08:55 Scanning for signals...
12:09:00 Executed: CONFIRM BUY 4x CRM
12:09:00 Trade limit reached, stopping
12:09:00 Syncing dashboard...
12:09:03 === CYCLE END === **Alfred** 12:08 ET | 💰 Portfolio: $25,679.05 | 🟢 Trades: CONFIRM BUY 4x CRM
