09:00:48 === CYCLE START 2026-03-02 09:00 ET ===
09:00:48 Market closed: Pre-market
09:05:14 === CYCLE START 2026-03-02 09:05 ET ===
09:05:14 Market closed: Pre-market
09:10:04 === CYCLE START 2026-03-02 09:10 ET ===
09:10:04 Market closed: Pre-market
09:15:07 === CYCLE START 2026-03-02 09:15 ET ===
09:15:07 Market closed: Pre-market
09:20:09 === CYCLE START 2026-03-02 09:20 ET ===
09:20:09 Market closed: Pre-market
09:25:05 === CYCLE START 2026-03-02 09:25 ET ===
09:25:05 Market closed: Pre-market
09:30:32 === CYCLE START 2026-03-02 09:30 ET ===
09:30:32 Running risk checks...
09:30:33 Closed: SELL 0.22x BTC-USD
09:30:34 Closed: SELL 4.5x ETH-USD
09:30:35 Closed: SELL 80.0x SOL-USD
09:30:35 Circuit breaker active
09:30:35 Syncing dashboard...
09:30:39 === CYCLE END === **Alfred** 09:30 ET | 💰 Portfolio: $31,958.30 | 🔴 Closed: SELL 0.22x BTC-USD, SELL 4.5x ETH-USD, SELL 80.0x SOL-USD | 🛑 Circuit breaker active - no new trades
10:10:03 === CYCLE START 2026-03-02 10:10 ET ===
10:10:03 Running risk checks...
10:10:04 Circuit breaker active
10:10:04 Syncing dashboard...
10:10:09 === CYCLE END === **Alfred** 10:10 ET | 💰 Portfolio: $31,958.30 | 🛑 Circuit breaker active - no new trades
10:40:06 === CYCLE START 2026-03-02 10:40 ET ===
10:40:06 Running risk checks...
10:40:06 Circuit breaker active
10:40:06 Syncing dashboard...
10:40:10 === CYCLE END === **Alfred** 10:40 ET | 💰 Portfolio: $50,970.39 | 🛑 Circuit breaker active - no new trades
10:45:03 === CYCLE START 2026-03-02 10:45 ET ===
10:45:03 Running risk checks...
10:45:04 Circuit breaker active
10:45:04 Syncing dashboard...
10:45:07 === CYCLE END === **Alfred** 10:45 ET | 💰 Portfolio: $50,970.39 | 🛑 Circuit breaker active - no new trades
10:50:03 === CYCLE START 2026-03-02 10:50 ET ===
10:50:03 Running risk checks...
10:50:04 Circuit breaker active
10:50:04 Syncing dashboard...
10:50:07 === CYCLE END === **Alfred** 10:50 ET | 💰 Portfolio: $50,970.39 | 🛑 Circuit breaker active - no new trades
10:55:07 === CYCLE START 2026-03-02 10:55 ET ===
10:55:07 Running risk checks...
10:55:07 Circuit breaker active
10:55:07 Syncing dashboard...
10:55:10 === CYCLE END === **Alfred** 10:55 ET | 💰 Portfolio: $50,970.39 | 🛑 Circuit breaker active - no new trades
11:00:04 === CYCLE START 2026-03-02 11:00 ET ===
11:00:04 Running risk checks...
11:00:05 Closed: SELL 0.1x BTC-USD
11:00:05 Scanning for signals...
11:00:11 Syncing dashboard...
11:00:16 === CYCLE END === **Alfred** 11:00 ET | 💰 Portfolio: $50,357.95 | 🔴 Closed: SELL 0.1x BTC-USD | 📊 Signals found but none executed
