✅ 01:27:57 UTC — No trailing stop actions across 8 bot(s)
✅ 01:29:01 UTC — No trailing stop actions across 8 bot(s)
✅ 01:30:05 UTC — No trailing stop actions across 8 bot(s)
✅ 01:31:10 UTC — No trailing stop actions across 8 bot(s)
✅ 01:32:14 UTC — No trailing stop actions across 8 bot(s)
✅ 01:33:18 UTC — No trailing stop actions across 8 bot(s)
✅ 01:34:23 UTC — No trailing stop actions across 8 bot(s)
✅ 01:35:27 UTC — No trailing stop actions across 8 bot(s)
✅ 01:36:31 UTC — No trailing stop actions across 8 bot(s)
✅ 01:37:35 UTC — No trailing stop actions across 8 bot(s)
✅ 01:38:40 UTC — No trailing stop actions across 8 bot(s)
✅ 01:39:44 UTC — No trailing stop actions across 8 bot(s)
✅ 01:40:48 UTC — No trailing stop actions across 8 bot(s)
✅ 01:41:52 UTC — No trailing stop actions across 8 bot(s)
✅ 01:42:57 UTC — No trailing stop actions across 8 bot(s)
✅ 01:44:01 UTC — No trailing stop actions across 8 bot(s)
✅ 01:45:14 UTC — No trailing stop actions across 8 bot(s)
✅ 01:46:18 UTC — No trailing stop actions across 8 bot(s)
✅ 01:47:23 UTC — No trailing stop actions across 8 bot(s)
✅ 01:48:27 UTC — No trailing stop actions across 8 bot(s)
✅ 01:49:31 UTC — No trailing stop actions across 8 bot(s)
✅ 01:50:35 UTC — No trailing stop actions across 8 bot(s)
✅ 01:51:40 UTC — No trailing stop actions across 8 bot(s)
✅ 01:52:44 UTC — No trailing stop actions across 8 bot(s)
✅ 01:53:48 UTC — No trailing stop actions across 8 bot(s)
✅ 01:54:52 UTC — No trailing stop actions across 8 bot(s)
✅ 01:55:56 UTC — No trailing stop actions across 8 bot(s)
✅ 01:57:01 UTC — No trailing stop actions across 8 bot(s)
✅ 01:58:05 UTC — No trailing stop actions across 8 bot(s)
✅ 01:59:09 UTC — No trailing stop actions across 8 bot(s)
✅ 02:00:14 UTC — No trailing stop actions across 8 bot(s)
✅ 02:01:18 UTC — No trailing stop actions across 8 bot(s)
✅ 02:02:22 UTC — No trailing stop actions across 8 bot(s)
✅ 02:03:26 UTC — No trailing stop actions across 8 bot(s)
✅ 02:04:30 UTC — No trailing stop actions across 8 bot(s)
✅ 02:05:35 UTC — No trailing stop actions across 8 bot(s)
✅ 02:06:39 UTC — No trailing stop actions across 8 bot(s)
✅ 02:07:56 UTC — No trailing stop actions across 8 bot(s)
✅ 02:09:00 UTC — No trailing stop actions across 8 bot(s)
✅ 02:10:04 UTC — No trailing stop actions across 8 bot(s)
✅ 02:11:08 UTC — No trailing stop actions across 8 bot(s)
✅ 02:12:12 UTC — No trailing stop actions across 8 bot(s)
✅ 02:13:16 UTC — No trailing stop actions across 8 bot(s)
✅ 02:14:20 UTC — No trailing stop actions across 8 bot(s)
✅ 02:15:24 UTC — No trailing stop actions across 8 bot(s)
✅ 02:16:28 UTC — No trailing stop actions across 8 bot(s)
✅ 02:17:33 UTC — No trailing stop actions across 8 bot(s)
✅ 02:18:37 UTC — No trailing stop actions across 8 bot(s)
✅ 02:19:42 UTC — No trailing stop actions across 8 bot(s)
✅ 02:20:46 UTC — No trailing stop actions across 8 bot(s)
✅ 02:21:50 UTC — No trailing stop actions across 8 bot(s)
✅ 02:22:55 UTC — No trailing stop actions across 8 bot(s)
✅ 02:23:59 UTC — No trailing stop actions across 8 bot(s)
✅ 02:25:04 UTC — No trailing stop actions across 8 bot(s)
✅ 02:26:08 UTC — No trailing stop actions across 8 bot(s)
✅ 02:27:12 UTC — No trailing stop actions across 8 bot(s)
✅ 02:28:16 UTC — No trailing stop actions across 8 bot(s)
✅ 02:29:21 UTC — No trailing stop actions across 8 bot(s)
✅ 02:30:25 UTC — No trailing stop actions across 8 bot(s)
✅ 02:31:29 UTC — No trailing stop actions across 8 bot(s)
✅ 02:32:33 UTC — No trailing stop actions across 8 bot(s)
✅ 02:33:38 UTC — No trailing stop actions across 8 bot(s)
✅ 02:34:42 UTC — No trailing stop actions across 8 bot(s)
✅ 02:35:46 UTC — No trailing stop actions across 8 bot(s)
✅ 02:36:50 UTC — No trailing stop actions across 8 bot(s)
✅ 02:37:55 UTC — No trailing stop actions across 8 bot(s)
✅ 02:39:04 UTC — No trailing stop actions across 8 bot(s)
✅ 02:40:08 UTC — No trailing stop actions across 8 bot(s)
✅ 02:41:12 UTC — No trailing stop actions across 8 bot(s)
✅ 02:42:16 UTC — No trailing stop actions across 8 bot(s)
✅ 02:43:21 UTC — No trailing stop actions across 8 bot(s)
✅ 02:44:25 UTC — No trailing stop actions across 8 bot(s)
✅ 02:45:29 UTC — No trailing stop actions across 8 bot(s)
✅ 02:46:33 UTC — No trailing stop actions across 8 bot(s)
✅ 02:47:37 UTC — No trailing stop actions across 8 bot(s)
✅ 02:48:43 UTC — No trailing stop actions across 8 bot(s)
✅ 02:49:47 UTC — No trailing stop actions across 8 bot(s)
✅ 02:50:51 UTC — No trailing stop actions across 8 bot(s)
✅ 02:51:55 UTC — No trailing stop actions across 8 bot(s)
✅ 02:53:00 UTC — No trailing stop actions across 8 bot(s)
✅ 02:54:04 UTC — No trailing stop actions across 8 bot(s)
✅ 02:55:08 UTC — No trailing stop actions across 8 bot(s)
✅ 02:56:12 UTC — No trailing stop actions across 8 bot(s)
✅ 02:57:18 UTC — No trailing stop actions across 8 bot(s)
✅ 02:58:22 UTC — No trailing stop actions across 8 bot(s)
✅ 02:59:27 UTC — No trailing stop actions across 8 bot(s)
✅ 03:00:31 UTC — No trailing stop actions across 8 bot(s)
✅ 03:01:35 UTC — No trailing stop actions across 8 bot(s)
✅ 03:02:40 UTC — No trailing stop actions across 8 bot(s)
✅ 03:03:44 UTC — No trailing stop actions across 8 bot(s)
✅ 03:04:48 UTC — No trailing stop actions across 8 bot(s)
✅ 03:05:53 UTC — No trailing stop actions across 8 bot(s)
✅ 03:06:57 UTC — No trailing stop actions across 8 bot(s)
✅ 03:08:01 UTC — No trailing stop actions across 8 bot(s)
✅ 03:09:05 UTC — No trailing stop actions across 8 bot(s)
✅ 03:10:09 UTC — No trailing stop actions across 8 bot(s)
✅ 03:11:13 UTC — No trailing stop actions across 8 bot(s)
✅ 03:12:17 UTC — No trailing stop actions across 8 bot(s)
✅ 03:13:21 UTC — No trailing stop actions across 8 bot(s)
✅ 03:14:25 UTC — No trailing stop actions across 8 bot(s)
✅ 03:15:30 UTC — No trailing stop actions across 8 bot(s)
✅ 03:16:34 UTC — No trailing stop actions across 8 bot(s)
✅ 03:17:38 UTC — No trailing stop actions across 8 bot(s)
✅ 03:18:42 UTC — No trailing stop actions across 8 bot(s)
✅ 03:19:46 UTC — No trailing stop actions across 8 bot(s)
✅ 03:20:50 UTC — No trailing stop actions across 8 bot(s)
✅ 03:21:54 UTC — No trailing stop actions across 8 bot(s)
✅ 03:22:58 UTC — No trailing stop actions across 8 bot(s)
✅ 03:24:04 UTC — No trailing stop actions across 8 bot(s)
✅ 03:25:08 UTC — No trailing stop actions across 8 bot(s)
✅ 03:26:12 UTC — No trailing stop actions across 8 bot(s)
✅ 03:27:16 UTC — No trailing stop actions across 8 bot(s)
✅ 03:28:22 UTC — No trailing stop actions across 8 bot(s)
✅ 03:29:26 UTC — No trailing stop actions across 8 bot(s)
✅ 03:30:30 UTC — No trailing stop actions across 8 bot(s)
✅ 03:31:35 UTC — No trailing stop actions across 8 bot(s)
✅ 03:32:38 UTC — No trailing stop actions across 8 bot(s)
✅ 03:33:43 UTC — No trailing stop actions across 8 bot(s)
✅ 03:34:47 UTC — No trailing stop actions across 8 bot(s)
✅ 03:35:52 UTC — No trailing stop actions across 8 bot(s)
✅ 03:36:56 UTC — No trailing stop actions across 8 bot(s)
✅ 03:38:00 UTC — No trailing stop actions across 8 bot(s)
✅ 03:39:05 UTC — No trailing stop actions across 8 bot(s)
✅ 03:40:09 UTC — No trailing stop actions across 8 bot(s)
✅ 03:41:13 UTC — No trailing stop actions across 8 bot(s)
✅ 03:42:17 UTC — No trailing stop actions across 8 bot(s)
✅ 03:43:21 UTC — No trailing stop actions across 8 bot(s)
✅ 03:44:25 UTC — No trailing stop actions across 8 bot(s)
✅ 03:45:29 UTC — No trailing stop actions across 8 bot(s)
✅ 03:46:34 UTC — No trailing stop actions across 8 bot(s)
✅ 03:47:38 UTC — No trailing stop actions across 8 bot(s)
✅ 03:48:42 UTC — No trailing stop actions across 8 bot(s)
✅ 03:49:47 UTC — No trailing stop actions across 8 bot(s)
✅ 03:50:51 UTC — No trailing stop actions across 8 bot(s)
✅ 03:51:55 UTC — No trailing stop actions across 8 bot(s)
✅ 03:52:59 UTC — No trailing stop actions across 8 bot(s)
✅ 03:54:04 UTC — No trailing stop actions across 8 bot(s)
✅ 03:55:08 UTC — No trailing stop actions across 8 bot(s)
✅ 03:56:12 UTC — No trailing stop actions across 8 bot(s)
✅ 03:57:16 UTC — No trailing stop actions across 8 bot(s)
✅ 03:58:21 UTC — No trailing stop actions across 8 bot(s)
✅ 03:59:26 UTC — No trailing stop actions across 8 bot(s)
✅ 04:00:30 UTC — No trailing stop actions across 8 bot(s)
✅ 04:01:34 UTC — No trailing stop actions across 8 bot(s)
✅ 04:02:38 UTC — No trailing stop actions across 8 bot(s)
✅ 04:03:43 UTC — No trailing stop actions across 8 bot(s)
✅ 04:04:47 UTC — No trailing stop actions across 8 bot(s)
✅ 04:05:51 UTC — No trailing stop actions across 8 bot(s)
✅ 04:06:55 UTC — No trailing stop actions across 8 bot(s)
✅ 04:08:00 UTC — No trailing stop actions across 8 bot(s)
✅ 04:09:04 UTC — No trailing stop actions across 8 bot(s)
✅ 04:10:08 UTC — No trailing stop actions across 8 bot(s)
✅ 04:11:12 UTC — No trailing stop actions across 8 bot(s)
✅ 04:12:17 UTC — No trailing stop actions across 8 bot(s)
✅ 04:13:21 UTC — No trailing stop actions across 8 bot(s)
✅ 04:14:26 UTC — No trailing stop actions across 8 bot(s)
✅ 04:15:30 UTC — No trailing stop actions across 8 bot(s)
✅ 04:16:34 UTC — No trailing stop actions across 8 bot(s)
✅ 04:17:38 UTC — No trailing stop actions across 8 bot(s)
✅ 04:18:42 UTC — No trailing stop actions across 8 bot(s)
✅ 04:19:47 UTC — No trailing stop actions across 8 bot(s)
✅ 04:20:51 UTC — No trailing stop actions across 8 bot(s)
✅ 04:21:55 UTC — No trailing stop actions across 8 bot(s)
✅ 04:22:59 UTC — No trailing stop actions across 8 bot(s)
✅ 04:24:03 UTC — No trailing stop actions across 8 bot(s)
✅ 04:25:07 UTC — No trailing stop actions across 8 bot(s)
✅ 04:26:11 UTC — No trailing stop actions across 8 bot(s)
✅ 04:27:15 UTC — No trailing stop actions across 8 bot(s)
✅ 04:28:20 UTC — No trailing stop actions across 8 bot(s)
✅ 04:29:29 UTC — No trailing stop actions across 8 bot(s)
✅ 04:30:33 UTC — No trailing stop actions across 8 bot(s)
✅ 04:31:38 UTC — No trailing stop actions across 8 bot(s)
✅ 04:32:42 UTC — No trailing stop actions across 8 bot(s)
✅ 04:33:47 UTC — No trailing stop actions across 8 bot(s)
✅ 04:34:54 UTC — No trailing stop actions across 8 bot(s)
✅ 04:35:58 UTC — No trailing stop actions across 8 bot(s)
✅ 04:37:02 UTC — No trailing stop actions across 8 bot(s)
✅ 04:38:07 UTC — No trailing stop actions across 8 bot(s)
✅ 04:39:11 UTC — No trailing stop actions across 8 bot(s)
✅ 04:40:15 UTC — No trailing stop actions across 8 bot(s)
✅ 04:41:19 UTC — No trailing stop actions across 8 bot(s)
✅ 04:42:23 UTC — No trailing stop actions across 8 bot(s)
✅ 04:43:28 UTC — No trailing stop actions across 8 bot(s)
✅ 04:44:32 UTC — No trailing stop actions across 8 bot(s)
✅ 04:46:34 UTC — No trailing stop actions across 8 bot(s)
✅ 04:47:38 UTC — No trailing stop actions across 8 bot(s)
✅ 04:48:42 UTC — No trailing stop actions across 8 bot(s)
✅ 04:49:47 UTC — No trailing stop actions across 8 bot(s)
✅ 04:50:51 UTC — No trailing stop actions across 8 bot(s)
✅ 04:51:56 UTC — No trailing stop actions across 8 bot(s)
✅ 04:53:00 UTC — No trailing stop actions across 8 bot(s)
✅ 04:54:04 UTC — No trailing stop actions across 8 bot(s)
✅ 04:55:09 UTC — No trailing stop actions across 8 bot(s)
✅ 04:56:14 UTC — No trailing stop actions across 8 bot(s)
✅ 04:57:18 UTC — No trailing stop actions across 8 bot(s)
✅ 04:58:23 UTC — No trailing stop actions across 8 bot(s)
✅ 04:59:28 UTC — No trailing stop actions across 8 bot(s)
✅ 05:00:33 UTC — No trailing stop actions across 8 bot(s)
✅ 05:01:38 UTC — No trailing stop actions across 8 bot(s)
✅ 05:02:43 UTC — No trailing stop actions across 8 bot(s)
✅ 05:03:48 UTC — No trailing stop actions across 8 bot(s)
✅ 05:04:52 UTC — No trailing stop actions across 8 bot(s)
✅ 05:05:57 UTC — No trailing stop actions across 8 bot(s)
✅ 05:07:02 UTC — No trailing stop actions across 8 bot(s)
✅ 05:08:07 UTC — No trailing stop actions across 8 bot(s)
✅ 05:09:12 UTC — No trailing stop actions across 8 bot(s)
✅ 05:10:18 UTC — No trailing stop actions across 8 bot(s)
✅ 05:11:24 UTC — No trailing stop actions across 8 bot(s)
✅ 05:12:31 UTC — No trailing stop actions across 8 bot(s)
✅ 05:13:37 UTC — No trailing stop actions across 8 bot(s)
✅ 05:14:43 UTC — No trailing stop actions across 8 bot(s)
✅ 05:15:50 UTC — No trailing stop actions across 8 bot(s)
✅ 05:16:57 UTC — No trailing stop actions across 8 bot(s)
✅ 05:18:03 UTC — No trailing stop actions across 8 bot(s)
✅ 05:19:10 UTC — No trailing stop actions across 8 bot(s)
✅ 05:20:16 UTC — No trailing stop actions across 8 bot(s)
✅ 05:21:22 UTC — No trailing stop actions across 8 bot(s)
✅ 05:22:29 UTC — No trailing stop actions across 8 bot(s)
✅ 05:23:35 UTC — No trailing stop actions across 8 bot(s)
✅ 05:24:42 UTC — No trailing stop actions across 8 bot(s)
✅ 05:25:48 UTC — No trailing stop actions across 8 bot(s)
✅ 05:26:55 UTC — No trailing stop actions across 8 bot(s)
✅ 05:28:01 UTC — No trailing stop actions across 8 bot(s)
✅ 05:29:07 UTC — No trailing stop actions across 8 bot(s)
✅ 05:30:13 UTC — No trailing stop actions across 8 bot(s)
✅ 05:31:19 UTC — No trailing stop actions across 8 bot(s)
✅ 05:32:26 UTC — No trailing stop actions across 8 bot(s)
✅ 05:33:32 UTC — No trailing stop actions across 8 bot(s)
✅ 05:34:38 UTC — No trailing stop actions across 8 bot(s)
✅ 05:35:45 UTC — No trailing stop actions across 8 bot(s)
✅ 05:36:51 UTC — No trailing stop actions across 8 bot(s)
✅ 05:37:57 UTC — No trailing stop actions across 8 bot(s)
✅ 05:39:03 UTC — No trailing stop actions across 8 bot(s)
✅ 05:40:08 UTC — No trailing stop actions across 8 bot(s)
✅ 05:41:14 UTC — No trailing stop actions across 8 bot(s)
✅ 05:42:20 UTC — No trailing stop actions across 8 bot(s)
✅ 05:43:26 UTC — No trailing stop actions across 8 bot(s)
✅ 05:44:32 UTC — No trailing stop actions across 8 bot(s)
✅ 05:45:37 UTC — No trailing stop actions across 8 bot(s)
✅ 05:46:44 UTC — No trailing stop actions across 8 bot(s)
✅ 05:47:50 UTC — No trailing stop actions across 8 bot(s)
✅ 05:48:55 UTC — No trailing stop actions across 8 bot(s)
✅ 05:50:01 UTC — No trailing stop actions across 8 bot(s)
✅ 05:51:07 UTC — No trailing stop actions across 8 bot(s)
✅ 05:52:14 UTC — No trailing stop actions across 8 bot(s)
✅ 05:53:19 UTC — No trailing stop actions across 8 bot(s)
✅ 05:54:25 UTC — No trailing stop actions across 8 bot(s)
✅ 05:55:32 UTC — No trailing stop actions across 8 bot(s)
✅ 05:56:38 UTC — No trailing stop actions across 8 bot(s)
✅ 05:57:44 UTC — No trailing stop actions across 8 bot(s)
✅ 05:58:50 UTC — No trailing stop actions across 8 bot(s)
✅ 05:59:58 UTC — No trailing stop actions across 8 bot(s)
✅ 06:01:04 UTC — No trailing stop actions across 8 bot(s)
✅ 06:02:10 UTC — No trailing stop actions across 8 bot(s)
✅ 06:03:16 UTC — No trailing stop actions across 8 bot(s)
✅ 06:04:22 UTC — No trailing stop actions across 8 bot(s)
✅ 06:05:28 UTC — No trailing stop actions across 8 bot(s)
✅ 06:06:35 UTC — No trailing stop actions across 8 bot(s)
✅ 06:07:40 UTC — No trailing stop actions across 8 bot(s)
✅ 06:08:46 UTC — No trailing stop actions across 8 bot(s)
✅ 06:09:52 UTC — No trailing stop actions across 8 bot(s)
✅ 06:10:58 UTC — No trailing stop actions across 8 bot(s)
✅ 06:12:04 UTC — No trailing stop actions across 8 bot(s)
✅ 06:13:10 UTC — No trailing stop actions across 8 bot(s)
✅ 06:14:15 UTC — No trailing stop actions across 8 bot(s)
✅ 06:15:21 UTC — No trailing stop actions across 8 bot(s)
✅ 06:16:27 UTC — No trailing stop actions across 8 bot(s)
✅ 06:17:33 UTC — No trailing stop actions across 8 bot(s)
✅ 06:18:39 UTC — No trailing stop actions across 8 bot(s)
✅ 06:19:45 UTC — No trailing stop actions across 8 bot(s)
✅ 06:20:51 UTC — No trailing stop actions across 8 bot(s)
✅ 06:21:57 UTC — No trailing stop actions across 8 bot(s)
✅ 06:23:03 UTC — No trailing stop actions across 8 bot(s)
✅ 06:24:09 UTC — No trailing stop actions across 8 bot(s)
✅ 06:25:15 UTC — No trailing stop actions across 8 bot(s)
✅ 06:26:22 UTC — No trailing stop actions across 8 bot(s)
✅ 06:27:28 UTC — No trailing stop actions across 8 bot(s)
✅ 06:28:34 UTC — No trailing stop actions across 8 bot(s)
✅ 06:29:40 UTC — No trailing stop actions across 8 bot(s)
✅ 06:30:45 UTC — No trailing stop actions across 8 bot(s)
✅ 06:31:51 UTC — No trailing stop actions across 8 bot(s)
✅ 06:32:58 UTC — No trailing stop actions across 8 bot(s)
✅ 06:34:03 UTC — No trailing stop actions across 8 bot(s)
✅ 06:35:12 UTC — No trailing stop actions across 8 bot(s)
✅ 06:36:18 UTC — No trailing stop actions across 8 bot(s)
✅ 06:37:24 UTC — No trailing stop actions across 8 bot(s)
✅ 06:38:30 UTC — No trailing stop actions across 8 bot(s)
✅ 06:39:35 UTC — No trailing stop actions across 8 bot(s)
✅ 06:40:41 UTC — No trailing stop actions across 8 bot(s)
✅ 06:41:48 UTC — No trailing stop actions across 8 bot(s)
✅ 06:42:54 UTC — No trailing stop actions across 8 bot(s)
✅ 06:44:00 UTC — No trailing stop actions across 8 bot(s)
✅ 06:45:06 UTC — No trailing stop actions across 8 bot(s)
✅ 06:46:12 UTC — No trailing stop actions across 8 bot(s)
✅ 06:47:17 UTC — No trailing stop actions across 8 bot(s)
✅ 06:48:24 UTC — No trailing stop actions across 8 bot(s)
✅ 06:49:30 UTC — No trailing stop actions across 8 bot(s)
✅ 06:50:36 UTC — No trailing stop actions across 8 bot(s)
✅ 06:51:42 UTC — No trailing stop actions across 8 bot(s)
✅ 06:52:48 UTC — No trailing stop actions across 8 bot(s)
✅ 06:53:54 UTC — No trailing stop actions across 8 bot(s)
✅ 06:55:01 UTC — No trailing stop actions across 8 bot(s)
✅ 06:56:06 UTC — No trailing stop actions across 8 bot(s)
✅ 06:57:12 UTC — No trailing stop actions across 8 bot(s)
✅ 06:58:18 UTC — No trailing stop actions across 8 bot(s)
✅ 06:59:24 UTC — No trailing stop actions across 8 bot(s)
✅ 07:00:31 UTC — No trailing stop actions across 8 bot(s)
✅ 07:01:37 UTC — No trailing stop actions across 8 bot(s)
✅ 07:02:43 UTC — No trailing stop actions across 8 bot(s)
✅ 07:03:52 UTC — No trailing stop actions across 8 bot(s)
✅ 07:04:58 UTC — No trailing stop actions across 8 bot(s)
✅ 07:06:04 UTC — No trailing stop actions across 8 bot(s)
✅ 07:07:09 UTC — No trailing stop actions across 8 bot(s)
✅ 07:08:15 UTC — No trailing stop actions across 8 bot(s)
✅ 07:09:21 UTC — No trailing stop actions across 8 bot(s)
✅ 07:10:27 UTC — No trailing stop actions across 8 bot(s)
✅ 07:11:33 UTC — No trailing stop actions across 8 bot(s)
✅ 07:12:39 UTC — No trailing stop actions across 8 bot(s)
✅ 07:13:45 UTC — No trailing stop actions across 8 bot(s)
✅ 07:14:51 UTC — No trailing stop actions across 8 bot(s)
✅ 07:15:57 UTC — No trailing stop actions across 8 bot(s)
✅ 07:17:03 UTC — No trailing stop actions across 8 bot(s)
✅ 07:18:09 UTC — No trailing stop actions across 8 bot(s)
✅ 07:19:15 UTC — No trailing stop actions across 8 bot(s)
✅ 07:20:21 UTC — No trailing stop actions across 8 bot(s)
✅ 07:21:27 UTC — No trailing stop actions across 8 bot(s)
✅ 07:22:33 UTC — No trailing stop actions across 8 bot(s)
✅ 07:23:39 UTC — No trailing stop actions across 8 bot(s)
✅ 07:24:45 UTC — No trailing stop actions across 8 bot(s)
✅ 07:25:51 UTC — No trailing stop actions across 8 bot(s)
✅ 07:26:57 UTC — No trailing stop actions across 8 bot(s)
✅ 07:28:03 UTC — No trailing stop actions across 8 bot(s)
✅ 07:29:09 UTC — No trailing stop actions across 8 bot(s)
✅ 07:30:15 UTC — No trailing stop actions across 8 bot(s)
✅ 07:31:21 UTC — No trailing stop actions across 8 bot(s)
✅ 07:32:27 UTC — No trailing stop actions across 8 bot(s)
✅ 07:33:32 UTC — No trailing stop actions across 8 bot(s)
✅ 07:34:39 UTC — No trailing stop actions across 8 bot(s)
✅ 07:35:45 UTC — No trailing stop actions across 8 bot(s)
✅ 07:36:50 UTC — No trailing stop actions across 8 bot(s)
✅ 07:37:56 UTC — No trailing stop actions across 8 bot(s)
✅ 07:39:02 UTC — No trailing stop actions across 8 bot(s)
✅ 07:40:08 UTC — No trailing stop actions across 8 bot(s)
✅ 07:41:15 UTC — No trailing stop actions across 8 bot(s)
✅ 07:42:20 UTC — No trailing stop actions across 8 bot(s)
✅ 07:43:27 UTC — No trailing stop actions across 8 bot(s)
✅ 07:44:32 UTC — No trailing stop actions across 8 bot(s)
✅ 07:45:39 UTC — No trailing stop actions across 8 bot(s)
✅ 07:46:45 UTC — No trailing stop actions across 8 bot(s)
✅ 07:47:51 UTC — No trailing stop actions across 8 bot(s)
✅ 07:48:57 UTC — No trailing stop actions across 8 bot(s)
✅ 07:50:03 UTC — No trailing stop actions across 8 bot(s)
✅ 07:51:09 UTC — No trailing stop actions across 8 bot(s)
✅ 07:52:15 UTC — No trailing stop actions across 8 bot(s)
✅ 07:53:21 UTC — No trailing stop actions across 8 bot(s)
✅ 07:54:28 UTC — No trailing stop actions across 8 bot(s)
✅ 07:55:34 UTC — No trailing stop actions across 8 bot(s)
✅ 07:56:40 UTC — No trailing stop actions across 8 bot(s)
✅ 07:57:46 UTC — No trailing stop actions across 8 bot(s)
✅ 07:58:52 UTC — No trailing stop actions across 8 bot(s)
✅ 07:59:58 UTC — No trailing stop actions across 8 bot(s)
✅ 08:01:04 UTC — No trailing stop actions across 8 bot(s)
✅ 08:02:11 UTC — No trailing stop actions across 8 bot(s)
✅ 08:03:29 UTC — No trailing stop actions across 8 bot(s)
✅ 08:04:35 UTC — No trailing stop actions across 8 bot(s)
✅ 08:05:41 UTC — No trailing stop actions across 8 bot(s)
✅ 08:06:47 UTC — No trailing stop actions across 8 bot(s)
✅ 08:07:53 UTC — No trailing stop actions across 8 bot(s)
✅ 08:08:58 UTC — No trailing stop actions across 8 bot(s)
✅ 08:10:04 UTC — No trailing stop actions across 8 bot(s)
✅ 08:11:10 UTC — No trailing stop actions across 8 bot(s)
✅ 08:12:16 UTC — No trailing stop actions across 8 bot(s)
✅ 08:13:22 UTC — No trailing stop actions across 8 bot(s)
✅ 08:14:28 UTC — No trailing stop actions across 8 bot(s)
✅ 08:15:34 UTC — No trailing stop actions across 8 bot(s)
✅ 08:16:41 UTC — No trailing stop actions across 8 bot(s)
✅ 08:17:46 UTC — No trailing stop actions across 8 bot(s)
✅ 08:18:52 UTC — No trailing stop actions across 8 bot(s)
✅ 08:19:58 UTC — No trailing stop actions across 8 bot(s)
✅ 08:21:04 UTC — No trailing stop actions across 8 bot(s)
✅ 08:22:10 UTC — No trailing stop actions across 8 bot(s)
✅ 08:23:16 UTC — No trailing stop actions across 8 bot(s)
✅ 08:24:48 UTC — No trailing stop actions across 8 bot(s)
✅ 08:25:56 UTC — No trailing stop actions across 8 bot(s)
✅ 08:27:02 UTC — No trailing stop actions across 8 bot(s)
✅ 08:28:08 UTC — No trailing stop actions across 8 bot(s)
✅ 08:29:14 UTC — No trailing stop actions across 8 bot(s)
✅ 08:30:20 UTC — No trailing stop actions across 8 bot(s)
✅ 08:31:27 UTC — No trailing stop actions across 8 bot(s)
✅ 08:32:33 UTC — No trailing stop actions across 8 bot(s)
✅ 08:33:39 UTC — No trailing stop actions across 8 bot(s)
✅ 08:34:45 UTC — No trailing stop actions across 8 bot(s)
✅ 08:35:51 UTC — No trailing stop actions across 8 bot(s)
✅ 08:36:57 UTC — No trailing stop actions across 8 bot(s)
✅ 08:38:03 UTC — No trailing stop actions across 8 bot(s)
✅ 08:39:09 UTC — No trailing stop actions across 8 bot(s)
✅ 08:40:16 UTC — No trailing stop actions across 8 bot(s)
✅ 08:41:22 UTC — No trailing stop actions across 8 bot(s)
✅ 08:42:28 UTC — No trailing stop actions across 8 bot(s)
✅ 08:43:34 UTC — No trailing stop actions across 8 bot(s)
✅ 08:44:41 UTC — No trailing stop actions across 8 bot(s)
✅ 08:45:46 UTC — No trailing stop actions across 8 bot(s)
✅ 08:46:52 UTC — No trailing stop actions across 8 bot(s)
✅ 08:47:58 UTC — No trailing stop actions across 8 bot(s)
✅ 08:49:04 UTC — No trailing stop actions across 8 bot(s)
📈 TIER 1: vex LONG BTC-USD — +1.5x ATR. Stop → breakeven ($67200.00). Scaling out 1/3 (0.136333)
[ROUTING] Crypto trade routed to vex_crypto
ERROR logging trade: 400 {"code":"PGRST204","details":null,"hint":null,"message":"Could not find the 'lane' column of 'trades' in the schema cache"}
📈 TIER 1: tars LONG BTC-USD — +1.5x ATR. Stop → breakeven ($67334.00). Scaling out 1/3 (0.185)
[ROUTING] Crypto trade routed to tars_crypto
ERROR logging trade: 400 {"code":"PGRST204","details":null,"hint":null,"message":"Could not find the 'lane' column of 'trades' in the schema cache"}
✅ 08:52:24 UTC — No trailing stop actions across 8 bot(s)
✅ 08:53:30 UTC — No trailing stop actions across 8 bot(s)
✅ 08:54:36 UTC — No trailing stop actions across 8 bot(s)
✅ 08:55:43 UTC — No trailing stop actions across 8 bot(s)
✅ 08:56:49 UTC — No trailing stop actions across 8 bot(s)
✅ 08:57:55 UTC — No trailing stop actions across 8 bot(s)
✅ 08:59:01 UTC — No trailing stop actions across 8 bot(s)
✅ 09:00:07 UTC — No trailing stop actions across 8 bot(s)
📈 TIER 1: eddie_v LONG BTC-USD — +1.5x ATR. Stop → breakeven ($67793.91). Scaling out 1/3 (0.0482)
[ROUTING] Crypto trade routed to eddie_v_crypto
ERROR logging trade: 400 {"code":"PGRST204","details":null,"hint":null,"message":"Could not find the 'lane' column of 'trades' in the schema cache"}
✅ 09:02:20 UTC — No trailing stop actions across 8 bot(s)
✅ 09:03:27 UTC — No trailing stop actions across 8 bot(s)
✅ 09:04:33 UTC — No trailing stop actions across 8 bot(s)
📈 TIER 1: eddie_v LONG RNDR-USD — +31.6x ATR. Stop → breakeven ($1.42). Scaling out 1/3 (483.6181)
[ROUTING] Crypto trade routed to eddie_v_crypto
ERROR logging trade: 400 {"code":"PGRST204","details":null,"hint":null,"message":"Could not find the 'lane' column of 'trades' in the schema cache"}
📈 TIER 2: eddie_v LONG RNDR-USD — +31.6x ATR. Stop → $1.59 (entry + 1xATR). Scaling out 1/3 (725.42715)
[ROUTING] Crypto trade routed to eddie_v_crypto
ERROR logging trade: 400 {"code":"PGRST204","details":null,"hint":null,"message":"Could not find the 'lane' column of 'trades' in the schema cache"}
📈 TIER 3: eddie_v LONG RNDR-USD — +31.6x ATR. Trailing stop → $6.63 (current - 1xATR)
✅ 09:07:53 UTC — No trailing stop actions across 8 bot(s)
✅ 09:08:59 UTC — No trailing stop actions across 8 bot(s)
📈 TIER 3: eddie_v LONG RNDR-USD — +31.7x ATR. Trailing stop → $6.63 (current - 1xATR)
✅ 09:10:04 UTC — No trailing stop actions across 8 bot(s)
✅ 09:11:10 UTC — No trailing stop actions across 8 bot(s)
✅ 09:12:16 UTC — No trailing stop actions across 8 bot(s)
✅ 09:13:22 UTC — No trailing stop actions across 8 bot(s)
✅ 09:14:29 UTC — No trailing stop actions across 8 bot(s)
✅ 09:15:34 UTC — No trailing stop actions across 8 bot(s)
✅ 09:16:41 UTC — No trailing stop actions across 8 bot(s)
✅ 09:17:47 UTC — No trailing stop actions across 8 bot(s)
✅ 09:18:53 UTC — No trailing stop actions across 8 bot(s)
✅ 09:19:59 UTC — No trailing stop actions across 8 bot(s)
📈 TIER 1: alfred LONG BTC-USD — +1.5x ATR. Stop → breakeven ($68036.84). Scaling out 1/3 (0.063333)
[ROUTING] Crypto trade routed to alfred_crypto
ERROR logging trade: 400 {"code":"PGRST204","details":null,"hint":null,"message":"Could not find the 'lane' column of 'trades' in the schema cache"}
✅ 09:22:12 UTC — No trailing stop actions across 8 bot(s)
📈 TIER 1: tars LONG ETH-USD — +1.5x ATR. Stop → breakeven ($1952.00). Scaling out 1/3 (1.666667)
[ROUTING] Crypto trade routed to tars_crypto
ERROR logging trade: 400 {"code":"PGRST204","details":null,"hint":null,"message":"Could not find the 'lane' column of 'trades' in the schema cache"}
✅ 09:24:25 UTC — No trailing stop actions across 8 bot(s)
✅ 09:25:31 UTC — No trailing stop actions across 8 bot(s)
✅ 09:26:37 UTC — No trailing stop actions across 8 bot(s)
✅ 09:27:44 UTC — No trailing stop actions across 8 bot(s)
✅ 09:28:50 UTC — No trailing stop actions across 8 bot(s)
✅ 09:29:56 UTC — No trailing stop actions across 8 bot(s)
✅ 09:31:02 UTC — No trailing stop actions across 8 bot(s)
✅ 09:32:08 UTC — No trailing stop actions across 8 bot(s)
✅ 09:33:14 UTC — No trailing stop actions across 8 bot(s)
✅ 09:34:20 UTC — No trailing stop actions across 8 bot(s)
✅ 09:35:26 UTC — No trailing stop actions across 8 bot(s)
✅ 09:36:32 UTC — No trailing stop actions across 8 bot(s)
✅ 09:37:38 UTC — No trailing stop actions across 8 bot(s)
✅ 09:38:45 UTC — No trailing stop actions across 8 bot(s)
✅ 09:39:51 UTC — No trailing stop actions across 8 bot(s)
✅ 09:40:57 UTC — No trailing stop actions across 8 bot(s)
✅ 09:42:03 UTC — No trailing stop actions across 8 bot(s)
✅ 09:43:09 UTC — No trailing stop actions across 8 bot(s)
✅ 09:44:15 UTC — No trailing stop actions across 8 bot(s)
✅ 09:45:22 UTC — No trailing stop actions across 8 bot(s)
✅ 09:46:28 UTC — No trailing stop actions across 8 bot(s)
✅ 09:47:34 UTC — No trailing stop actions across 8 bot(s)
✅ 09:48:40 UTC — No trailing stop actions across 8 bot(s)
✅ 09:49:46 UTC — No trailing stop actions across 8 bot(s)
✅ 09:50:52 UTC — No trailing stop actions across 8 bot(s)
✅ 09:51:58 UTC — No trailing stop actions across 8 bot(s)
✅ 09:53:04 UTC — No trailing stop actions across 8 bot(s)
✅ 09:54:10 UTC — No trailing stop actions across 8 bot(s)
✅ 09:55:16 UTC — No trailing stop actions across 8 bot(s)
✅ 09:56:22 UTC — No trailing stop actions across 8 bot(s)
✅ 09:57:28 UTC — No trailing stop actions across 8 bot(s)
✅ 09:58:35 UTC — No trailing stop actions across 8 bot(s)
✅ 09:59:41 UTC — No trailing stop actions across 8 bot(s)
✅ 10:00:46 UTC — No trailing stop actions across 8 bot(s)
✅ 10:01:52 UTC — No trailing stop actions across 8 bot(s)
✅ 10:02:58 UTC — No trailing stop actions across 8 bot(s)
✅ 10:04:05 UTC — No trailing stop actions across 8 bot(s)
✅ 10:05:11 UTC — No trailing stop actions across 8 bot(s)
✅ 10:06:16 UTC — No trailing stop actions across 8 bot(s)
✅ 10:07:22 UTC — No trailing stop actions across 8 bot(s)
✅ 10:08:28 UTC — No trailing stop actions across 8 bot(s)
✅ 10:09:34 UTC — No trailing stop actions across 8 bot(s)
✅ 10:10:41 UTC — No trailing stop actions across 8 bot(s)
✅ 10:11:47 UTC — No trailing stop actions across 8 bot(s)
✅ 10:12:53 UTC — No trailing stop actions across 8 bot(s)
✅ 10:13:59 UTC — No trailing stop actions across 8 bot(s)
✅ 10:15:04 UTC — No trailing stop actions across 8 bot(s)
✅ 10:16:11 UTC — No trailing stop actions across 8 bot(s)
✅ 10:17:17 UTC — No trailing stop actions across 8 bot(s)
✅ 10:18:23 UTC — No trailing stop actions across 8 bot(s)
✅ 10:19:29 UTC — No trailing stop actions across 8 bot(s)
✅ 10:20:35 UTC — No trailing stop actions across 8 bot(s)
✅ 10:21:42 UTC — No trailing stop actions across 8 bot(s)
✅ 10:22:47 UTC — No trailing stop actions across 8 bot(s)
✅ 10:23:53 UTC — No trailing stop actions across 8 bot(s)
✅ 10:25:00 UTC — No trailing stop actions across 8 bot(s)
✅ 10:26:06 UTC — No trailing stop actions across 8 bot(s)
✅ 10:27:11 UTC — No trailing stop actions across 8 bot(s)
✅ 10:28:17 UTC — No trailing stop actions across 8 bot(s)
✅ 10:29:23 UTC — No trailing stop actions across 8 bot(s)
✅ 10:30:29 UTC — No trailing stop actions across 8 bot(s)
✅ 10:31:35 UTC — No trailing stop actions across 8 bot(s)
✅ 10:32:42 UTC — No trailing stop actions across 8 bot(s)
✅ 10:33:47 UTC — No trailing stop actions across 8 bot(s)
✅ 10:34:54 UTC — No trailing stop actions across 8 bot(s)
✅ 10:36:00 UTC — No trailing stop actions across 8 bot(s)
✅ 10:37:06 UTC — No trailing stop actions across 8 bot(s)
✅ 10:38:13 UTC — No trailing stop actions across 8 bot(s)
✅ 10:39:19 UTC — No trailing stop actions across 8 bot(s)
✅ 10:40:25 UTC — No trailing stop actions across 8 bot(s)
✅ 10:41:31 UTC — No trailing stop actions across 8 bot(s)
✅ 10:42:38 UTC — No trailing stop actions across 8 bot(s)
✅ 10:43:44 UTC — No trailing stop actions across 8 bot(s)
✅ 10:44:50 UTC — No trailing stop actions across 8 bot(s)
✅ 10:45:56 UTC — No trailing stop actions across 8 bot(s)
✅ 10:47:02 UTC — No trailing stop actions across 8 bot(s)
✅ 10:48:09 UTC — No trailing stop actions across 8 bot(s)
✅ 10:49:14 UTC — No trailing stop actions across 8 bot(s)
✅ 10:50:20 UTC — No trailing stop actions across 8 bot(s)
✅ 10:51:27 UTC — No trailing stop actions across 8 bot(s)
✅ 10:52:33 UTC — No trailing stop actions across 8 bot(s)
✅ 10:53:39 UTC — No trailing stop actions across 8 bot(s)
✅ 10:54:45 UTC — No trailing stop actions across 8 bot(s)
✅ 10:55:51 UTC — No trailing stop actions across 8 bot(s)
✅ 10:56:57 UTC — No trailing stop actions across 8 bot(s)
✅ 10:58:03 UTC — No trailing stop actions across 8 bot(s)
✅ 10:59:09 UTC — No trailing stop actions across 8 bot(s)
✅ 11:00:16 UTC — No trailing stop actions across 8 bot(s)
✅ 11:01:24 UTC — No trailing stop actions across 8 bot(s)
✅ 11:02:30 UTC — No trailing stop actions across 8 bot(s)
✅ 11:03:36 UTC — No trailing stop actions across 8 bot(s)
✅ 11:04:43 UTC — No trailing stop actions across 8 bot(s)
✅ 11:05:49 UTC — No trailing stop actions across 8 bot(s)
✅ 11:06:55 UTC — No trailing stop actions across 8 bot(s)
✅ 11:08:01 UTC — No trailing stop actions across 8 bot(s)
✅ 11:09:07 UTC — No trailing stop actions across 8 bot(s)
✅ 11:10:13 UTC — No trailing stop actions across 8 bot(s)
✅ 11:11:20 UTC — No trailing stop actions across 8 bot(s)
✅ 11:12:27 UTC — No trailing stop actions across 8 bot(s)
✅ 11:13:33 UTC — No trailing stop actions across 8 bot(s)
✅ 11:14:39 UTC — No trailing stop actions across 8 bot(s)
✅ 11:15:46 UTC — No trailing stop actions across 8 bot(s)
✅ 11:16:52 UTC — No trailing stop actions across 8 bot(s)
✅ 11:17:58 UTC — No trailing stop actions across 8 bot(s)
✅ 11:19:05 UTC — No trailing stop actions across 8 bot(s)
✅ 11:20:11 UTC — No trailing stop actions across 8 bot(s)
✅ 11:21:17 UTC — No trailing stop actions across 8 bot(s)
✅ 11:22:23 UTC — No trailing stop actions across 8 bot(s)
✅ 11:23:30 UTC — No trailing stop actions across 8 bot(s)
✅ 11:24:37 UTC — No trailing stop actions across 8 bot(s)
✅ 11:25:44 UTC — No trailing stop actions across 8 bot(s)
✅ 11:26:50 UTC — No trailing stop actions across 8 bot(s)
✅ 11:27:56 UTC — No trailing stop actions across 8 bot(s)
✅ 11:29:02 UTC — No trailing stop actions across 8 bot(s)
✅ 11:30:09 UTC — No trailing stop actions across 8 bot(s)
✅ 11:31:16 UTC — No trailing stop actions across 8 bot(s)
✅ 11:32:22 UTC — No trailing stop actions across 8 bot(s)
✅ 11:33:28 UTC — No trailing stop actions across 8 bot(s)
✅ 11:34:34 UTC — No trailing stop actions across 8 bot(s)
✅ 11:35:41 UTC — No trailing stop actions across 8 bot(s)
✅ 11:36:47 UTC — No trailing stop actions across 8 bot(s)
✅ 11:37:53 UTC — No trailing stop actions across 8 bot(s)
✅ 11:39:00 UTC — No trailing stop actions across 8 bot(s)
✅ 11:40:06 UTC — No trailing stop actions across 8 bot(s)
✅ 11:41:12 UTC — No trailing stop actions across 8 bot(s)
✅ 11:42:19 UTC — No trailing stop actions across 8 bot(s)
✅ 11:43:25 UTC — No trailing stop actions across 8 bot(s)
✅ 11:44:31 UTC — No trailing stop actions across 8 bot(s)
✅ 11:45:37 UTC — No trailing stop actions across 8 bot(s)
✅ 11:46:43 UTC — No trailing stop actions across 8 bot(s)
✅ 11:47:50 UTC — No trailing stop actions across 8 bot(s)
✅ 11:48:56 UTC — No trailing stop actions across 8 bot(s)
✅ 11:50:02 UTC — No trailing stop actions across 8 bot(s)
✅ 11:51:08 UTC — No trailing stop actions across 8 bot(s)
✅ 11:52:15 UTC — No trailing stop actions across 8 bot(s)
✅ 11:53:21 UTC — No trailing stop actions across 8 bot(s)
✅ 11:54:28 UTC — No trailing stop actions across 8 bot(s)
✅ 11:56:37 UTC — No trailing stop actions across 8 bot(s)
✅ 11:57:43 UTC — No trailing stop actions across 8 bot(s)
✅ 11:58:50 UTC — No trailing stop actions across 8 bot(s)
✅ 11:59:56 UTC — No trailing stop actions across 8 bot(s)
✅ 12:01:03 UTC — No trailing stop actions across 8 bot(s)
✅ 12:02:10 UTC — No trailing stop actions across 8 bot(s)
✅ 12:03:16 UTC — No trailing stop actions across 8 bot(s)
✅ 12:04:23 UTC — No trailing stop actions across 8 bot(s)
✅ 12:05:30 UTC — No trailing stop actions across 8 bot(s)
✅ 12:06:36 UTC — No trailing stop actions across 8 bot(s)
✅ 12:07:42 UTC — No trailing stop actions across 8 bot(s)
✅ 12:08:48 UTC — No trailing stop actions across 8 bot(s)
✅ 12:09:54 UTC — No trailing stop actions across 8 bot(s)
✅ 12:11:00 UTC — No trailing stop actions across 8 bot(s)
✅ 12:12:07 UTC — No trailing stop actions across 8 bot(s)
✅ 12:13:14 UTC — No trailing stop actions across 8 bot(s)
✅ 12:14:19 UTC — No trailing stop actions across 8 bot(s)
✅ 12:15:26 UTC — No trailing stop actions across 8 bot(s)
✅ 12:16:33 UTC — No trailing stop actions across 8 bot(s)
✅ 12:17:39 UTC — No trailing stop actions across 8 bot(s)
✅ 12:18:45 UTC — No trailing stop actions across 8 bot(s)
✅ 12:19:51 UTC — No trailing stop actions across 8 bot(s)
✅ 12:20:58 UTC — No trailing stop actions across 8 bot(s)
✅ 12:22:04 UTC — No trailing stop actions across 8 bot(s)
✅ 12:23:10 UTC — No trailing stop actions across 8 bot(s)
✅ 12:24:17 UTC — No trailing stop actions across 8 bot(s)
✅ 12:25:23 UTC — No trailing stop actions across 8 bot(s)
✅ 12:26:30 UTC — No trailing stop actions across 8 bot(s)
✅ 12:27:37 UTC — No trailing stop actions across 8 bot(s)
✅ 12:28:44 UTC — No trailing stop actions across 8 bot(s)
✅ 12:29:50 UTC — No trailing stop actions across 8 bot(s)
✅ 12:30:57 UTC — No trailing stop actions across 8 bot(s)
✅ 12:32:03 UTC — No trailing stop actions across 8 bot(s)
✅ 12:33:10 UTC — No trailing stop actions across 8 bot(s)
✅ 12:34:16 UTC — No trailing stop actions across 8 bot(s)
✅ 12:35:23 UTC — No trailing stop actions across 8 bot(s)
✅ 12:36:29 UTC — No trailing stop actions across 8 bot(s)
✅ 12:37:35 UTC — No trailing stop actions across 8 bot(s)
✅ 12:38:42 UTC — No trailing stop actions across 8 bot(s)
✅ 12:39:48 UTC — No trailing stop actions across 8 bot(s)
✅ 12:40:54 UTC — No trailing stop actions across 8 bot(s)
✅ 12:42:01 UTC — No trailing stop actions across 8 bot(s)
✅ 12:43:08 UTC — No trailing stop actions across 8 bot(s)
✅ 12:44:15 UTC — No trailing stop actions across 8 bot(s)
✅ 12:45:21 UTC — No trailing stop actions across 8 bot(s)
✅ 12:46:28 UTC — No trailing stop actions across 8 bot(s)
✅ 12:47:35 UTC — No trailing stop actions across 8 bot(s)
✅ 12:48:41 UTC — No trailing stop actions across 8 bot(s)
✅ 12:49:48 UTC — No trailing stop actions across 8 bot(s)
✅ 12:50:54 UTC — No trailing stop actions across 8 bot(s)
✅ 12:52:00 UTC — No trailing stop actions across 8 bot(s)
✅ 12:53:06 UTC — No trailing stop actions across 8 bot(s)
✅ 12:54:13 UTC — No trailing stop actions across 8 bot(s)
✅ 12:55:19 UTC — No trailing stop actions across 8 bot(s)
✅ 12:56:26 UTC — No trailing stop actions across 8 bot(s)
✅ 12:57:32 UTC — No trailing stop actions across 8 bot(s)
✅ 12:58:38 UTC — No trailing stop actions across 8 bot(s)
✅ 12:59:45 UTC — No trailing stop actions across 8 bot(s)
✅ 13:00:51 UTC — No trailing stop actions across 8 bot(s)
✅ 13:01:58 UTC — No trailing stop actions across 8 bot(s)
✅ 13:03:05 UTC — No trailing stop actions across 8 bot(s)
✅ 13:04:11 UTC — No trailing stop actions across 8 bot(s)
✅ 13:05:17 UTC — No trailing stop actions across 8 bot(s)
✅ 13:06:23 UTC — No trailing stop actions across 8 bot(s)
✅ 13:07:30 UTC — No trailing stop actions across 8 bot(s)
✅ 13:08:36 UTC — No trailing stop actions across 8 bot(s)
✅ 13:09:43 UTC — No trailing stop actions across 8 bot(s)
✅ 13:10:50 UTC — No trailing stop actions across 8 bot(s)
✅ 13:11:56 UTC — No trailing stop actions across 8 bot(s)
✅ 13:13:03 UTC — No trailing stop actions across 8 bot(s)
✅ 13:14:09 UTC — No trailing stop actions across 8 bot(s)
✅ 13:15:16 UTC — No trailing stop actions across 8 bot(s)
✅ 13:16:22 UTC — No trailing stop actions across 8 bot(s)
✅ 13:17:29 UTC — No trailing stop actions across 8 bot(s)
✅ 13:18:35 UTC — No trailing stop actions across 8 bot(s)
✅ 13:19:42 UTC — No trailing stop actions across 8 bot(s)
✅ 13:20:49 UTC — No trailing stop actions across 8 bot(s)
✅ 13:21:55 UTC — No trailing stop actions across 8 bot(s)
✅ 13:23:02 UTC — No trailing stop actions across 8 bot(s)
✅ 13:24:10 UTC — No trailing stop actions across 8 bot(s)
✅ 13:25:16 UTC — No trailing stop actions across 8 bot(s)
✅ 13:26:23 UTC — No trailing stop actions across 8 bot(s)
✅ 13:27:30 UTC — No trailing stop actions across 8 bot(s)
✅ 13:28:37 UTC — No trailing stop actions across 8 bot(s)
✅ 13:29:43 UTC — No trailing stop actions across 8 bot(s)
✅ 13:30:50 UTC — No trailing stop actions across 8 bot(s)
✅ 13:31:56 UTC — No trailing stop actions across 8 bot(s)
✅ 13:33:02 UTC — No trailing stop actions across 8 bot(s)
✅ 13:34:09 UTC — No trailing stop actions across 8 bot(s)
✅ 13:35:16 UTC — No trailing stop actions across 8 bot(s)
✅ 13:36:22 UTC — No trailing stop actions across 8 bot(s)
✅ 13:37:29 UTC — No trailing stop actions across 8 bot(s)
✅ 13:38:36 UTC — No trailing stop actions across 8 bot(s)
✅ 13:39:42 UTC — No trailing stop actions across 8 bot(s)
✅ 13:40:48 UTC — No trailing stop actions across 8 bot(s)
✅ 13:41:55 UTC — No trailing stop actions across 8 bot(s)
✅ 13:43:02 UTC — No trailing stop actions across 8 bot(s)
✅ 13:44:08 UTC — No trailing stop actions across 8 bot(s)
✅ 13:45:15 UTC — No trailing stop actions across 8 bot(s)
✅ 13:46:21 UTC — No trailing stop actions across 8 bot(s)
✅ 13:47:28 UTC — No trailing stop actions across 8 bot(s)
✅ 13:48:35 UTC — No trailing stop actions across 8 bot(s)
✅ 13:49:41 UTC — No trailing stop actions across 8 bot(s)
✅ 13:50:48 UTC — No trailing stop actions across 8 bot(s)
✅ 13:51:55 UTC — No trailing stop actions across 8 bot(s)
✅ 13:53:01 UTC — No trailing stop actions across 8 bot(s)
✅ 13:54:07 UTC — No trailing stop actions across 8 bot(s)
✅ 13:55:14 UTC — No trailing stop actions across 8 bot(s)
✅ 13:56:21 UTC — No trailing stop actions across 8 bot(s)
✅ 13:57:27 UTC — No trailing stop actions across 8 bot(s)
✅ 13:58:34 UTC — No trailing stop actions across 8 bot(s)
✅ 13:59:40 UTC — No trailing stop actions across 8 bot(s)
✅ 14:00:48 UTC — No trailing stop actions across 8 bot(s)
✅ 14:01:54 UTC — No trailing stop actions across 8 bot(s)
✅ 14:03:00 UTC — No trailing stop actions across 8 bot(s)
✅ 14:04:06 UTC — No trailing stop actions across 8 bot(s)
✅ 14:05:12 UTC — No trailing stop actions across 8 bot(s)
✅ 14:06:17 UTC — No trailing stop actions across 8 bot(s)
✅ 14:07:23 UTC — No trailing stop actions across 8 bot(s)
✅ 14:08:29 UTC — No trailing stop actions across 8 bot(s)
✅ 14:09:35 UTC — No trailing stop actions across 8 bot(s)
✅ 14:10:41 UTC — No trailing stop actions across 8 bot(s)
✅ 14:11:47 UTC — No trailing stop actions across 8 bot(s)
✅ 14:12:55 UTC — No trailing stop actions across 8 bot(s)
✅ 14:14:01 UTC — No trailing stop actions across 8 bot(s)
✅ 14:15:06 UTC — No trailing stop actions across 8 bot(s)
✅ 14:16:12 UTC — No trailing stop actions across 8 bot(s)
✅ 14:17:19 UTC — No trailing stop actions across 8 bot(s)
✅ 14:18:25 UTC — No trailing stop actions across 8 bot(s)
✅ 14:19:31 UTC — No trailing stop actions across 8 bot(s)
✅ 14:20:37 UTC — No trailing stop actions across 8 bot(s)
✅ 14:21:43 UTC — No trailing stop actions across 8 bot(s)
✅ 14:22:49 UTC — No trailing stop actions across 8 bot(s)
✅ 14:23:55 UTC — No trailing stop actions across 8 bot(s)
✅ 14:25:01 UTC — No trailing stop actions across 8 bot(s)
✅ 14:26:07 UTC — No trailing stop actions across 8 bot(s)
✅ 14:27:13 UTC — No trailing stop actions across 8 bot(s)
✅ 14:28:19 UTC — No trailing stop actions across 8 bot(s)
✅ 14:29:25 UTC — No trailing stop actions across 8 bot(s)
✅ 14:30:29 UTC — No trailing stop actions across 8 bot(s)
✅ 14:31:33 UTC — No trailing stop actions across 8 bot(s)
✅ 14:32:36 UTC — No trailing stop actions across 8 bot(s)
✅ 14:33:39 UTC — No trailing stop actions across 8 bot(s)
✅ 14:34:43 UTC — No trailing stop actions across 8 bot(s)
✅ 14:35:45 UTC — No trailing stop actions across 8 bot(s)
✅ 14:36:48 UTC — No trailing stop actions across 8 bot(s)
✅ 14:37:51 UTC — No trailing stop actions across 8 bot(s)
✅ 14:38:53 UTC — No trailing stop actions across 8 bot(s)
✅ 14:39:56 UTC — No trailing stop actions across 8 bot(s)
✅ 14:40:58 UTC — No trailing stop actions across 8 bot(s)
✅ 14:42:01 UTC — No trailing stop actions across 8 bot(s)
✅ 14:43:03 UTC — No trailing stop actions across 8 bot(s)
✅ 14:44:06 UTC — No trailing stop actions across 8 bot(s)
✅ 14:45:09 UTC — No trailing stop actions across 8 bot(s)
✅ 14:46:11 UTC — No trailing stop actions across 8 bot(s)
✅ 14:47:14 UTC — No trailing stop actions across 8 bot(s)
✅ 14:48:17 UTC — No trailing stop actions across 8 bot(s)
✅ 14:49:19 UTC — No trailing stop actions across 8 bot(s)
✅ 14:50:22 UTC — No trailing stop actions across 8 bot(s)
✅ 14:51:25 UTC — No trailing stop actions across 8 bot(s)
✅ 14:52:28 UTC — No trailing stop actions across 8 bot(s)
✅ 14:53:30 UTC — No trailing stop actions across 8 bot(s)
✅ 14:54:33 UTC — No trailing stop actions across 8 bot(s)
✅ 14:55:36 UTC — No trailing stop actions across 8 bot(s)
✅ 14:56:39 UTC — No trailing stop actions across 8 bot(s)
✅ 14:57:42 UTC — No trailing stop actions across 8 bot(s)
✅ 14:58:44 UTC — No trailing stop actions across 8 bot(s)
✅ 14:59:47 UTC — No trailing stop actions across 8 bot(s)
✅ 15:00:50 UTC — No trailing stop actions across 8 bot(s)
✅ 15:01:52 UTC — No trailing stop actions across 8 bot(s)
✅ 15:02:55 UTC — No trailing stop actions across 8 bot(s)
✅ 15:03:58 UTC — No trailing stop actions across 8 bot(s)
✅ 15:05:01 UTC — No trailing stop actions across 8 bot(s)
✅ 15:06:04 UTC — No trailing stop actions across 8 bot(s)
✅ 15:07:07 UTC — No trailing stop actions across 8 bot(s)
✅ 15:08:10 UTC — No trailing stop actions across 8 bot(s)
✅ 15:09:14 UTC — No trailing stop actions across 8 bot(s)
✅ 15:10:16 UTC — No trailing stop actions across 8 bot(s)
✅ 15:11:19 UTC — No trailing stop actions across 8 bot(s)
✅ 15:12:22 UTC — No trailing stop actions across 8 bot(s)
✅ 15:13:24 UTC — No trailing stop actions across 8 bot(s)
✅ 15:14:27 UTC — No trailing stop actions across 8 bot(s)
✅ 15:15:29 UTC — No trailing stop actions across 8 bot(s)
✅ 15:16:32 UTC — No trailing stop actions across 8 bot(s)
✅ 15:17:35 UTC — No trailing stop actions across 8 bot(s)
✅ 15:18:38 UTC — No trailing stop actions across 8 bot(s)
✅ 15:19:40 UTC — No trailing stop actions across 8 bot(s)
✅ 15:20:43 UTC — No trailing stop actions across 8 bot(s)
✅ 15:21:45 UTC — No trailing stop actions across 8 bot(s)
✅ 15:22:48 UTC — No trailing stop actions across 8 bot(s)
✅ 15:23:51 UTC — No trailing stop actions across 8 bot(s)
✅ 15:24:53 UTC — No trailing stop actions across 8 bot(s)
✅ 15:25:57 UTC — No trailing stop actions across 8 bot(s)
✅ 15:27:00 UTC — No trailing stop actions across 8 bot(s)
✅ 15:28:04 UTC — No trailing stop actions across 8 bot(s)
✅ 15:29:07 UTC — No trailing stop actions across 8 bot(s)
✅ 15:30:10 UTC — No trailing stop actions across 8 bot(s)
✅ 15:31:14 UTC — No trailing stop actions across 8 bot(s)
✅ 15:32:18 UTC — No trailing stop actions across 8 bot(s)
✅ 15:33:21 UTC — No trailing stop actions across 8 bot(s)
✅ 15:34:25 UTC — No trailing stop actions across 8 bot(s)
✅ 15:35:28 UTC — No trailing stop actions across 8 bot(s)
✅ 15:37:19 UTC — No trailing stop actions across 8 bot(s)
✅ 15:38:23 UTC — No trailing stop actions across 8 bot(s)
✅ 15:39:26 UTC — No trailing stop actions across 8 bot(s)
✅ 15:40:32 UTC — No trailing stop actions across 8 bot(s)
✅ 15:41:35 UTC — No trailing stop actions across 8 bot(s)
✅ 15:42:39 UTC — No trailing stop actions across 8 bot(s)
✅ 15:43:42 UTC — No trailing stop actions across 8 bot(s)
✅ 15:44:45 UTC — No trailing stop actions across 8 bot(s)
✅ 15:45:49 UTC — No trailing stop actions across 8 bot(s)
✅ 15:46:52 UTC — No trailing stop actions across 8 bot(s)
✅ 15:47:55 UTC — No trailing stop actions across 8 bot(s)
✅ 15:48:58 UTC — No trailing stop actions across 8 bot(s)
✅ 15:50:02 UTC — No trailing stop actions across 8 bot(s)
✅ 15:51:05 UTC — No trailing stop actions across 8 bot(s)
✅ 15:52:09 UTC — No trailing stop actions across 8 bot(s)
✅ 15:53:12 UTC — No trailing stop actions across 8 bot(s)
✅ 15:54:16 UTC — No trailing stop actions across 8 bot(s)
✅ 15:55:21 UTC — No trailing stop actions across 8 bot(s)
✅ 15:56:25 UTC — No trailing stop actions across 8 bot(s)
✅ 15:57:29 UTC — No trailing stop actions across 8 bot(s)
✅ 15:58:32 UTC — No trailing stop actions across 8 bot(s)
✅ 15:59:36 UTC — No trailing stop actions across 8 bot(s)
✅ 16:00:40 UTC — No trailing stop actions across 8 bot(s)
✅ 16:01:44 UTC — No trailing stop actions across 8 bot(s)
✅ 16:02:48 UTC — No trailing stop actions across 8 bot(s)
✅ 16:03:51 UTC — No trailing stop actions across 8 bot(s)
✅ 16:04:55 UTC — No trailing stop actions across 8 bot(s)
✅ 16:05:59 UTC — No trailing stop actions across 8 bot(s)
✅ 16:07:03 UTC — No trailing stop actions across 8 bot(s)
✅ 16:08:07 UTC — No trailing stop actions across 8 bot(s)
✅ 16:09:11 UTC — No trailing stop actions across 8 bot(s)
✅ 16:10:16 UTC — No trailing stop actions across 8 bot(s)
✅ 16:11:20 UTC — No trailing stop actions across 8 bot(s)
✅ 16:12:24 UTC — No trailing stop actions across 8 bot(s)
📈 TIER 1: eddie_v LONG GLD — +33.4x ATR. Stop → breakeven ($235.84). Scaling out 1/3 (16.666667)
⚠️  GUARD BLOCKED portfolio update:
   ❌ Return of +110.8% exceeds 50.0% cap — likely data bug
✅ Logged: eddie_v SELL 16.666667x GLD @ $472.97 ($7882.83)
   Trade ID: EDV-f9a1c650
📈 TIER 2: eddie_v LONG GLD — +33.4x ATR. Stop → $242.93 (entry + 1xATR). Scaling out 1/3 (25.0)
❌ DEDUP BLOCKED: eddie_v already did SELL GLD within 2 minutes
📈 TIER 3: eddie_v LONG GLD — +33.4x ATR. Trailing stop → $465.55 (current - 1xATR)
✅ 16:15:39 UTC — No trailing stop actions across 8 bot(s)
📈 TIER 3: eddie_v LONG GLD — +33.4x ATR. Trailing stop → $465.80 (current - 1xATR)
✅ 16:16:44 UTC — No trailing stop actions across 8 bot(s)
📈 TIER 3: eddie_v LONG GLD — +33.4x ATR. Trailing stop → $465.94 (current - 1xATR)
✅ 16:17:49 UTC — No trailing stop actions across 8 bot(s)
✅ 16:18:53 UTC — No trailing stop actions across 8 bot(s)
✅ 16:19:58 UTC — No trailing stop actions across 8 bot(s)
📈 TIER 1: vex LONG SUI — +12.4x ATR. Stop → breakeven ($0.91). Scaling out 1/3 (976.0)
[ROUTING] Crypto trade routed to vex_crypto
WARNING: No portfolio found for vex_crypto
✅ Logged: vex_crypto SELL 976.0x SUI @ $135.055 ($131813.68)
   Trade ID: VEX-fd3b021c
📈 TIER 3: eddie_v LONG GLD — +33.5x ATR. Trailing stop → $466.33 (current - 1xATR)
📈 TIER 2: vex LONG SUI — +12.4x ATR. Stop → $11.72 (entry + 1xATR). Scaling out 1/3 (1464.0)
[ROUTING] Crypto trade routed to vex_crypto
❌ DEDUP BLOCKED: vex_crypto already did SELL SUI within 2 minutes
📈 TIER 3: vex LONG SUI — +12.4x ATR. Trailing stop → $124.25 (current - 1xATR)
✅ 16:23:18 UTC — No trailing stop actions across 8 bot(s)
✅ 16:24:24 UTC — No trailing stop actions across 8 bot(s)
✅ 16:25:30 UTC — No trailing stop actions across 8 bot(s)
📈 TIER 1: vex LONG ETH-USD — +1.9x ATR. Stop → breakeven ($1973.00). Scaling out 1/3 (0.633333)
[ROUTING] Crypto trade routed to vex_crypto
WARNING: No portfolio found for vex_crypto
✅ Logged: vex_crypto SELL 0.633333x ETH-USD @ $2134.1362 ($1351.62)
   Trade ID: VEX-a1928e1f
📈 TIER 1: eddie_v LONG BTC-USD — +2.3x ATR. Stop → breakeven ($67754.00). Scaling out 1/3 (0.117667)
[ROUTING] Crypto trade routed to eddie_v_crypto
WARNING: No portfolio found for eddie_v_crypto
✅ Logged: eddie_v_crypto SELL 0.117667x BTC-USD @ $72708.12 ($8555.35)
   Trade ID: EDV-1326f08b
📈 TIER 1: eddie_v LONG ETH-USD — +1.9x ATR. Stop → breakeven ($1973.00). Scaling out 1/3 (0.4)
[ROUTING] Crypto trade routed to eddie_v_crypto
WARNING: No portfolio found for eddie_v_crypto
✅ Logged: eddie_v_crypto SELL 0.4x ETH-USD @ $2134.1362 ($853.65)
   Trade ID: EDV-c20241f9
✅ 16:27:45 UTC — No trailing stop actions across 8 bot(s)
✅ 16:28:51 UTC — No trailing stop actions across 8 bot(s)
✅ 16:29:57 UTC — No trailing stop actions across 8 bot(s)
✅ 16:31:03 UTC — No trailing stop actions across 8 bot(s)
✅ 16:32:09 UTC — No trailing stop actions across 8 bot(s)
✅ 16:33:15 UTC — No trailing stop actions across 8 bot(s)
✅ 16:34:21 UTC — No trailing stop actions across 8 bot(s)
✅ 16:35:27 UTC — No trailing stop actions across 8 bot(s)
✅ 16:36:34 UTC — No trailing stop actions across 8 bot(s)
✅ 16:37:41 UTC — No trailing stop actions across 8 bot(s)
✅ 16:38:47 UTC — No trailing stop actions across 8 bot(s)
✅ 16:39:54 UTC — No trailing stop actions across 8 bot(s)
✅ 16:41:00 UTC — No trailing stop actions across 8 bot(s)
✅ 16:42:07 UTC — No trailing stop actions across 8 bot(s)
✅ 16:43:13 UTC — No trailing stop actions across 8 bot(s)
✅ 16:44:19 UTC — No trailing stop actions across 8 bot(s)
✅ 16:45:25 UTC — No trailing stop actions across 8 bot(s)
✅ 16:46:31 UTC — No trailing stop actions across 8 bot(s)
✅ 16:47:38 UTC — No trailing stop actions across 8 bot(s)
✅ 16:48:44 UTC — No trailing stop actions across 8 bot(s)
✅ 16:49:50 UTC — No trailing stop actions across 8 bot(s)
✅ 16:50:56 UTC — No trailing stop actions across 8 bot(s)
✅ 16:52:02 UTC — No trailing stop actions across 8 bot(s)
✅ 16:53:09 UTC — No trailing stop actions across 8 bot(s)
✅ 16:54:16 UTC — No trailing stop actions across 8 bot(s)
✅ 16:55:24 UTC — No trailing stop actions across 8 bot(s)
✅ 16:56:31 UTC — No trailing stop actions across 8 bot(s)
✅ 16:57:38 UTC — No trailing stop actions across 8 bot(s)
✅ 16:58:45 UTC — No trailing stop actions across 8 bot(s)
✅ 16:59:52 UTC — No trailing stop actions across 8 bot(s)
✅ 17:00:59 UTC — No trailing stop actions across 8 bot(s)
✅ 17:02:06 UTC — No trailing stop actions across 8 bot(s)
✅ 17:03:14 UTC — No trailing stop actions across 8 bot(s)
✅ 17:04:21 UTC — No trailing stop actions across 8 bot(s)
✅ 17:05:28 UTC — No trailing stop actions across 8 bot(s)
✅ 17:06:35 UTC — No trailing stop actions across 8 bot(s)
✅ 17:07:42 UTC — No trailing stop actions across 8 bot(s)
✅ 17:08:50 UTC — No trailing stop actions across 8 bot(s)
✅ 17:09:57 UTC — No trailing stop actions across 8 bot(s)
📈 TIER 3: vex LONG SUI — +12.4x ATR. Trailing stop → $124.35 (current - 1xATR)
✅ 17:11:04 UTC — No trailing stop actions across 8 bot(s)
📈 TIER 3: vex LONG SUI — +12.4x ATR. Trailing stop → $124.36 (current - 1xATR)
✅ 17:12:11 UTC — No trailing stop actions across 8 bot(s)
✅ 17:13:19 UTC — No trailing stop actions across 8 bot(s)
✅ 17:14:26 UTC — No trailing stop actions across 8 bot(s)
✅ 17:15:34 UTC — No trailing stop actions across 8 bot(s)
📈 TIER 3: vex LONG SUI — +12.4x ATR. Trailing stop → $124.42 (current - 1xATR)
✅ 17:16:42 UTC — No trailing stop actions across 8 bot(s)
✅ 17:17:49 UTC — No trailing stop actions across 8 bot(s)
✅ 17:18:56 UTC — No trailing stop actions across 8 bot(s)
✅ 17:20:03 UTC — No trailing stop actions across 8 bot(s)
✅ 17:21:10 UTC — No trailing stop actions across 8 bot(s)
✅ 17:22:18 UTC — No trailing stop actions across 8 bot(s)
✅ 17:23:25 UTC — No trailing stop actions across 8 bot(s)
✅ 17:24:32 UTC — No trailing stop actions across 8 bot(s)
✅ 17:25:39 UTC — No trailing stop actions across 8 bot(s)
✅ 17:26:47 UTC — No trailing stop actions across 8 bot(s)
✅ 17:27:55 UTC — No trailing stop actions across 8 bot(s)
✅ 17:29:02 UTC — No trailing stop actions across 8 bot(s)
✅ 17:30:10 UTC — No trailing stop actions across 8 bot(s)
✅ 17:31:17 UTC — No trailing stop actions across 8 bot(s)
✅ 17:32:24 UTC — No trailing stop actions across 8 bot(s)
✅ 17:33:32 UTC — No trailing stop actions across 8 bot(s)
✅ 17:34:39 UTC — No trailing stop actions across 8 bot(s)
✅ 17:35:47 UTC — No trailing stop actions across 8 bot(s)
✅ 17:36:54 UTC — No trailing stop actions across 8 bot(s)
✅ 17:38:01 UTC — No trailing stop actions across 8 bot(s)
✅ 17:39:10 UTC — No trailing stop actions across 8 bot(s)
✅ 17:40:18 UTC — No trailing stop actions across 8 bot(s)
✅ 17:41:26 UTC — No trailing stop actions across 8 bot(s)
✅ 17:42:33 UTC — No trailing stop actions across 8 bot(s)
✅ 17:43:41 UTC — No trailing stop actions across 8 bot(s)
✅ 17:44:50 UTC — No trailing stop actions across 8 bot(s)
✅ 17:45:57 UTC — No trailing stop actions across 8 bot(s)
✅ 17:47:10 UTC — No trailing stop actions across 8 bot(s)
✅ 17:48:18 UTC — No trailing stop actions across 8 bot(s)
✅ 17:49:26 UTC — No trailing stop actions across 8 bot(s)
✅ 17:50:34 UTC — No trailing stop actions across 8 bot(s)
✅ 17:51:41 UTC — No trailing stop actions across 8 bot(s)
✅ 17:52:49 UTC — No trailing stop actions across 8 bot(s)
✅ 17:53:56 UTC — No trailing stop actions across 8 bot(s)
✅ 17:55:04 UTC — No trailing stop actions across 8 bot(s)
✅ 17:56:12 UTC — No trailing stop actions across 8 bot(s)
✅ 17:57:20 UTC — No trailing stop actions across 8 bot(s)
✅ 17:58:28 UTC — No trailing stop actions across 8 bot(s)
✅ 17:59:36 UTC — No trailing stop actions across 8 bot(s)
✅ 18:00:43 UTC — No trailing stop actions across 8 bot(s)
✅ 18:01:51 UTC — No trailing stop actions across 8 bot(s)
✅ 18:02:58 UTC — No trailing stop actions across 8 bot(s)
✅ 18:04:06 UTC — No trailing stop actions across 8 bot(s)
✅ 18:05:13 UTC — No trailing stop actions across 8 bot(s)
✅ 18:06:21 UTC — No trailing stop actions across 8 bot(s)
✅ 18:07:30 UTC — No trailing stop actions across 8 bot(s)
✅ 18:08:38 UTC — No trailing stop actions across 8 bot(s)
✅ 18:09:46 UTC — No trailing stop actions across 8 bot(s)
✅ 18:10:54 UTC — No trailing stop actions across 8 bot(s)
✅ 18:12:01 UTC — No trailing stop actions across 8 bot(s)
✅ 18:13:09 UTC — No trailing stop actions across 8 bot(s)
✅ 18:14:17 UTC — No trailing stop actions across 8 bot(s)
✅ 18:15:25 UTC — No trailing stop actions across 8 bot(s)
✅ 18:16:32 UTC — No trailing stop actions across 8 bot(s)
✅ 18:17:40 UTC — No trailing stop actions across 8 bot(s)
✅ 18:18:48 UTC — No trailing stop actions across 8 bot(s)
✅ 18:19:57 UTC — No trailing stop actions across 8 bot(s)
✅ 18:21:06 UTC — No trailing stop actions across 8 bot(s)
✅ 18:22:15 UTC — No trailing stop actions across 8 bot(s)
✅ 18:23:23 UTC — No trailing stop actions across 8 bot(s)
✅ 18:24:32 UTC — No trailing stop actions across 8 bot(s)
✅ 18:25:40 UTC — No trailing stop actions across 8 bot(s)
✅ 18:26:49 UTC — No trailing stop actions across 8 bot(s)
✅ 18:27:58 UTC — No trailing stop actions across 8 bot(s)
✅ 18:29:08 UTC — No trailing stop actions across 8 bot(s)
✅ 18:30:16 UTC — No trailing stop actions across 8 bot(s)
✅ 18:31:26 UTC — No trailing stop actions across 8 bot(s)
✅ 18:32:35 UTC — No trailing stop actions across 8 bot(s)
✅ 18:33:44 UTC — No trailing stop actions across 8 bot(s)
✅ 18:34:52 UTC — No trailing stop actions across 8 bot(s)
✅ 18:36:02 UTC — No trailing stop actions across 8 bot(s)
✅ 18:37:10 UTC — No trailing stop actions across 8 bot(s)
✅ 18:38:19 UTC — No trailing stop actions across 8 bot(s)
✅ 18:39:27 UTC — No trailing stop actions across 8 bot(s)
✅ 18:40:36 UTC — No trailing stop actions across 8 bot(s)
✅ 18:41:47 UTC — No trailing stop actions across 8 bot(s)
✅ 18:42:55 UTC — No trailing stop actions across 8 bot(s)
✅ 18:44:04 UTC — No trailing stop actions across 8 bot(s)
✅ 18:45:13 UTC — No trailing stop actions across 8 bot(s)
✅ 18:46:22 UTC — No trailing stop actions across 8 bot(s)
✅ 18:47:31 UTC — No trailing stop actions across 8 bot(s)
✅ 18:48:39 UTC — No trailing stop actions across 8 bot(s)
✅ 18:49:48 UTC — No trailing stop actions across 8 bot(s)
✅ 18:50:57 UTC — No trailing stop actions across 8 bot(s)
✅ 18:52:06 UTC — No trailing stop actions across 8 bot(s)
✅ 18:53:15 UTC — No trailing stop actions across 8 bot(s)
📈 TIER 1: vex LONG MRNA — +1.5x ATR. Stop → breakeven ($54.83). Scaling out 1/3 (3.0)
⚠️  GUARD BLOCKED portfolio update:
   ❌ Return of +100.0% exceeds 50.0% cap — likely data bug
✅ Logged: vex SELL 3.0x MRNA @ $56.99 ($170.97)
   Trade ID: VEX-0bb6a53a
✅ 18:55:33 UTC — No trailing stop actions across 8 bot(s)
✅ 18:56:42 UTC — No trailing stop actions across 8 bot(s)
✅ 18:57:51 UTC — No trailing stop actions across 8 bot(s)
✅ 18:58:59 UTC — No trailing stop actions across 8 bot(s)
✅ 19:00:08 UTC — No trailing stop actions across 8 bot(s)
✅ 19:01:18 UTC — No trailing stop actions across 8 bot(s)
✅ 19:02:27 UTC — No trailing stop actions across 8 bot(s)
✅ 19:03:36 UTC — No trailing stop actions across 8 bot(s)
✅ 19:04:46 UTC — No trailing stop actions across 8 bot(s)
✅ 19:05:54 UTC — No trailing stop actions across 8 bot(s)
✅ 19:07:05 UTC — No trailing stop actions across 8 bot(s)
✅ 19:08:16 UTC — No trailing stop actions across 8 bot(s)
✅ 19:09:27 UTC — No trailing stop actions across 8 bot(s)
✅ 19:10:38 UTC — No trailing stop actions across 8 bot(s)
✅ 19:11:49 UTC — No trailing stop actions across 8 bot(s)
✅ 19:12:59 UTC — No trailing stop actions across 8 bot(s)
✅ 19:14:09 UTC — No trailing stop actions across 8 bot(s)
✅ 19:15:20 UTC — No trailing stop actions across 8 bot(s)
✅ 19:16:31 UTC — No trailing stop actions across 8 bot(s)
✅ 19:17:41 UTC — No trailing stop actions across 8 bot(s)
✅ 19:18:52 UTC — No trailing stop actions across 8 bot(s)
✅ 19:20:02 UTC — No trailing stop actions across 8 bot(s)
✅ 19:21:12 UTC — No trailing stop actions across 8 bot(s)
✅ 19:22:23 UTC — No trailing stop actions across 8 bot(s)
📈 TIER 2: vex LONG ETH-USD — +2.6x ATR. Stop → $2060.92 (entry + 1xATR). Scaling out 1/3 (0.95)
[ROUTING] Crypto trade routed to vex_crypto
WARNING: No portfolio found for vex_crypto
✅ Logged: vex_crypto SELL 0.95x ETH-USD @ $2198.0137 ($2088.11)
   Trade ID: VEX-2dabf600
✅ 19:24:45 UTC — No trailing stop actions across 8 bot(s)
✅ 19:25:56 UTC — No trailing stop actions across 8 bot(s)
✅ 19:27:07 UTC — No trailing stop actions across 8 bot(s)
📈 TIER 3: vex LONG SUI — +12.4x ATR. Trailing stop → $124.45 (current - 1xATR)
✅ 19:28:17 UTC — No trailing stop actions across 8 bot(s)
📈 TIER 3: vex LONG SUI — +12.4x ATR. Trailing stop → $124.45 (current - 1xATR)
✅ 19:29:28 UTC — No trailing stop actions across 8 bot(s)
✅ 19:30:37 UTC — No trailing stop actions across 8 bot(s)
✅ 19:31:48 UTC — No trailing stop actions across 8 bot(s)
📈 TIER 3: vex LONG SUI — +12.4x ATR. Trailing stop → $124.46 (current - 1xATR)
✅ 19:32:58 UTC — No trailing stop actions across 8 bot(s)
✅ 19:34:08 UTC — No trailing stop actions across 8 bot(s)
📈 TIER 3: vex LONG SUI — +12.4x ATR. Trailing stop → $124.51 (current - 1xATR)
✅ 19:35:18 UTC — No trailing stop actions across 8 bot(s)
📈 TIER 3: vex LONG SUI — +12.4x ATR. Trailing stop → $124.57 (current - 1xATR)
✅ 19:36:28 UTC — No trailing stop actions across 8 bot(s)
✅ 19:37:39 UTC — No trailing stop actions across 8 bot(s)
✅ 19:38:50 UTC — No trailing stop actions across 8 bot(s)
✅ 19:40:01 UTC — No trailing stop actions across 8 bot(s)
📈 TIER 3: vex LONG SUI — +12.4x ATR. Trailing stop → $124.61 (current - 1xATR)
✅ 19:41:11 UTC — No trailing stop actions across 8 bot(s)
✅ 19:42:22 UTC — No trailing stop actions across 8 bot(s)
✅ 19:43:33 UTC — No trailing stop actions across 8 bot(s)
✅ 19:44:43 UTC — No trailing stop actions across 8 bot(s)
📈 TIER 2: vex LONG MRNA — +2.6x ATR. Stop → $56.29 (entry + 1xATR). Scaling out 1/3 (4.5)
⚠️  GUARD BLOCKED portfolio update:
   ❌ Return of +101.8% exceeds 50.0% cap — likely data bug
✅ Logged: vex SELL 4.5x MRNA @ $58.58 ($263.61)
   Trade ID: VEX-6ea0551f
📈 TIER 3: vex LONG SUI — +12.4x ATR. Trailing stop → $124.65 (current - 1xATR)
✅ 19:47:05 UTC — No trailing stop actions across 8 bot(s)
✅ 19:48:15 UTC — No trailing stop actions across 8 bot(s)
✅ 19:49:25 UTC — No trailing stop actions across 8 bot(s)
✅ 19:50:35 UTC — No trailing stop actions across 8 bot(s)
✅ 19:51:45 UTC — No trailing stop actions across 8 bot(s)
✅ 19:52:55 UTC — No trailing stop actions across 8 bot(s)
✅ 19:54:06 UTC — No trailing stop actions across 8 bot(s)
✅ 19:55:29 UTC — No trailing stop actions across 8 bot(s)
✅ 19:56:39 UTC — No trailing stop actions across 8 bot(s)
✅ 19:57:50 UTC — No trailing stop actions across 8 bot(s)
✅ 19:59:00 UTC — No trailing stop actions across 8 bot(s)
📈 TIER 3: vex LONG SUI — +12.4x ATR. Trailing stop → $124.66 (current - 1xATR)
✅ 20:00:10 UTC — No trailing stop actions across 8 bot(s)
📈 TIER 3: vex LONG SUI — +12.4x ATR. Trailing stop → $124.75 (current - 1xATR)
✅ 20:01:21 UTC — No trailing stop actions across 8 bot(s)
✅ 20:02:32 UTC — No trailing stop actions across 8 bot(s)
✅ 20:03:43 UTC — No trailing stop actions across 8 bot(s)
✅ 20:04:53 UTC — No trailing stop actions across 8 bot(s)
✅ 20:06:04 UTC — No trailing stop actions across 8 bot(s)
✅ 20:07:15 UTC — No trailing stop actions across 8 bot(s)
✅ 20:08:26 UTC — No trailing stop actions across 8 bot(s)
✅ 20:09:36 UTC — No trailing stop actions across 8 bot(s)
📈 TIER 3: vex LONG SUI — +12.4x ATR. Trailing stop → $124.81 (current - 1xATR)
✅ 20:10:46 UTC — No trailing stop actions across 8 bot(s)
✅ 20:11:57 UTC — No trailing stop actions across 8 bot(s)
✅ 20:13:07 UTC — No trailing stop actions across 8 bot(s)
📈 TIER 3: vex LONG SUI — +12.4x ATR. Trailing stop → $124.83 (current - 1xATR)
✅ 20:14:18 UTC — No trailing stop actions across 8 bot(s)
✅ 20:15:28 UTC — No trailing stop actions across 8 bot(s)
✅ 20:16:39 UTC — No trailing stop actions across 8 bot(s)
✅ 20:17:49 UTC — No trailing stop actions across 8 bot(s)
✅ 20:18:59 UTC — No trailing stop actions across 8 bot(s)
✅ 20:20:09 UTC — No trailing stop actions across 8 bot(s)
✅ 20:21:19 UTC — No trailing stop actions across 8 bot(s)
✅ 20:22:29 UTC — No trailing stop actions across 8 bot(s)
✅ 20:23:39 UTC — No trailing stop actions across 8 bot(s)
✅ 20:24:48 UTC — No trailing stop actions across 8 bot(s)
✅ 20:25:58 UTC — No trailing stop actions across 8 bot(s)
✅ 20:27:09 UTC — No trailing stop actions across 8 bot(s)
📈 TIER 3: vex LONG SUI — +12.4x ATR. Trailing stop → $124.87 (current - 1xATR)
✅ 20:28:19 UTC — No trailing stop actions across 8 bot(s)
✅ 20:29:30 UTC — No trailing stop actions across 8 bot(s)
✅ 20:30:40 UTC — No trailing stop actions across 8 bot(s)
✅ 20:31:49 UTC — No trailing stop actions across 8 bot(s)
✅ 20:32:58 UTC — No trailing stop actions across 8 bot(s)
✅ 20:34:08 UTC — No trailing stop actions across 8 bot(s)
✅ 20:35:17 UTC — No trailing stop actions across 8 bot(s)
✅ 20:36:28 UTC — No trailing stop actions across 8 bot(s)
✅ 20:37:39 UTC — No trailing stop actions across 8 bot(s)
✅ 20:38:50 UTC — No trailing stop actions across 8 bot(s)
✅ 20:40:01 UTC — No trailing stop actions across 8 bot(s)
✅ 20:41:12 UTC — No trailing stop actions across 8 bot(s)
✅ 20:42:22 UTC — No trailing stop actions across 8 bot(s)
✅ 20:43:32 UTC — No trailing stop actions across 8 bot(s)
✅ 20:44:43 UTC — No trailing stop actions across 8 bot(s)
📈 TIER 3: vex LONG SUI — +12.4x ATR. Trailing stop → $124.97 (current - 1xATR)
✅ 20:45:53 UTC — No trailing stop actions across 8 bot(s)
✅ 20:47:05 UTC — No trailing stop actions across 8 bot(s)
📈 TIER 3: vex LONG SUI — +12.4x ATR. Trailing stop → $125.01 (current - 1xATR)
✅ 20:48:20 UTC — No trailing stop actions across 8 bot(s)
✅ 20:49:30 UTC — No trailing stop actions across 8 bot(s)
✅ 20:50:40 UTC — No trailing stop actions across 8 bot(s)
✅ 20:51:51 UTC — No trailing stop actions across 8 bot(s)
✅ 20:53:01 UTC — No trailing stop actions across 8 bot(s)
✅ 20:54:16 UTC — No trailing stop actions across 8 bot(s)
✅ 20:55:27 UTC — No trailing stop actions across 8 bot(s)
📈 TIER 3: vex LONG SUI — +12.4x ATR. Trailing stop → $125.12 (current - 1xATR)
✅ 20:56:38 UTC — No trailing stop actions across 8 bot(s)
✅ 20:57:50 UTC — No trailing stop actions across 8 bot(s)
✅ 20:59:00 UTC — No trailing stop actions across 8 bot(s)
✅ 21:00:11 UTC — No trailing stop actions across 8 bot(s)
✅ 21:01:21 UTC — No trailing stop actions across 8 bot(s)
✅ 21:02:31 UTC — No trailing stop actions across 8 bot(s)
✅ 21:03:43 UTC — No trailing stop actions across 8 bot(s)
✅ 21:04:57 UTC — No trailing stop actions across 8 bot(s)
✅ 21:06:11 UTC — No trailing stop actions across 8 bot(s)
✅ 21:07:24 UTC — No trailing stop actions across 8 bot(s)
✅ 21:08:37 UTC — No trailing stop actions across 8 bot(s)
✅ 21:09:47 UTC — No trailing stop actions across 8 bot(s)
✅ 21:11:00 UTC — No trailing stop actions across 8 bot(s)
✅ 21:12:12 UTC — No trailing stop actions across 8 bot(s)
✅ 21:13:23 UTC — No trailing stop actions across 8 bot(s)
✅ 21:14:34 UTC — No trailing stop actions across 8 bot(s)
✅ 21:15:45 UTC — No trailing stop actions across 8 bot(s)
✅ 21:16:55 UTC — No trailing stop actions across 8 bot(s)
✅ 21:18:07 UTC — No trailing stop actions across 8 bot(s)
✅ 21:19:18 UTC — No trailing stop actions across 8 bot(s)
✅ 21:20:30 UTC — No trailing stop actions across 8 bot(s)
✅ 21:21:43 UTC — No trailing stop actions across 8 bot(s)
✅ 21:22:56 UTC — No trailing stop actions across 8 bot(s)
✅ 21:24:06 UTC — No trailing stop actions across 8 bot(s)
✅ 21:25:16 UTC — No trailing stop actions across 8 bot(s)
✅ 21:26:27 UTC — No trailing stop actions across 8 bot(s)
✅ 21:27:38 UTC — No trailing stop actions across 8 bot(s)
✅ 21:28:49 UTC — No trailing stop actions across 8 bot(s)
✅ 21:30:00 UTC — No trailing stop actions across 8 bot(s)
✅ 21:31:11 UTC — No trailing stop actions across 8 bot(s)
✅ 21:32:26 UTC — No trailing stop actions across 8 bot(s)
✅ 21:33:37 UTC — No trailing stop actions across 8 bot(s)
✅ 21:34:50 UTC — No trailing stop actions across 8 bot(s)
✅ 21:36:01 UTC — No trailing stop actions across 8 bot(s)
✅ 21:37:11 UTC — No trailing stop actions across 8 bot(s)
✅ 21:38:21 UTC — No trailing stop actions across 8 bot(s)
✅ 21:39:31 UTC — No trailing stop actions across 8 bot(s)
✅ 21:40:43 UTC — No trailing stop actions across 8 bot(s)
✅ 21:41:53 UTC — No trailing stop actions across 8 bot(s)
✅ 21:43:04 UTC — No trailing stop actions across 8 bot(s)
✅ 21:45:05 UTC — No trailing stop actions across 8 bot(s)
✅ 21:46:15 UTC — No trailing stop actions across 8 bot(s)
✅ 21:47:26 UTC — No trailing stop actions across 8 bot(s)
✅ 21:48:37 UTC — No trailing stop actions across 8 bot(s)
✅ 21:49:48 UTC — No trailing stop actions across 8 bot(s)
✅ 21:50:57 UTC — No trailing stop actions across 8 bot(s)
✅ 21:52:07 UTC — No trailing stop actions across 8 bot(s)
✅ 21:53:17 UTC — No trailing stop actions across 8 bot(s)
✅ 21:54:27 UTC — No trailing stop actions across 8 bot(s)
✅ 21:55:37 UTC — No trailing stop actions across 8 bot(s)
✅ 21:56:48 UTC — No trailing stop actions across 8 bot(s)
✅ 21:57:58 UTC — No trailing stop actions across 8 bot(s)
✅ 21:59:08 UTC — No trailing stop actions across 8 bot(s)
✅ 22:00:19 UTC — No trailing stop actions across 8 bot(s)
✅ 22:01:29 UTC — No trailing stop actions across 8 bot(s)
✅ 22:02:39 UTC — No trailing stop actions across 8 bot(s)
✅ 22:03:50 UTC — No trailing stop actions across 8 bot(s)
✅ 22:05:00 UTC — No trailing stop actions across 8 bot(s)
✅ 22:06:11 UTC — No trailing stop actions across 8 bot(s)
✅ 22:07:21 UTC — No trailing stop actions across 8 bot(s)
✅ 22:08:33 UTC — No trailing stop actions across 8 bot(s)
✅ 22:09:43 UTC — No trailing stop actions across 8 bot(s)
✅ 22:10:53 UTC — No trailing stop actions across 8 bot(s)
✅ 22:12:04 UTC — No trailing stop actions across 8 bot(s)
✅ 22:13:15 UTC — No trailing stop actions across 8 bot(s)
✅ 22:14:24 UTC — No trailing stop actions across 8 bot(s)
✅ 22:15:35 UTC — No trailing stop actions across 8 bot(s)
✅ 22:16:44 UTC — No trailing stop actions across 8 bot(s)
✅ 22:17:54 UTC — No trailing stop actions across 8 bot(s)
✅ 22:19:03 UTC — No trailing stop actions across 8 bot(s)
✅ 22:20:12 UTC — No trailing stop actions across 8 bot(s)
✅ 22:21:20 UTC — No trailing stop actions across 8 bot(s)
✅ 22:22:28 UTC — No trailing stop actions across 8 bot(s)
✅ 22:23:37 UTC — No trailing stop actions across 8 bot(s)
✅ 22:24:50 UTC — No trailing stop actions across 8 bot(s)
✅ 22:25:58 UTC — No trailing stop actions across 8 bot(s)
✅ 22:27:12 UTC — No trailing stop actions across 8 bot(s)
✅ 22:28:21 UTC — No trailing stop actions across 8 bot(s)
✅ 22:29:29 UTC — No trailing stop actions across 8 bot(s)
✅ 22:30:38 UTC — No trailing stop actions across 8 bot(s)
✅ 22:32:12 UTC — No trailing stop actions across 8 bot(s)
✅ 22:33:20 UTC — No trailing stop actions across 8 bot(s)
✅ 22:34:29 UTC — No trailing stop actions across 8 bot(s)
✅ 22:35:38 UTC — No trailing stop actions across 8 bot(s)
✅ 22:36:47 UTC — No trailing stop actions across 8 bot(s)
✅ 22:37:56 UTC — No trailing stop actions across 8 bot(s)
✅ 22:39:05 UTC — No trailing stop actions across 8 bot(s)
✅ 22:40:13 UTC — No trailing stop actions across 8 bot(s)
✅ 22:41:23 UTC — No trailing stop actions across 8 bot(s)
✅ 22:42:32 UTC — No trailing stop actions across 8 bot(s)
✅ 22:43:41 UTC — No trailing stop actions across 8 bot(s)
✅ 22:44:49 UTC — No trailing stop actions across 8 bot(s)
✅ 22:45:57 UTC — No trailing stop actions across 8 bot(s)
✅ 22:47:58 UTC — No trailing stop actions across 8 bot(s)
✅ 22:49:07 UTC — No trailing stop actions across 8 bot(s)
✅ 22:50:16 UTC — No trailing stop actions across 8 bot(s)
✅ 22:51:24 UTC — No trailing stop actions across 8 bot(s)
✅ 22:52:33 UTC — No trailing stop actions across 8 bot(s)
✅ 22:53:41 UTC — No trailing stop actions across 8 bot(s)
✅ 22:54:49 UTC — No trailing stop actions across 8 bot(s)
✅ 22:55:58 UTC — No trailing stop actions across 8 bot(s)
✅ 22:57:07 UTC — No trailing stop actions across 8 bot(s)
✅ 22:58:15 UTC — No trailing stop actions across 8 bot(s)
✅ 22:59:23 UTC — No trailing stop actions across 8 bot(s)
✅ 23:00:30 UTC — No trailing stop actions across 8 bot(s)
✅ 23:01:38 UTC — No trailing stop actions across 8 bot(s)
✅ 23:02:46 UTC — No trailing stop actions across 8 bot(s)
✅ 23:03:53 UTC — No trailing stop actions across 8 bot(s)
✅ 23:05:02 UTC — No trailing stop actions across 8 bot(s)
✅ 23:06:10 UTC — No trailing stop actions across 8 bot(s)
✅ 23:07:18 UTC — No trailing stop actions across 8 bot(s)
✅ 23:08:26 UTC — No trailing stop actions across 8 bot(s)
✅ 23:09:33 UTC — No trailing stop actions across 8 bot(s)
✅ 23:10:41 UTC — No trailing stop actions across 8 bot(s)
✅ 23:11:49 UTC — No trailing stop actions across 8 bot(s)
✅ 23:12:57 UTC — No trailing stop actions across 8 bot(s)
✅ 23:14:04 UTC — No trailing stop actions across 8 bot(s)
✅ 23:15:12 UTC — No trailing stop actions across 8 bot(s)
✅ 23:16:20 UTC — No trailing stop actions across 8 bot(s)
✅ 23:17:28 UTC — No trailing stop actions across 8 bot(s)
✅ 23:18:36 UTC — No trailing stop actions across 8 bot(s)
✅ 23:19:44 UTC — No trailing stop actions across 8 bot(s)
✅ 23:20:51 UTC — No trailing stop actions across 8 bot(s)
✅ 23:22:03 UTC — No trailing stop actions across 8 bot(s)
✅ 23:23:10 UTC — No trailing stop actions across 8 bot(s)
✅ 23:24:19 UTC — No trailing stop actions across 8 bot(s)
✅ 23:25:26 UTC — No trailing stop actions across 8 bot(s)
✅ 23:26:34 UTC — No trailing stop actions across 8 bot(s)
✅ 23:27:42 UTC — No trailing stop actions across 8 bot(s)
✅ 23:29:49 UTC — No trailing stop actions across 8 bot(s)
✅ 23:30:56 UTC — No trailing stop actions across 8 bot(s)
✅ 23:32:04 UTC — No trailing stop actions across 8 bot(s)
✅ 23:33:18 UTC — No trailing stop actions across 8 bot(s)
✅ 23:34:26 UTC — No trailing stop actions across 8 bot(s)
✅ 23:35:34 UTC — No trailing stop actions across 8 bot(s)
✅ 23:36:50 UTC — No trailing stop actions across 8 bot(s)
✅ 23:38:55 UTC — No trailing stop actions across 8 bot(s)
✅ 23:40:02 UTC — No trailing stop actions across 8 bot(s)
✅ 23:41:41 UTC — No trailing stop actions across 8 bot(s)
✅ 23:42:48 UTC — No trailing stop actions across 8 bot(s)
✅ 23:43:55 UTC — No trailing stop actions across 8 bot(s)
✅ 23:45:03 UTC — No trailing stop actions across 8 bot(s)
✅ 23:46:11 UTC — No trailing stop actions across 8 bot(s)
✅ 23:47:19 UTC — No trailing stop actions across 8 bot(s)
✅ 23:48:27 UTC — No trailing stop actions across 8 bot(s)
✅ 23:49:34 UTC — No trailing stop actions across 8 bot(s)
✅ 23:51:30 UTC — No trailing stop actions across 8 bot(s)
✅ 23:52:37 UTC — No trailing stop actions across 8 bot(s)
✅ 23:54:30 UTC — No trailing stop actions across 8 bot(s)
✅ 23:55:38 UTC — No trailing stop actions across 8 bot(s)
✅ 23:56:45 UTC — No trailing stop actions across 8 bot(s)
✅ 23:57:53 UTC — No trailing stop actions across 8 bot(s)
✅ 23:59:01 UTC — No trailing stop actions across 8 bot(s)
✅ 00:00:08 UTC — No trailing stop actions across 8 bot(s)
✅ 00:01:14 UTC — No trailing stop actions across 8 bot(s)
✅ 00:02:21 UTC — No trailing stop actions across 8 bot(s)
✅ 00:03:27 UTC — No trailing stop actions across 8 bot(s)
✅ 00:04:34 UTC — No trailing stop actions across 8 bot(s)
✅ 00:05:40 UTC — No trailing stop actions across 8 bot(s)
✅ 00:06:47 UTC — No trailing stop actions across 8 bot(s)
✅ 00:07:54 UTC — No trailing stop actions across 8 bot(s)
✅ 00:09:01 UTC — No trailing stop actions across 8 bot(s)
✅ 00:10:08 UTC — No trailing stop actions across 8 bot(s)
✅ 00:11:15 UTC — No trailing stop actions across 8 bot(s)
✅ 00:12:30 UTC — No trailing stop actions across 8 bot(s)
✅ 00:13:37 UTC — No trailing stop actions across 8 bot(s)
✅ 00:14:44 UTC — No trailing stop actions across 8 bot(s)
✅ 00:15:50 UTC — No trailing stop actions across 8 bot(s)
✅ 00:16:57 UTC — No trailing stop actions across 8 bot(s)
✅ 00:18:04 UTC — No trailing stop actions across 8 bot(s)
✅ 00:19:11 UTC — No trailing stop actions across 8 bot(s)
✅ 00:20:18 UTC — No trailing stop actions across 8 bot(s)
✅ 00:21:24 UTC — No trailing stop actions across 8 bot(s)
✅ 00:22:31 UTC — No trailing stop actions across 8 bot(s)
✅ 00:23:37 UTC — No trailing stop actions across 8 bot(s)
✅ 00:24:44 UTC — No trailing stop actions across 8 bot(s)
✅ 00:25:51 UTC — No trailing stop actions across 8 bot(s)
✅ 00:26:58 UTC — No trailing stop actions across 8 bot(s)
✅ 00:28:04 UTC — No trailing stop actions across 8 bot(s)
✅ 00:29:11 UTC — No trailing stop actions across 8 bot(s)
✅ 00:30:18 UTC — No trailing stop actions across 8 bot(s)
✅ 00:31:24 UTC — No trailing stop actions across 8 bot(s)
✅ 00:32:31 UTC — No trailing stop actions across 8 bot(s)
✅ 00:33:37 UTC — No trailing stop actions across 8 bot(s)
✅ 00:34:45 UTC — No trailing stop actions across 8 bot(s)
✅ 00:35:52 UTC — No trailing stop actions across 8 bot(s)
✅ 00:36:59 UTC — No trailing stop actions across 8 bot(s)
✅ 00:38:06 UTC — No trailing stop actions across 8 bot(s)
✅ 00:39:13 UTC — No trailing stop actions across 8 bot(s)
✅ 00:40:19 UTC — No trailing stop actions across 8 bot(s)
✅ 00:41:26 UTC — No trailing stop actions across 8 bot(s)
✅ 00:42:33 UTC — No trailing stop actions across 8 bot(s)
✅ 00:43:40 UTC — No trailing stop actions across 8 bot(s)
✅ 00:44:47 UTC — No trailing stop actions across 8 bot(s)
✅ 00:45:54 UTC — No trailing stop actions across 8 bot(s)
✅ 00:47:00 UTC — No trailing stop actions across 8 bot(s)
✅ 00:48:07 UTC — No trailing stop actions across 8 bot(s)
✅ 00:49:15 UTC — No trailing stop actions across 8 bot(s)
✅ 00:50:22 UTC — No trailing stop actions across 8 bot(s)
✅ 00:51:30 UTC — No trailing stop actions across 8 bot(s)
✅ 00:52:38 UTC — No trailing stop actions across 8 bot(s)
✅ 00:53:45 UTC — No trailing stop actions across 8 bot(s)
✅ 00:54:52 UTC — No trailing stop actions across 8 bot(s)
✅ 00:55:59 UTC — No trailing stop actions across 8 bot(s)
✅ 00:57:06 UTC — No trailing stop actions across 8 bot(s)
✅ 00:58:14 UTC — No trailing stop actions across 8 bot(s)
✅ 00:59:21 UTC — No trailing stop actions across 8 bot(s)
✅ 01:00:29 UTC — No trailing stop actions across 8 bot(s)
✅ 01:01:36 UTC — No trailing stop actions across 8 bot(s)
✅ 01:02:43 UTC — No trailing stop actions across 8 bot(s)
✅ 01:03:50 UTC — No trailing stop actions across 8 bot(s)
✅ 01:04:58 UTC — No trailing stop actions across 8 bot(s)
✅ 01:06:05 UTC — No trailing stop actions across 8 bot(s)
✅ 01:07:12 UTC — No trailing stop actions across 8 bot(s)
✅ 01:08:19 UTC — No trailing stop actions across 8 bot(s)
✅ 01:09:26 UTC — No trailing stop actions across 8 bot(s)
✅ 01:10:31 UTC — No trailing stop actions across 8 bot(s)
✅ 01:11:35 UTC — No trailing stop actions across 8 bot(s)
✅ 01:12:40 UTC — No trailing stop actions across 8 bot(s)
✅ 01:13:44 UTC — No trailing stop actions across 8 bot(s)
✅ 01:14:50 UTC — No trailing stop actions across 8 bot(s)
✅ 01:15:54 UTC — No trailing stop actions across 8 bot(s)
✅ 01:16:59 UTC — No trailing stop actions across 8 bot(s)
✅ 01:18:04 UTC — No trailing stop actions across 8 bot(s)
✅ 01:19:09 UTC — No trailing stop actions across 8 bot(s)
✅ 01:20:13 UTC — No trailing stop actions across 8 bot(s)
✅ 01:21:18 UTC — No trailing stop actions across 8 bot(s)
✅ 01:22:22 UTC — No trailing stop actions across 8 bot(s)
✅ 01:23:27 UTC — No trailing stop actions across 8 bot(s)
✅ 01:24:32 UTC — No trailing stop actions across 8 bot(s)
✅ 01:25:37 UTC — No trailing stop actions across 8 bot(s)
✅ 01:26:42 UTC — No trailing stop actions across 8 bot(s)
✅ 01:27:47 UTC — No trailing stop actions across 8 bot(s)
✅ 01:28:51 UTC — No trailing stop actions across 8 bot(s)
✅ 01:30:01 UTC — No trailing stop actions across 8 bot(s)
✅ 01:31:06 UTC — No trailing stop actions across 8 bot(s)
✅ 01:32:11 UTC — No trailing stop actions across 8 bot(s)
✅ 01:33:15 UTC — No trailing stop actions across 8 bot(s)
✅ 01:34:20 UTC — No trailing stop actions across 8 bot(s)
✅ 01:35:24 UTC — No trailing stop actions across 8 bot(s)
✅ 01:36:29 UTC — No trailing stop actions across 8 bot(s)
✅ 01:37:34 UTC — No trailing stop actions across 8 bot(s)
✅ 01:38:39 UTC — No trailing stop actions across 8 bot(s)
✅ 01:39:44 UTC — No trailing stop actions across 8 bot(s)
✅ 01:40:49 UTC — No trailing stop actions across 8 bot(s)
✅ 01:41:54 UTC — No trailing stop actions across 8 bot(s)
✅ 01:42:59 UTC — No trailing stop actions across 8 bot(s)
✅ 01:44:03 UTC — No trailing stop actions across 8 bot(s)
✅ 01:45:09 UTC — No trailing stop actions across 8 bot(s)
✅ 01:47:05 UTC — No trailing stop actions across 8 bot(s)
✅ 01:48:11 UTC — No trailing stop actions across 8 bot(s)
✅ 01:49:16 UTC — No trailing stop actions across 8 bot(s)
✅ 01:50:21 UTC — No trailing stop actions across 8 bot(s)
✅ 01:51:27 UTC — No trailing stop actions across 8 bot(s)
✅ 01:52:31 UTC — No trailing stop actions across 8 bot(s)
✅ 01:53:36 UTC — No trailing stop actions across 8 bot(s)
✅ 01:54:42 UTC — No trailing stop actions across 8 bot(s)
✅ 01:55:47 UTC — No trailing stop actions across 8 bot(s)
✅ 01:56:52 UTC — No trailing stop actions across 8 bot(s)
✅ 01:57:56 UTC — No trailing stop actions across 8 bot(s)
✅ 01:59:01 UTC — No trailing stop actions across 8 bot(s)
✅ 02:00:07 UTC — No trailing stop actions across 8 bot(s)
✅ 02:01:11 UTC — No trailing stop actions across 8 bot(s)
✅ 02:02:16 UTC — No trailing stop actions across 8 bot(s)
✅ 02:03:21 UTC — No trailing stop actions across 8 bot(s)
✅ 02:04:25 UTC — No trailing stop actions across 8 bot(s)
✅ 02:05:31 UTC — No trailing stop actions across 8 bot(s)
✅ 02:06:35 UTC — No trailing stop actions across 8 bot(s)
✅ 02:07:40 UTC — No trailing stop actions across 8 bot(s)
✅ 02:08:45 UTC — No trailing stop actions across 8 bot(s)
✅ 02:09:50 UTC — No trailing stop actions across 8 bot(s)
✅ 02:10:55 UTC — No trailing stop actions across 8 bot(s)
✅ 02:12:00 UTC — No trailing stop actions across 8 bot(s)
✅ 02:13:04 UTC — No trailing stop actions across 8 bot(s)
✅ 02:14:09 UTC — No trailing stop actions across 8 bot(s)
✅ 02:15:14 UTC — No trailing stop actions across 8 bot(s)
✅ 02:16:18 UTC — No trailing stop actions across 8 bot(s)
✅ 02:17:23 UTC — No trailing stop actions across 8 bot(s)
✅ 02:18:28 UTC — No trailing stop actions across 8 bot(s)
✅ 02:19:33 UTC — No trailing stop actions across 8 bot(s)
✅ 02:20:38 UTC — No trailing stop actions across 8 bot(s)
✅ 02:21:43 UTC — No trailing stop actions across 8 bot(s)
✅ 02:22:47 UTC — No trailing stop actions across 8 bot(s)
✅ 02:23:52 UTC — No trailing stop actions across 8 bot(s)
✅ 02:24:57 UTC — No trailing stop actions across 8 bot(s)
✅ 02:26:07 UTC — No trailing stop actions across 8 bot(s)
✅ 02:27:12 UTC — No trailing stop actions across 8 bot(s)
✅ 02:28:17 UTC — No trailing stop actions across 8 bot(s)
✅ 02:29:21 UTC — No trailing stop actions across 8 bot(s)
✅ 02:30:27 UTC — No trailing stop actions across 8 bot(s)
✅ 02:31:32 UTC — No trailing stop actions across 8 bot(s)
✅ 02:32:36 UTC — No trailing stop actions across 8 bot(s)
✅ 02:33:41 UTC — No trailing stop actions across 8 bot(s)
✅ 02:34:46 UTC — No trailing stop actions across 8 bot(s)
✅ 02:35:52 UTC — No trailing stop actions across 8 bot(s)
✅ 02:36:56 UTC — No trailing stop actions across 8 bot(s)
✅ 02:38:01 UTC — No trailing stop actions across 8 bot(s)
✅ 02:39:07 UTC — No trailing stop actions across 8 bot(s)
✅ 02:40:12 UTC — No trailing stop actions across 8 bot(s)
✅ 02:41:16 UTC — No trailing stop actions across 8 bot(s)
✅ 02:42:21 UTC — No trailing stop actions across 8 bot(s)
✅ 02:43:26 UTC — No trailing stop actions across 8 bot(s)
✅ 02:44:31 UTC — No trailing stop actions across 8 bot(s)
✅ 02:45:36 UTC — No trailing stop actions across 8 bot(s)
✅ 02:46:40 UTC — No trailing stop actions across 8 bot(s)
✅ 02:47:44 UTC — No trailing stop actions across 8 bot(s)
✅ 02:48:49 UTC — No trailing stop actions across 8 bot(s)
✅ 02:49:53 UTC — No trailing stop actions across 8 bot(s)
✅ 02:51:00 UTC — No trailing stop actions across 8 bot(s)
✅ 02:52:04 UTC — No trailing stop actions across 8 bot(s)
✅ 02:53:09 UTC — No trailing stop actions across 8 bot(s)
✅ 02:54:13 UTC — No trailing stop actions across 8 bot(s)
✅ 02:55:18 UTC — No trailing stop actions across 8 bot(s)
✅ 02:56:22 UTC — No trailing stop actions across 8 bot(s)
✅ 02:57:27 UTC — No trailing stop actions across 8 bot(s)
✅ 02:58:32 UTC — No trailing stop actions across 8 bot(s)
✅ 02:59:36 UTC — No trailing stop actions across 8 bot(s)
✅ 03:00:41 UTC — No trailing stop actions across 8 bot(s)
✅ 03:01:46 UTC — No trailing stop actions across 8 bot(s)
✅ 03:02:50 UTC — No trailing stop actions across 8 bot(s)
✅ 03:03:55 UTC — No trailing stop actions across 8 bot(s)
✅ 03:05:00 UTC — No trailing stop actions across 8 bot(s)
✅ 03:06:05 UTC — No trailing stop actions across 8 bot(s)
✅ 03:07:09 UTC — No trailing stop actions across 8 bot(s)
✅ 03:08:14 UTC — No trailing stop actions across 8 bot(s)
✅ 03:09:18 UTC — No trailing stop actions across 8 bot(s)
✅ 03:10:23 UTC — No trailing stop actions across 8 bot(s)
✅ 03:11:28 UTC — No trailing stop actions across 8 bot(s)
✅ 03:12:33 UTC — No trailing stop actions across 8 bot(s)
✅ 03:13:37 UTC — No trailing stop actions across 8 bot(s)
✅ 03:14:42 UTC — No trailing stop actions across 8 bot(s)
✅ 03:15:46 UTC — No trailing stop actions across 8 bot(s)
✅ 03:16:51 UTC — No trailing stop actions across 8 bot(s)
✅ 03:17:55 UTC — No trailing stop actions across 8 bot(s)
✅ 03:19:00 UTC — No trailing stop actions across 8 bot(s)
✅ 03:20:05 UTC — No trailing stop actions across 8 bot(s)
✅ 03:21:10 UTC — No trailing stop actions across 8 bot(s)
✅ 03:22:14 UTC — No trailing stop actions across 8 bot(s)
✅ 03:23:18 UTC — No trailing stop actions across 8 bot(s)
✅ 03:24:23 UTC — No trailing stop actions across 8 bot(s)
✅ 03:25:27 UTC — No trailing stop actions across 8 bot(s)
✅ 03:26:31 UTC — No trailing stop actions across 8 bot(s)
✅ 03:27:36 UTC — No trailing stop actions across 8 bot(s)
✅ 03:28:41 UTC — No trailing stop actions across 8 bot(s)
✅ 03:29:46 UTC — No trailing stop actions across 8 bot(s)
✅ 03:30:50 UTC — No trailing stop actions across 8 bot(s)
✅ 03:31:55 UTC — No trailing stop actions across 8 bot(s)
✅ 03:33:00 UTC — No trailing stop actions across 8 bot(s)
✅ 03:34:04 UTC — No trailing stop actions across 8 bot(s)
✅ 03:35:09 UTC — No trailing stop actions across 8 bot(s)
✅ 03:36:15 UTC — No trailing stop actions across 8 bot(s)
✅ 03:37:21 UTC — No trailing stop actions across 8 bot(s)
✅ 03:38:25 UTC — No trailing stop actions across 8 bot(s)
✅ 03:39:29 UTC — No trailing stop actions across 8 bot(s)
✅ 03:40:34 UTC — No trailing stop actions across 8 bot(s)
✅ 03:41:38 UTC — No trailing stop actions across 8 bot(s)
✅ 03:42:43 UTC — No trailing stop actions across 8 bot(s)
✅ 03:43:47 UTC — No trailing stop actions across 8 bot(s)
✅ 03:44:53 UTC — No trailing stop actions across 8 bot(s)
✅ 03:45:58 UTC — No trailing stop actions across 8 bot(s)
