
============================================================
🏥 Fleet Manager — 2026-03-05 08:24:32
============================================================

🟢 Alive: alfred, eddie_v
🔴 Down:  tars, vex

📋 alfred managing: tars
  tars: $50,107 total, 4 positions, $-826 cash — OK

✅ Fleet manager complete.

============================================================
🏥 Fleet Manager — 2026-03-05 08:29:33
============================================================

🟢 Alive: alfred, eddie_v
🔴 Down:  tars, vex

📋 alfred managing: tars
  tars: $49,986 total, 4 positions, $-826 cash — OK

✅ Fleet manager complete.

============================================================
🏥 Fleet Manager — 2026-03-05 08:34:33
============================================================

🟢 Alive: eddie_v
🔴 Down:  alfred, tars, vex

✅ alfred: No bots to manage. Fleet healthy.

============================================================
🏥 Fleet Manager — 2026-03-05 08:39:34
============================================================

🟢 Alive: alfred, eddie_v
🔴 Down:  tars, vex

📋 alfred managing: tars
  tars: $49,904 total, 4 positions, $-826 cash — OK

✅ Fleet manager complete.

============================================================
🏥 Fleet Manager — 2026-03-05 08:44:34
============================================================

🟢 Alive: alfred, eddie_v
🔴 Down:  tars, vex

📋 alfred managing: tars
  tars: $49,923 total, 4 positions, $-826 cash — OK

✅ Fleet manager complete.

============================================================
🏥 Fleet Manager — 2026-03-05 08:49:35
============================================================

🟢 Alive: alfred, eddie_v
🔴 Down:  tars, vex

📋 alfred managing: tars
  tars: $50,013 total, 4 positions, $-826 cash — OK

✅ Fleet manager complete.

============================================================
🏥 Fleet Manager — 2026-03-05 08:54:35
============================================================

🟢 Alive: alfred
🔴 Down:  tars, vex, eddie_v

📋 alfred managing: tars, vex, eddie_v
  tars: $50,096 total, 4 positions, $-826 cash — OK
  💰 vex has $14,255 idle cash — needs deployment
  💰 eddie_v has $47,594 idle cash — needs deployment

🆕 New alerts: 2
  💰 vex has $14,255 idle cash — needs deployment
  💰 eddie_v has $47,594 idle cash — needs deployment

✅ Fleet manager complete.

============================================================
🏥 Fleet Manager — 2026-03-05 08:59:36
============================================================

🟢 Alive: NONE
🔴 Down:  alfred, tars, vex, eddie_v

✅ alfred: No bots to manage. Fleet healthy.

============================================================
🏥 Fleet Manager — 2026-03-05 09:04:36
============================================================

🟢 Alive: alfred, eddie_v
🔴 Down:  tars, vex

📋 alfred managing: tars
  tars: $50,001 total, 4 positions, $-826 cash — OK

✅ Fleet manager complete.

============================================================
🏥 Fleet Manager — 2026-03-05 09:09:37
============================================================

🟢 Alive: alfred
🔴 Down:  tars, vex, eddie_v

📋 alfred managing: tars, vex, eddie_v
  tars: $50,049 total, 4 positions, $-826 cash — OK
  💰 vex has $14,255 idle cash — needs deployment
  💰 eddie_v has $47,594 idle cash — needs deployment

🆕 New alerts: 2
  💰 vex has $14,255 idle cash — needs deployment
  💰 eddie_v has $47,594 idle cash — needs deployment

✅ Fleet manager complete.

============================================================
🏥 Fleet Manager — 2026-03-05 09:14:37
============================================================

🟢 Alive: eddie_v
🔴 Down:  alfred, tars, vex

✅ alfred: No bots to manage. Fleet healthy.

============================================================
🏥 Fleet Manager — 2026-03-05 09:19:38
============================================================

🟢 Alive: alfred, eddie_v
🔴 Down:  tars, vex

📋 alfred managing: tars
  tars: $50,045 total, 4 positions, $-826 cash — OK

✅ Fleet manager complete.

============================================================
🏥 Fleet Manager — 2026-03-05 09:24:38
============================================================

🟢 Alive: alfred, eddie_v
🔴 Down:  tars, vex

📋 alfred managing: tars
  tars: $49,996 total, 4 positions, $-826 cash — OK

✅ Fleet manager complete.

============================================================
🏥 Fleet Manager — 2026-03-05 09:29:39
============================================================

🟢 Alive: alfred, eddie_v
🔴 Down:  tars, vex

📋 alfred managing: tars
  tars: $50,030 total, 4 positions, $-826 cash — OK

✅ Fleet manager complete.

============================================================
🏥 Fleet Manager — 2026-03-05 09:34:39
============================================================

🟢 Alive: alfred, eddie_v
🔴 Down:  tars, vex

📋 alfred managing: tars
  tars: $49,944 total, 4 positions, $-826 cash — OK

✅ Fleet manager complete.

============================================================
🏥 Fleet Manager — 2026-03-05 09:39:40
============================================================

🟢 Alive: alfred, eddie_v
🔴 Down:  tars, vex

📋 alfred managing: tars
  tars: $50,113 total, 4 positions, $-826 cash — OK

✅ Fleet manager complete.

============================================================
🏥 Fleet Manager — 2026-03-05 09:44:40
============================================================

🟢 Alive: alfred, eddie_v
🔴 Down:  tars, vex

📋 alfred managing: tars
  tars: $49,848 total, 4 positions, $-826 cash — OK

✅ Fleet manager complete.

============================================================
🏥 Fleet Manager — 2026-03-05 09:49:41
============================================================

🟢 Alive: alfred, eddie_v
🔴 Down:  tars, vex

📋 alfred managing: tars
  tars: $49,726 total, 4 positions, $-826 cash — OK

✅ Fleet manager complete.

============================================================
🏥 Fleet Manager — 2026-03-05 09:54:41
============================================================

🟢 Alive: alfred, eddie_v
🔴 Down:  tars, vex

📋 alfred managing: tars
  tars: $49,863 total, 4 positions, $-826 cash — OK

✅ Fleet manager complete.

============================================================
🏥 Fleet Manager — 2026-03-05 09:59:42
============================================================

🟢 Alive: alfred, eddie_v
🔴 Down:  tars, vex

📋 alfred managing: tars
  tars: $50,003 total, 4 positions, $-826 cash — OK

✅ Fleet manager complete.

============================================================
🏥 Fleet Manager — 2026-03-05 10:04:42
============================================================

🟢 Alive: alfred, eddie_v
🔴 Down:  tars, vex

📋 alfred managing: tars
  tars: $50,089 total, 4 positions, $-826 cash — OK

✅ Fleet manager complete.

============================================================
🏥 Fleet Manager — 2026-03-05 10:09:42
============================================================

🟢 Alive: alfred, eddie_v
🔴 Down:  tars, vex

📋 alfred managing: tars
  tars: $49,850 total, 4 positions, $-826 cash — OK

✅ Fleet manager complete.

============================================================
🏥 Fleet Manager — 2026-03-05 10:14:43
============================================================

🟢 Alive: alfred, eddie_v
🔴 Down:  tars, vex

📋 alfred managing: tars
  tars: $49,531 total, 4 positions, $-826 cash — OK

✅ Fleet manager complete.

============================================================
🏥 Fleet Manager — 2026-03-05 10:19:43
============================================================

🟢 Alive: alfred, eddie_v
🔴 Down:  tars, vex

📋 alfred managing: tars
  tars: $49,549 total, 4 positions, $-826 cash — OK

✅ Fleet manager complete.

============================================================
🏥 Fleet Manager — 2026-03-05 10:24:44
============================================================

🟢 Alive: alfred, eddie_v
🔴 Down:  tars, vex

📋 alfred managing: tars
  tars: $49,563 total, 4 positions, $-826 cash — OK

✅ Fleet manager complete.

============================================================
🏥 Fleet Manager — 2026-03-05 10:29:44
============================================================

🟢 Alive: alfred, eddie_v
🔴 Down:  tars, vex

📋 alfred managing: tars
  tars: $49,429 total, 4 positions, $-826 cash — OK

✅ Fleet manager complete.

============================================================
🏥 Fleet Manager — 2026-03-05 10:34:45
============================================================

🟢 Alive: alfred, eddie_v
🔴 Down:  tars, vex

📋 alfred managing: tars
  tars: $49,288 total, 4 positions, $-826 cash — OK

✅ Fleet manager complete.

============================================================
🏥 Fleet Manager — 2026-03-05 10:39:45
============================================================

🟢 Alive: alfred, eddie_v
🔴 Down:  tars, vex

📋 alfred managing: tars
  tars: $49,366 total, 4 positions, $-826 cash — OK

✅ Fleet manager complete.

============================================================
🏥 Fleet Manager — 2026-03-05 10:44:46
============================================================

🟢 Alive: alfred, eddie_v
🔴 Down:  tars, vex

📋 alfred managing: tars
  tars: $49,421 total, 4 positions, $-826 cash — OK

✅ Fleet manager complete.

============================================================
🏥 Fleet Manager — 2026-03-05 10:49:46
============================================================

🟢 Alive: alfred
🔴 Down:  tars, vex, eddie_v

📋 alfred managing: tars, vex, eddie_v
  tars: $49,448 total, 4 positions, $-826 cash — OK
  💰 vex has $9,337 idle cash — needs deployment
  💰 eddie_v has $12,307 idle cash — needs deployment

🆕 New alerts: 2
  💰 vex has $9,337 idle cash — needs deployment
  💰 eddie_v has $12,307 idle cash — needs deployment

✅ Fleet manager complete.

============================================================
🏥 Fleet Manager — 2026-03-05 10:54:47
============================================================

🟢 Alive: alfred, eddie_v
🔴 Down:  tars, vex

📋 alfred managing: tars
  tars: $49,492 total, 4 positions, $-826 cash — OK

✅ Fleet manager complete.

============================================================
🏥 Fleet Manager — 2026-03-05 10:59:47
============================================================

🟢 Alive: alfred, eddie_v
🔴 Down:  tars, vex

📋 alfred managing: tars
  tars: $49,432 total, 4 positions, $-826 cash — OK

✅ Fleet manager complete.

============================================================
🏥 Fleet Manager — 2026-03-05 11:04:48
============================================================

🟢 Alive: alfred, eddie_v
🔴 Down:  tars, vex

📋 alfred managing: tars
  tars: $49,436 total, 4 positions, $-826 cash — OK

✅ Fleet manager complete.

============================================================
🏥 Fleet Manager — 2026-03-05 11:09:48
============================================================

🟢 Alive: alfred, eddie_v
🔴 Down:  tars, vex

📋 alfred managing: tars
  tars: $49,323 total, 4 positions, $-826 cash — OK

✅ Fleet manager complete.

============================================================
🏥 Fleet Manager — 2026-03-05 11:14:49
============================================================

🟢 Alive: alfred, eddie_v
🔴 Down:  tars, vex

📋 alfred managing: tars
  tars: $49,071 total, 4 positions, $-826 cash — OK

✅ Fleet manager complete.

============================================================
🏥 Fleet Manager — 2026-03-05 11:19:49
============================================================

🟢 Alive: alfred, eddie_v
🔴 Down:  tars, vex

📋 alfred managing: tars
  tars: $49,162 total, 4 positions, $-826 cash — OK

✅ Fleet manager complete.

============================================================
🏥 Fleet Manager — 2026-03-05 11:24:50
============================================================

🟢 Alive: alfred, eddie_v
🔴 Down:  tars, vex

📋 alfred managing: tars
  tars: $49,126 total, 4 positions, $-826 cash — OK

✅ Fleet manager complete.

============================================================
🏥 Fleet Manager — 2026-03-05 11:29:50
============================================================

🟢 Alive: alfred, eddie_v
🔴 Down:  tars, vex

📋 alfred managing: tars
  tars: $49,243 total, 4 positions, $-826 cash — OK

✅ Fleet manager complete.

============================================================
🏥 Fleet Manager — 2026-03-05 11:34:51
============================================================

🟢 Alive: alfred, eddie_v
🔴 Down:  tars, vex

📋 alfred managing: tars
  tars: $49,270 total, 4 positions, $-826 cash — OK

✅ Fleet manager complete.

============================================================
🏥 Fleet Manager — 2026-03-05 11:39:51
============================================================

🟢 Alive: eddie_v
🔴 Down:  alfred, tars, vex

✅ alfred: No bots to manage. Fleet healthy.

============================================================
🏥 Fleet Manager — 2026-03-05 11:44:52
============================================================

🟢 Alive: alfred
🔴 Down:  tars, vex, eddie_v

📋 alfred managing: tars, vex, eddie_v
  tars: $49,407 total, 4 positions, $-826 cash — OK
  vex: $50,004 total, 9 positions, $1,269 cash — OK
  eddie_v: $50,160 total, 7 positions, $-3,247 cash — OK

✅ Fleet manager complete.

============================================================
🏥 Fleet Manager — 2026-03-05 11:49:52
============================================================

🟢 Alive: alfred, eddie_v
🔴 Down:  tars, vex

📋 alfred managing: tars
  tars: $49,384 total, 4 positions, $-826 cash — OK

✅ Fleet manager complete.

============================================================
🏥 Fleet Manager — 2026-03-05 11:54:53
============================================================

🟢 Alive: alfred, eddie_v
🔴 Down:  tars, vex

📋 alfred managing: tars
  tars: $49,353 total, 4 positions, $-826 cash — OK

✅ Fleet manager complete.

============================================================
🏥 Fleet Manager — 2026-03-05 11:59:53
============================================================

🟢 Alive: alfred, eddie_v
🔴 Down:  tars, vex

📋 alfred managing: tars
  tars: $49,319 total, 4 positions, $-826 cash — OK

✅ Fleet manager complete.

============================================================
🏥 Fleet Manager — 2026-03-05 12:04:54
============================================================

🟢 Alive: alfred, eddie_v
🔴 Down:  tars, vex

📋 alfred managing: tars
  tars: $49,384 total, 4 positions, $-826 cash — OK

✅ Fleet manager complete.

============================================================
🏥 Fleet Manager — 2026-03-05 12:09:54
============================================================

🟢 Alive: alfred, eddie_v
🔴 Down:  tars, vex

📋 alfred managing: tars
  tars: $49,459 total, 4 positions, $-826 cash — OK

✅ Fleet manager complete.

============================================================
🏥 Fleet Manager — 2026-03-05 12:14:55
============================================================

🟢 Alive: alfred, eddie_v
🔴 Down:  tars, vex

📋 alfred managing: tars
  tars: $49,275 total, 4 positions, $-826 cash — OK

✅ Fleet manager complete.

============================================================
🏥 Fleet Manager — 2026-03-05 12:19:55
============================================================

🟢 Alive: alfred, eddie_v
🔴 Down:  tars, vex

📋 alfred managing: tars
  tars: $49,206 total, 4 positions, $-826 cash — OK

✅ Fleet manager complete.

============================================================
🏥 Fleet Manager — 2026-03-05 12:24:56
============================================================

🟢 Alive: alfred, eddie_v
🔴 Down:  tars, vex

📋 alfred managing: tars
  tars: $49,224 total, 4 positions, $-826 cash — OK

✅ Fleet manager complete.

============================================================
🏥 Fleet Manager — 2026-03-05 12:29:56
============================================================

🟢 Alive: alfred, eddie_v
🔴 Down:  tars, vex

📋 alfred managing: tars
  tars: $49,247 total, 4 positions, $-826 cash — OK

✅ Fleet manager complete.

============================================================
🏥 Fleet Manager — 2026-03-05 12:34:57
============================================================

🟢 Alive: alfred, eddie_v
🔴 Down:  tars, vex

📋 alfred managing: tars
  tars: $49,093 total, 4 positions, $-826 cash — OK

✅ Fleet manager complete.

============================================================
🏥 Fleet Manager — 2026-03-05 12:39:57
============================================================

🟢 Alive: alfred, eddie_v
🔴 Down:  tars, vex

📋 alfred managing: tars
  tars: $49,058 total, 4 positions, $-826 cash — OK

✅ Fleet manager complete.

============================================================
🏥 Fleet Manager — 2026-03-05 12:44:58
============================================================

🟢 Alive: alfred, eddie_v
🔴 Down:  tars, vex

📋 alfred managing: tars
  tars: $49,171 total, 4 positions, $-826 cash — OK

✅ Fleet manager complete.

============================================================
🏥 Fleet Manager — 2026-03-05 12:49:58
============================================================

🟢 Alive: alfred, eddie_v
🔴 Down:  tars, vex

📋 alfred managing: tars
  tars: $49,092 total, 4 positions, $-826 cash — OK

✅ Fleet manager complete.

============================================================
🏥 Fleet Manager — 2026-03-05 12:54:59
============================================================

🟢 Alive: eddie_v
🔴 Down:  alfred, tars, vex

✅ alfred: No bots to manage. Fleet healthy.

============================================================
🏥 Fleet Manager — 2026-03-05 12:59:59
============================================================

🟢 Alive: alfred, eddie_v
🔴 Down:  tars, vex

📋 alfred managing: tars
  tars: $49,062 total, 4 positions, $-826 cash — OK

✅ Fleet manager complete.

============================================================
🏥 Fleet Manager — 2026-03-05 13:05:00
============================================================

🟢 Alive: alfred, eddie_v
🔴 Down:  tars, vex

📋 alfred managing: tars
  tars: $49,035 total, 4 positions, $-826 cash — OK

✅ Fleet manager complete.

============================================================
🏥 Fleet Manager — 2026-03-05 13:10:00
============================================================

🟢 Alive: alfred, eddie_v
🔴 Down:  tars, vex

📋 alfred managing: tars
  tars: $49,134 total, 4 positions, $-826 cash — OK

✅ Fleet manager complete.

============================================================
🏥 Fleet Manager — 2026-03-05 13:15:01
============================================================

🟢 Alive: alfred, eddie_v
🔴 Down:  tars, vex

📋 alfred managing: tars
  tars: $49,149 total, 4 positions, $-826 cash — OK

✅ Fleet manager complete.

============================================================
🏥 Fleet Manager — 2026-03-05 13:20:01
============================================================

🟢 Alive: alfred, eddie_v
🔴 Down:  tars, vex

📋 alfred managing: tars
  tars: $49,182 total, 4 positions, $-826 cash — OK

✅ Fleet manager complete.

============================================================
🏥 Fleet Manager — 2026-03-05 13:25:02
============================================================

🟢 Alive: alfred, eddie_v
🔴 Down:  tars, vex

📋 alfred managing: tars
  tars: $49,100 total, 4 positions, $-826 cash — OK

✅ Fleet manager complete.

============================================================
🏥 Fleet Manager — 2026-03-05 13:30:02
============================================================

🟢 Alive: alfred, eddie_v
🔴 Down:  tars, vex

📋 alfred managing: tars
  tars: $49,091 total, 4 positions, $-826 cash — OK

✅ Fleet manager complete.

============================================================
🏥 Fleet Manager — 2026-03-05 13:35:03
============================================================

🟢 Alive: alfred, eddie_v
🔴 Down:  tars, vex

📋 alfred managing: tars
  tars: $49,137 total, 4 positions, $-826 cash — OK

✅ Fleet manager complete.

============================================================
🏥 Fleet Manager — 2026-03-05 13:40:03
============================================================

🟢 Alive: alfred, eddie_v
🔴 Down:  tars, vex

📋 alfred managing: tars
  tars: $49,191 total, 4 positions, $-826 cash — OK

✅ Fleet manager complete.

============================================================
🏥 Fleet Manager — 2026-03-05 13:45:04
============================================================

🟢 Alive: alfred, eddie_v
🔴 Down:  tars, vex

📋 alfred managing: tars
  tars: $49,174 total, 4 positions, $-826 cash — OK

✅ Fleet manager complete.

============================================================
🏥 Fleet Manager — 2026-03-05 13:50:04
============================================================

🟢 Alive: alfred, eddie_v
🔴 Down:  tars, vex

📋 alfred managing: tars
  tars: $49,177 total, 4 positions, $-826 cash — OK

✅ Fleet manager complete.

============================================================
🏥 Fleet Manager — 2026-03-05 13:55:05
============================================================

🟢 Alive: alfred, eddie_v
🔴 Down:  tars, vex

📋 alfred managing: tars
  tars: $49,138 total, 4 positions, $-826 cash — OK

✅ Fleet manager complete.

============================================================
🏥 Fleet Manager — 2026-03-05 14:00:05
============================================================

🟢 Alive: alfred, eddie_v
🔴 Down:  tars, vex

📋 alfred managing: tars
  tars: $49,173 total, 4 positions, $-826 cash — OK

✅ Fleet manager complete.

============================================================
🏥 Fleet Manager — 2026-03-05 14:05:06
============================================================

🟢 Alive: alfred
🔴 Down:  tars, vex, eddie_v

📋 alfred managing: tars, vex, eddie_v
  tars: $49,245 total, 4 positions, $-826 cash — OK
  vex: $49,798 total, 9 positions, $1,269 cash — OK
  eddie_v: $49,985 total, 8 positions, $-11,715 cash — OK

✅ Fleet manager complete.

============================================================
🏥 Fleet Manager — 2026-03-05 14:10:06
============================================================

🟢 Alive: alfred, eddie_v
🔴 Down:  tars, vex

📋 alfred managing: tars
  tars: $49,289 total, 4 positions, $-826 cash — OK

✅ Fleet manager complete.

============================================================
🏥 Fleet Manager — 2026-03-05 14:15:07
============================================================
⚠️ Failed to read bot_health: HTTPSConnectionPool(host='vghssoltipiajiwzhkyn.supabase.co', port=443): Read timed out. (read timeout=10)

🟢 Alive: NONE
🔴 Down:  alfred, tars, vex, eddie_v

✅ alfred: No bots to manage. Fleet healthy.

============================================================
🏥 Fleet Manager — 2026-03-05 14:20:17
============================================================

🟢 Alive: alfred, eddie_v
🔴 Down:  tars, vex

📋 alfred managing: tars
  tars: $49,342 total, 4 positions, $-826 cash — OK

✅ Fleet manager complete.

============================================================
🏥 Fleet Manager — 2026-03-05 14:25:18
============================================================

🟢 Alive: alfred, eddie_v
🔴 Down:  tars, vex

📋 alfred managing: tars
  tars: $49,352 total, 4 positions, $-826 cash — OK

✅ Fleet manager complete.

============================================================
🏥 Fleet Manager — 2026-03-05 14:30:18
============================================================

🟢 Alive: alfred, eddie_v
🔴 Down:  tars, vex

📋 alfred managing: tars
  tars: $49,238 total, 4 positions, $-826 cash — OK

✅ Fleet manager complete.

============================================================
🏥 Fleet Manager — 2026-03-05 14:35:18
============================================================

🟢 Alive: alfred, eddie_v
🔴 Down:  tars, vex

📋 alfred managing: tars
  tars: $49,213 total, 4 positions, $-826 cash — OK

✅ Fleet manager complete.

============================================================
🏥 Fleet Manager — 2026-03-05 14:40:19
============================================================

🟢 Alive: eddie_v
🔴 Down:  alfred, tars, vex

✅ alfred: No bots to manage. Fleet healthy.

============================================================
🏥 Fleet Manager — 2026-03-05 14:45:20
============================================================

🟢 Alive: alfred, eddie_v
🔴 Down:  tars, vex

📋 alfred managing: tars
  tars: $49,248 total, 4 positions, $-826 cash — OK

✅ Fleet manager complete.

============================================================
🏥 Fleet Manager — 2026-03-05 14:50:20
============================================================

🟢 Alive: alfred, eddie_v
🔴 Down:  tars, vex

📋 alfred managing: tars
  tars: $49,247 total, 4 positions, $-826 cash — OK

✅ Fleet manager complete.

============================================================
🏥 Fleet Manager — 2026-03-05 14:55:21
============================================================

🟢 Alive: alfred, eddie_v
🔴 Down:  tars, vex

📋 alfred managing: tars
  tars: $49,205 total, 4 positions, $-826 cash — OK

✅ Fleet manager complete.

============================================================
🏥 Fleet Manager — 2026-03-05 15:00:21
============================================================

🟢 Alive: alfred, eddie_v
🔴 Down:  tars, vex

📋 alfred managing: tars
  tars: $49,173 total, 4 positions, $-826 cash — OK

✅ Fleet manager complete.

============================================================
🏥 Fleet Manager — 2026-03-05 15:05:22
============================================================

🟢 Alive: alfred
🔴 Down:  tars, vex, eddie_v

📋 alfred managing: tars, vex, eddie_v
  tars: $49,174 total, 4 positions, $-826 cash — OK
  vex: $49,775 total, 10 positions, $-3,663 cash — OK
  eddie_v: $50,064 total, 10 positions, $-23,254 cash — OK

✅ Fleet manager complete.

============================================================
🏥 Fleet Manager — 2026-03-05 15:10:22
============================================================

🟢 Alive: alfred, eddie_v
🔴 Down:  tars, vex

📋 alfred managing: tars
  tars: $49,197 total, 4 positions, $-826 cash — OK

✅ Fleet manager complete.

============================================================
🏥 Fleet Manager — 2026-03-05 15:15:23
============================================================

🟢 Alive: alfred, eddie_v
🔴 Down:  tars, vex

📋 alfred managing: tars
  tars: $49,209 total, 4 positions, $-826 cash — OK

✅ Fleet manager complete.

============================================================
🏥 Fleet Manager — 2026-03-05 15:20:23
============================================================

🟢 Alive: alfred, eddie_v
🔴 Down:  tars, vex

📋 alfred managing: tars
  tars: $49,262 total, 4 positions, $-826 cash — OK

✅ Fleet manager complete.

============================================================
🏥 Fleet Manager — 2026-03-05 15:25:23
============================================================

🟢 Alive: alfred, eddie_v
🔴 Down:  tars, vex

📋 alfred managing: tars
  tars: $49,331 total, 4 positions, $-826 cash — OK

✅ Fleet manager complete.

============================================================
🏥 Fleet Manager — 2026-03-05 15:30:24
============================================================

🟢 Alive: alfred
🔴 Down:  tars, vex, eddie_v

📋 alfred managing: tars, vex, eddie_v
  tars: $49,388 total, 4 positions, $-826 cash — OK
  vex: $49,916 total, 10 positions, $-3,663 cash — OK
  eddie_v: $50,046 total, 10 positions, $-23,254 cash — OK

✅ Fleet manager complete.

============================================================
🏥 Fleet Manager — 2026-03-05 15:35:24
============================================================

🟢 Alive: alfred, eddie_v
🔴 Down:  tars, vex

📋 alfred managing: tars
  tars: $49,386 total, 4 positions, $-826 cash — OK

✅ Fleet manager complete.

============================================================
🏥 Fleet Manager — 2026-03-05 15:40:25
============================================================

🟢 Alive: alfred, eddie_v
🔴 Down:  tars, vex

📋 alfred managing: tars
  tars: $49,404 total, 4 positions, $-826 cash — OK

✅ Fleet manager complete.

============================================================
🏥 Fleet Manager — 2026-03-05 15:45:25
============================================================

🟢 Alive: alfred, eddie_v
🔴 Down:  tars, vex

📋 alfred managing: tars
  tars: $49,321 total, 4 positions, $-826 cash — OK

✅ Fleet manager complete.

============================================================
🏥 Fleet Manager — 2026-03-05 15:50:26
============================================================

🟢 Alive: alfred, eddie_v
🔴 Down:  tars, vex

📋 alfred managing: tars
  tars: $49,273 total, 4 positions, $-826 cash — OK

✅ Fleet manager complete.

============================================================
🏥 Fleet Manager — 2026-03-05 15:55:26
============================================================

🟢 Alive: alfred, eddie_v
🔴 Down:  tars, vex

📋 alfred managing: tars
  tars: $49,255 total, 4 positions, $-826 cash — OK

✅ Fleet manager complete.

============================================================
🏥 Fleet Manager — 2026-03-05 16:00:27
============================================================

🟢 Alive: alfred, eddie_v
🔴 Down:  tars, vex

📋 alfred managing: tars
  tars: $49,342 total, 4 positions, $-826 cash — OK

✅ Fleet manager complete.

============================================================
🏥 Fleet Manager — 2026-03-05 16:05:27
============================================================

🟢 Alive: alfred, eddie_v
🔴 Down:  tars, vex

📋 alfred managing: tars
  tars: $49,391 total, 4 positions, $-826 cash — OK

✅ Fleet manager complete.

============================================================
🏥 Fleet Manager — 2026-03-05 16:10:28
============================================================

🟢 Alive: alfred, eddie_v
🔴 Down:  tars, vex

📋 alfred managing: tars
  tars: $49,390 total, 4 positions, $-826 cash — OK

✅ Fleet manager complete.

============================================================
🏥 Fleet Manager — 2026-03-05 16:15:28
============================================================

🟢 Alive: alfred, eddie_v
🔴 Down:  tars, vex

📋 alfred managing: tars
  tars: $49,382 total, 4 positions, $-826 cash — OK

✅ Fleet manager complete.

============================================================
🏥 Fleet Manager — 2026-03-05 16:20:29
============================================================

🟢 Alive: alfred, eddie_v
🔴 Down:  tars, vex

📋 alfred managing: tars
  tars: $49,479 total, 4 positions, $-826 cash — OK

✅ Fleet manager complete.

============================================================
🏥 Fleet Manager — 2026-03-05 16:25:29
============================================================

🟢 Alive: eddie_v
🔴 Down:  alfred, tars, vex

✅ alfred: No bots to manage. Fleet healthy.

============================================================
🏥 Fleet Manager — 2026-03-05 16:30:30
============================================================

🟢 Alive: alfred, eddie_v
🔴 Down:  tars, vex

📋 alfred managing: tars
  tars: $49,454 total, 4 positions, $-826 cash — OK

✅ Fleet manager complete.

============================================================
🏥 Fleet Manager — 2026-03-05 16:35:30
============================================================

🟢 Alive: alfred, eddie_v
🔴 Down:  tars, vex

📋 alfred managing: tars
  tars: $49,480 total, 4 positions, $-826 cash — OK

✅ Fleet manager complete.

============================================================
🏥 Fleet Manager — 2026-03-05 16:40:31
============================================================

🟢 Alive: alfred
🔴 Down:  tars, vex, eddie_v

📋 alfred managing: tars, vex, eddie_v
  tars: $49,326 total, 4 positions, $-826 cash — OK
  vex: $49,894 total, 10 positions, $-3,663 cash — OK
  eddie_v: $49,990 total, 11 positions, $-26,889 cash — OK

✅ Fleet manager complete.

============================================================
🏥 Fleet Manager — 2026-03-05 16:45:31
============================================================

🟢 Alive: alfred, eddie_v
🔴 Down:  tars, vex

📋 alfred managing: tars
  tars: $49,289 total, 4 positions, $-826 cash — OK

✅ Fleet manager complete.

============================================================
🏥 Fleet Manager — 2026-03-05 16:50:32
============================================================

🟢 Alive: alfred, eddie_v
🔴 Down:  tars, vex

📋 alfred managing: tars
  tars: $49,322 total, 4 positions, $-826 cash — OK

✅ Fleet manager complete.

============================================================
🏥 Fleet Manager — 2026-03-05 16:55:32
============================================================

🟢 Alive: alfred
🔴 Down:  tars, vex, eddie_v

📋 alfred managing: tars, vex, eddie_v
  tars: $49,326 total, 4 positions, $-826 cash — OK
  vex: $53,560 total, 10 positions, $0 cash — OK
  eddie_v: $49,990 total, 11 positions, $-26,889 cash — OK

✅ Fleet manager complete.

============================================================
🏥 Fleet Manager — 2026-03-05 17:00:33
============================================================

🟢 Alive: alfred, eddie_v
🔴 Down:  tars, vex

📋 alfred managing: tars
  tars: $49,279 total, 4 positions, $-826 cash — OK

✅ Fleet manager complete.

============================================================
🏥 Fleet Manager — 2026-03-05 17:05:33
============================================================

🟢 Alive: alfred
🔴 Down:  tars, vex, eddie_v

📋 alfred managing: tars, vex, eddie_v
  tars: $49,293 total, 4 positions, $-826 cash — OK
  vex: $49,874 total, 10 positions, $-3,663 cash — OK
  eddie_v: $49,990 total, 11 positions, $-26,889 cash — OK

✅ Fleet manager complete.
