Health beacon started for alfred
[2026-03-02T02:58:52.350925+00:00] Heartbeat sent: status=alive, positions=53
[2026-03-02T03:03:52.592031+00:00] Heartbeat sent: status=alive, positions=53
[2026-03-02T03:08:52.903506+00:00] Heartbeat sent: status=alive, positions=53
[2026-03-02T03:13:53.217556+00:00] Heartbeat sent: status=alive, positions=53
[2026-03-02T03:18:53.522542+00:00] Heartbeat sent: status=alive, positions=53
[2026-03-02T03:23:53.760168+00:00] Heartbeat sent: status=alive, positions=53
[2026-03-02T03:28:53.989912+00:00] Heartbeat sent: status=alive, positions=53
[2026-03-02T03:33:54.258999+00:00] Heartbeat sent: status=alive, positions=53
[2026-03-02T03:38:54.591310+00:00] Heartbeat sent: status=alive, positions=53
[2026-03-02T03:43:54.843269+00:00] Heartbeat sent: status=alive, positions=53
[2026-03-02T03:48:55.096151+00:00] Heartbeat sent: status=alive, positions=53
[2026-03-02T03:53:55.319064+00:00] Heartbeat sent: status=alive, positions=53
[2026-03-02T03:58:55.531518+00:00] Heartbeat sent: status=alive, positions=53
[2026-03-02T04:03:55.856911+00:00] Heartbeat sent: status=alive, positions=53
[2026-03-02T04:08:56.172533+00:00] Heartbeat sent: status=alive, positions=53
[2026-03-02T04:13:56.589325+00:00] Heartbeat sent: status=alive, positions=53
[2026-03-02T04:18:56.851303+00:00] Heartbeat sent: status=alive, positions=53
[2026-03-02T04:23:57.113631+00:00] Heartbeat sent: status=alive, positions=53
[2026-03-02T04:28:57.320496+00:00] Heartbeat sent: status=alive, positions=53
[2026-03-02T04:33:57.524248+00:00] Heartbeat sent: status=alive, positions=53
[2026-03-02T04:38:57.843567+00:00] Heartbeat sent: status=alive, positions=53
[2026-03-02T04:43:58.108496+00:00] Heartbeat sent: status=alive, positions=53
[2026-03-02T04:48:58.443081+00:00] Heartbeat sent: status=alive, positions=53
[2026-03-02T04:53:58.761734+00:00] Heartbeat sent: status=alive, positions=53
[2026-03-02T04:58:59.087842+00:00] Heartbeat sent: status=alive, positions=53
[2026-03-02T05:03:59.309537+00:00] Heartbeat sent: status=alive, positions=53
[2026-03-02T05:08:59.541401+00:00] Heartbeat sent: status=alive, positions=53
[2026-03-02T05:13:59.753625+00:00] Heartbeat sent: status=alive, positions=53
[2026-03-02T05:19:00.021733+00:00] Heartbeat sent: status=alive, positions=53
[2026-03-02T05:24:00.288362+00:00] Heartbeat sent: status=alive, positions=53
[2026-03-02T05:29:00.487736+00:00] Heartbeat sent: status=alive, positions=53
[2026-03-02T05:34:00.757236+00:00] Heartbeat sent: status=degraded, positions=53
[2026-03-02T05:39:01.077616+00:00] Heartbeat sent: status=alive, positions=53
[2026-03-02T05:44:01.318466+00:00] Heartbeat sent: status=alive, positions=53
[2026-03-02T05:49:01.545005+00:00] Heartbeat sent: status=alive, positions=53
[2026-03-02T05:54:01.863797+00:00] Heartbeat sent: status=alive, positions=53
[2026-03-02T05:59:02.060253+00:00] Heartbeat sent: status=degraded, positions=53
[2026-03-02T06:04:02.250288+00:00] Heartbeat sent: status=alive, positions=53
[2026-03-02T06:09:02.549785+00:00] Heartbeat sent: status=alive, positions=53
[2026-03-02T06:14:02.761309+00:00] Heartbeat sent: status=alive, positions=53
[2026-03-02T06:19:03.060826+00:00] Heartbeat sent: status=degraded, positions=53
[2026-03-02T06:24:03.238598+00:00] Heartbeat sent: status=degraded, positions=53
[2026-03-02T06:29:03.425255+00:00] Heartbeat sent: status=alive, positions=53
[2026-03-02T06:34:03.697183+00:00] Heartbeat sent: status=alive, positions=53
[2026-03-02T06:39:03.931214+00:00] Heartbeat sent: status=degraded, positions=53
[2026-03-02T06:44:04.292283+00:00] Heartbeat sent: status=degraded, positions=53
[2026-03-02T06:49:04.626908+00:00] Heartbeat sent: status=degraded, positions=53
[2026-03-02T06:54:04.942174+00:00] Heartbeat sent: status=alive, positions=53
[2026-03-02T06:59:05.218620+00:00] Heartbeat sent: status=alive, positions=53
[2026-03-02T07:04:05.579844+00:00] Heartbeat sent: status=degraded, positions=53
[2026-03-02T07:09:05.813013+00:00] Heartbeat sent: status=degraded, positions=53
[2026-03-02T07:14:06.065136+00:00] Heartbeat sent: status=alive, positions=53
[2026-03-02T07:19:06.316405+00:00] Heartbeat sent: status=alive, positions=53
[2026-03-02T07:24:06.692666+00:00] Heartbeat sent: status=degraded, positions=53
[2026-03-02T07:29:06.870694+00:00] Heartbeat sent: status=degraded, positions=53
[2026-03-02T07:34:07.195297+00:00] Heartbeat sent: status=degraded, positions=53
[2026-03-02T07:39:07.419626+00:00] Heartbeat sent: status=degraded, positions=53
[2026-03-02T07:44:07.697723+00:00] Heartbeat sent: status=degraded, positions=53
[2026-03-02T07:49:07.943088+00:00] Heartbeat sent: status=degraded, positions=53
[2026-03-02T07:54:08.200160+00:00] Heartbeat sent: status=degraded, positions=53
[2026-03-02T07:59:08.496423+00:00] Heartbeat sent: status=degraded, positions=53
[2026-03-02T08:04:08.684104+00:00] Heartbeat sent: status=degraded, positions=53
[2026-03-02T08:09:08.929582+00:00] Heartbeat sent: status=degraded, positions=53
[2026-03-02T08:14:09.211068+00:00] Heartbeat sent: status=alive, positions=53
[2026-03-02T08:19:09.448463+00:00] Heartbeat sent: status=alive, positions=53
[2026-03-02T08:24:09.653679+00:00] Heartbeat sent: status=alive, positions=53
[2026-03-02T08:29:09.956783+00:00] Heartbeat sent: status=alive, positions=53
[2026-03-02T08:34:10.295825+00:00] Heartbeat sent: status=alive, positions=53
[2026-03-02T08:39:10.469102+00:00] Heartbeat sent: status=alive, positions=53
[2026-03-02T08:44:10.712251+00:00] Heartbeat sent: status=alive, positions=53
[2026-03-02T08:49:10.907769+00:00] Heartbeat sent: status=alive, positions=53
[2026-03-02T08:54:11.214687+00:00] Heartbeat sent: status=alive, positions=53
[2026-03-02T08:59:11.533135+00:00] Heartbeat sent: status=alive, positions=53
[2026-03-02T09:04:11.842106+00:00] Heartbeat sent: status=alive, positions=53
[2026-03-02T09:09:12.043247+00:00] Heartbeat sent: status=alive, positions=53
[2026-03-02T09:14:12.308652+00:00] Heartbeat sent: status=alive, positions=53
[2026-03-02T09:19:12.614009+00:00] Heartbeat sent: status=alive, positions=53
[2026-03-02T09:24:12.823541+00:00] Heartbeat sent: status=alive, positions=53
[2026-03-02T09:29:13.057258+00:00] Heartbeat sent: status=alive, positions=53
[2026-03-02T09:34:13.381691+00:00] Heartbeat sent: status=alive, positions=53
[2026-03-02T09:39:13.614029+00:00] Heartbeat sent: status=alive, positions=53
[2026-03-02T09:44:13.921645+00:00] Heartbeat sent: status=alive, positions=53
[2026-03-02T09:49:14.121496+00:00] Heartbeat sent: status=alive, positions=53
[2026-03-02T09:54:14.450108+00:00] Heartbeat sent: status=alive, positions=53
[2026-03-02T09:59:14.764388+00:00] Heartbeat sent: status=alive, positions=53
[2026-03-02T10:04:15.077006+00:00] Heartbeat sent: status=alive, positions=53
[2026-03-02T10:09:15.286816+00:00] Heartbeat sent: status=alive, positions=53
[2026-03-02T10:14:15.609399+00:00] Heartbeat sent: status=alive, positions=53
[2026-03-02T10:19:15.830755+00:00] Heartbeat sent: status=alive, positions=53
[2026-03-02T10:24:16.029636+00:00] Heartbeat sent: status=alive, positions=53
[2026-03-02T10:29:16.358452+00:00] Heartbeat sent: status=alive, positions=53
[2026-03-02T10:34:16.598873+00:00] Heartbeat sent: status=alive, positions=53
[2026-03-02T10:39:16.966821+00:00] Heartbeat sent: status=alive, positions=53
[2026-03-02T10:44:17.170248+00:00] Heartbeat sent: status=alive, positions=53
[2026-03-02T10:49:17.375914+00:00] Heartbeat sent: status=alive, positions=53
[2026-03-02T10:54:17.683155+00:00] Heartbeat sent: status=alive, positions=53
[2026-03-02T10:59:18.004223+00:00] Heartbeat sent: status=alive, positions=53
[2026-03-02T11:04:18.347626+00:00] Heartbeat sent: status=alive, positions=53
[2026-03-02T11:09:18.605937+00:00] Heartbeat sent: status=alive, positions=53
[2026-03-02T11:14:18.900742+00:00] Heartbeat sent: status=alive, positions=53
[2026-03-02T11:19:19.189345+00:00] Heartbeat sent: status=alive, positions=53
[2026-03-02T11:24:19.501180+00:00] Heartbeat sent: status=alive, positions=53
[2026-03-02T11:29:19.814218+00:00] Heartbeat sent: status=alive, positions=53
[2026-03-02T11:34:20.006833+00:00] Heartbeat sent: status=alive, positions=53
[2026-03-02T11:39:20.231336+00:00] Heartbeat sent: status=alive, positions=53
[2026-03-02T11:44:20.448065+00:00] Heartbeat sent: status=alive, positions=53
[2026-03-02T11:49:20.753766+00:00] Heartbeat sent: status=alive, positions=53
[2026-03-02T11:54:21.018363+00:00] Heartbeat sent: status=alive, positions=53
[2026-03-02T11:59:21.360383+00:00] Heartbeat sent: status=alive, positions=53
[2026-03-02T12:04:21.581552+00:00] Heartbeat sent: status=alive, positions=53
[2026-03-02T12:09:21.903152+00:00] Heartbeat sent: status=alive, positions=53
[2026-03-02T12:14:22.232882+00:00] Heartbeat sent: status=alive, positions=53
[2026-03-02T12:19:22.526685+00:00] Heartbeat sent: status=alive, positions=53
[2026-03-02T12:24:22.833431+00:00] Heartbeat sent: status=alive, positions=53
[2026-03-02T12:29:23.024285+00:00] Heartbeat sent: status=alive, positions=53
[2026-03-02T12:34:23.277449+00:00] Heartbeat sent: status=alive, positions=53
[2026-03-02T12:39:23.518791+00:00] Heartbeat sent: status=alive, positions=53
[2026-03-02T12:44:23.767444+00:00] Heartbeat sent: status=alive, positions=53
[2026-03-02T12:49:23.957147+00:00] Heartbeat sent: status=alive, positions=53
[2026-03-02T12:54:24.269745+00:00] Heartbeat sent: status=alive, positions=53
[2026-03-02T12:59:24.533541+00:00] Heartbeat sent: status=alive, positions=53
[2026-03-02T13:04:24.740349+00:00] Heartbeat sent: status=alive, positions=3
[2026-03-02T13:09:25.049759+00:00] Heartbeat sent: status=alive, positions=3
[2026-03-02T13:14:25.267542+00:00] Heartbeat sent: status=alive, positions=3
[2026-03-02T13:19:25.600255+00:00] Heartbeat sent: status=alive, positions=3
[2026-03-02T13:24:25.945420+00:00] Heartbeat sent: status=alive, positions=3
[2026-03-02T13:29:26.254152+00:00] Heartbeat sent: status=alive, positions=3
[2026-03-02T13:34:26.580645+00:00] Heartbeat sent: status=alive, positions=3
[2026-03-02T13:39:26.907267+00:00] Heartbeat sent: status=alive, positions=3
[2026-03-02T13:44:27.145937+00:00] Heartbeat sent: status=alive, positions=3
[2026-03-02T13:49:27.425690+00:00] Heartbeat sent: status=alive, positions=3
[2026-03-02T13:54:27.738109+00:00] Heartbeat sent: status=alive, positions=3
[2026-03-02T13:59:27.984538+00:00] Heartbeat sent: status=alive, positions=3
[2026-03-02T14:04:28.214505+00:00] Heartbeat sent: status=alive, positions=3
[2026-03-02T14:09:28.575227+00:00] Heartbeat sent: status=alive, positions=3
[2026-03-02T14:14:28.789402+00:00] Heartbeat sent: status=alive, positions=3
[2026-03-02T14:19:29.040682+00:00] Heartbeat sent: status=alive, positions=3
[2026-03-02T14:24:29.368321+00:00] Heartbeat sent: status=alive, positions=3
[2026-03-02T14:29:29.670029+00:00] Heartbeat sent: status=alive, positions=3
[2026-03-02T14:34:30.055153+00:00] Heartbeat sent: status=alive, positions=3
[2026-03-02T14:39:30.356435+00:00] Heartbeat sent: status=alive, positions=3
[2026-03-02T14:44:30.546797+00:00] Heartbeat sent: status=alive, positions=3
[2026-03-02T14:49:30.829773+00:00] Heartbeat sent: status=alive, positions=3
[2026-03-02T14:54:31.171750+00:00] Heartbeat sent: status=alive, positions=3
[2026-03-02T14:59:31.516730+00:00] Heartbeat sent: status=alive, positions=3
[2026-03-02T15:04:31.845412+00:00] Heartbeat sent: status=alive, positions=3
[2026-03-02T15:09:32.034338+00:00] Heartbeat sent: status=alive, positions=3
[2026-03-02T15:14:32.303947+00:00] Heartbeat sent: status=alive, positions=3
[2026-03-02T15:19:32.498839+00:00] Heartbeat sent: status=alive, positions=3
[2026-03-02T15:24:32.864571+00:00] Heartbeat sent: status=alive, positions=3
[2026-03-02T15:29:33.199786+00:00] Heartbeat sent: status=alive, positions=3
[2026-03-02T15:34:33.450357+00:00] Heartbeat failed: <urlopen error _ssl.c:1112: The handshake operation timed out>
[2026-03-02T15:39:43.558733+00:00] Heartbeat sent: status=alive, positions=3
[2026-03-02T15:44:43.887095+00:00] Heartbeat sent: status=alive, positions=3
[2026-03-02T15:49:44.185950+00:00] Heartbeat sent: status=alive, positions=3
[2026-03-02T15:54:44.519854+00:00] Heartbeat sent: status=alive, positions=3
[2026-03-02T15:59:44.768788+00:00] Heartbeat sent: status=alive, positions=3
[2026-03-02T16:04:45.030440+00:00] Heartbeat sent: status=alive, positions=3
[2026-03-02T16:09:45.364273+00:00] Heartbeat sent: status=alive, positions=3
[2026-03-02T16:14:45.553738+00:00] Heartbeat sent: status=alive, positions=3
[2026-03-02T16:19:45.833657+00:00] Heartbeat sent: status=alive, positions=3
[2026-03-02T16:24:46.145683+00:00] Heartbeat sent: status=alive, positions=3
[2026-03-02T16:29:46.446879+00:00] Heartbeat sent: status=alive, positions=3
[2026-03-02T16:34:46.741775+00:00] Heartbeat sent: status=alive, positions=3
[2026-03-02T16:39:46.949222+00:00] Heartbeat sent: status=alive, positions=3
[2026-03-02T16:44:47.202215+00:00] Heartbeat sent: status=alive, positions=3
[2026-03-02T16:49:47.451685+00:00] Heartbeat sent: status=alive, positions=3
[2026-03-02T16:54:47.786165+00:00] Heartbeat sent: status=alive, positions=3
[2026-03-02T16:59:48.080897+00:00] Heartbeat sent: status=alive, positions=3
[2026-03-02T17:04:48.360510+00:00] Heartbeat sent: status=alive, positions=3
[2026-03-02T17:09:48.567606+00:00] Heartbeat sent: status=alive, positions=3
[2026-03-02T17:14:48.849218+00:00] Heartbeat sent: status=alive, positions=3
[2026-03-02T17:19:49.083925+00:00] Heartbeat sent: status=alive, positions=3
[2026-03-02T17:24:49.415030+00:00] Heartbeat sent: status=alive, positions=3
[2026-03-02T17:29:49.706812+00:00] Heartbeat sent: status=alive, positions=3
[2026-03-02T17:34:49.962580+00:00] Heartbeat sent: status=alive, positions=3
[2026-03-02T17:39:50.316054+00:00] Heartbeat sent: status=alive, positions=3
[2026-03-02T17:44:50.561859+00:00] Heartbeat sent: status=alive, positions=3
[2026-03-02T17:49:50.847395+00:00] Heartbeat sent: status=alive, positions=3
[2026-03-02T17:54:51.203254+00:00] Heartbeat sent: status=alive, positions=3
[2026-03-02T17:59:51.406148+00:00] Heartbeat sent: status=alive, positions=3
[2026-03-02T18:04:51.721131+00:00] Heartbeat sent: status=alive, positions=3
[2026-03-02T18:09:51.974531+00:00] Heartbeat sent: status=alive, positions=3
[2026-03-02T18:14:52.258887+00:00] Heartbeat sent: status=alive, positions=3
[2026-03-02T18:19:52.475132+00:00] Heartbeat sent: status=alive, positions=3
[2026-03-02T18:24:52.781924+00:00] Heartbeat sent: status=alive, positions=3
[2026-03-02T18:29:53.082300+00:00] Heartbeat sent: status=alive, positions=3
[2026-03-02T18:34:53.352225+00:00] Heartbeat sent: status=alive, positions=3
[2026-03-02T18:39:53.603333+00:00] Heartbeat sent: status=alive, positions=3
[2026-03-02T18:44:53.926707+00:00] Heartbeat sent: status=alive, positions=3
[2026-03-02T18:49:54.246209+00:00] Heartbeat sent: status=alive, positions=3
[2026-03-02T18:54:54.603378+00:00] Heartbeat sent: status=alive, positions=3
[2026-03-02T18:59:54.869945+00:00] Heartbeat sent: status=alive, positions=3
[2026-03-02T19:04:55.103301+00:00] Heartbeat sent: status=alive, positions=3
[2026-03-02T19:09:55.336490+00:00] Heartbeat sent: status=degraded, positions=3
[2026-03-02T19:14:55.585018+00:00] Heartbeat sent: status=degraded, positions=3
[2026-03-02T19:19:55.864465+00:00] Heartbeat sent: status=degraded, positions=3
[2026-03-02T19:24:56.190859+00:00] Heartbeat sent: status=degraded, positions=3
[2026-03-02T19:29:56.491376+00:00] Heartbeat sent: status=degraded, positions=3
[2026-03-02T19:34:56.766044+00:00] Heartbeat sent: status=degraded, positions=3
[2026-03-02T19:39:57.029872+00:00] Heartbeat sent: status=degraded, positions=3
[2026-03-02T19:44:57.256816+00:00] Heartbeat sent: status=degraded, positions=3
[2026-03-02T19:49:57.572323+00:00] Heartbeat sent: status=degraded, positions=3
[2026-03-02T19:54:57.871668+00:00] Heartbeat sent: status=degraded, positions=3
[2026-03-02T19:59:58.122772+00:00] Heartbeat sent: status=degraded, positions=3
[2026-03-02T20:04:58.471152+00:00] Heartbeat sent: status=degraded, positions=3
[2026-03-02T20:09:58.735322+00:00] Heartbeat sent: status=degraded, positions=3
[2026-03-02T20:14:59.001091+00:00] Heartbeat sent: status=degraded, positions=3
[2026-03-02T20:19:59.252178+00:00] Heartbeat sent: status=degraded, positions=3
[2026-03-02T20:24:59.568303+00:00] Heartbeat sent: status=degraded, positions=3
[2026-03-02T20:30:00.007922+00:00] Heartbeat sent: status=degraded, positions=3
[2026-03-02T20:35:00.192305+00:00] Heartbeat sent: status=degraded, positions=3
[2026-03-02T20:40:00.556013+00:00] Heartbeat sent: status=degraded, positions=3
[2026-03-02T20:45:00.878375+00:00] Heartbeat sent: status=degraded, positions=3
[2026-03-02T20:50:01.233935+00:00] Heartbeat sent: status=degraded, positions=3
[2026-03-02T20:55:01.578065+00:00] Heartbeat sent: status=degraded, positions=3
[2026-03-02T21:00:01.874360+00:00] Heartbeat sent: status=degraded, positions=3
[2026-03-02T21:05:02.064791+00:00] Heartbeat sent: status=degraded, positions=3
[2026-03-02T21:10:02.349824+00:00] Heartbeat sent: status=degraded, positions=3
[2026-03-02T21:15:02.691582+00:00] Heartbeat sent: status=degraded, positions=3
[2026-03-02T21:20:03.011001+00:00] Heartbeat sent: status=degraded, positions=3
[2026-03-02T21:25:03.310080+00:00] Heartbeat sent: status=degraded, positions=3
[2026-03-02T21:30:03.646326+00:00] Heartbeat sent: status=alive, positions=3
[2026-03-02T21:35:03.913980+00:00] Heartbeat sent: status=alive, positions=3
[2026-03-02T21:40:04.279391+00:00] Heartbeat sent: status=alive, positions=3
[2026-03-02T21:45:04.528698+00:00] Heartbeat sent: status=alive, positions=3
[2026-03-02T21:50:04.725587+00:00] Heartbeat sent: status=alive, positions=3
[2026-03-02T21:55:05.056766+00:00] Heartbeat sent: status=alive, positions=3
[2026-03-02T22:00:05.250528+00:00] Heartbeat sent: status=alive, positions=3
[2026-03-02T22:05:05.574879+00:00] Heartbeat sent: status=alive, positions=3
[2026-03-02T22:10:05.848801+00:00] Heartbeat sent: status=alive, positions=3
[2026-03-02T22:15:06.149907+00:00] Heartbeat sent: status=alive, positions=3
[2026-03-02T22:20:06.506207+00:00] Heartbeat sent: status=alive, positions=3
[2026-03-02T22:25:06.844678+00:00] Heartbeat sent: status=alive, positions=3
[2026-03-02T22:30:07.130483+00:00] Heartbeat sent: status=alive, positions=3
[2026-03-02T22:35:07.333112+00:00] Heartbeat sent: status=alive, positions=3
[2026-03-02T22:40:07.537653+00:00] Heartbeat sent: status=alive, positions=3
[2026-03-02T22:45:07.842246+00:00] Heartbeat sent: status=alive, positions=3
[2026-03-02T22:50:08.194439+00:00] Heartbeat sent: status=alive, positions=3
[2026-03-02T22:55:08.471383+00:00] Heartbeat sent: status=alive, positions=3
[2026-03-02T23:00:08.683868+00:00] Heartbeat sent: status=alive, positions=3
[2026-03-02T23:05:09.016716+00:00] Heartbeat sent: status=alive, positions=3
[2026-03-02T23:10:09.294973+00:00] Heartbeat sent: status=alive, positions=3
[2026-03-02T23:15:09.494912+00:00] Heartbeat sent: status=alive, positions=3
[2026-03-02T23:20:09.816149+00:00] Heartbeat sent: status=alive, positions=3
[2026-03-02T23:25:10.048600+00:00] Heartbeat sent: status=alive, positions=3
[2026-03-02T23:30:10.306066+00:00] Heartbeat sent: status=alive, positions=3
[2026-03-02T23:35:10.550769+00:00] Heartbeat sent: status=alive, positions=3
[2026-03-02T23:40:10.857833+00:00] Heartbeat sent: status=alive, positions=3
[2026-03-02T23:45:11.195814+00:00] Heartbeat sent: status=alive, positions=3
[2026-03-02T23:50:11.370630+00:00] Heartbeat sent: status=alive, positions=3
[2026-03-02T23:55:11.680494+00:00] Heartbeat sent: status=alive, positions=3
[2026-03-03T00:00:11.885465+00:00] Heartbeat sent: status=alive, positions=3
[2026-03-03T00:05:12.182880+00:00] Heartbeat sent: status=alive, positions=3
[2026-03-03T00:10:12.487130+00:00] Heartbeat sent: status=alive, positions=3
[2026-03-03T00:15:12.728463+00:00] Heartbeat sent: status=alive, positions=3
[2026-03-03T00:20:13.025779+00:00] Heartbeat sent: status=alive, positions=3
[2026-03-03T00:25:13.206112+00:00] Heartbeat sent: status=alive, positions=3
[2026-03-03T00:30:13.425815+00:00] Heartbeat sent: status=alive, positions=3
[2026-03-03T00:35:13.692114+00:00] Heartbeat sent: status=alive, positions=3
[2026-03-03T00:40:13.941261+00:00] Heartbeat sent: status=alive, positions=3
[2026-03-03T00:45:14.264227+00:00] Heartbeat sent: status=alive, positions=3
[2026-03-03T00:50:14.587484+00:00] Heartbeat sent: status=alive, positions=3
[2026-03-03T00:55:14.955615+00:00] Heartbeat sent: status=alive, positions=3
[2026-03-03T01:00:15.181288+00:00] Heartbeat sent: status=alive, positions=3
[2026-03-03T01:05:15.367970+00:00] Heartbeat sent: status=alive, positions=3
[2026-03-03T01:10:15.670460+00:00] Heartbeat sent: status=alive, positions=3
[2026-03-03T01:15:15.989131+00:00] Heartbeat sent: status=alive, positions=3
[2026-03-03T01:20:16.288176+00:00] Heartbeat sent: status=alive, positions=3
[2026-03-03T01:25:16.577268+00:00] Heartbeat sent: status=alive, positions=3
[2026-03-03T01:30:16.828510+00:00] Heartbeat sent: status=alive, positions=3
[2026-03-03T01:35:17.141937+00:00] Heartbeat sent: status=alive, positions=3
[2026-03-03T01:40:17.395646+00:00] Heartbeat sent: status=alive, positions=3
[2026-03-03T01:45:17.707142+00:00] Heartbeat sent: status=alive, positions=3
[2026-03-03T01:50:18.005763+00:00] Heartbeat sent: status=alive, positions=3
[2026-03-03T01:55:18.281326+00:00] Heartbeat sent: status=alive, positions=3
[2026-03-03T02:00:18.581327+00:00] Heartbeat sent: status=alive, positions=3
[2026-03-03T02:05:18.765903+00:00] Heartbeat sent: status=alive, positions=3
[2026-03-03T02:10:19.085643+00:00] Heartbeat sent: status=alive, positions=3
[2026-03-03T02:15:19.408242+00:00] Heartbeat sent: status=alive, positions=3
[2026-03-03T02:20:19.840514+00:00] Heartbeat sent: status=alive, positions=3
[2026-03-03T02:25:20.065403+00:00] Heartbeat sent: status=alive, positions=3
[2026-03-03T02:30:20.378001+00:00] Heartbeat sent: status=alive, positions=3
[2026-03-03T02:35:20.676393+00:00] Heartbeat sent: status=alive, positions=3
[2026-03-03T02:40:20.912158+00:00] Heartbeat sent: status=alive, positions=3
[2026-03-03T02:45:21.213311+00:00] Heartbeat sent: status=alive, positions=3
[2026-03-03T02:50:21.472298+00:00] Heartbeat sent: status=alive, positions=3
[2026-03-03T02:55:21.728731+00:00] Heartbeat sent: status=alive, positions=3
[2026-03-03T03:00:22.034753+00:00] Heartbeat sent: status=alive, positions=3
[2026-03-03T03:05:22.340208+00:00] Heartbeat sent: status=alive, positions=3
[2026-03-03T03:10:22.593014+00:00] Heartbeat sent: status=alive, positions=3
[2026-03-03T03:15:22.833805+00:00] Heartbeat sent: status=alive, positions=3
[2026-03-03T03:20:23.179219+00:00] Heartbeat sent: status=alive, positions=3
[2026-03-03T03:25:23.469300+00:00] Heartbeat sent: status=alive, positions=3
[2026-03-03T03:30:23.731911+00:00] Heartbeat sent: status=alive, positions=3
[2026-03-03T03:35:24.005320+00:00] Heartbeat sent: status=alive, positions=3
[2026-03-03T03:40:24.301505+00:00] Heartbeat sent: status=alive, positions=3
[2026-03-03T03:45:24.610478+00:00] Heartbeat sent: status=alive, positions=3
[2026-03-03T03:50:24.841787+00:00] Heartbeat sent: status=alive, positions=3
[2026-03-03T03:55:25.148446+00:00] Heartbeat sent: status=alive, positions=3
[2026-03-03T04:00:25.488401+00:00] Heartbeat sent: status=alive, positions=3
[2026-03-03T04:05:25.869176+00:00] Heartbeat sent: status=alive, positions=3
[2026-03-03T04:10:26.134035+00:00] Heartbeat sent: status=alive, positions=3
[2026-03-03T04:15:26.403599+00:00] Heartbeat sent: status=alive, positions=3
[2026-03-03T04:20:26.902913+00:00] Heartbeat sent: status=alive, positions=3
[2026-03-03T04:25:27.081342+00:00] Heartbeat sent: status=alive, positions=3
[2026-03-03T04:30:27.462241+00:00] Heartbeat sent: status=alive, positions=3
[2026-03-03T04:35:27.690230+00:00] Heartbeat sent: status=alive, positions=3
[2026-03-03T04:40:28.008481+00:00] Heartbeat sent: status=alive, positions=3
[2026-03-03T04:45:28.288213+00:00] Heartbeat sent: status=alive, positions=3
[2026-03-03T04:50:28.557127+00:00] Heartbeat sent: status=alive, positions=3
[2026-03-03T04:55:28.722561+00:00] Heartbeat sent: status=alive, positions=3
[2026-03-03T05:00:29.044105+00:00] Heartbeat sent: status=alive, positions=3
[2026-03-03T05:05:29.329614+00:00] Heartbeat sent: status=alive, positions=3
[2026-03-03T05:10:29.652967+00:00] Heartbeat sent: status=alive, positions=3
[2026-03-03T05:15:29.971431+00:00] Heartbeat sent: status=alive, positions=3
[2026-03-03T05:20:30.301802+00:00] Heartbeat sent: status=alive, positions=3
[2026-03-03T05:25:30.634633+00:00] Heartbeat sent: status=alive, positions=3
[2026-03-03T05:30:30.950439+00:00] Heartbeat sent: status=alive, positions=3
[2026-03-03T05:35:31.182603+00:00] Heartbeat sent: status=alive, positions=3
[2026-03-03T05:40:31.433906+00:00] Heartbeat sent: status=alive, positions=3
[2026-03-03T05:45:31.631496+00:00] Heartbeat sent: status=alive, positions=3
[2026-03-03T05:50:31.905334+00:00] Heartbeat sent: status=alive, positions=3
[2026-03-03T05:55:32.251297+00:00] Heartbeat sent: status=alive, positions=3
[2026-03-03T06:00:32.430267+00:00] Heartbeat sent: status=alive, positions=3
[2026-03-03T06:05:32.750233+00:00] Heartbeat sent: status=alive, positions=3
[2026-03-03T06:10:32.985886+00:00] Heartbeat sent: status=alive, positions=3
[2026-03-03T06:15:33.161393+00:00] Heartbeat sent: status=alive, positions=3
[2026-03-03T06:20:33.483132+00:00] Heartbeat sent: status=alive, positions=3
[2026-03-03T06:25:33.818203+00:00] Heartbeat sent: status=alive, positions=3
[2026-03-03T06:30:34.150245+00:00] Heartbeat sent: status=alive, positions=3
[2026-03-03T06:35:34.620343+00:00] Heartbeat sent: status=alive, positions=3
[2026-03-03T06:40:34.953857+00:00] Heartbeat sent: status=alive, positions=3
[2026-03-03T06:45:35.222696+00:00] Heartbeat sent: status=alive, positions=3
[2026-03-03T06:50:35.530026+00:00] Heartbeat sent: status=alive, positions=3
[2026-03-03T06:55:35.786431+00:00] Heartbeat sent: status=alive, positions=3
[2026-03-03T07:00:36.087729+00:00] Heartbeat sent: status=alive, positions=3
[2026-03-03T07:05:36.381953+00:00] Heartbeat sent: status=alive, positions=3
[2026-03-03T07:10:36.717501+00:00] Heartbeat sent: status=alive, positions=3
[2026-03-03T07:15:36.980074+00:00] Heartbeat sent: status=alive, positions=3
[2026-03-03T07:20:37.286007+00:00] Heartbeat sent: status=alive, positions=3
[2026-03-03T07:25:37.609547+00:00] Heartbeat sent: status=alive, positions=3
[2026-03-03T07:30:37.932104+00:00] Heartbeat sent: status=alive, positions=3
[2026-03-03T07:35:38.266019+00:00] Heartbeat sent: status=alive, positions=3
[2026-03-03T07:40:38.617605+00:00] Heartbeat sent: status=alive, positions=3
[2026-03-03T07:45:38.940413+00:00] Heartbeat sent: status=alive, positions=3
[2026-03-03T07:50:39.477321+00:00] Heartbeat sent: status=alive, positions=3
[2026-03-03T07:55:39.790631+00:00] Heartbeat sent: status=alive, positions=3
[2026-03-03T08:00:40.117447+00:00] Heartbeat sent: status=alive, positions=3
[2026-03-03T08:05:40.420657+00:00] Heartbeat sent: status=alive, positions=3
[2026-03-03T08:10:40.673884+00:00] Heartbeat sent: status=alive, positions=3
[2026-03-03T08:15:40.925113+00:00] Heartbeat sent: status=alive, positions=3
[2026-03-03T08:20:41.194952+00:00] Heartbeat sent: status=alive, positions=3
[2026-03-03T08:25:41.482433+00:00] Heartbeat sent: status=alive, positions=3
[2026-03-03T08:30:41.677641+00:00] Heartbeat sent: status=alive, positions=3
[2026-03-03T08:35:41.946059+00:00] Heartbeat sent: status=alive, positions=3
[2026-03-03T08:40:42.169682+00:00] Heartbeat sent: status=alive, positions=3
[2026-03-03T08:45:42.430965+00:00] Heartbeat sent: status=alive, positions=3
[2026-03-03T08:50:42.775525+00:00] Heartbeat sent: status=alive, positions=3
[2026-03-03T08:55:43.102132+00:00] Heartbeat sent: status=alive, positions=3
[2026-03-03T09:00:43.420905+00:00] Heartbeat sent: status=alive, positions=3
[2026-03-03T09:05:43.760863+00:00] Heartbeat sent: status=alive, positions=3
[2026-03-03T09:10:44.090639+00:00] Heartbeat sent: status=alive, positions=3
[2026-03-03T09:15:44.451184+00:00] Heartbeat sent: status=alive, positions=3
[2026-03-03T09:20:44.761895+00:00] Heartbeat sent: status=alive, positions=3
[2026-03-03T09:25:44.960649+00:00] Heartbeat sent: status=alive, positions=3
[2026-03-03T09:30:45.223618+00:00] Heartbeat sent: status=alive, positions=3
[2026-03-03T09:35:45.546142+00:00] Heartbeat sent: status=alive, positions=3
[2026-03-03T09:40:45.847340+00:00] Heartbeat sent: status=alive, positions=3
[2026-03-03T09:45:46.196806+00:00] Heartbeat sent: status=degraded, positions=3
[2026-03-03T09:50:46.533128+00:00] Heartbeat sent: status=degraded, positions=3
[2026-03-03T09:55:46.755782+00:00] Heartbeat sent: status=degraded, positions=3
[2026-03-03T10:00:47.063809+00:00] Heartbeat sent: status=degraded, positions=3
[2026-03-03T10:05:47.383033+00:00] Heartbeat sent: status=degraded, positions=3
[2026-03-03T10:10:47.704024+00:00] Heartbeat sent: status=degraded, positions=3
[2026-03-03T10:15:47.953820+00:00] Heartbeat sent: status=degraded, positions=3
[2026-03-03T10:20:48.168154+00:00] Heartbeat sent: status=degraded, positions=3
[2026-03-03T10:25:48.476609+00:00] Heartbeat sent: status=degraded, positions=3
[2026-03-03T10:30:48.671120+00:00] Heartbeat sent: status=alive, positions=3
[2026-03-03T10:35:48.958597+00:00] Heartbeat sent: status=alive, positions=3
[2026-03-03T10:40:49.298929+00:00] Heartbeat sent: status=alive, positions=3
[2026-03-03T10:45:49.563514+00:00] Heartbeat sent: status=alive, positions=3
[2026-03-03T10:50:49.837166+00:00] Heartbeat sent: status=alive, positions=3
[2026-03-03T10:55:50.176999+00:00] Heartbeat sent: status=alive, positions=3
[2026-03-03T11:00:50.487457+00:00] Heartbeat sent: status=alive, positions=3
[2026-03-03T11:05:50.811855+00:00] Heartbeat sent: status=alive, positions=3
[2026-03-03T11:10:51.020344+00:00] Heartbeat sent: status=alive, positions=3
[2026-03-03T11:15:51.228528+00:00] Heartbeat sent: status=alive, positions=3
[2026-03-03T11:20:51.559531+00:00] Heartbeat sent: status=alive, positions=3
[2026-03-03T11:25:51.906904+00:00] Heartbeat sent: status=alive, positions=3
[2026-03-03T11:30:52.517972+00:00] Heartbeat sent: status=alive, positions=3
[2026-03-03T11:35:52.728485+00:00] Heartbeat sent: status=alive, positions=3
[2026-03-03T11:40:52.953185+00:00] Heartbeat sent: status=alive, positions=3
[2026-03-03T11:45:53.224099+00:00] Heartbeat sent: status=alive, positions=3
[2026-03-03T11:50:53.510246+00:00] Heartbeat sent: status=alive, positions=3
[2026-03-03T11:55:53.777847+00:00] Heartbeat sent: status=alive, positions=3
[2026-03-03T12:00:54.103258+00:00] Heartbeat sent: status=alive, positions=3
[2026-03-03T12:05:54.446569+00:00] Heartbeat sent: status=alive, positions=3
[2026-03-03T12:10:54.761035+00:00] Heartbeat sent: status=alive, positions=3
[2026-03-03T12:15:55.080393+00:00] Heartbeat sent: status=alive, positions=3
[2026-03-03T12:20:55.452708+00:00] Heartbeat sent: status=alive, positions=3
[2026-03-03T12:25:55.792467+00:00] Heartbeat sent: status=alive, positions=3
[2026-03-03T12:30:55.986338+00:00] Heartbeat sent: status=alive, positions=3
[2026-03-03T12:35:56.370624+00:00] Heartbeat sent: status=alive, positions=3
[2026-03-03T12:40:56.674004+00:00] Heartbeat sent: status=alive, positions=3
[2026-03-03T12:45:56.859392+00:00] Heartbeat sent: status=alive, positions=3
[2026-03-03T12:50:57.184622+00:00] Heartbeat failed: <urlopen error _ssl.c:1112: The handshake operation timed out>
[2026-03-03T12:56:07.365949+00:00] Heartbeat sent: status=alive, positions=3
[2026-03-03T13:01:07.617045+00:00] Heartbeat sent: status=alive, positions=3
[2026-03-03T13:06:07.993150+00:00] Heartbeat sent: status=alive, positions=3
[2026-03-03T13:11:08.252264+00:00] Heartbeat sent: status=alive, positions=3
[2026-03-03T13:16:08.633349+00:00] Heartbeat sent: status=alive, positions=3
[2026-03-03T13:21:08.817559+00:00] Heartbeat sent: status=alive, positions=3
[2026-03-03T13:26:09.130170+00:00] Heartbeat sent: status=alive, positions=3
[2026-03-03T13:31:09.446606+00:00] Heartbeat sent: status=alive, positions=3
[2026-03-03T13:36:09.661274+00:00] Heartbeat sent: status=alive, positions=3
[2026-03-03T13:41:09.886465+00:00] Heartbeat sent: status=alive, positions=3
[2026-03-03T13:46:10.076139+00:00] Heartbeat sent: status=alive, positions=3
[2026-03-03T13:51:10.400250+00:00] Heartbeat sent: status=alive, positions=3
[2026-03-03T13:56:10.716073+00:00] Heartbeat sent: status=alive, positions=3
[2026-03-03T14:01:10.962812+00:00] Heartbeat sent: status=alive, positions=3
[2026-03-03T14:06:11.176614+00:00] Heartbeat sent: status=alive, positions=3
[2026-03-03T14:11:11.462069+00:00] Heartbeat sent: status=alive, positions=3
[2026-03-03T14:16:11.778995+00:00] Heartbeat sent: status=alive, positions=3
[2026-03-03T14:21:12.121461+00:00] Heartbeat sent: status=alive, positions=3
[2026-03-03T14:26:12.421531+00:00] Heartbeat sent: status=alive, positions=3
[2026-03-03T14:31:12.704900+00:00] Heartbeat sent: status=alive, positions=3
[2026-03-03T14:36:12.928837+00:00] Heartbeat sent: status=alive, positions=3
[2026-03-03T14:41:13.225478+00:00] Heartbeat sent: status=alive, positions=3
[2026-03-03T14:46:13.417147+00:00] Heartbeat sent: status=alive, positions=3
[2026-03-03T14:51:13.674162+00:00] Heartbeat sent: status=alive, positions=3
[2026-03-03T14:56:13.845863+00:00] Heartbeat sent: status=alive, positions=3
[2026-03-03T15:01:14.173646+00:00] Heartbeat sent: status=alive, positions=3
[2026-03-03T15:06:14.462829+00:00] Heartbeat sent: status=alive, positions=3
[2026-03-03T15:11:14.794732+00:00] Heartbeat sent: status=alive, positions=3
[2026-03-03T15:16:15.075819+00:00] Heartbeat sent: status=alive, positions=3
[2026-03-03T15:21:15.323573+00:00] Heartbeat sent: status=alive, positions=3
[2026-03-03T15:26:15.630541+00:00] Heartbeat sent: status=alive, positions=3
[2026-03-03T15:31:15.904527+00:00] Heartbeat sent: status=alive, positions=3
[2026-03-03T15:36:16.184517+00:00] Heartbeat sent: status=alive, positions=3
[2026-03-03T15:41:16.509727+00:00] Heartbeat sent: status=alive, positions=3
[2026-03-03T15:46:16.801741+00:00] Heartbeat sent: status=alive, positions=3
[2026-03-03T15:51:17.140571+00:00] Heartbeat sent: status=alive, positions=3
[2026-03-03T15:56:17.395787+00:00] Heartbeat sent: status=alive, positions=3
[2026-03-03T16:01:17.591296+00:00] Heartbeat sent: status=alive, positions=3
[2026-03-03T16:06:17.890923+00:00] Heartbeat sent: status=alive, positions=3
[2026-03-03T16:11:18.207845+00:00] Heartbeat sent: status=alive, positions=3
[2026-03-03T16:16:18.490734+00:00] Heartbeat sent: status=alive, positions=3
[2026-03-03T16:21:18.706097+00:00] Heartbeat sent: status=alive, positions=3
[2026-03-03T16:26:18.914152+00:00] Heartbeat sent: status=alive, positions=3
[2026-03-03T16:31:19.218378+00:00] Heartbeat sent: status=alive, positions=3
[2026-03-03T16:36:19.463209+00:00] Heartbeat sent: status=alive, positions=3
[2026-03-03T16:41:19.814350+00:00] Heartbeat sent: status=alive, positions=3
[2026-03-03T16:46:20.132039+00:00] Heartbeat sent: status=alive, positions=3
[2026-03-03T16:51:20.425181+00:00] Heartbeat sent: status=alive, positions=3
[2026-03-03T16:56:20.680737+00:00] Heartbeat sent: status=alive, positions=3
[2026-03-03T17:01:20.967347+00:00] Heartbeat sent: status=alive, positions=3
[2026-03-03T17:06:21.293871+00:00] Heartbeat sent: status=alive, positions=3
[2026-03-03T17:11:21.553094+00:00] Heartbeat sent: status=alive, positions=3
[2026-03-03T17:16:21.804416+00:00] Heartbeat sent: status=alive, positions=3
[2026-03-03T17:21:22.076078+00:00] Heartbeat sent: status=alive, positions=3
[2026-03-03T17:26:22.362776+00:00] Heartbeat sent: status=alive, positions=3
[2026-03-03T17:31:22.648990+00:00] Heartbeat sent: status=alive, positions=3
[2026-03-03T17:36:22.941535+00:00] Heartbeat sent: status=alive, positions=3
[2026-03-03T17:41:23.185405+00:00] Heartbeat sent: status=alive, positions=3
[2026-03-03T17:46:23.422194+00:00] Heartbeat sent: status=alive, positions=3
[2026-03-03T17:51:23.666647+00:00] Heartbeat sent: status=alive, positions=3
[2026-03-03T17:56:23.938433+00:00] Heartbeat sent: status=alive, positions=3
[2026-03-03T18:01:24.187049+00:00] Heartbeat sent: status=alive, positions=3
[2026-03-03T18:06:24.369959+00:00] Heartbeat sent: status=alive, positions=3
[2026-03-03T18:11:24.675787+00:00] Heartbeat sent: status=alive, positions=3
[2026-03-03T18:16:24.986907+00:00] Heartbeat sent: status=alive, positions=3
[2026-03-03T18:21:25.319103+00:00] Heartbeat sent: status=alive, positions=3
[2026-03-03T18:26:25.582489+00:00] Heartbeat sent: status=alive, positions=3
[2026-03-03T18:31:25.836018+00:00] Heartbeat sent: status=alive, positions=3
[2026-03-03T18:36:26.150218+00:00] Heartbeat sent: status=alive, positions=3
[2026-03-03T18:41:26.477051+00:00] Heartbeat sent: status=alive, positions=3
[2026-03-03T18:46:26.806676+00:00] Heartbeat sent: status=alive, positions=3
[2026-03-03T18:51:27.117309+00:00] Heartbeat sent: status=alive, positions=3
[2026-03-03T18:56:27.380938+00:00] Heartbeat sent: status=alive, positions=3
[2026-03-03T19:01:27.699456+00:00] Heartbeat sent: status=alive, positions=3
[2026-03-03T19:06:28.032148+00:00] Heartbeat sent: status=alive, positions=3
[2026-03-03T19:11:28.381167+00:00] Heartbeat sent: status=alive, positions=3
[2026-03-03T19:16:28.703242+00:00] Heartbeat sent: status=alive, positions=3
[2026-03-03T19:21:29.046439+00:00] Heartbeat sent: status=alive, positions=3
[2026-03-03T19:26:29.289272+00:00] Heartbeat sent: status=alive, positions=3
[2026-03-03T19:31:29.574543+00:00] Heartbeat sent: status=alive, positions=3
[2026-03-03T19:36:29.857474+00:00] Heartbeat sent: status=alive, positions=3
[2026-03-03T19:41:30.091693+00:00] Heartbeat sent: status=alive, positions=3
[2026-03-03T19:46:30.335654+00:00] Heartbeat sent: status=alive, positions=3
[2026-03-03T19:51:30.609361+00:00] Heartbeat sent: status=alive, positions=3
[2026-03-03T19:56:30.817218+00:00] Heartbeat sent: status=alive, positions=3
[2026-03-03T20:01:31.147345+00:00] Heartbeat sent: status=alive, positions=3
[2026-03-03T20:06:31.472317+00:00] Heartbeat sent: status=alive, positions=3
[2026-03-03T20:11:31.649248+00:00] Heartbeat sent: status=alive, positions=3
[2026-03-03T20:16:31.974878+00:00] Heartbeat sent: status=degraded, positions=3
[2026-03-03T20:21:32.236165+00:00] Heartbeat sent: status=degraded, positions=3
[2026-03-03T20:26:32.450423+00:00] Heartbeat sent: status=degraded, positions=3
[2026-03-03T20:31:32.705756+00:00] Heartbeat sent: status=degraded, positions=3
[2026-03-03T20:36:33.004785+00:00] Heartbeat sent: status=degraded, positions=3
[2026-03-03T20:41:33.183836+00:00] Heartbeat sent: status=degraded, positions=3
[2026-03-03T20:46:33.507198+00:00] Heartbeat sent: status=degraded, positions=3
[2026-03-03T20:51:33.741402+00:00] Heartbeat sent: status=degraded, positions=3
[2026-03-03T20:56:34.068565+00:00] Heartbeat sent: status=degraded, positions=3
[2026-03-03T21:01:34.360122+00:00] Heartbeat sent: status=degraded, positions=3
[2026-03-03T21:06:34.688651+00:00] Heartbeat sent: status=degraded, positions=3
[2026-03-03T21:11:35.008153+00:00] Heartbeat sent: status=degraded, positions=3
[2026-03-03T21:16:35.297650+00:00] Heartbeat sent: status=degraded, positions=3
[2026-03-03T21:21:35.507758+00:00] Heartbeat sent: status=degraded, positions=3
[2026-03-03T21:26:35.831878+00:00] Heartbeat sent: status=degraded, positions=3
[2026-03-03T21:31:36.038940+00:00] Heartbeat sent: status=degraded, positions=3
[2026-03-03T21:36:36.334827+00:00] Heartbeat sent: status=degraded, positions=3
[2026-03-03T21:41:36.537459+00:00] Heartbeat sent: status=degraded, positions=3
[2026-03-03T21:46:36.781651+00:00] Heartbeat sent: status=degraded, positions=3
[2026-03-03T21:51:37.099245+00:00] Heartbeat sent: status=degraded, positions=3
[2026-03-03T21:56:37.409419+00:00] Heartbeat sent: status=degraded, positions=3
[2026-03-03T22:01:37.608031+00:00] Heartbeat sent: status=degraded, positions=3
[2026-03-03T22:06:37.968102+00:00] Heartbeat sent: status=degraded, positions=3
[2026-03-03T22:11:38.280514+00:00] Heartbeat sent: status=degraded, positions=3
[2026-03-03T22:16:38.530326+00:00] Heartbeat sent: status=degraded, positions=3
[2026-03-03T22:21:38.770366+00:00] Heartbeat sent: status=degraded, positions=3
[2026-03-03T22:26:39.075795+00:00] Heartbeat sent: status=degraded, positions=3
[2026-03-03T22:31:39.357171+00:00] Heartbeat sent: status=degraded, positions=3
[2026-03-03T22:36:39.695845+00:00] Heartbeat sent: status=alive, positions=3
[2026-03-03T22:41:39.893259+00:00] Heartbeat sent: status=alive, positions=3
[2026-03-03T22:46:40.285587+00:00] Heartbeat sent: status=alive, positions=3
[2026-03-03T22:51:40.587118+00:00] Heartbeat sent: status=alive, positions=3
[2026-03-03T22:56:40.772686+00:00] Heartbeat sent: status=alive, positions=3
[2026-03-03T23:01:41.013501+00:00] Heartbeat sent: status=alive, positions=3
[2026-03-03T23:06:41.344468+00:00] Heartbeat sent: status=alive, positions=3
[2026-03-03T23:11:41.589685+00:00] Heartbeat sent: status=alive, positions=3
[2026-03-03T23:16:41.856660+00:00] Heartbeat sent: status=alive, positions=3
[2026-03-03T23:21:42.146125+00:00] Heartbeat sent: status=alive, positions=3
[2026-03-03T23:26:42.473379+00:00] Heartbeat sent: status=alive, positions=3
[2026-03-03T23:31:42.771936+00:00] Heartbeat sent: status=alive, positions=3
[2026-03-03T23:36:43.061979+00:00] Heartbeat sent: status=alive, positions=3
[2026-03-03T23:41:43.239282+00:00] Heartbeat sent: status=alive, positions=3
[2026-03-03T23:46:43.533705+00:00] Heartbeat sent: status=alive, positions=3
[2026-03-03T23:51:43.768220+00:00] Heartbeat sent: status=alive, positions=3
[2026-03-03T23:56:44.075918+00:00] Heartbeat sent: status=alive, positions=3
[2026-03-04T00:01:44.396892+00:00] Heartbeat sent: status=alive, positions=3
[2026-03-04T00:06:44.659958+00:00] Heartbeat sent: status=alive, positions=3
[2026-03-04T00:11:44.935856+00:00] Heartbeat sent: status=alive, positions=3
[2026-03-04T00:16:45.220769+00:00] Heartbeat sent: status=alive, positions=3
[2026-03-04T00:21:45.409632+00:00] Heartbeat sent: status=alive, positions=3
[2026-03-04T00:26:45.610897+00:00] Heartbeat sent: status=alive, positions=3
[2026-03-04T00:31:45.920640+00:00] Heartbeat sent: status=alive, positions=3
[2026-03-04T00:36:46.173394+00:00] Heartbeat sent: status=alive, positions=3
[2026-03-04T00:41:46.480355+00:00] Heartbeat sent: status=alive, positions=3
[2026-03-04T00:46:46.837034+00:00] Heartbeat sent: status=alive, positions=3
[2026-03-04T00:51:47.049751+00:00] Heartbeat sent: status=alive, positions=3
[2026-03-04T00:56:47.290092+00:00] Heartbeat sent: status=alive, positions=3
[2026-03-04T01:01:47.554213+00:00] Heartbeat sent: status=alive, positions=3
[2026-03-04T01:06:47.783232+00:00] Heartbeat sent: status=alive, positions=3
[2026-03-04T01:11:47.983738+00:00] Heartbeat sent: status=alive, positions=3
[2026-03-04T01:16:48.235290+00:00] Heartbeat sent: status=alive, positions=3
[2026-03-04T01:21:48.606389+00:00] Heartbeat sent: status=alive, positions=3
[2026-03-04T01:26:48.798347+00:00] Heartbeat sent: status=alive, positions=3
[2026-03-04T01:31:49.064172+00:00] Heartbeat sent: status=alive, positions=3
[2026-03-04T01:36:49.388348+00:00] Heartbeat sent: status=alive, positions=3
[2026-03-04T01:41:49.693080+00:00] Heartbeat sent: status=alive, positions=3
[2026-03-04T01:46:49.930787+00:00] Heartbeat sent: status=alive, positions=3
[2026-03-04T01:51:50.117145+00:00] Heartbeat sent: status=alive, positions=3
[2026-03-04T01:56:50.425872+00:00] Heartbeat sent: status=alive, positions=3
[2026-03-04T02:01:50.694333+00:00] Heartbeat sent: status=alive, positions=3
[2026-03-04T02:06:50.870576+00:00] Heartbeat sent: status=alive, positions=3
[2026-03-04T02:11:51.071786+00:00] Heartbeat sent: status=alive, positions=3
[2026-03-04T02:16:51.373032+00:00] Heartbeat sent: status=alive, positions=3
[2026-03-04T02:21:51.691854+00:00] Heartbeat sent: status=alive, positions=3
[2026-03-04T02:26:52.025678+00:00] Heartbeat sent: status=alive, positions=3
[2026-03-04T02:31:52.361110+00:00] Heartbeat sent: status=alive, positions=3
[2026-03-04T02:36:52.577189+00:00] Heartbeat sent: status=alive, positions=3
[2026-03-04T02:41:52.836602+00:00] Heartbeat sent: status=alive, positions=3
[2026-03-04T02:46:53.071111+00:00] Heartbeat sent: status=alive, positions=3
[2026-03-04T02:51:53.292930+00:00] Heartbeat sent: status=alive, positions=3
[2026-03-04T02:56:53.612200+00:00] Heartbeat sent: status=alive, positions=3
[2026-03-04T03:01:53.823796+00:00] Heartbeat sent: status=alive, positions=3
[2026-03-04T03:06:54.057700+00:00] Heartbeat sent: status=alive, positions=3
[2026-03-04T03:11:54.386893+00:00] Heartbeat sent: status=alive, positions=3
[2026-03-04T03:16:54.580217+00:00] Heartbeat sent: status=alive, positions=3
[2026-03-04T03:21:54.767094+00:00] Heartbeat sent: status=alive, positions=3
[2026-03-04T03:26:55.003610+00:00] Heartbeat sent: status=alive, positions=3
[2026-03-04T03:31:55.286926+00:00] Heartbeat sent: status=alive, positions=3
[2026-03-04T03:36:55.565429+00:00] Heartbeat sent: status=alive, positions=3
[2026-03-04T03:41:55.761878+00:00] Heartbeat sent: status=alive, positions=3
[2026-03-04T03:46:56.098137+00:00] Heartbeat sent: status=alive, positions=3
[2026-03-04T03:51:56.291701+00:00] Heartbeat sent: status=alive, positions=3
[2026-03-04T03:56:56.493398+00:00] Heartbeat sent: status=alive, positions=3
[2026-03-04T04:01:56.664359+00:00] Heartbeat sent: status=alive, positions=3
[2026-03-04T04:06:56.964033+00:00] Heartbeat sent: status=alive, positions=3
[2026-03-04T04:11:57.228946+00:00] Heartbeat sent: status=alive, positions=3
[2026-03-04T04:16:57.539072+00:00] Heartbeat sent: status=alive, positions=3
[2026-03-04T04:21:57.844132+00:00] Heartbeat sent: status=alive, positions=3
[2026-03-04T04:26:58.134695+00:00] Heartbeat sent: status=alive, positions=3
[2026-03-04T04:31:58.471099+00:00] Heartbeat sent: status=alive, positions=3
[2026-03-04T04:36:58.782338+00:00] Heartbeat sent: status=alive, positions=3
[2026-03-04T04:41:58.973356+00:00] Heartbeat sent: status=alive, positions=3
[2026-03-04T04:46:59.138194+00:00] Heartbeat sent: status=alive, positions=3
[2026-03-04T04:51:59.412892+00:00] Heartbeat sent: status=alive, positions=3
[2026-03-04T04:56:59.703498+00:00] Heartbeat sent: status=alive, positions=3
[2026-03-04T05:01:59.946401+00:00] Heartbeat sent: status=alive, positions=3
[2026-03-04T05:07:00.243060+00:00] Heartbeat sent: status=alive, positions=3
[2026-03-04T05:12:00.581943+00:00] Heartbeat sent: status=alive, positions=3
[2026-03-04T05:17:00.858367+00:00] Heartbeat sent: status=alive, positions=3
[2026-03-04T05:22:01.184775+00:00] Heartbeat sent: status=alive, positions=3
[2026-03-04T05:27:01.486162+00:00] Heartbeat sent: status=alive, positions=3
[2026-03-04T05:32:01.755758+00:00] Heartbeat sent: status=alive, positions=3
[2026-03-04T05:37:01.990097+00:00] Heartbeat sent: status=alive, positions=3
[2026-03-04T05:42:02.250227+00:00] Heartbeat sent: status=alive, positions=3
[2026-03-04T05:47:02.510938+00:00] Heartbeat sent: status=alive, positions=3
[2026-03-04T05:52:02.750981+00:00] Heartbeat sent: status=alive, positions=3
[2026-03-04T05:57:02.988738+00:00] Heartbeat sent: status=alive, positions=3
[2026-03-04T06:02:03.359400+00:00] Heartbeat sent: status=alive, positions=3
[2026-03-04T06:07:03.698168+00:00] Heartbeat sent: status=alive, positions=3
[2026-03-04T06:12:04.041085+00:00] Heartbeat sent: status=alive, positions=3
[2026-03-04T06:17:04.300948+00:00] Heartbeat sent: status=alive, positions=3
[2026-03-04T06:22:04.622769+00:00] Heartbeat sent: status=alive, positions=3
[2026-03-04T06:27:04.912173+00:00] Heartbeat sent: status=alive, positions=3
[2026-03-04T06:32:05.220886+00:00] Heartbeat sent: status=alive, positions=3
[2026-03-04T06:37:05.515704+00:00] Heartbeat sent: status=alive, positions=3
[2026-03-04T06:42:05.770589+00:00] Heartbeat sent: status=alive, positions=3
[2026-03-04T06:47:06.106865+00:00] Heartbeat sent: status=alive, positions=3
[2026-03-04T06:52:06.470517+00:00] Heartbeat sent: status=alive, positions=3
[2026-03-04T06:57:06.755574+00:00] Heartbeat sent: status=alive, positions=3
[2026-03-04T07:02:06.951226+00:00] Heartbeat sent: status=alive, positions=3
[2026-03-04T07:07:07.171279+00:00] Heartbeat sent: status=alive, positions=3
[2026-03-04T07:12:07.385349+00:00] Heartbeat sent: status=alive, positions=3
[2026-03-04T07:17:07.580067+00:00] Heartbeat sent: status=alive, positions=3
[2026-03-04T07:22:07.906834+00:00] Heartbeat sent: status=alive, positions=3
[2026-03-04T07:27:08.230448+00:00] Heartbeat sent: status=alive, positions=3
[2026-03-04T07:32:08.715492+00:00] Heartbeat sent: status=alive, positions=3
[2026-03-04T07:37:08.893456+00:00] Heartbeat sent: status=alive, positions=3
[2026-03-04T07:42:09.074510+00:00] Heartbeat sent: status=alive, positions=3
[2026-03-04T07:47:09.302220+00:00] Heartbeat sent: status=alive, positions=3
[2026-03-04T07:52:09.571597+00:00] Heartbeat sent: status=alive, positions=3
[2026-03-04T07:57:09.897584+00:00] Heartbeat sent: status=alive, positions=3
[2026-03-04T08:02:10.192320+00:00] Heartbeat sent: status=alive, positions=3
[2026-03-04T08:07:10.404110+00:00] Heartbeat sent: status=alive, positions=3
[2026-03-04T08:12:10.726644+00:00] Heartbeat sent: status=alive, positions=3
[2026-03-04T08:17:11.046429+00:00] Heartbeat sent: status=alive, positions=3
[2026-03-04T08:22:11.358488+00:00] Heartbeat sent: status=alive, positions=3
[2026-03-04T08:27:11.655072+00:00] Heartbeat sent: status=alive, positions=3
[2026-03-04T08:32:11.970177+00:00] Heartbeat sent: status=alive, positions=3
[2026-03-04T08:37:12.268673+00:00] Heartbeat sent: status=alive, positions=3
[2026-03-04T08:42:12.533948+00:00] Heartbeat sent: status=alive, positions=3
[2026-03-04T08:47:12.862494+00:00] Heartbeat sent: status=alive, positions=3
[2026-03-04T08:52:13.185360+00:00] Heartbeat sent: status=alive, positions=3
[2026-03-04T08:57:13.397755+00:00] Heartbeat sent: status=alive, positions=3
[2026-03-04T09:02:13.745149+00:00] Heartbeat sent: status=alive, positions=3
[2026-03-04T09:07:14.075823+00:00] Heartbeat sent: status=alive, positions=3
[2026-03-04T09:12:14.355903+00:00] Heartbeat sent: status=alive, positions=3
[2026-03-04T09:17:14.667794+00:00] Heartbeat sent: status=alive, positions=3
[2026-03-04T09:22:14.964553+00:00] Heartbeat sent: status=alive, positions=3
[2026-03-04T09:27:15.261432+00:00] Heartbeat sent: status=alive, positions=3
[2026-03-04T09:32:15.499897+00:00] Heartbeat sent: status=alive, positions=3
[2026-03-04T09:37:15.746639+00:00] Heartbeat sent: status=alive, positions=3
[2026-03-04T09:42:16.037069+00:00] Heartbeat sent: status=alive, positions=3
[2026-03-04T09:47:16.283941+00:00] Heartbeat sent: status=alive, positions=3
[2026-03-04T09:52:16.626749+00:00] Heartbeat sent: status=alive, positions=3
[2026-03-04T09:57:16.856447+00:00] Heartbeat sent: status=alive, positions=3
[2026-03-04T10:02:17.174065+00:00] Heartbeat sent: status=alive, positions=3
[2026-03-04T10:07:17.350644+00:00] Heartbeat sent: status=alive, positions=3
[2026-03-04T10:12:17.523796+00:00] Heartbeat sent: status=degraded, positions=3
[2026-03-04T10:17:17.712430+00:00] Heartbeat sent: status=degraded, positions=3
[2026-03-04T10:22:18.008856+00:00] Heartbeat sent: status=degraded, positions=3
[2026-03-04T10:27:18.361755+00:00] Heartbeat sent: status=degraded, positions=3
[2026-03-04T10:32:18.659600+00:00] Heartbeat sent: status=degraded, positions=3
[2026-03-04T10:37:18.996415+00:00] Heartbeat sent: status=degraded, positions=3
[2026-03-04T10:42:19.293733+00:00] Heartbeat sent: status=degraded, positions=3
[2026-03-04T10:47:19.602037+00:00] Heartbeat sent: status=degraded, positions=3
[2026-03-04T10:52:19.859555+00:00] Heartbeat sent: status=degraded, positions=3
[2026-03-04T10:57:20.181599+00:00] Heartbeat sent: status=degraded, positions=3
[2026-03-04T11:02:20.531244+00:00] Heartbeat sent: status=degraded, positions=3
[2026-03-04T11:07:20.830404+00:00] Heartbeat sent: status=alive, positions=3
[2026-03-04T11:12:21.071671+00:00] Heartbeat sent: status=alive, positions=3
[2026-03-04T11:17:21.341800+00:00] Heartbeat sent: status=alive, positions=3
[2026-03-04T11:22:21.687236+00:00] Heartbeat sent: status=alive, positions=3
[2026-03-04T11:27:21.989174+00:00] Heartbeat sent: status=alive, positions=3
[2026-03-04T11:32:22.325938+00:00] Heartbeat sent: status=alive, positions=3
[2026-03-04T11:37:22.607472+00:00] Heartbeat sent: status=alive, positions=3
[2026-03-04T11:42:22.913500+00:00] Heartbeat sent: status=alive, positions=3
[2026-03-04T11:47:23.248053+00:00] Heartbeat sent: status=alive, positions=3
[2026-03-04T11:52:23.536590+00:00] Heartbeat sent: status=alive, positions=3
[2026-03-04T11:57:23.834771+00:00] Heartbeat sent: status=alive, positions=3
[2026-03-04T12:02:24.199653+00:00] Heartbeat sent: status=alive, positions=3
[2026-03-04T12:07:24.381050+00:00] Heartbeat sent: status=alive, positions=3
[2026-03-04T12:12:24.553708+00:00] Heartbeat sent: status=alive, positions=3
[2026-03-04T12:17:24.818830+00:00] Heartbeat sent: status=alive, positions=3
[2026-03-04T12:22:25.152921+00:00] Heartbeat sent: status=alive, positions=3
[2026-03-04T12:27:25.463828+00:00] Heartbeat sent: status=alive, positions=3
[2026-03-04T12:32:25.715014+00:00] Heartbeat sent: status=alive, positions=3
[2026-03-04T12:37:25.966204+00:00] Heartbeat sent: status=alive, positions=3
[2026-03-04T12:42:26.279111+00:00] Heartbeat sent: status=alive, positions=3
[2026-03-04T12:47:26.516120+00:00] Heartbeat sent: status=alive, positions=3
[2026-03-04T12:52:26.845215+00:00] Heartbeat sent: status=alive, positions=3
[2026-03-04T12:57:27.083736+00:00] Heartbeat sent: status=alive, positions=3
[2026-03-04T13:02:27.347681+00:00] Heartbeat sent: status=alive, positions=4
[2026-03-04T13:07:27.686553+00:00] Heartbeat sent: status=alive, positions=4
[2026-03-04T13:12:27.901664+00:00] Heartbeat sent: status=alive, positions=4
[2026-03-04T13:17:28.103656+00:00] Heartbeat sent: status=alive, positions=4
[2026-03-04T13:22:28.434310+00:00] Heartbeat sent: status=alive, positions=4
[2026-03-04T13:27:28.773225+00:00] Heartbeat sent: status=alive, positions=4
[2026-03-04T13:32:29.036325+00:00] Heartbeat sent: status=alive, positions=4
[2026-03-04T13:37:29.307499+00:00] Heartbeat sent: status=alive, positions=4
[2026-03-04T13:42:29.638502+00:00] Heartbeat sent: status=alive, positions=4
[2026-03-04T13:47:30.010881+00:00] Heartbeat sent: status=alive, positions=4
[2026-03-04T13:52:30.318163+00:00] Heartbeat sent: status=alive, positions=4
[2026-03-04T13:57:30.646031+00:00] Heartbeat sent: status=alive, positions=4
[2026-03-04T14:02:30.862312+00:00] Heartbeat sent: status=alive, positions=4
[2026-03-04T14:07:31.136744+00:00] Heartbeat sent: status=alive, positions=4
[2026-03-04T14:12:31.364570+00:00] Heartbeat sent: status=alive, positions=4
[2026-03-04T14:17:31.615698+00:00] Heartbeat sent: status=alive, positions=4
[2026-03-04T14:22:31.789373+00:00] Heartbeat sent: status=alive, positions=4
[2026-03-04T14:27:32.010098+00:00] Heartbeat sent: status=alive, positions=4
[2026-03-04T14:32:32.343719+00:00] Heartbeat sent: status=alive, positions=4
[2026-03-04T14:37:32.660596+00:00] Heartbeat sent: status=alive, positions=4
[2026-03-04T14:42:32.949425+00:00] Heartbeat sent: status=alive, positions=4
[2026-03-04T14:47:33.300829+00:00] Heartbeat sent: status=alive, positions=4
[2026-03-04T14:52:33.535335+00:00] Heartbeat sent: status=alive, positions=4
[2026-03-04T14:57:33.825877+00:00] Heartbeat sent: status=alive, positions=4
[2026-03-04T15:02:34.057996+00:00] Heartbeat sent: status=alive, positions=4
[2026-03-04T15:07:34.397181+00:00] Heartbeat sent: status=alive, positions=4
[2026-03-04T15:12:34.631089+00:00] Heartbeat sent: status=alive, positions=4
[2026-03-04T15:17:34.924307+00:00] Heartbeat sent: status=alive, positions=4
[2026-03-04T15:22:35.216441+00:00] Heartbeat sent: status=alive, positions=4
[2026-03-04T15:27:35.539395+00:00] Heartbeat sent: status=alive, positions=4
[2026-03-04T15:32:35.886664+00:00] Heartbeat sent: status=alive, positions=4
[2026-03-04T15:37:36.158315+00:00] Heartbeat sent: status=alive, positions=4
[2026-03-04T15:42:36.362644+00:00] Heartbeat sent: status=alive, positions=4
[2026-03-04T15:47:36.637734+00:00] Heartbeat sent: status=alive, positions=4
[2026-03-04T15:52:36.894261+00:00] Heartbeat sent: status=alive, positions=4
[2026-03-04T15:57:37.287061+00:00] Heartbeat sent: status=alive, positions=4
[2026-03-04T16:02:37.550777+00:00] Heartbeat sent: status=alive, positions=4
[2026-03-04T16:07:37.848588+00:00] Heartbeat sent: status=alive, positions=4
[2026-03-04T16:12:38.145521+00:00] Heartbeat sent: status=alive, positions=4
[2026-03-04T16:17:38.476942+00:00] Heartbeat sent: status=alive, positions=4
[2026-03-04T16:22:38.711470+00:00] Heartbeat sent: status=alive, positions=4
[2026-03-04T16:27:39.025155+00:00] Heartbeat sent: status=alive, positions=4
[2026-03-04T16:32:39.340741+00:00] Heartbeat sent: status=alive, positions=4
[2026-03-04T16:37:39.652812+00:00] Heartbeat sent: status=alive, positions=4
[2026-03-04T16:42:39.922630+00:00] Heartbeat sent: status=alive, positions=4
[2026-03-04T16:47:40.153093+00:00] Heartbeat sent: status=alive, positions=4
[2026-03-04T16:52:40.459087+00:00] Heartbeat sent: status=alive, positions=4
[2026-03-04T16:57:40.783136+00:00] Heartbeat sent: status=alive, positions=4
[2026-03-04T17:02:41.095781+00:00] Heartbeat sent: status=alive, positions=4
[2026-03-04T17:07:41.369932+00:00] Heartbeat sent: status=alive, positions=4
[2026-03-04T17:12:41.662267+00:00] Heartbeat sent: status=alive, positions=4
[2026-03-04T17:17:41.999761+00:00] Heartbeat sent: status=alive, positions=4
[2026-03-04T17:22:42.257177+00:00] Heartbeat sent: status=alive, positions=4
[2026-03-04T17:27:42.568572+00:00] Heartbeat sent: status=alive, positions=4
[2026-03-04T17:32:42.902739+00:00] Heartbeat sent: status=alive, positions=4
[2026-03-04T17:37:43.237409+00:00] Heartbeat sent: status=alive, positions=4
[2026-03-04T17:42:43.627834+00:00] Heartbeat sent: status=alive, positions=4
[2026-03-04T17:47:43.953112+00:00] Heartbeat sent: status=alive, positions=4
[2026-03-04T17:52:44.172541+00:00] Heartbeat sent: status=alive, positions=4
[2026-03-04T17:57:44.392261+00:00] Heartbeat sent: status=alive, positions=4
[2026-03-04T18:02:44.746701+00:00] Heartbeat sent: status=alive, positions=4
[2026-03-04T18:07:45.057516+00:00] Heartbeat sent: status=alive, positions=4
[2026-03-04T18:12:45.241613+00:00] Heartbeat sent: status=alive, positions=4
[2026-03-04T18:17:45.534427+00:00] Heartbeat sent: status=alive, positions=4
[2026-03-04T18:22:45.765752+00:00] Heartbeat sent: status=alive, positions=4
[2026-03-04T18:27:46.056273+00:00] Heartbeat sent: status=alive, positions=4
[2026-03-04T18:32:46.355891+00:00] Heartbeat sent: status=alive, positions=4
[2026-03-04T18:37:46.595954+00:00] Heartbeat sent: status=alive, positions=4
[2026-03-04T18:42:46.945244+00:00] Heartbeat sent: status=alive, positions=4
[2026-03-04T18:47:47.234430+00:00] Heartbeat sent: status=alive, positions=4
[2026-03-04T18:52:47.549809+00:00] Heartbeat sent: status=alive, positions=4
[2026-03-04T18:57:47.756442+00:00] Heartbeat sent: status=alive, positions=4
[2026-03-04T19:02:47.939162+00:00] Heartbeat sent: status=alive, positions=4
[2026-03-04T19:07:48.245691+00:00] Heartbeat sent: status=alive, positions=4
[2026-03-04T19:12:48.455528+00:00] Heartbeat sent: status=alive, positions=4
[2026-03-04T19:17:48.742552+00:00] Heartbeat sent: status=alive, positions=4
[2026-03-04T19:22:49.083179+00:00] Heartbeat sent: status=alive, positions=4
[2026-03-04T19:27:49.395031+00:00] Heartbeat sent: status=alive, positions=4
[2026-03-04T19:32:49.698137+00:00] Heartbeat sent: status=alive, positions=4
[2026-03-04T19:37:49.951572+00:00] Heartbeat sent: status=alive, positions=4
[2026-03-04T19:42:50.288785+00:00] Heartbeat sent: status=alive, positions=4
[2026-03-04T19:47:50.505522+00:00] Heartbeat sent: status=alive, positions=4
[2026-03-04T19:52:50.734097+00:00] Heartbeat sent: status=alive, positions=4
[2026-03-04T19:57:51.050540+00:00] Heartbeat sent: status=alive, positions=4
[2026-03-04T20:02:51.331478+00:00] Heartbeat sent: status=alive, positions=4
[2026-03-04T20:07:51.526290+00:00] Heartbeat sent: status=alive, positions=4
[2026-03-04T20:12:51.872131+00:00] Heartbeat sent: status=alive, positions=4
[2026-03-04T20:17:52.084441+00:00] Heartbeat sent: status=alive, positions=4
[2026-03-04T20:22:52.297735+00:00] Heartbeat sent: status=alive, positions=4
[2026-03-04T20:27:52.586952+00:00] Heartbeat sent: status=alive, positions=4
[2026-03-04T20:32:52.935019+00:00] Heartbeat sent: status=alive, positions=4
[2026-03-04T20:37:53.147299+00:00] Heartbeat sent: status=alive, positions=4
[2026-03-04T20:42:53.445941+00:00] Heartbeat sent: status=alive, positions=4
[2026-03-04T20:47:53.729381+00:00] Heartbeat sent: status=alive, positions=4
[2026-03-04T20:52:53.918537+00:00] Heartbeat sent: status=alive, positions=4
[2026-03-04T20:57:54.150052+00:00] Heartbeat sent: status=alive, positions=4
[2026-03-04T21:02:54.339467+00:00] Heartbeat sent: status=alive, positions=4
[2026-03-04T21:07:54.575204+00:00] Heartbeat sent: status=alive, positions=4
[2026-03-04T21:12:54.848606+00:00] Heartbeat sent: status=alive, positions=4
[2026-03-04T21:17:55.111944+00:00] Heartbeat sent: status=alive, positions=4
[2026-03-04T21:22:55.286257+00:00] Heartbeat sent: status=alive, positions=4
[2026-03-04T21:27:55.525307+00:00] Heartbeat sent: status=alive, positions=4
[2026-03-04T21:32:55.759833+00:00] Heartbeat sent: status=alive, positions=4
[2026-03-04T21:37:56.093251+00:00] Heartbeat sent: status=alive, positions=4
[2026-03-04T21:42:56.313740+00:00] Heartbeat sent: status=alive, positions=4
[2026-03-04T21:47:56.608798+00:00] Heartbeat sent: status=alive, positions=4
[2026-03-04T21:52:56.799012+00:00] Heartbeat sent: status=alive, positions=4
[2026-03-04T21:57:56.988295+00:00] Heartbeat sent: status=alive, positions=4
[2026-03-04T22:02:57.255643+00:00] Heartbeat sent: status=alive, positions=4
[2026-03-04T22:07:57.621260+00:00] Heartbeat sent: status=alive, positions=4
[2026-03-04T22:12:57.799812+00:00] Heartbeat sent: status=alive, positions=4
[2026-03-04T22:17:58.193267+00:00] Heartbeat sent: status=alive, positions=4
[2026-03-04T22:22:58.410754+00:00] Heartbeat sent: status=alive, positions=4
[2026-03-04T22:27:58.742253+00:00] Heartbeat sent: status=alive, positions=4
[2026-03-04T22:32:58.944254+00:00] Heartbeat sent: status=alive, positions=4
[2026-03-04T22:37:59.263384+00:00] Heartbeat sent: status=alive, positions=4
[2026-03-04T22:42:59.554207+00:00] Heartbeat sent: status=alive, positions=4
[2026-03-04T22:47:59.811147+00:00] Heartbeat sent: status=alive, positions=4
[2026-03-04T22:53:00.019288+00:00] Heartbeat sent: status=alive, positions=4
[2026-03-04T22:58:00.249866+00:00] Heartbeat sent: status=alive, positions=4
[2026-03-04T23:03:00.480648+00:00] Heartbeat sent: status=alive, positions=4
[2026-03-04T23:08:00.743818+00:00] Heartbeat sent: status=alive, positions=4
[2026-03-04T23:13:01.003316+00:00] Heartbeat sent: status=alive, positions=4
[2026-03-04T23:18:01.316812+00:00] Heartbeat sent: status=degraded, positions=4
[2026-03-04T23:23:01.636307+00:00] Heartbeat sent: status=degraded, positions=4
[2026-03-04T23:28:01.980648+00:00] Heartbeat sent: status=alive, positions=4
[2026-03-04T23:33:02.310928+00:00] Heartbeat sent: status=degraded, positions=4
[2026-03-04T23:38:02.637000+00:00] Heartbeat sent: status=degraded, positions=4
[2026-03-04T23:43:02.905796+00:00] Heartbeat sent: status=degraded, positions=4
[2026-03-04T23:48:03.158395+00:00] Heartbeat sent: status=alive, positions=4
[2026-03-04T23:53:03.411702+00:00] Heartbeat sent: status=degraded, positions=4
[2026-03-04T23:58:03.612450+00:00] Heartbeat sent: status=degraded, positions=4
[2026-03-05T00:03:03.946522+00:00] Heartbeat sent: status=degraded, positions=4
[2026-03-05T00:08:04.154375+00:00] Heartbeat sent: status=alive, positions=4
[2026-03-05T00:13:04.411508+00:00] Heartbeat sent: status=alive, positions=4
[2026-03-05T00:18:04.716605+00:00] Heartbeat sent: status=alive, positions=4
[2026-03-05T00:23:04.951934+00:00] Heartbeat sent: status=alive, positions=4
[2026-03-05T00:28:05.149428+00:00] Heartbeat sent: status=alive, positions=4
[2026-03-05T00:33:05.367926+00:00] Heartbeat sent: status=alive, positions=4
[2026-03-05T00:38:05.760245+00:00] Heartbeat sent: status=alive, positions=4
[2026-03-05T00:43:06.088775+00:00] Heartbeat sent: status=alive, positions=4
[2026-03-05T00:48:06.255834+00:00] Heartbeat sent: status=alive, positions=4
[2026-03-05T00:53:06.554820+00:00] Heartbeat sent: status=alive, positions=4
[2026-03-05T00:58:06.744589+00:00] Heartbeat sent: status=alive, positions=4
[2026-03-05T01:03:07.031419+00:00] Heartbeat sent: status=alive, positions=4
[2026-03-05T01:08:07.352466+00:00] Heartbeat sent: status=alive, positions=4
[2026-03-05T01:13:07.548663+00:00] Heartbeat sent: status=alive, positions=4
[2026-03-05T01:18:07.840684+00:00] Heartbeat sent: status=alive, positions=4
[2026-03-05T01:23:08.162093+00:00] Heartbeat sent: status=alive, positions=4
[2026-03-05T01:28:08.429515+00:00] Heartbeat sent: status=alive, positions=4
[2026-03-05T01:33:08.642206+00:00] Heartbeat sent: status=alive, positions=4
[2026-03-05T01:38:08.992352+00:00] Heartbeat sent: status=alive, positions=4
[2026-03-05T01:43:09.333653+00:00] Heartbeat sent: status=alive, positions=4
[2026-03-05T01:48:09.658345+00:00] Heartbeat sent: status=alive, positions=4
[2026-03-05T01:53:09.938730+00:00] Heartbeat sent: status=alive, positions=4
[2026-03-05T01:58:10.126681+00:00] Heartbeat sent: status=alive, positions=4
[2026-03-05T02:03:10.382718+00:00] Heartbeat sent: status=alive, positions=4
[2026-03-05T02:08:10.694468+00:00] Heartbeat sent: status=alive, positions=4
[2026-03-05T02:13:10.992286+00:00] Heartbeat sent: status=alive, positions=4
[2026-03-05T02:18:11.264896+00:00] Heartbeat sent: status=alive, positions=4
[2026-03-05T02:23:11.549922+00:00] Heartbeat sent: status=alive, positions=4
[2026-03-05T02:28:11.831364+00:00] Heartbeat sent: status=alive, positions=4
[2026-03-05T02:33:12.159061+00:00] Heartbeat sent: status=alive, positions=4
[2026-03-05T02:38:12.470803+00:00] Heartbeat sent: status=alive, positions=4
[2026-03-05T02:43:12.742237+00:00] Heartbeat sent: status=alive, positions=4
[2026-03-05T02:48:13.010497+00:00] Heartbeat sent: status=alive, positions=4
[2026-03-05T02:53:13.316971+00:00] Heartbeat sent: status=alive, positions=4
[2026-03-05T02:58:13.515211+00:00] Heartbeat sent: status=alive, positions=4
[2026-03-05T03:03:13.735446+00:00] Heartbeat sent: status=alive, positions=4
[2026-03-05T03:08:14.118657+00:00] Heartbeat sent: status=alive, positions=4
[2026-03-05T03:13:14.478469+00:00] Heartbeat sent: status=alive, positions=4
[2026-03-05T03:18:14.817607+00:00] Heartbeat sent: status=alive, positions=4
[2026-03-05T03:23:15.151702+00:00] Heartbeat sent: status=alive, positions=4
[2026-03-05T03:28:15.343698+00:00] Heartbeat sent: status=alive, positions=4
[2026-03-05T03:33:15.581393+00:00] Heartbeat sent: status=alive, positions=4
[2026-03-05T03:38:15.822663+00:00] Heartbeat sent: status=alive, positions=4
[2026-03-05T03:43:16.099157+00:00] Heartbeat sent: status=alive, positions=4
[2026-03-05T03:48:16.341453+00:00] Heartbeat sent: status=alive, positions=4
[2026-03-05T03:53:16.674043+00:00] Heartbeat sent: status=alive, positions=0
[2026-03-05T03:58:16.963523+00:00] Heartbeat sent: status=alive, positions=0
[2026-03-05T04:03:17.132277+00:00] Heartbeat sent: status=alive, positions=0
[2026-03-05T04:08:17.425054+00:00] Heartbeat sent: status=alive, positions=0
[2026-03-05T04:13:17.651334+00:00] Heartbeat sent: status=alive, positions=0
[2026-03-05T04:18:17.969325+00:00] Heartbeat sent: status=alive, positions=0
[2026-03-05T04:23:18.184777+00:00] Heartbeat sent: status=alive, positions=0
[2026-03-05T04:28:18.510061+00:00] Heartbeat sent: status=alive, positions=0
[2026-03-05T04:33:18.712828+00:00] Heartbeat sent: status=alive, positions=0
[2026-03-05T04:38:19.036451+00:00] Heartbeat sent: status=alive, positions=0
[2026-03-05T04:43:19.442745+00:00] Heartbeat sent: status=alive, positions=0
[2026-03-05T04:48:19.739333+00:00] Heartbeat sent: status=alive, positions=0
[2026-03-05T04:53:20.040008+00:00] Heartbeat sent: status=alive, positions=0
[2026-03-05T04:58:20.379601+00:00] Heartbeat sent: status=alive, positions=0
[2026-03-05T05:03:20.634066+00:00] Heartbeat sent: status=alive, positions=0
[2026-03-05T05:08:20.948228+00:00] Heartbeat sent: status=alive, positions=0
[2026-03-05T05:13:21.301497+00:00] Heartbeat sent: status=alive, positions=0
[2026-03-05T05:18:21.635357+00:00] Heartbeat sent: status=alive, positions=0
[2026-03-05T05:23:21.853916+00:00] Heartbeat sent: status=alive, positions=0
[2026-03-05T05:28:22.145591+00:00] Heartbeat sent: status=alive, positions=0
[2026-03-05T05:33:22.732024+00:00] Heartbeat sent: status=alive, positions=0
[2026-03-05T05:38:23.056352+00:00] Heartbeat sent: status=alive, positions=0
[2026-03-05T05:43:23.355196+00:00] Heartbeat sent: status=alive, positions=0
[2026-03-05T05:48:23.605966+00:00] Heartbeat sent: status=alive, positions=0
[2026-03-05T05:53:23.968130+00:00] Heartbeat sent: status=alive, positions=0
[2026-03-05T05:58:24.257383+00:00] Heartbeat sent: status=alive, positions=0
[2026-03-05T06:03:24.500737+00:00] Heartbeat sent: status=alive, positions=0
[2026-03-05T06:08:24.824856+00:00] Heartbeat sent: status=alive, positions=0
[2026-03-05T06:13:25.112120+00:00] Heartbeat sent: status=alive, positions=0
[2026-03-05T06:18:25.396925+00:00] Heartbeat sent: status=alive, positions=0
[2026-03-05T06:23:25.740619+00:00] Heartbeat sent: status=alive, positions=0
[2026-03-05T06:28:26.020107+00:00] Heartbeat sent: status=alive, positions=0
[2026-03-05T06:33:26.407327+00:00] Heartbeat sent: status=alive, positions=0
[2026-03-05T06:38:26.627843+00:00] Heartbeat sent: status=alive, positions=0
[2026-03-05T06:43:26.939031+00:00] Heartbeat sent: status=alive, positions=0
[2026-03-05T06:48:27.195183+00:00] Heartbeat sent: status=alive, positions=0
[2026-03-05T06:53:27.490248+00:00] Heartbeat sent: status=alive, positions=0
[2026-03-05T06:58:27.707628+00:00] Heartbeat sent: status=alive, positions=0
[2026-03-05T07:03:27.937112+00:00] Heartbeat sent: status=alive, positions=0
[2026-03-05T07:08:28.138073+00:00] Heartbeat sent: status=alive, positions=0
[2026-03-05T07:13:28.396477+00:00] Heartbeat sent: status=alive, positions=0
[2026-03-05T07:18:28.685218+00:00] Heartbeat sent: status=alive, positions=0
[2026-03-05T07:23:28.943297+00:00] Heartbeat sent: status=alive, positions=0
[2026-03-05T07:28:29.278428+00:00] Heartbeat sent: status=alive, positions=0
[2026-03-05T07:33:29.503033+00:00] Heartbeat sent: status=alive, positions=0
[2026-03-05T07:38:29.846586+00:00] Heartbeat sent: status=alive, positions=0
[2026-03-05T07:43:30.150832+00:00] Heartbeat sent: status=alive, positions=0
[2026-03-05T07:48:30.365416+00:00] Heartbeat sent: status=alive, positions=0
[2026-03-05T07:53:30.576316+00:00] Heartbeat sent: status=alive, positions=0
[2026-03-05T07:58:30.891409+00:00] Heartbeat sent: status=alive, positions=0
[2026-03-05T08:03:31.141907+00:00] Heartbeat sent: status=alive, positions=0
[2026-03-05T08:08:31.462116+00:00] Heartbeat sent: status=alive, positions=0
[2026-03-05T08:13:31.644442+00:00] Heartbeat sent: status=alive, positions=0
[2026-03-05T08:18:31.930787+00:00] Heartbeat sent: status=alive, positions=0
[2026-03-05T08:23:32.234617+00:00] Heartbeat sent: status=alive, positions=0
[2026-03-05T08:28:32.529149+00:00] Heartbeat sent: status=alive, positions=0
[2026-03-05T08:33:32.726333+00:00] Heartbeat sent: status=alive, positions=0
[2026-03-05T08:38:32.937170+00:00] Heartbeat sent: status=alive, positions=0
[2026-03-05T08:43:33.247514+00:00] Heartbeat sent: status=alive, positions=0
[2026-03-05T08:48:33.489996+00:00] Heartbeat sent: status=alive, positions=0
[2026-03-05T08:53:33.730345+00:00] Heartbeat sent: status=alive, positions=0
[2026-03-05T08:58:33.905398+00:00] Heartbeat sent: status=alive, positions=0
[2026-03-05T09:03:34.144250+00:00] Heartbeat sent: status=alive, positions=0
[2026-03-05T09:08:34.396197+00:00] Heartbeat sent: status=alive, positions=0
[2026-03-05T09:13:34.674888+00:00] Heartbeat sent: status=alive, positions=0
[2026-03-05T09:18:34.903886+00:00] Heartbeat sent: status=alive, positions=0
[2026-03-05T09:23:35.111116+00:00] Heartbeat sent: status=alive, positions=0
[2026-03-05T09:28:35.365796+00:00] Heartbeat sent: status=alive, positions=0
[2026-03-05T09:33:35.614393+00:00] Heartbeat sent: status=alive, positions=0
[2026-03-05T09:38:35.871650+00:00] Heartbeat sent: status=alive, positions=0
[2026-03-05T09:43:36.042713+00:00] Heartbeat sent: status=alive, positions=0
[2026-03-05T09:48:36.347962+00:00] Heartbeat sent: status=alive, positions=0
[2026-03-05T09:53:36.662462+00:00] Heartbeat sent: status=alive, positions=0
[2026-03-05T09:58:36.921378+00:00] Heartbeat sent: status=alive, positions=0
[2026-03-05T10:03:37.227479+00:00] Heartbeat sent: status=alive, positions=0
[2026-03-05T10:08:37.428112+00:00] Heartbeat sent: status=alive, positions=0
[2026-03-05T10:13:37.718944+00:00] Heartbeat sent: status=alive, positions=0
[2026-03-05T10:18:37.926321+00:00] Heartbeat sent: status=alive, positions=0
[2026-03-05T10:23:38.106317+00:00] Heartbeat sent: status=alive, positions=0
[2026-03-05T10:28:38.303651+00:00] Heartbeat sent: status=alive, positions=0
[2026-03-05T10:33:38.630044+00:00] Heartbeat sent: status=alive, positions=0
[2026-03-05T10:38:38.931191+00:00] Heartbeat sent: status=alive, positions=0
[2026-03-05T10:43:39.181898+00:00] Heartbeat sent: status=alive, positions=0
[2026-03-05T10:48:39.463737+00:00] Heartbeat sent: status=alive, positions=0
[2026-03-05T10:53:39.764638+00:00] Heartbeat sent: status=alive, positions=0
[2026-03-05T10:58:39.936091+00:00] Heartbeat sent: status=alive, positions=0
[2026-03-05T11:03:40.257395+00:00] Heartbeat sent: status=alive, positions=0
[2026-03-05T11:08:40.565439+00:00] Heartbeat sent: status=alive, positions=0
[2026-03-05T11:13:40.803340+00:00] Heartbeat sent: status=alive, positions=0
[2026-03-05T11:18:41.160087+00:00] Heartbeat sent: status=alive, positions=0
[2026-03-05T11:23:41.481999+00:00] Heartbeat sent: status=alive, positions=0
[2026-03-05T11:28:41.852799+00:00] Heartbeat sent: status=alive, positions=0
[2026-03-05T11:33:42.175215+00:00] Heartbeat sent: status=alive, positions=0
[2026-03-05T11:38:42.413443+00:00] Heartbeat sent: status=alive, positions=0
[2026-03-05T11:43:42.666783+00:00] Heartbeat sent: status=alive, positions=0
[2026-03-05T11:48:42.949700+00:00] Heartbeat sent: status=alive, positions=0
[2026-03-05T11:53:43.260499+00:00] Heartbeat sent: status=alive, positions=0
[2026-03-05T11:58:43.702423+00:00] Heartbeat sent: status=alive, positions=0
[2026-03-05T12:03:43.999511+00:00] Heartbeat sent: status=alive, positions=0
[2026-03-05T12:08:44.214828+00:00] Heartbeat sent: status=alive, positions=0
[2026-03-05T12:13:44.452017+00:00] Heartbeat sent: status=alive, positions=0
[2026-03-05T12:18:44.780970+00:00] Heartbeat sent: status=alive, positions=0
[2026-03-05T12:23:45.022460+00:00] Heartbeat sent: status=alive, positions=0
[2026-03-05T12:28:45.266024+00:00] Heartbeat sent: status=alive, positions=0
[2026-03-05T12:33:45.632045+00:00] Heartbeat sent: status=alive, positions=0
[2026-03-05T12:38:45.858427+00:00] Heartbeat sent: status=alive, positions=0
[2026-03-05T12:43:46.036861+00:00] Heartbeat sent: status=alive, positions=0
[2026-03-05T12:48:46.392308+00:00] Heartbeat sent: status=alive, positions=0
[2026-03-05T12:53:46.666911+00:00] Heartbeat sent: status=alive, positions=0
[2026-03-05T12:58:46.865061+00:00] Heartbeat sent: status=alive, positions=0
[2026-03-05T13:03:47.168743+00:00] Heartbeat sent: status=alive, positions=8
[2026-03-05T13:08:47.420073+00:00] Heartbeat sent: status=alive, positions=8
[2026-03-05T13:13:47.674616+00:00] Heartbeat sent: status=alive, positions=8
[2026-03-05T13:18:47.870265+00:00] Heartbeat sent: status=alive, positions=8
[2026-03-05T13:23:48.187769+00:00] Heartbeat sent: status=alive, positions=8
[2026-03-05T13:28:48.513943+00:00] Heartbeat failed: <urlopen error _ssl.c:1112: The handshake operation timed out>
[2026-03-05T13:33:58.677890+00:00] Heartbeat sent: status=degraded, positions=8
[2026-03-05T13:38:58.977682+00:00] Heartbeat sent: status=degraded, positions=8
[2026-03-05T13:43:59.247457+00:00] Heartbeat sent: status=degraded, positions=8
[2026-03-05T13:48:59.504902+00:00] Heartbeat sent: status=alive, positions=8
[2026-03-05T13:53:59.781255+00:00] Heartbeat sent: status=alive, positions=8
[2026-03-05T13:59:00.104031+00:00] Heartbeat sent: status=degraded, positions=8
[2026-03-05T14:04:00.335776+00:00] Heartbeat sent: status=degraded, positions=8
[2026-03-05T14:09:00.621846+00:00] Heartbeat sent: status=degraded, positions=8
[2026-03-05T14:14:00.830030+00:00] Heartbeat sent: status=alive, positions=8
[2026-03-05T14:19:01.148420+00:00] Heartbeat sent: status=alive, positions=8
[2026-03-05T14:24:01.441094+00:00] Heartbeat sent: status=alive, positions=8
[2026-03-05T14:29:01.707244+00:00] Heartbeat sent: status=alive, positions=8
[2026-03-05T14:34:01.930849+00:00] Heartbeat sent: status=alive, positions=8
[2026-03-05T14:39:02.153897+00:00] Heartbeat sent: status=alive, positions=8
[2026-03-05T14:44:02.344101+00:00] Heartbeat sent: status=alive, positions=8
[2026-03-05T14:49:02.688957+00:00] Heartbeat sent: status=alive, positions=8
[2026-03-05T14:54:02.871309+00:00] Heartbeat sent: status=alive, positions=8
[2026-03-05T14:59:03.109707+00:00] Heartbeat sent: status=alive, positions=8
[2026-03-05T15:04:03.344276+00:00] Heartbeat sent: status=alive, positions=8
[2026-03-05T15:09:03.610933+00:00] Heartbeat sent: status=alive, positions=8
[2026-03-05T15:14:03.931394+00:00] Heartbeat sent: status=alive, positions=8
[2026-03-05T15:19:04.116536+00:00] Heartbeat sent: status=alive, positions=8
[2026-03-05T15:24:04.308443+00:00] Heartbeat sent: status=alive, positions=8
[2026-03-05T15:29:04.630338+00:00] Heartbeat sent: status=alive, positions=8
[2026-03-05T15:34:04.881717+00:00] Heartbeat sent: status=alive, positions=8
[2026-03-05T15:39:05.149309+00:00] Heartbeat failed: <urlopen error _ssl.c:1112: The handshake operation timed out>
[2026-03-05T15:44:15.201186+00:00] Heartbeat sent: status=alive, positions=8
[2026-03-05T15:49:15.395686+00:00] Heartbeat sent: status=alive, positions=8
[2026-03-05T15:54:15.716770+00:00] Heartbeat sent: status=alive, positions=8
[2026-03-05T15:59:16.013174+00:00] Heartbeat sent: status=alive, positions=8
[2026-03-05T16:04:16.337723+00:00] Heartbeat sent: status=alive, positions=8
[2026-03-05T16:09:16.672976+00:00] Heartbeat sent: status=alive, positions=8
[2026-03-05T16:14:16.986763+00:00] Heartbeat sent: status=alive, positions=8
[2026-03-05T16:19:17.215868+00:00] Heartbeat sent: status=alive, positions=8
[2026-03-05T16:24:17.472951+00:00] Heartbeat sent: status=alive, positions=8
[2026-03-05T16:29:17.736699+00:00] Heartbeat sent: status=alive, positions=8
[2026-03-05T16:34:18.067402+00:00] Heartbeat sent: status=alive, positions=8
[2026-03-05T16:39:18.255440+00:00] Heartbeat sent: status=alive, positions=8
[2026-03-05T16:44:18.506671+00:00] Heartbeat sent: status=alive, positions=8
[2026-03-05T16:49:18.829672+00:00] Heartbeat sent: status=alive, positions=8
[2026-03-05T16:54:19.006970+00:00] Heartbeat sent: status=alive, positions=8
[2026-03-05T16:59:19.214259+00:00] Heartbeat sent: status=alive, positions=8
[2026-03-05T17:04:19.544681+00:00] Heartbeat sent: status=alive, positions=8
[2026-03-05T17:09:19.775078+00:00] Heartbeat sent: status=alive, positions=8
[2026-03-05T17:14:20.055846+00:00] Heartbeat sent: status=alive, positions=8
[2026-03-05T17:19:20.375705+00:00] Heartbeat sent: status=alive, positions=8
[2026-03-05T17:24:20.661850+00:00] Heartbeat sent: status=alive, positions=8
[2026-03-05T17:29:20.913263+00:00] Heartbeat failed: <urlopen error _ssl.c:1112: The handshake operation timed out>
[2026-03-05T17:34:31.058677+00:00] Heartbeat sent: status=alive, positions=8
[2026-03-05T17:39:31.404846+00:00] Heartbeat sent: status=alive, positions=8
[2026-03-05T17:44:31.710070+00:00] Heartbeat sent: status=alive, positions=8
[2026-03-05T17:49:32.014686+00:00] Heartbeat sent: status=alive, positions=8
[2026-03-05T17:54:32.341329+00:00] Heartbeat sent: status=alive, positions=8
[2026-03-05T17:59:32.610623+00:00] Heartbeat sent: status=alive, positions=8
[2026-03-05T18:04:32.855952+00:00] Heartbeat sent: status=alive, positions=8
[2026-03-05T18:09:33.184174+00:00] Heartbeat sent: status=alive, positions=8
[2026-03-05T18:14:33.556750+00:00] Heartbeat sent: status=alive, positions=8
[2026-03-05T18:19:33.871399+00:00] Heartbeat sent: status=alive, positions=8
[2026-03-05T18:24:34.180638+00:00] Heartbeat sent: status=alive, positions=8
[2026-03-05T18:29:34.444178+00:00] Heartbeat sent: status=alive, positions=8
