✅ 01:30:59 UTC — No new P&L alerts
📈 Trail or add? tars LONG NEAR-USD: +3.4% (entry $1.34 → $1.39)
✅ 01:41:05 UTC — No new P&L alerts
✅ 01:46:08 UTC — No new P&L alerts
✅ 01:51:11 UTC — No new P&L alerts
✅ 01:56:15 UTC — No new P&L alerts
✅ 02:01:18 UTC — No new P&L alerts
✅ 02:06:21 UTC — No new P&L alerts
✅ 02:11:24 UTC — No new P&L alerts
✅ 02:16:27 UTC — No new P&L alerts
✅ 02:21:30 UTC — No new P&L alerts
✅ 02:26:33 UTC — No new P&L alerts
✅ 02:31:36 UTC — No new P&L alerts
✅ 02:36:39 UTC — No new P&L alerts
✅ 02:41:42 UTC — No new P&L alerts
✅ 02:46:45 UTC — No new P&L alerts
✅ 02:51:48 UTC — No new P&L alerts
✅ 02:56:50 UTC — No new P&L alerts
✅ 03:01:53 UTC — No new P&L alerts
✅ 03:06:56 UTC — No new P&L alerts
✅ 03:11:59 UTC — No new P&L alerts
✅ 03:17:02 UTC — No new P&L alerts
✅ 03:22:05 UTC — No new P&L alerts
✅ 03:27:08 UTC — No new P&L alerts
✅ 03:32:11 UTC — No new P&L alerts
✅ 03:37:13 UTC — No new P&L alerts
✅ 03:42:16 UTC — No new P&L alerts
✅ 03:47:20 UTC — No new P&L alerts
✅ 03:52:22 UTC — No new P&L alerts
✅ 03:57:25 UTC — No new P&L alerts
⚠️ APPROACHING STOP: eddie_v LONG APT-USD at -100.0% — review thesis
✅ 04:07:31 UTC — No new P&L alerts
✅ 04:12:34 UTC — No new P&L alerts
✅ 04:17:37 UTC — No new P&L alerts
✅ 04:22:40 UTC — No new P&L alerts
✅ 04:27:43 UTC — No new P&L alerts
✅ 04:32:46 UTC — No new P&L alerts
✅ 04:37:49 UTC — No new P&L alerts
✅ 04:42:52 UTC — No new P&L alerts
✅ 04:47:55 UTC — No new P&L alerts
✅ 04:52:58 UTC — No new P&L alerts
⚠️ APPROACHING STOP: eddie_v LONG SUI-USD at -100.0% — review thesis
✅ 05:03:04 UTC — No new P&L alerts
✅ 05:08:07 UTC — No new P&L alerts
⚠️ APPROACHING STOP: alfred LONG APT-USD at -100.0% — review thesis
⚠️ APPROACHING STOP: eddie_v LONG ARB-USD at -99.1% — review thesis
✅ 05:23:19 UTC — No new P&L alerts
✅ 05:28:23 UTC — No new P&L alerts
✅ 05:33:27 UTC — No new P&L alerts
✅ 05:38:31 UTC — No new P&L alerts
✅ 05:43:35 UTC — No new P&L alerts
✅ 05:48:39 UTC — No new P&L alerts
✅ 05:53:43 UTC — No new P&L alerts
✅ 05:58:47 UTC — No new P&L alerts
✅ 06:02:15 UTC — No new P&L alerts
✅ 06:07:19 UTC — No new P&L alerts
✅ 06:12:23 UTC — No new P&L alerts
✅ 06:17:27 UTC — No new P&L alerts
✅ 06:22:31 UTC — No new P&L alerts
✅ 06:27:35 UTC — No new P&L alerts
✅ 06:32:39 UTC — No new P&L alerts
✅ 06:37:43 UTC — No new P&L alerts
✅ 06:42:47 UTC — No new P&L alerts
✅ 06:47:51 UTC — No new P&L alerts
✅ 06:52:54 UTC — No new P&L alerts
✅ 06:57:58 UTC — No new P&L alerts
✅ 07:03:02 UTC — No new P&L alerts
✅ 07:08:05 UTC — No new P&L alerts
✅ 07:13:09 UTC — No new P&L alerts
✅ 07:18:13 UTC — No new P&L alerts
✅ 07:23:16 UTC — No new P&L alerts
✅ 07:28:20 UTC — No new P&L alerts
✅ 07:33:24 UTC — No new P&L alerts
✅ 07:38:28 UTC — No new P&L alerts
✅ 07:43:31 UTC — No new P&L alerts
✅ 07:48:35 UTC — No new P&L alerts
📈 Trail or add? tars LONG BTC-USD: +3.0% (entry $67334.00 → $69371.42)
📈 Trail or add? vex LONG BTC-USD: +3.2% (entry $67200.00 → $69371.42)
✅ 07:58:48 UTC — No new P&L alerts
✅ 08:03:52 UTC — No new P&L alerts
📈 Trail or add? tars LONG ETH-USD: +3.1% (entry $1952.00 → $2012.44)
✅ 08:13:59 UTC — No new P&L alerts
✅ 08:19:03 UTC — No new P&L alerts
✅ 08:24:42 UTC — No new P&L alerts
✅ 08:29:46 UTC — No new P&L alerts
✅ 08:34:49 UTC — No new P&L alerts
✅ 08:39:54 UTC — No new P&L alerts
📈 Trail or add? eddie_v LONG BTC-USD: +3.0% (entry $67793.91 → $69844.81)
📈 Trail or add? eddie_v LONG ETH-USD: +3.1% (entry $1962.71 → $2023.32)
📈 Trail or add? alfred LONG BTC-USD: +3.5% (entry $68036.84 → $70445.02)
📈 Trail or add? alfred LONG ETH-USD: +3.5% (entry $1974.00 → $2042.71)
📈 Trail or add? vex LONG ETH-USD: +4.0% (entry $1965.00 → $2042.71)
🚀 TRAIL OR ADD? vex LONG SOL-USD: +5.2% (entry $83.80 → $88.12)
  🔪 AUTO-SCALE: SELL 11.85x SOL-USD @ $88.12 (+5.2%)
[ROUTING] Crypto trade routed to vex_crypto
ERROR logging trade: 400 {"code":"PGRST204","details":null,"hint":null,"message":"Could not find the 'lane' column of 'trades' in the schema cache"}
🚀 TRAIL OR ADD? tars LONG BTC-USD: +5.0% (entry $67334.00 → $70716.45)
  🔪 AUTO-SCALE: SELL 0.13875x BTC-USD @ $70716.45 (+5.0%)
[ROUTING] Crypto trade routed to tars_crypto
ERROR logging trade: 400 {"code":"PGRST204","details":null,"hint":null,"message":"Could not find the 'lane' column of 'trades' in the schema cache"}
🚀 TRAIL OR ADD? vex LONG BTC-USD: +5.2% (entry $67200.00 → $70716.45)
  🔪 AUTO-SCALE: SELL 0.10225x BTC-USD @ $70716.45 (+5.2%)
[ROUTING] Crypto trade routed to vex_crypto
ERROR logging trade: 400 {"code":"PGRST204","details":null,"hint":null,"message":"Could not find the 'lane' column of 'trades' in the schema cache"}
📈 Trail or add? alfred LONG NEAR-USD: +3.8% (entry $1.35 → $1.40)
🚀 TRAIL OR ADD? tars LONG ETH-USD: +5.2% (entry $1952.00 → $2053.72)
  🔪 AUTO-SCALE: SELL 1.25x ETH-USD @ $2053.72 (+5.2%)
[ROUTING] Crypto trade routed to tars_crypto
ERROR logging trade: 400 {"code":"PGRST204","details":null,"hint":null,"message":"Could not find the 'lane' column of 'trades' in the schema cache"}
📈 Trail or add? eddie_v LONG AVAX-USD: +3.2% (entry $9.09 → $9.38)
📈 Trail or add? eddie_v LONG RNDR-USD: +378.8% (entry $1.42 → $6.80)
🚀 TRAIL OR ADD? eddie_v LONG RNDR-USD: +378.8% (entry $1.42 → $6.80)
  🔪 AUTO-SCALE: SELL 362.713575x RNDR-USD @ $6.80 (+378.8%)
[ROUTING] Crypto trade routed to eddie_v_crypto
ERROR logging trade: 400 {"code":"PGRST204","details":null,"hint":null,"message":"Could not find the 'lane' column of 'trades' in the schema cache"}
🚀 TRAIL OR ADD? eddie_v LONG RNDR-USD: +378.8% (entry $1.42 → $6.80)
  🔪 AUTO-SCALE: SELL 725.42715x RNDR-USD @ $6.80 (+378.8%)
[ROUTING] Crypto trade routed to eddie_v_crypto
ERROR logging trade: 400 {"code":"PGRST204","details":null,"hint":null,"message":"Could not find the 'lane' column of 'trades' in the schema cache"}
🚀 TRAIL OR ADD? eddie_v LONG ETH-USD: +5.0% (entry $1962.71 → $2061.57)
  🔪 AUTO-SCALE: SELL 0.25475x ETH-USD @ $2061.57 (+5.0%)
[ROUTING] Crypto trade routed to eddie_v_crypto
ERROR logging trade: 400 {"code":"PGRST204","details":null,"hint":null,"message":"Could not find the 'lane' column of 'trades' in the schema cache"}
🚀 TRAIL OR ADD? vex LONG ETH-USD: +5.2% (entry $1965.00 → $2067.46)
  🔪 AUTO-SCALE: SELL 1.565x ETH-USD @ $2067.46 (+5.2%)
[ROUTING] Crypto trade routed to vex_crypto
ERROR logging trade: 400 {"code":"PGRST204","details":null,"hint":null,"message":"Could not find the 'lane' column of 'trades' in the schema cache"}
🚀 TRAIL OR ADD? alfred LONG ETH-USD: +5.2% (entry $1974.00 → $2076.10)
  🔪 AUTO-SCALE: SELL 1.0x ETH-USD @ $2076.10 (+5.2%)
[ROUTING] Crypto trade routed to alfred_crypto
ERROR logging trade: 400 {"code":"PGRST204","details":null,"hint":null,"message":"Could not find the 'lane' column of 'trades' in the schema cache"}
🚀 TRAIL OR ADD? eddie_v LONG BTC-USD: +5.2% (entry $67793.91 → $71338.66)
  🔪 AUTO-SCALE: SELL 0.03615x BTC-USD @ $71338.66 (+5.2%)
[ROUTING] Crypto trade routed to eddie_v_crypto
ERROR logging trade: 400 {"code":"PGRST204","details":null,"hint":null,"message":"Could not find the 'lane' column of 'trades' in the schema cache"}
✅ 09:25:34 UTC — No new P&L alerts
✅ 09:30:37 UTC — No new P&L alerts
✅ 09:35:41 UTC — No new P&L alerts
🚀 TRAIL OR ADD? alfred LONG BTC-USD: +5.2% (entry $68036.84 → $71558.31)
  🔪 AUTO-SCALE: SELL 0.0475x BTC-USD @ $71558.31 (+5.2%)
[ROUTING] Crypto trade routed to alfred_crypto
ERROR logging trade: 400 {"code":"PGRST204","details":null,"hint":null,"message":"Could not find the 'lane' column of 'trades' in the schema cache"}
🚀 TRAIL OR ADD? vex LONG SOL-USD: +8.6% (entry $83.80 → $90.99)
  🔪 AUTO-SCALE: SELL 23.7x SOL-USD @ $90.99 (+8.6%)
[ROUTING] Crypto trade routed to vex_crypto
ERROR logging trade: 400 {"code":"PGRST204","details":null,"hint":null,"message":"Could not find the 'lane' column of 'trades' in the schema cache"}
✅ 09:45:50 UTC — No new P&L alerts
✅ 09:50:54 UTC — No new P&L alerts
✅ 09:55:57 UTC — No new P&L alerts
✅ 10:01:01 UTC — No new P&L alerts
✅ 10:06:05 UTC — No new P&L alerts
✅ 10:11:09 UTC — No new P&L alerts
✅ 10:16:13 UTC — No new P&L alerts
✅ 10:21:17 UTC — No new P&L alerts
✅ 10:26:21 UTC — No new P&L alerts
✅ 10:31:25 UTC — No new P&L alerts
✅ 10:36:29 UTC — No new P&L alerts
✅ 10:41:33 UTC — No new P&L alerts
✅ 10:46:37 UTC — No new P&L alerts
✅ 10:51:41 UTC — No new P&L alerts
✅ 10:56:45 UTC — No new P&L alerts
✅ 11:01:51 UTC — No new P&L alerts
✅ 11:06:54 UTC — No new P&L alerts
✅ 11:11:59 UTC — No new P&L alerts
✅ 11:17:03 UTC — No new P&L alerts
✅ 11:22:07 UTC — No new P&L alerts
✅ 11:27:11 UTC — No new P&L alerts
✅ 11:32:15 UTC — No new P&L alerts
✅ 11:37:19 UTC — No new P&L alerts
✅ 11:42:33 UTC — No new P&L alerts
✅ 11:47:37 UTC — No new P&L alerts
✅ 11:52:41 UTC — No new P&L alerts
✅ 11:57:45 UTC — No new P&L alerts
✅ 12:02:50 UTC — No new P&L alerts
✅ 12:07:54 UTC — No new P&L alerts
✅ 12:12:58 UTC — No new P&L alerts
✅ 12:18:02 UTC — No new P&L alerts
✅ 12:23:06 UTC — No new P&L alerts
✅ 12:28:10 UTC — No new P&L alerts
✅ 12:33:14 UTC — No new P&L alerts
✅ 12:38:18 UTC — No new P&L alerts
✅ 12:43:22 UTC — No new P&L alerts
⚠️ APPROACHING STOP: alfred LONG NEAR-USD at -1.5% — review thesis
✅ 12:53:31 UTC — No new P&L alerts
✅ 12:58:34 UTC — No new P&L alerts
✅ 13:03:39 UTC — No new P&L alerts
✅ 13:08:43 UTC — No new P&L alerts
✅ 13:13:47 UTC — No new P&L alerts
✅ 13:18:51 UTC — No new P&L alerts
✅ 13:23:55 UTC — No new P&L alerts
✅ 13:28:59 UTC — No new P&L alerts
✅ 13:34:03 UTC — No new P&L alerts
✅ 13:39:08 UTC — No new P&L alerts
✅ 13:44:11 UTC — No new P&L alerts
✅ 13:49:15 UTC — No new P&L alerts
✅ 13:54:20 UTC — No new P&L alerts
✅ 13:59:24 UTC — No new P&L alerts
✅ 14:04:28 UTC — No new P&L alerts
✅ 14:09:32 UTC — No new P&L alerts
⚠️ APPROACHING STOP: tars LONG BTC-USD at -20.2% — review thesis
⚠️ APPROACHING STOP: tars LONG ETH-USD at -20.4% — review thesis
✅ 14:19:41 UTC — No new P&L alerts
✅ 14:24:45 UTC — No new P&L alerts
✅ 14:29:48 UTC — No new P&L alerts
⚠️ APPROACHING STOP: eddie_v LONG SQQQ at -1.6% — review thesis
✅ 14:39:53 UTC — No new P&L alerts
✅ 14:44:55 UTC — No new P&L alerts
✅ 14:49:57 UTC — No new P&L alerts
✅ 14:55:00 UTC — No new P&L alerts
✅ 15:00:02 UTC — No new P&L alerts
✅ 15:05:04 UTC — No new P&L alerts
✅ 15:10:06 UTC — No new P&L alerts
✅ 15:15:09 UTC — No new P&L alerts
✅ 15:20:11 UTC — No new P&L alerts
✅ 15:25:13 UTC — No new P&L alerts
✅ 15:30:15 UTC — No new P&L alerts
🚀 TRAIL OR ADD? eddie_v LONG AVAX-USD: +5.3% (entry $9.09 → $9.57)
  🔪 AUTO-SCALE: SELL 55.15x AVAX-USD @ $9.57 (+5.3%)
[ROUTING] Crypto trade routed to eddie_v_crypto
ERROR logging trade: 400 {"code":"PGRST204","details":null,"hint":null,"message":"Could not find the 'lane' column of 'trades' in the schema cache"}
⚠️ APPROACHING STOP: vex LONG BTC at -100.0% — review thesis
⚠️ APPROACHING STOP: vex LONG ETH at -99.1% — review thesis
✅ 15:45:23 UTC — No new P&L alerts
✅ 15:50:26 UTC — No new P&L alerts
✅ 15:55:29 UTC — No new P&L alerts
✅ 16:00:32 UTC — No new P&L alerts
✅ 16:05:35 UTC — No new P&L alerts
✅ 16:10:38 UTC — No new P&L alerts
📈 Trail or add? eddie_v LONG GLD: +100.4% (entry $235.84 → $472.61)
🚀 TRAIL OR ADD? eddie_v LONG GLD: +100.4% (entry $235.84 → $472.61)
  🔪 AUTO-SCALE: SELL 12.5x GLD @ $472.61 (+100.4%)
⚠️  GUARD BLOCKED portfolio update:
   ❌ Return of +111.8% exceeds 50.0% cap — likely data bug
✅ Logged: eddie_v SELL 12.5x GLD @ $472.61 ($5907.62)
   Trade ID: EDV-78222968
🚀 TRAIL OR ADD? eddie_v LONG GLD: +100.4% (entry $235.84 → $472.61)
  🔪 AUTO-SCALE: SELL 25.0x GLD @ $472.61 (+100.4%)
❌ DEDUP BLOCKED: eddie_v already did SELL GLD within 2 minutes
✅ 16:20:45 UTC — No new P&L alerts
📈 Trail or add? vex LONG SUI: +14724.9% (entry $0.91 → $135.06)
🚀 TRAIL OR ADD? vex LONG SUI: +14724.9% (entry $0.91 → $135.06)
  🔪 AUTO-SCALE: SELL 732.0x SUI @ $135.06 (+14724.9%)
[ROUTING] Crypto trade routed to vex_crypto
WARNING: No portfolio found for vex_crypto
✅ Logged: vex_crypto SELL 732.0x SUI @ $135.055 ($98860.26)
   Trade ID: VEX-bd689ecb
🚀 TRAIL OR ADD? vex LONG SUI: +14724.9% (entry $0.91 → $135.06)
  🔪 AUTO-SCALE: SELL 1464.0x SUI @ $135.06 (+14724.9%)
[ROUTING] Crypto trade routed to vex_crypto
❌ DEDUP BLOCKED: vex_crypto already did SELL SUI within 2 minutes
⚠️ APPROACHING STOP: vex LONG XLE at -3.3% — review thesis
🚀 TRAIL OR ADD? vex LONG ETH-USD: +8.7% (entry $1973.00 → $2145.54)
  🔪 AUTO-SCALE: SELL 0.95x ETH-USD @ $2145.54 (+8.7%)
[ROUTING] Crypto trade routed to vex_crypto
WARNING: No portfolio found for vex_crypto
✅ Logged: vex_crypto SELL 0.95x ETH-USD @ $2145.5432 ($2038.27)
   Trade ID: VEX-5cc5f1d3
⚠️ APPROACHING STOP: vex LONG GDX-USD at -99.9% — review thesis
⚠️ APPROACHING STOP: vex LONG GLD-USD at -100.0% — review thesis
⚠️ APPROACHING STOP: vex LONG SUI-USD at -100.0% — review thesis
🚀 TRAIL OR ADD? eddie_v LONG ETH-USD: +8.7% (entry $1973.00 → $2145.54)
  🔪 AUTO-SCALE: SELL 0.6x ETH-USD @ $2145.54 (+8.7%)
[ROUTING] Crypto trade routed to eddie_v_crypto
WARNING: No portfolio found for eddie_v_crypto
✅ Logged: eddie_v_crypto SELL 0.6x ETH-USD @ $2145.5432 ($1287.33)
   Trade ID: EDV-fe534676
✅ 16:36:00 UTC — No new P&L alerts
⚠️ APPROACHING STOP: eddie_v LONG BTC-USD at -18.9% — review thesis
✅ 16:46:08 UTC — No new P&L alerts
✅ 16:51:12 UTC — No new P&L alerts
✅ 16:56:16 UTC — No new P&L alerts
✅ 17:01:21 UTC — No new P&L alerts
✅ 17:02:34 UTC — No new P&L alerts
✅ 17:07:38 UTC — No new P&L alerts
✅ 17:12:43 UTC — No new P&L alerts
✅ 17:17:47 UTC — No new P&L alerts
✅ 17:22:52 UTC — No new P&L alerts
✅ 17:27:57 UTC — No new P&L alerts
✅ 17:33:01 UTC — No new P&L alerts
✅ 17:38:06 UTC — No new P&L alerts
✅ 17:43:10 UTC — No new P&L alerts
✅ 17:48:15 UTC — No new P&L alerts
✅ 17:53:19 UTC — No new P&L alerts
✅ 17:58:24 UTC — No new P&L alerts
✅ 18:03:29 UTC — No new P&L alerts
✅ 18:08:34 UTC — No new P&L alerts
✅ 18:13:38 UTC — No new P&L alerts
✅ 18:18:43 UTC — No new P&L alerts
✅ 18:23:49 UTC — No new P&L alerts
✅ 18:28:55 UTC — No new P&L alerts
📈 Trail or add? vex LONG MRNA: +3.0% (entry $54.83 → $56.49)
✅ 18:39:07 UTC — No new P&L alerts
✅ 18:44:12 UTC — No new P&L alerts
✅ 18:49:18 UTC — No new P&L alerts
✅ 18:54:23 UTC — No new P&L alerts
✅ 18:59:28 UTC — No new P&L alerts
🚀 TRAIL OR ADD? vex LONG MRNA: +5.2% (entry $54.83 → $57.67)
✅ 19:09:39 UTC — No new P&L alerts
✅ 19:14:45 UTC — No new P&L alerts
✅ 19:19:51 UTC — No new P&L alerts
🚀 TRAIL OR ADD? eddie_v LONG AVAX-USD: +8.7% (entry $8.97 → $9.75)
✅ 19:30:04 UTC — No new P&L alerts
✅ 19:35:09 UTC — No new P&L alerts
✅ 19:40:16 UTC — No new P&L alerts
✅ 19:45:23 UTC — No new P&L alerts
✅ 19:50:29 UTC — No new P&L alerts
✅ 19:55:35 UTC — No new P&L alerts
✅ 20:00:41 UTC — No new P&L alerts
🚀 TRAIL OR ADD? vex LONG MRNA: +8.1% (entry $54.83 → $59.28)
✅ 20:10:53 UTC — No new P&L alerts
✅ 20:15:59 UTC — No new P&L alerts
✅ 20:21:06 UTC — No new P&L alerts
✅ 20:26:12 UTC — No new P&L alerts
✅ 20:31:19 UTC — No new P&L alerts
✅ 20:36:24 UTC — No new P&L alerts
✅ 20:41:31 UTC — No new P&L alerts
✅ 20:46:38 UTC — No new P&L alerts
✅ 20:51:44 UTC — No new P&L alerts
✅ 20:56:53 UTC — No new P&L alerts
✅ 21:02:00 UTC — No new P&L alerts
✅ 21:07:08 UTC — No new P&L alerts
✅ 21:12:14 UTC — No new P&L alerts
✅ 21:17:20 UTC — No new P&L alerts
✅ 21:22:28 UTC — No new P&L alerts
✅ 21:27:34 UTC — No new P&L alerts
✅ 21:32:40 UTC — No new P&L alerts
✅ 21:37:51 UTC — No new P&L alerts
✅ 21:42:57 UTC — No new P&L alerts
✅ 21:48:03 UTC — No new P&L alerts
✅ 21:53:09 UTC — No new P&L alerts
✅ 21:58:16 UTC — No new P&L alerts
✅ 22:03:22 UTC — No new P&L alerts
✅ 22:08:36 UTC — No new P&L alerts
✅ 22:13:43 UTC — No new P&L alerts
✅ 22:18:48 UTC — No new P&L alerts
✅ 22:24:02 UTC — No new P&L alerts
✅ 22:29:07 UTC — No new P&L alerts
✅ 22:34:13 UTC — No new P&L alerts
✅ 22:39:18 UTC — No new P&L alerts
✅ 22:44:23 UTC — No new P&L alerts
✅ 22:49:28 UTC — No new P&L alerts
✅ 22:54:34 UTC — No new P&L alerts
⚠️ APPROACHING STOP: eddie_v LONG LINK-USD at -1.6% — review thesis
✅ 23:04:43 UTC — No new P&L alerts
✅ 23:09:48 UTC — No new P&L alerts
✅ 23:14:53 UTC — No new P&L alerts
✅ 23:19:57 UTC — No new P&L alerts
⚠️ APPROACHING STOP: eddie_v LONG ADA-USD at -1.7% — review thesis
⚠️ APPROACHING STOP: eddie_v LONG SOL-USD at -1.5% — review thesis
✅ 23:35:30 UTC — No new P&L alerts
⚠️ APPROACHING STOP: tars LONG SOL-USD at -1.6% — review thesis
✅ 23:45:45 UTC — No new P&L alerts
✅ 23:51:27 UTC — No new P&L alerts
✅ 23:56:32 UTC — No new P&L alerts
✅ 00:01:36 UTC — No new P&L alerts
✅ 00:06:40 UTC — No new P&L alerts
✅ 00:11:44 UTC — No new P&L alerts
✅ 00:16:49 UTC — No new P&L alerts
✅ 00:21:53 UTC — No new P&L alerts
✅ 00:26:57 UTC — No new P&L alerts
✅ 00:32:02 UTC — No new P&L alerts
✅ 00:37:06 UTC — No new P&L alerts
✅ 00:42:11 UTC — No new P&L alerts
✅ 00:47:15 UTC — No new P&L alerts
⚠️ APPROACHING STOP: alfred LONG ETH-USD at -2.9% — review thesis
⚠️ APPROACHING STOP: alfred LONG SOL-USD at -1.7% — review thesis
⚠️ APPROACHING STOP: alfred LONG RENDER-USD at -3.2% — review thesis
✅ 00:57:25 UTC — No new P&L alerts
✅ 01:02:28 UTC — No new P&L alerts
✅ 01:07:33 UTC — No new P&L alerts
✅ 01:12:36 UTC — No new P&L alerts
✅ 01:17:39 UTC — No new P&L alerts
✅ 01:22:43 UTC — No new P&L alerts
✅ 01:27:46 UTC — No new P&L alerts
✅ 01:32:49 UTC — No new P&L alerts
⚠️ APPROACHING STOP: tars LONG LINK-USD at -1.6% — review thesis
✅ 01:42:55 UTC — No new P&L alerts
⚠️ APPROACHING STOP: alfred LONG LINK-USD at -2.2% — review thesis
✅ 01:53:02 UTC — No new P&L alerts
✅ 01:58:05 UTC — No new P&L alerts
✅ 02:03:08 UTC — No new P&L alerts
✅ 02:08:11 UTC — No new P&L alerts
✅ 02:13:14 UTC — No new P&L alerts
✅ 02:18:18 UTC — No new P&L alerts
✅ 02:23:21 UTC — No new P&L alerts
✅ 02:28:24 UTC — No new P&L alerts
✅ 02:33:27 UTC — No new P&L alerts
✅ 02:38:30 UTC — No new P&L alerts
✅ 02:43:33 UTC — No new P&L alerts
✅ 02:48:37 UTC — No new P&L alerts
✅ 02:53:40 UTC — No new P&L alerts
✅ 02:58:43 UTC — No new P&L alerts
✅ 03:03:46 UTC — No new P&L alerts
✅ 03:08:49 UTC — No new P&L alerts
✅ 03:13:52 UTC — No new P&L alerts
✅ 03:18:55 UTC — No new P&L alerts
✅ 03:23:58 UTC — No new P&L alerts
✅ 03:29:01 UTC — No new P&L alerts
✅ 03:34:04 UTC — No new P&L alerts
✅ 03:39:08 UTC — No new P&L alerts
✅ 03:44:11 UTC — No new P&L alerts
