  ⚠️ Ledger shows negative cash ($-2452.47) — phantom trades detected. Capping at $0.

Ticker                 Qty    Avg Entry   Live Price        Value        P&L
---------------------------------------------------------------------------
BTC-USD             0.2068 $  71066.63 $  73033.00 $  15103.22 $  +406.65
  ⚠️ No live price for COIN, using entry
COIN               10.0000 $    210.49 $    210.49 $   2104.90 $    +0.00
  ⚠️ No live price for ETH-USD, using entry
ETH-USD             4.1500 $   2196.73 $   2196.73 $   9116.42 $    +0.00
  ⚠️ No live price for LINK-USD, using entry
LINK-USD          250.0000 $      9.48 $      9.48 $   2370.00 $    +0.00
  ⚠️ No live price for RENDER-USD, using entry
RENDER-USD       2193.0000 $      1.45 $      1.45 $   3179.85 $    +0.00
  ⚠️ No live price for SOL-USD, using entry
SOL-USD             3.2000 $     92.75 $     92.75 $    296.80 $    +0.00

Cash:           $      0.00
Positions:      $  32171.19
Total:          $  32171.19
Return:            -35.66%
Trades:         192

✅ Snapshot patched for alfred
  ⚠️ Ledger shows negative cash ($-2452.47) — phantom trades detected. Capping at $0.

Ticker                 Qty    Avg Entry   Live Price        Value        P&L
---------------------------------------------------------------------------
BTC-USD             0.2068 $  71066.63 $  73106.00 $  15118.32 $  +421.74
  ⚠️ No live price for COIN, using entry
COIN               10.0000 $    210.49 $    210.49 $   2104.90 $    +0.00
  ⚠️ No live price for ETH-USD, using entry
ETH-USD             4.1500 $   2196.73 $   2196.73 $   9116.42 $    +0.00
  ⚠️ No live price for LINK-USD, using entry
LINK-USD          250.0000 $      9.48 $      9.48 $   2370.00 $    +0.00
  ⚠️ No live price for RENDER-USD, using entry
RENDER-USD       2193.0000 $      1.45 $      1.45 $   3179.85 $    +0.00
  ⚠️ No live price for SOL-USD, using entry
SOL-USD             3.2000 $     92.75 $     92.75 $    296.80 $    +0.00

Cash:           $      0.00
Positions:      $  32186.29
Total:          $  32186.29
Return:            -35.63%
Trades:         192

✅ Snapshot patched for alfred
  ⚠️ Ledger shows negative cash ($-2452.47) — phantom trades detected. Capping at $0.

Ticker                 Qty    Avg Entry   Live Price        Value        P&L
---------------------------------------------------------------------------
BTC-USD             0.2068 $  71066.63 $  72882.00 $  15072.00 $  +375.42
  ⚠️ No live price for COIN, using entry
COIN               10.0000 $    210.49 $    210.49 $   2104.90 $    +0.00
  ⚠️ No live price for ETH-USD, using entry
ETH-USD             4.1500 $   2196.73 $   2196.73 $   9116.42 $    +0.00
  ⚠️ No live price for LINK-USD, using entry
LINK-USD          250.0000 $      9.48 $      9.48 $   2370.00 $    +0.00
  ⚠️ No live price for RENDER-USD, using entry
RENDER-USD       2193.0000 $      1.45 $      1.45 $   3179.85 $    +0.00
  ⚠️ No live price for SOL-USD, using entry
SOL-USD             3.2000 $     92.75 $     92.75 $    296.80 $    +0.00

Cash:           $      0.00
Positions:      $  32139.97
Total:          $  32139.97
Return:            -35.72%
Trades:         192

✅ Snapshot patched for alfred
  ⚠️ Ledger shows negative cash ($-2452.47) — phantom trades detected. Capping at $0.

Ticker                 Qty    Avg Entry   Live Price        Value        P&L
---------------------------------------------------------------------------
BTC-USD             0.2068 $  71066.63 $  72964.00 $  15088.96 $  +392.38
  ⚠️ No live price for COIN, using entry
COIN               10.0000 $    210.49 $    210.49 $   2104.90 $    +0.00
  ⚠️ No live price for ETH-USD, using entry
ETH-USD             4.1500 $   2196.73 $   2196.73 $   9116.42 $    +0.00
  ⚠️ No live price for LINK-USD, using entry
LINK-USD          250.0000 $      9.48 $      9.48 $   2370.00 $    +0.00
  ⚠️ No live price for RENDER-USD, using entry
RENDER-USD       2193.0000 $      1.45 $      1.45 $   3179.85 $    +0.00
  ⚠️ No live price for SOL-USD, using entry
SOL-USD             3.2000 $     92.75 $     92.75 $    296.80 $    +0.00

Cash:           $      0.00
Positions:      $  32156.93
Total:          $  32156.93
Return:            -35.69%
Trades:         192

✅ Snapshot patched for alfred
  ⚠️ Ledger shows negative cash ($-2452.47) — phantom trades detected. Capping at $0.

Ticker                 Qty    Avg Entry   Live Price        Value        P&L
---------------------------------------------------------------------------
BTC-USD             0.2068 $  71066.63 $  72909.00 $  15077.58 $  +381.00
  ⚠️ No live price for COIN, using entry
COIN               10.0000 $    210.49 $    210.49 $   2104.90 $    +0.00
  ⚠️ No live price for ETH-USD, using entry
ETH-USD             4.1500 $   2196.73 $   2196.73 $   9116.42 $    +0.00
  ⚠️ No live price for LINK-USD, using entry
LINK-USD          250.0000 $      9.48 $      9.48 $   2370.00 $    +0.00
  ⚠️ No live price for RENDER-USD, using entry
RENDER-USD       2193.0000 $      1.45 $      1.45 $   3179.85 $    +0.00
  ⚠️ No live price for SOL-USD, using entry
SOL-USD             3.2000 $     92.75 $     92.75 $    296.80 $    +0.00

Cash:           $      0.00
Positions:      $  32145.55
Total:          $  32145.55
Return:            -35.71%
Trades:         192

✅ Snapshot patched for alfred
  ⚠️ Ledger shows negative cash ($-2452.47) — phantom trades detected. Capping at $0.

Ticker                 Qty    Avg Entry   Live Price        Value        P&L
---------------------------------------------------------------------------
BTC-USD             0.2068 $  71066.63 $  72862.00 $  15067.86 $  +371.28
  ⚠️ No live price for COIN, using entry
COIN               10.0000 $    210.49 $    210.49 $   2104.90 $    +0.00
  ⚠️ No live price for ETH-USD, using entry
ETH-USD             4.1500 $   2196.73 $   2196.73 $   9116.42 $    +0.00
  ⚠️ No live price for LINK-USD, using entry
LINK-USD          250.0000 $      9.48 $      9.48 $   2370.00 $    +0.00
  ⚠️ No live price for RENDER-USD, using entry
RENDER-USD       2193.0000 $      1.45 $      1.45 $   3179.85 $    +0.00
  ⚠️ No live price for SOL-USD, using entry
SOL-USD             3.2000 $     92.75 $     92.75 $    296.80 $    +0.00

Cash:           $      0.00
Positions:      $  32135.83
Total:          $  32135.83
Return:            -35.73%
Trades:         192

✅ Snapshot patched for alfred
  ⚠️ Ledger shows negative cash ($-2452.47) — phantom trades detected. Capping at $0.

Ticker                 Qty    Avg Entry   Live Price        Value        P&L
---------------------------------------------------------------------------
BTC-USD             0.2068 $  71066.63 $  72741.00 $  15042.84 $  +346.26
  ⚠️ No live price for COIN, using entry
COIN               10.0000 $    210.49 $    210.49 $   2104.90 $    +0.00
  ⚠️ No live price for ETH-USD, using entry
ETH-USD             4.1500 $   2196.73 $   2196.73 $   9116.42 $    +0.00
  ⚠️ No live price for LINK-USD, using entry
LINK-USD          250.0000 $      9.48 $      9.48 $   2370.00 $    +0.00
  ⚠️ No live price for RENDER-USD, using entry
RENDER-USD       2193.0000 $      1.45 $      1.45 $   3179.85 $    +0.00
  ⚠️ No live price for SOL-USD, using entry
SOL-USD             3.2000 $     92.75 $     92.75 $    296.80 $    +0.00

Cash:           $      0.00
Positions:      $  32110.81
Total:          $  32110.81
Return:            -35.78%
Trades:         192

✅ Snapshot patched for alfred
  ⚠️ Ledger shows negative cash ($-2452.47) — phantom trades detected. Capping at $0.

Ticker                 Qty    Avg Entry   Live Price        Value        P&L
---------------------------------------------------------------------------
BTC-USD             0.2068 $  71066.63 $  72665.00 $  15027.12 $  +330.54
  ⚠️ No live price for COIN, using entry
COIN               10.0000 $    210.49 $    210.49 $   2104.90 $    +0.00
  ⚠️ No live price for ETH-USD, using entry
ETH-USD             4.1500 $   2196.73 $   2196.73 $   9116.42 $    +0.00
  ⚠️ No live price for LINK-USD, using entry
LINK-USD          250.0000 $      9.48 $      9.48 $   2370.00 $    +0.00
  ⚠️ No live price for RENDER-USD, using entry
RENDER-USD       2193.0000 $      1.45 $      1.45 $   3179.85 $    +0.00
  ⚠️ No live price for SOL-USD, using entry
SOL-USD             3.2000 $     92.75 $     92.75 $    296.80 $    +0.00

Cash:           $      0.00
Positions:      $  32095.09
Total:          $  32095.09
Return:            -35.81%
Trades:         192

✅ Snapshot patched for alfred
  ⚠️ Ledger shows negative cash ($-2452.47) — phantom trades detected. Capping at $0.

Ticker                 Qty    Avg Entry   Live Price        Value        P&L
---------------------------------------------------------------------------
  ⚠️ No live price for BTC-USD, using entry
BTC-USD             0.2068 $  71066.63 $  71066.63 $  14696.58 $    +0.00
  ⚠️ No live price for COIN, using entry
COIN               10.0000 $    210.49 $    210.49 $   2104.90 $    +0.00
  ⚠️ No live price for ETH-USD, using entry
ETH-USD             4.1500 $   2196.73 $   2196.73 $   9116.42 $    +0.00
  ⚠️ No live price for LINK-USD, using entry
LINK-USD          250.0000 $      9.48 $      9.48 $   2370.00 $    +0.00
  ⚠️ No live price for RENDER-USD, using entry
RENDER-USD       2193.0000 $      1.45 $      1.45 $   3179.85 $    +0.00
  ⚠️ No live price for SOL-USD, using entry
SOL-USD             3.2000 $     92.75 $     92.75 $    296.80 $    +0.00

Cash:           $      0.00
Positions:      $  31764.55
Total:          $  31764.55
Return:            -36.47%
Trades:         192

✅ Snapshot patched for alfred
  ⚠️ Ledger shows negative cash ($-2452.47) — phantom trades detected. Capping at $0.

Ticker                 Qty    Avg Entry   Live Price        Value        P&L
---------------------------------------------------------------------------
BTC-USD             0.2068 $  71066.63 $  72469.00 $  14986.59 $  +290.01
  ⚠️ No live price for COIN, using entry
COIN               10.0000 $    210.49 $    210.49 $   2104.90 $    +0.00
  ⚠️ No live price for ETH-USD, using entry
ETH-USD             4.1500 $   2196.73 $   2196.73 $   9116.42 $    +0.00
  ⚠️ No live price for LINK-USD, using entry
LINK-USD          250.0000 $      9.48 $      9.48 $   2370.00 $    +0.00
  ⚠️ No live price for RENDER-USD, using entry
RENDER-USD       2193.0000 $      1.45 $      1.45 $   3179.85 $    +0.00
  ⚠️ No live price for SOL-USD, using entry
SOL-USD             3.2000 $     92.75 $     92.75 $    296.80 $    +0.00

Cash:           $      0.00
Positions:      $  32054.56
Total:          $  32054.56
Return:            -35.89%
Trades:         192

✅ Snapshot patched for alfred
  ⚠️ Ledger shows negative cash ($-2452.47) — phantom trades detected. Capping at $0.

Ticker                 Qty    Avg Entry   Live Price        Value        P&L
---------------------------------------------------------------------------
BTC-USD             0.2068 $  71066.63 $  72621.00 $  15018.02 $  +321.44
  ⚠️ No live price for COIN, using entry
COIN               10.0000 $    210.49 $    210.49 $   2104.90 $    +0.00
  ⚠️ No live price for ETH-USD, using entry
ETH-USD             4.1500 $   2196.73 $   2196.73 $   9116.42 $    +0.00
  ⚠️ No live price for LINK-USD, using entry
LINK-USD          250.0000 $      9.48 $      9.48 $   2370.00 $    +0.00
  ⚠️ No live price for RENDER-USD, using entry
RENDER-USD       2193.0000 $      1.45 $      1.45 $   3179.85 $    +0.00
  ⚠️ No live price for SOL-USD, using entry
SOL-USD             3.2000 $     92.75 $     92.75 $    296.80 $    +0.00

Cash:           $      0.00
Positions:      $  32085.99
Total:          $  32085.99
Return:            -35.83%
Trades:         192

✅ Snapshot patched for alfred
  ⚠️ Ledger shows negative cash ($-2452.47) — phantom trades detected. Capping at $0.

Ticker                 Qty    Avg Entry   Live Price        Value        P&L
---------------------------------------------------------------------------
BTC-USD             0.2068 $  71066.63 $  72672.00 $  15028.57 $  +331.99
  ⚠️ No live price for COIN, using entry
COIN               10.0000 $    210.49 $    210.49 $   2104.90 $    +0.00
  ⚠️ No live price for ETH-USD, using entry
ETH-USD             4.1500 $   2196.73 $   2196.73 $   9116.42 $    +0.00
  ⚠️ No live price for LINK-USD, using entry
LINK-USD          250.0000 $      9.48 $      9.48 $   2370.00 $    +0.00
  ⚠️ No live price for RENDER-USD, using entry
RENDER-USD       2193.0000 $      1.45 $      1.45 $   3179.85 $    +0.00
  ⚠️ No live price for SOL-USD, using entry
SOL-USD             3.2000 $     92.75 $     92.75 $    296.80 $    +0.00

Cash:           $      0.00
Positions:      $  32096.54
Total:          $  32096.54
Return:            -35.81%
Trades:         192

✅ Snapshot patched for alfred
  ⚠️ Ledger shows negative cash ($-2452.47) — phantom trades detected. Capping at $0.

Ticker                 Qty    Avg Entry   Live Price        Value        P&L
---------------------------------------------------------------------------
BTC-USD             0.2068 $  71066.63 $  72743.00 $  15043.25 $  +346.67
  ⚠️ No live price for COIN, using entry
COIN               10.0000 $    210.49 $    210.49 $   2104.90 $    +0.00
  ⚠️ No live price for ETH-USD, using entry
ETH-USD             4.1500 $   2196.73 $   2196.73 $   9116.42 $    +0.00
  ⚠️ No live price for LINK-USD, using entry
LINK-USD          250.0000 $      9.48 $      9.48 $   2370.00 $    +0.00
  ⚠️ No live price for RENDER-USD, using entry
RENDER-USD       2193.0000 $      1.45 $      1.45 $   3179.85 $    +0.00
  ⚠️ No live price for SOL-USD, using entry
SOL-USD             3.2000 $     92.75 $     92.75 $    296.80 $    +0.00

Cash:           $      0.00
Positions:      $  32111.22
Total:          $  32111.22
Return:            -35.78%
Trades:         192

✅ Snapshot patched for alfred
  ⚠️ Ledger shows negative cash ($-2452.47) — phantom trades detected. Capping at $0.

Ticker                 Qty    Avg Entry   Live Price        Value        P&L
---------------------------------------------------------------------------
BTC-USD             0.2068 $  71066.63 $  72825.00 $  15060.21 $  +363.63
  ⚠️ No live price for COIN, using entry
COIN               10.0000 $    210.49 $    210.49 $   2104.90 $    +0.00
ETH-USD             4.1500 $   2196.73 $   2130.32 $   8840.83 $  -275.59
  ⚠️ No live price for LINK-USD, using entry
LINK-USD          250.0000 $      9.48 $      9.48 $   2370.00 $    +0.00
  ⚠️ No live price for RENDER-USD, using entry
RENDER-USD       2193.0000 $      1.45 $      1.45 $   3179.85 $    +0.00
  ⚠️ No live price for SOL-USD, using entry
SOL-USD             3.2000 $     92.75 $     92.75 $    296.80 $    +0.00

Cash:           $      0.00
Positions:      $  31852.59
Total:          $  31852.59
Return:            -36.29%
Trades:         192

✅ Snapshot patched for alfred
  ⚠️ Ledger shows negative cash ($-2452.47) — phantom trades detected. Capping at $0.

Ticker                 Qty    Avg Entry   Live Price        Value        P&L
---------------------------------------------------------------------------
BTC-USD             0.2068 $  71066.63 $  72823.00 $  15059.80 $  +363.22
  ⚠️ No live price for COIN, using entry
COIN               10.0000 $    210.49 $    210.49 $   2104.90 $    +0.00
  ⚠️ No live price for ETH-USD, using entry
ETH-USD             4.1500 $   2196.73 $   2196.73 $   9116.42 $    +0.00
  ⚠️ No live price for LINK-USD, using entry
LINK-USD          250.0000 $      9.48 $      9.48 $   2370.00 $    +0.00
  ⚠️ No live price for RENDER-USD, using entry
RENDER-USD       2193.0000 $      1.45 $      1.45 $   3179.85 $    +0.00
  ⚠️ No live price for SOL-USD, using entry
SOL-USD             3.2000 $     92.75 $     92.75 $    296.80 $    +0.00

Cash:           $      0.00
Positions:      $  32127.77
Total:          $  32127.77
Return:            -35.74%
Trades:         192

✅ Snapshot patched for alfred
  ⚠️ Ledger shows negative cash ($-2452.47) — phantom trades detected. Capping at $0.

Ticker                 Qty    Avg Entry   Live Price        Value        P&L
---------------------------------------------------------------------------
BTC-USD             0.2068 $  71066.63 $  72716.00 $  15037.67 $  +341.09
  ⚠️ No live price for COIN, using entry
COIN               10.0000 $    210.49 $    210.49 $   2104.90 $    +0.00
  ⚠️ No live price for ETH-USD, using entry
ETH-USD             4.1500 $   2196.73 $   2196.73 $   9116.42 $    +0.00
  ⚠️ No live price for LINK-USD, using entry
LINK-USD          250.0000 $      9.48 $      9.48 $   2370.00 $    +0.00
  ⚠️ No live price for RENDER-USD, using entry
RENDER-USD       2193.0000 $      1.45 $      1.45 $   3179.85 $    +0.00
  ⚠️ No live price for SOL-USD, using entry
SOL-USD             3.2000 $     92.75 $     92.75 $    296.80 $    +0.00

Cash:           $      0.00
Positions:      $  32105.64
Total:          $  32105.64
Return:            -35.79%
Trades:         192

✅ Snapshot patched for alfred
  ⚠️ Ledger shows negative cash ($-2452.47) — phantom trades detected. Capping at $0.

Ticker                 Qty    Avg Entry   Live Price        Value        P&L
---------------------------------------------------------------------------
BTC-USD             0.2068 $  71066.63 $  72593.00 $  15012.23 $  +315.65
  ⚠️ No live price for COIN, using entry
COIN               10.0000 $    210.49 $    210.49 $   2104.90 $    +0.00
ETH-USD             4.1500 $   2196.73 $   2121.27 $   8803.27 $  -313.15
  ⚠️ No live price for LINK-USD, using entry
LINK-USD          250.0000 $      9.48 $      9.48 $   2370.00 $    +0.00
  ⚠️ No live price for RENDER-USD, using entry
RENDER-USD       2193.0000 $      1.45 $      1.45 $   3179.85 $    +0.00
  ⚠️ No live price for SOL-USD, using entry
SOL-USD             3.2000 $     92.75 $     92.75 $    296.80 $    +0.00

Cash:           $      0.00
Positions:      $  31767.05
Total:          $  31767.05
Return:            -36.47%
Trades:         192

✅ Snapshot patched for alfred
  ⚠️ Ledger shows negative cash ($-2452.47) — phantom trades detected. Capping at $0.

Ticker                 Qty    Avg Entry   Live Price        Value        P&L
---------------------------------------------------------------------------
BTC-USD             0.2068 $  71066.63 $  72480.00 $  14988.86 $  +292.29
  ⚠️ No live price for COIN, using entry
COIN               10.0000 $    210.49 $    210.49 $   2104.90 $    +0.00
ETH-USD             4.1500 $   2196.73 $   2121.19 $   8802.94 $  -313.48
  ⚠️ No live price for LINK-USD, using entry
LINK-USD          250.0000 $      9.48 $      9.48 $   2370.00 $    +0.00
  ⚠️ No live price for RENDER-USD, using entry
RENDER-USD       2193.0000 $      1.45 $      1.45 $   3179.85 $    +0.00
  ⚠️ No live price for SOL-USD, using entry
SOL-USD             3.2000 $     92.75 $     92.75 $    296.80 $    +0.00

Cash:           $      0.00
Positions:      $  31743.35
Total:          $  31743.35
Return:            -36.51%
Trades:         192

✅ Snapshot patched for alfred
  ⚠️ Ledger shows negative cash ($-2452.47) — phantom trades detected. Capping at $0.

Ticker                 Qty    Avg Entry   Live Price        Value        P&L
---------------------------------------------------------------------------
  ⚠️ No live price for BTC-USD, using entry
BTC-USD             0.2068 $  71066.63 $  71066.63 $  14696.58 $    +0.00
  ⚠️ No live price for COIN, using entry
COIN               10.0000 $    210.49 $    210.49 $   2104.90 $    +0.00
  ⚠️ No live price for ETH-USD, using entry
ETH-USD             4.1500 $   2196.73 $   2196.73 $   9116.42 $    +0.00
  ⚠️ No live price for LINK-USD, using entry
LINK-USD          250.0000 $      9.48 $      9.48 $   2370.00 $    +0.00
  ⚠️ No live price for RENDER-USD, using entry
RENDER-USD       2193.0000 $      1.45 $      1.45 $   3179.85 $    +0.00
  ⚠️ No live price for SOL-USD, using entry
SOL-USD             3.2000 $     92.75 $     92.75 $    296.80 $    +0.00

Cash:           $      0.00
Positions:      $  31764.55
Total:          $  31764.55
Return:            -36.47%
Trades:         192

✅ Snapshot patched for alfred
  ⚠️ Ledger shows negative cash ($-2452.47) — phantom trades detected. Capping at $0.

Ticker                 Qty    Avg Entry   Live Price        Value        P&L
---------------------------------------------------------------------------
  ⚠️ No live price for BTC-USD, using entry
BTC-USD             0.2068 $  71066.63 $  71066.63 $  14696.58 $    +0.00
  ⚠️ No live price for COIN, using entry
COIN               10.0000 $    210.49 $    210.49 $   2104.90 $    +0.00
  ⚠️ No live price for ETH-USD, using entry
ETH-USD             4.1500 $   2196.73 $   2196.73 $   9116.42 $    +0.00
  ⚠️ No live price for LINK-USD, using entry
LINK-USD          250.0000 $      9.48 $      9.48 $   2370.00 $    +0.00
  ⚠️ No live price for RENDER-USD, using entry
RENDER-USD       2193.0000 $      1.45 $      1.45 $   3179.85 $    +0.00
  ⚠️ No live price for SOL-USD, using entry
SOL-USD             3.2000 $     92.75 $     92.75 $    296.80 $    +0.00

Cash:           $      0.00
Positions:      $  31764.55
Total:          $  31764.55
Return:            -36.47%
Trades:         192

✅ Snapshot patched for alfred
  ⚠️ Ledger shows negative cash ($-2452.47) — phantom trades detected. Capping at $0.

Ticker                 Qty    Avg Entry   Live Price        Value        P&L
---------------------------------------------------------------------------
BTC-USD             0.2068 $  71066.63 $  72552.00 $  15003.75 $  +307.17
  ⚠️ No live price for COIN, using entry
COIN               10.0000 $    210.49 $    210.49 $   2104.90 $    +0.00
ETH-USD             4.1500 $   2196.73 $   2121.60 $   8804.64 $  -311.78
  ⚠️ No live price for LINK-USD, using entry
LINK-USD          250.0000 $      9.48 $      9.48 $   2370.00 $    +0.00
  ⚠️ No live price for RENDER-USD, using entry
RENDER-USD       2193.0000 $      1.45 $      1.45 $   3179.85 $    +0.00
  ⚠️ No live price for SOL-USD, using entry
SOL-USD             3.2000 $     92.75 $     92.75 $    296.80 $    +0.00

Cash:           $      0.00
Positions:      $  31759.94
Total:          $  31759.94
Return:            -36.48%
Trades:         192

✅ Snapshot patched for alfred
  ⚠️ Ledger shows negative cash ($-2452.47) — phantom trades detected. Capping at $0.

Ticker                 Qty    Avg Entry   Live Price        Value        P&L
---------------------------------------------------------------------------
BTC-USD             0.2068 $  71066.63 $  72434.00 $  14979.35 $  +282.77
  ⚠️ No live price for COIN, using entry
COIN               10.0000 $    210.49 $    210.49 $   2104.90 $    +0.00
ETH-USD             4.1500 $   2196.73 $   2120.18 $   8798.75 $  -317.67
  ⚠️ No live price for LINK-USD, using entry
LINK-USD          250.0000 $      9.48 $      9.48 $   2370.00 $    +0.00
  ⚠️ No live price for RENDER-USD, using entry
RENDER-USD       2193.0000 $      1.45 $      1.45 $   3179.85 $    +0.00
  ⚠️ No live price for SOL-USD, using entry
SOL-USD             3.2000 $     92.75 $     92.75 $    296.80 $    +0.00

Cash:           $      0.00
Positions:      $  31729.65
Total:          $  31729.65
Return:            -36.54%
Trades:         192

✅ Snapshot patched for alfred
  ⚠️ Ledger shows negative cash ($-2452.47) — phantom trades detected. Capping at $0.

Ticker                 Qty    Avg Entry   Live Price        Value        P&L
---------------------------------------------------------------------------
BTC-USD             0.2068 $  71066.63 $  72533.00 $  14999.82 $  +303.25
  ⚠️ No live price for COIN, using entry
COIN               10.0000 $    210.49 $    210.49 $   2104.90 $    +0.00
  ⚠️ No live price for ETH-USD, using entry
ETH-USD             4.1500 $   2196.73 $   2196.73 $   9116.42 $    +0.00
  ⚠️ No live price for LINK-USD, using entry
LINK-USD          250.0000 $      9.48 $      9.48 $   2370.00 $    +0.00
  ⚠️ No live price for RENDER-USD, using entry
RENDER-USD       2193.0000 $      1.45 $      1.45 $   3179.85 $    +0.00
  ⚠️ No live price for SOL-USD, using entry
SOL-USD             3.2000 $     92.75 $     92.75 $    296.80 $    +0.00

Cash:           $      0.00
Positions:      $  32067.79
Total:          $  32067.79
Return:            -35.86%
Trades:         192

✅ Snapshot patched for alfred
  ⚠️ Ledger shows negative cash ($-2452.47) — phantom trades detected. Capping at $0.

Ticker                 Qty    Avg Entry   Live Price        Value        P&L
---------------------------------------------------------------------------
BTC-USD             0.2068 $  71066.63 $  72724.00 $  15039.32 $  +342.74
  ⚠️ No live price for COIN, using entry
COIN               10.0000 $    210.49 $    210.49 $   2104.90 $    +0.00
  ⚠️ No live price for ETH-USD, using entry
ETH-USD             4.1500 $   2196.73 $   2196.73 $   9116.42 $    +0.00
  ⚠️ No live price for LINK-USD, using entry
LINK-USD          250.0000 $      9.48 $      9.48 $   2370.00 $    +0.00
  ⚠️ No live price for RENDER-USD, using entry
RENDER-USD       2193.0000 $      1.45 $      1.45 $   3179.85 $    +0.00
  ⚠️ No live price for SOL-USD, using entry
SOL-USD             3.2000 $     92.75 $     92.75 $    296.80 $    +0.00

Cash:           $      0.00
Positions:      $  32107.29
Total:          $  32107.29
Return:            -35.79%
Trades:         192

✅ Snapshot patched for alfred
  ⚠️ Ledger shows negative cash ($-2452.47) — phantom trades detected. Capping at $0.

Ticker                 Qty    Avg Entry   Live Price        Value        P&L
---------------------------------------------------------------------------
BTC-USD             0.2068 $  71066.63 $  72596.00 $  15012.85 $  +316.27
  ⚠️ No live price for COIN, using entry
COIN               10.0000 $    210.49 $    210.49 $   2104.90 $    +0.00
  ⚠️ No live price for ETH-USD, using entry
ETH-USD             4.1500 $   2196.73 $   2196.73 $   9116.42 $    +0.00
  ⚠️ No live price for LINK-USD, using entry
LINK-USD          250.0000 $      9.48 $      9.48 $   2370.00 $    +0.00
  ⚠️ No live price for RENDER-USD, using entry
RENDER-USD       2193.0000 $      1.45 $      1.45 $   3179.85 $    +0.00
  ⚠️ No live price for SOL-USD, using entry
SOL-USD             3.2000 $     92.75 $     92.75 $    296.80 $    +0.00

Cash:           $      0.00
Positions:      $  32080.82
Total:          $  32080.82
Return:            -35.84%
Trades:         192

✅ Snapshot patched for alfred
  ⚠️ Ledger shows negative cash ($-2452.47) — phantom trades detected. Capping at $0.

Ticker                 Qty    Avg Entry   Live Price        Value        P&L
---------------------------------------------------------------------------
  ⚠️ No live price for BTC-USD, using entry
BTC-USD             0.2068 $  71066.63 $  71066.63 $  14696.58 $    +0.00
  ⚠️ No live price for COIN, using entry
COIN               10.0000 $    210.49 $    210.49 $   2104.90 $    +0.00
  ⚠️ No live price for ETH-USD, using entry
ETH-USD             4.1500 $   2196.73 $   2196.73 $   9116.42 $    +0.00
  ⚠️ No live price for LINK-USD, using entry
LINK-USD          250.0000 $      9.48 $      9.48 $   2370.00 $    +0.00
  ⚠️ No live price for RENDER-USD, using entry
RENDER-USD       2193.0000 $      1.45 $      1.45 $   3179.85 $    +0.00
  ⚠️ No live price for SOL-USD, using entry
SOL-USD             3.2000 $     92.75 $     92.75 $    296.80 $    +0.00

Cash:           $      0.00
Positions:      $  31764.55
Total:          $  31764.55
Return:            -36.47%
Trades:         192

✅ Snapshot patched for alfred
  ⚠️ Ledger shows negative cash ($-2452.47) — phantom trades detected. Capping at $0.

Ticker                 Qty    Avg Entry   Live Price        Value        P&L
---------------------------------------------------------------------------
  ⚠️ No live price for BTC-USD, using entry
BTC-USD             0.2068 $  71066.63 $  71066.63 $  14696.58 $    +0.00
  ⚠️ No live price for COIN, using entry
COIN               10.0000 $    210.49 $    210.49 $   2104.90 $    +0.00
  ⚠️ No live price for ETH-USD, using entry
ETH-USD             4.1500 $   2196.73 $   2196.73 $   9116.42 $    +0.00
  ⚠️ No live price for LINK-USD, using entry
LINK-USD          250.0000 $      9.48 $      9.48 $   2370.00 $    +0.00
  ⚠️ No live price for RENDER-USD, using entry
RENDER-USD       2193.0000 $      1.45 $      1.45 $   3179.85 $    +0.00
  ⚠️ No live price for SOL-USD, using entry
SOL-USD             3.2000 $     92.75 $     92.75 $    296.80 $    +0.00

Cash:           $      0.00
Positions:      $  31764.55
Total:          $  31764.55
Return:            -36.47%
Trades:         192

✅ Snapshot patched for alfred

Ticker                 Qty    Avg Entry   Live Price        Value        P&L
---------------------------------------------------------------------------
  ⚠️ No live price for BTC-USD, using entry
BTC-USD             0.2068 $  71066.63 $  71066.63 $  14696.58 $    +0.00
  ⚠️ No live price for COIN, using entry
COIN               10.0000 $    210.49 $    210.49 $   2104.90 $    +0.00
  ⚠️ No live price for ETH-USD, using entry
ETH-USD             4.1500 $   2196.73 $   2196.73 $   9116.42 $    +0.00
  ⚠️ No live price for LINK-USD, using entry
LINK-USD          250.0000 $      9.48 $      9.48 $   2370.00 $    +0.00
  ⚠️ No live price for RENDER-USD, using entry
RENDER-USD       2193.0000 $      1.45 $      1.45 $   3179.85 $    +0.00
  ⚠️ No live price for SOL-USD, using entry
SOL-USD             3.2000 $     92.75 $     92.75 $    296.80 $    +0.00

Cash:           $  41156.52
Positions:      $  31764.55
Total:          $  72921.07
Return:            +45.84%
Trades:         192

✅ Snapshot patched for alfred

Ticker                 Qty    Avg Entry   Live Price        Value        P&L
---------------------------------------------------------------------------
BTC-USD             0.2068 $  71066.63 $  72391.00 $  14970.46 $  +273.88
  ⚠️ No live price for COIN, using entry
COIN               10.0000 $    210.49 $    210.49 $   2104.90 $    +0.00
  ⚠️ No live price for ETH-USD, using entry
ETH-USD             4.1500 $   2196.73 $   2196.73 $   9116.42 $    +0.00
  ⚠️ No live price for LINK-USD, using entry
LINK-USD          250.0000 $      9.48 $      9.48 $   2370.00 $    +0.00
  ⚠️ No live price for RENDER-USD, using entry
RENDER-USD       2193.0000 $      1.45 $      1.45 $   3179.85 $    +0.00
  ⚠️ No live price for SOL-USD, using entry
SOL-USD             3.2000 $     92.75 $     92.75 $    296.80 $    +0.00

Cash:           $  18235.45
Positions:      $  32038.43
Total:          $  50273.88
Return:             +0.55%
Trades:         192

✅ Snapshot patched for alfred

Ticker                 Qty    Avg Entry   Live Price        Value        P&L
---------------------------------------------------------------------------
  ⚠️ No live price for BTC-USD, using entry
BTC-USD             0.2068 $  71066.63 $  71066.63 $  14696.58 $    +0.00
  ⚠️ No live price for COIN, using entry
COIN               10.0000 $    210.49 $    210.49 $   2104.90 $    +0.00
  ⚠️ No live price for ETH-USD, using entry
ETH-USD             4.1500 $   2196.73 $   2196.73 $   9116.42 $    +0.00
  ⚠️ No live price for LINK-USD, using entry
LINK-USD          250.0000 $      9.48 $      9.48 $   2370.00 $    +0.00
  ⚠️ No live price for RENDER-USD, using entry
RENDER-USD       2193.0000 $      1.45 $      1.45 $   3179.85 $    +0.00
  ⚠️ No live price for SOL-USD, using entry
SOL-USD             3.2000 $     92.75 $     92.75 $    296.80 $    +0.00

Cash:           $  18235.45
Positions:      $  31764.55
Total:          $  50000.00
Return:             +0.00%
Trades:         192

✅ Snapshot patched for alfred
