Market closed. Use --force to run anyway.
Market closed. Use --force to run anyway.
Market closed. Use --force to run anyway.
Market closed. Use --force to run anyway.
Market closed. Use --force to run anyway.
Market closed. Use --force to run anyway.
Market closed. Use --force to run anyway.
Market closed. Use --force to run anyway.
Market closed. Use --force to run anyway.
Market closed. Use --force to run anyway.
Market closed. Use --force to run anyway.
Market closed. Use --force to run anyway.
Market closed. Use --force to run anyway.
Market closed. Use --force to run anyway.
Market closed. Use --force to run anyway.
Market closed. Use --force to run anyway.
Market closed. Use --force to run anyway.
Market closed. Use --force to run anyway.
Market closed. Use --force to run anyway.
Market closed. Use --force to run anyway.
Market closed. Use --force to run anyway.
Market closed. Use --force to run anyway.
Market closed. Use --force to run anyway.
Market closed. Use --force to run anyway.
Market closed. Use --force to run anyway.
Market closed. Use --force to run anyway.
Market closed. Use --force to run anyway.
Market closed. Use --force to run anyway.
Market closed. Use --force to run anyway.
Market closed. Use --force to run anyway.
Market closed. Use --force to run anyway.
Market closed. Use --force to run anyway.
Market closed. Use --force to run anyway.
Market closed. Use --force to run anyway.
Market closed. Use --force to run anyway.
Market closed. Use --force to run anyway.
Market closed. Use --force to run anyway.
Market closed. Use --force to run anyway.
Market closed. Use --force to run anyway.
Market closed. Use --force to run anyway.
Market closed. Use --force to run anyway.
Market closed. Use --force to run anyway.
Market closed. Use --force to run anyway.
Market closed. Use --force to run anyway.
Market closed. Use --force to run anyway.
Market closed. Use --force to run anyway.
Market closed. Use --force to run anyway.
Market closed. Use --force to run anyway.
Market closed. Use --force to run anyway.
Market closed. Use --force to run anyway.
Market closed. Use --force to run anyway.
Market closed. Use --force to run anyway.
Market closed. Use --force to run anyway.
Market closed. Use --force to run anyway.
Market closed. Use --force to run anyway.
Market closed. Use --force to run anyway.
Market closed. Use --force to run anyway.
Market closed. Use --force to run anyway.
Market closed. Use --force to run anyway.
Market closed. Use --force to run anyway.
Market closed. Use --force to run anyway.
Market closed. Use --force to run anyway.
Market closed. Use --force to run anyway.
Market closed. Use --force to run anyway.
Market closed. Use --force to run anyway.
Market closed. Use --force to run anyway.
Market closed. Use --force to run anyway.
Market closed. Use --force to run anyway.
Market closed. Use --force to run anyway.
Market closed. Use --force to run anyway.
Market closed. Use --force to run anyway.
Market closed. Use --force to run anyway.
Market closed. Use --force to run anyway.
Market closed. Use --force to run anyway.
Market closed. Use --force to run anyway.
Market closed. Use --force to run anyway.
Market closed. Use --force to run anyway.
Market closed. Use --force to run anyway.
Market closed. Use --force to run anyway.
Market closed. Use --force to run anyway.
Market closed. Use --force to run anyway.
Market closed. Use --force to run anyway.
Market closed. Use --force to run anyway.
Market closed. Use --force to run anyway.
Market closed. Use --force to run anyway.
Market closed. Use --force to run anyway.
Market closed. Use --force to run anyway.
Market closed. Use --force to run anyway.
Market closed. Use --force to run anyway.
Market closed. Use --force to run anyway.
Market closed. Use --force to run anyway.
Market closed. Use --force to run anyway.
Market closed. Use --force to run anyway.
Market closed. Use --force to run anyway.
Market closed. Use --force to run anyway.
Market closed. Use --force to run anyway.
Market closed. Use --force to run anyway.
Market closed. Use --force to run anyway.
Market closed. Use --force to run anyway.
Market closed. Use --force to run anyway.
Market closed. Use --force to run anyway.
Market closed. Use --force to run anyway.
Market closed. Use --force to run anyway.
Market closed. Use --force to run anyway.
Market closed. Use --force to run anyway.
Market closed. Use --force to run anyway.
Market closed. Use --force to run anyway.
Market closed. Use --force to run anyway.
Market closed. Use --force to run anyway.
Market closed. Use --force to run anyway.
Market closed. Use --force to run anyway.
Market closed. Use --force to run anyway.
Market closed. Use --force to run anyway.
Market closed. Use --force to run anyway.
Market closed. Use --force to run anyway.
Market closed. Use --force to run anyway.
Market closed. Use --force to run anyway.
Market closed. Use --force to run anyway.
Market closed. Use --force to run anyway.
Market closed. Use --force to run anyway.
Market closed. Use --force to run anyway.
Market closed. Use --force to run anyway.
Market closed. Use --force to run anyway.
Market closed. Use --force to run anyway.
Market closed. Use --force to run anyway.
Market closed. Use --force to run anyway.
Market closed. Use --force to run anyway.
Market closed. Use --force to run anyway.
Market closed. Use --force to run anyway.
Market closed. Use --force to run anyway.
Market closed. Use --force to run anyway.
Market closed. Use --force to run anyway.
Market closed. Use --force to run anyway.
Market closed. Use --force to run anyway.
Market closed. Use --force to run anyway.
Market closed. Use --force to run anyway.
Market closed. Use --force to run anyway.
Market closed. Use --force to run anyway.
Market closed. Use --force to run anyway.
Market closed. Use --force to run anyway.
Market closed. Use --force to run anyway.
Market closed. Use --force to run anyway.
Market closed. Use --force to run anyway.
Market closed. Use --force to run anyway.
Market closed. Use --force to run anyway.
Market closed. Use --force to run anyway.
Market closed. Use --force to run anyway.
Market closed. Use --force to run anyway.
Market closed. Use --force to run anyway.
Market closed. Use --force to run anyway.
Market closed. Use --force to run anyway.
Market closed. Use --force to run anyway.
Market closed. Use --force to run anyway.
Market closed. Use --force to run anyway.
Market closed. Use --force to run anyway.
Market closed. Use --force to run anyway.
Market closed. Use --force to run anyway.
Market closed. Use --force to run anyway.
Market closed. Use --force to run anyway.
Market closed. Use --force to run anyway.
Market closed. Use --force to run anyway.
Market closed. Use --force to run anyway.
Market closed. Use --force to run anyway.
Market closed. Use --force to run anyway.
Market closed. Use --force to run anyway.
Market closed. Use --force to run anyway.
Market closed. Use --force to run anyway.
Market closed. Use --force to run anyway.
Market closed. Use --force to run anyway.
Market closed. Use --force to run anyway.
Market closed. Use --force to run anyway.
Market closed. Use --force to run anyway.
Market closed. Use --force to run anyway.
Market closed. Use --force to run anyway.
Market closed. Use --force to run anyway.
Market closed. Use --force to run anyway.
Market closed. Use --force to run anyway.
Market closed. Use --force to run anyway.
Market closed. Use --force to run anyway.
Market closed. Use --force to run anyway.
Market closed. Use --force to run anyway.
Market closed. Use --force to run anyway.
Market closed. Use --force to run anyway.
Market closed. Use --force to run anyway.
Market closed. Use --force to run anyway.
Market closed. Use --force to run anyway.
Market closed. Use --force to run anyway.
Market closed. Use --force to run anyway.
Market closed. Use --force to run anyway.
Market closed. Use --force to run anyway.
Market closed. Use --force to run anyway.
Market closed. Use --force to run anyway.
Market closed. Use --force to run anyway.
Market closed. Use --force to run anyway.
Market closed. Use --force to run anyway.
Market closed. Use --force to run anyway.
Market closed. Use --force to run anyway.
Market closed. Use --force to run anyway.
Market closed. Use --force to run anyway.
Market closed. Use --force to run anyway.
Market closed. Use --force to run anyway.
Market closed. Use --force to run anyway.
Market closed. Use --force to run anyway.
Market closed. Use --force to run anyway.
Market closed. Use --force to run anyway.
Market closed. Use --force to run anyway.
Market closed. Use --force to run anyway.
Market closed. Use --force to run anyway.
Market closed. Use --force to run anyway.
Market closed. Use --force to run anyway.
Market closed. Use --force to run anyway.
Market closed. Use --force to run anyway.
Market closed. Use --force to run anyway.
Market closed. Use --force to run anyway.
Market closed. Use --force to run anyway.
Market closed. Use --force to run anyway.
Market closed. Use --force to run anyway.
Market closed. Use --force to run anyway.
Market closed. Use --force to run anyway.
Market closed. Use --force to run anyway.
Market closed. Use --force to run anyway.
Market closed. Use --force to run anyway.
Market closed. Use --force to run anyway.
Market closed. Use --force to run anyway.
Market closed. Use --force to run anyway.
Market closed. Use --force to run anyway.
Market closed. Use --force to run anyway.
Market closed. Use --force to run anyway.
Market closed. Use --force to run anyway.
Market closed. Use --force to run anyway.
Market closed. Use --force to run anyway.
Market closed. Use --force to run anyway.
Market closed. Use --force to run anyway.
Market closed. Use --force to run anyway.
Market closed. Use --force to run anyway.
Market closed. Use --force to run anyway.
Market closed. Use --force to run anyway.
Market closed. Use --force to run anyway.
Market closed. Use --force to run anyway.
Market closed. Use --force to run anyway.
Market closed. Use --force to run anyway.
Market closed. Use --force to run anyway.
Market closed. Use --force to run anyway.
Market closed. Use --force to run anyway.
Market closed. Use --force to run anyway.
Market closed. Use --force to run anyway.
Market closed. Use --force to run anyway.
Market closed. Use --force to run anyway.
Market closed. Use --force to run anyway.
Market closed. Use --force to run anyway.
Market closed. Use --force to run anyway.
Market closed. Use --force to run anyway.
Market closed. Use --force to run anyway.
Market closed. Use --force to run anyway.
Market closed. Use --force to run anyway.
Market closed. Use --force to run anyway.
Market closed. Use --force to run anyway.
Market closed. Use --force to run anyway.
Market closed. Use --force to run anyway.
Market closed. Use --force to run anyway.
Market closed. Use --force to run anyway.
Market closed. Use --force to run anyway.
Market closed. Use --force to run anyway.
Market closed. Use --force to run anyway.
Market closed. Use --force to run anyway.
Market closed. Use --force to run anyway.
Market closed. Use --force to run anyway.
Market closed. Use --force to run anyway.
Market closed. Use --force to run anyway.
Market closed. Use --force to run anyway.
Market closed. Use --force to run anyway.
Market closed. Use --force to run anyway.
Market closed. Use --force to run anyway.
Market closed. Use --force to run anyway.
Market closed. Use --force to run anyway.
Market closed. Use --force to run anyway.
Market closed. Use --force to run anyway.
Market closed. Use --force to run anyway.
Market closed. Use --force to run anyway.
Market closed. Use --force to run anyway.
Market closed. Use --force to run anyway.
Market closed. Use --force to run anyway.
Market closed. Use --force to run anyway.
Market closed. Use --force to run anyway.
Market closed. Use --force to run anyway.
Market closed. Use --force to run anyway.
Market closed. Use --force to run anyway.
Market closed. Use --force to run anyway.
Market closed. Use --force to run anyway.
Market closed. Use --force to run anyway.
Market closed. Use --force to run anyway.
Market closed. Use --force to run anyway.
Market closed. Use --force to run anyway.
Market closed. Use --force to run anyway.
Market closed. Use --force to run anyway.
Market closed. Use --force to run anyway.
Market closed. Use --force to run anyway.
Market closed. Use --force to run anyway.
Market closed. Use --force to run anyway.
Market closed. Use --force to run anyway.
Market closed. Use --force to run anyway.
Market closed. Use --force to run anyway.
Market closed. Use --force to run anyway.
Market closed. Use --force to run anyway.
Market closed. Use --force to run anyway.
Market closed. Use --force to run anyway.
Market closed. Use --force to run anyway.
Market closed. Use --force to run anyway.
Market closed. Use --force to run anyway.
Market closed. Use --force to run anyway.
Market closed. Use --force to run anyway.
Market closed. Use --force to run anyway.
Market closed. Use --force to run anyway.
Market closed. Use --force to run anyway.
Market closed. Use --force to run anyway.
Market closed. Use --force to run anyway.
Market closed. Use --force to run anyway.
Market closed. Use --force to run anyway.
Market closed. Use --force to run anyway.
Market closed. Use --force to run anyway.
Market closed. Use --force to run anyway.
Market closed. Use --force to run anyway.
Market closed. Use --force to run anyway.
Market closed. Use --force to run anyway.
Market closed. Use --force to run anyway.
Market closed. Use --force to run anyway.
Market closed. Use --force to run anyway.
Market closed. Use --force to run anyway.
Market closed. Use --force to run anyway.
Market closed. Use --force to run anyway.
Market closed. Use --force to run anyway.
Market closed. Use --force to run anyway.
Market closed. Use --force to run anyway.
Market closed. Use --force to run anyway.
Market closed. Use --force to run anyway.
Market closed. Use --force to run anyway.
Market closed. Use --force to run anyway.
Market closed. Use --force to run anyway.
Market closed. Use --force to run anyway.
Market closed. Use --force to run anyway.
Market closed. Use --force to run anyway.
Market closed. Use --force to run anyway.
Market closed. Use --force to run anyway.
Market closed. Use --force to run anyway.
Market closed. Use --force to run anyway.
Market closed. Use --force to run anyway.
Market closed. Use --force to run anyway.
Market closed. Use --force to run anyway.
Market closed. Use --force to run anyway.
Market closed. Use --force to run anyway.
Market closed. Use --force to run anyway.
Market closed. Use --force to run anyway.
Market closed. Use --force to run anyway.
Market closed. Use --force to run anyway.
Market closed. Use --force to run anyway.
Market closed. Use --force to run anyway.
Market closed. Use --force to run anyway.
Market closed. Use --force to run anyway.
Market closed. Use --force to run anyway.
Market closed. Use --force to run anyway.
Market closed. Use --force to run anyway.
Market closed. Use --force to run anyway.
Market closed. Use --force to run anyway.
Market closed. Use --force to run anyway.
Market closed. Use --force to run anyway.
Market closed. Use --force to run anyway.
Market closed. Use --force to run anyway.
Market closed. Use --force to run anyway.
Market closed. Use --force to run anyway.
Market closed. Use --force to run anyway.
Market closed. Use --force to run anyway.
Market closed. Use --force to run anyway.
Market closed. Use --force to run anyway.
Market closed. Use --force to run anyway.
Market closed. Use --force to run anyway.
Market closed. Use --force to run anyway.
Market closed. Use --force to run anyway.
Market closed. Use --force to run anyway.
Market closed. Use --force to run anyway.
Market closed. Use --force to run anyway.
Market closed. Use --force to run anyway.
Market closed. Use --force to run anyway.
Market closed. Use --force to run anyway.
Market closed. Use --force to run anyway.
Market closed. Use --force to run anyway.
Market closed. Use --force to run anyway.
Market closed. Use --force to run anyway.
Market closed. Use --force to run anyway.
Market closed. Use --force to run anyway.
Market closed. Use --force to run anyway.
Market closed. Use --force to run anyway.
Market closed. Use --force to run anyway.
Market closed. Use --force to run anyway.
Market closed. Use --force to run anyway.
Market closed. Use --force to run anyway.
Market closed. Use --force to run anyway.
Market closed. Use --force to run anyway.
Market closed. Use --force to run anyway.
Market closed. Use --force to run anyway.
Market closed. Use --force to run anyway.
Market closed. Use --force to run anyway.
Market closed. Use --force to run anyway.
Market closed. Use --force to run anyway.
Market closed. Use --force to run anyway.
Market closed. Use --force to run anyway.
Market closed. Use --force to run anyway.
Market closed. Use --force to run anyway.
Market closed. Use --force to run anyway.
Market closed. Use --force to run anyway.
Market closed. Use --force to run anyway.
Market closed. Use --force to run anyway.
Market closed. Use --force to run anyway.
Market closed. Use --force to run anyway.
Market closed. Use --force to run anyway.
Market closed. Use --force to run anyway.
Market closed. Use --force to run anyway.
Market closed. Use --force to run anyway.
Market closed. Use --force to run anyway.
Market closed. Use --force to run anyway.
Market closed. Use --force to run anyway.
Market closed. Use --force to run anyway.
Market closed. Use --force to run anyway.
Market closed. Use --force to run anyway.
Market closed. Use --force to run anyway.
Market closed. Use --force to run anyway.
Market closed. Use --force to run anyway.
Market closed. Use --force to run anyway.
Market closed. Use --force to run anyway.
Market closed. Use --force to run anyway.
Market closed. Use --force to run anyway.
Market closed. Use --force to run anyway.
Market closed. Use --force to run anyway.
Market closed. Use --force to run anyway.
Market closed. Use --force to run anyway.
Market closed. Use --force to run anyway.
Market closed. Use --force to run anyway.
Market closed. Use --force to run anyway.
Market closed. Use --force to run anyway.
Market closed. Use --force to run anyway.
Market closed. Use --force to run anyway.
Market closed. Use --force to run anyway.
Market closed. Use --force to run anyway.
Market closed. Use --force to run anyway.
Market closed. Use --force to run anyway.
Market closed. Use --force to run anyway.
Market closed. Use --force to run anyway.
Market closed. Use --force to run anyway.
Market closed. Use --force to run anyway.
Market closed. Use --force to run anyway.
Market closed. Use --force to run anyway.
Market closed. Use --force to run anyway.
Market closed. Use --force to run anyway.
Market closed. Use --force to run anyway.
Market closed. Use --force to run anyway.
Market closed. Use --force to run anyway.
Market closed. Use --force to run anyway.
Market closed. Use --force to run anyway.
Market closed. Use --force to run anyway.
Market closed. Use --force to run anyway.
Market closed. Use --force to run anyway.
Market closed. Use --force to run anyway.
Market closed. Use --force to run anyway.
Market closed. Use --force to run anyway.
Market closed. Use --force to run anyway.
Market closed. Use --force to run anyway.
Market closed. Use --force to run anyway.
Market closed. Use --force to run anyway.
Market closed. Use --force to run anyway.
Market closed. Use --force to run anyway.
Market closed. Use --force to run anyway.
Market closed. Use --force to run anyway.
Market closed. Use --force to run anyway.
Market closed. Use --force to run anyway.
Market closed. Use --force to run anyway.
Market closed. Use --force to run anyway.
Market closed. Use --force to run anyway.
Market closed. Use --force to run anyway.
Market closed. Use --force to run anyway.
Market closed. Use --force to run anyway.
Market closed. Use --force to run anyway.
Market closed. Use --force to run anyway.
Market closed. Use --force to run anyway.
Market closed. Use --force to run anyway.
Market closed. Use --force to run anyway.
Market closed. Use --force to run anyway.
Market closed. Use --force to run anyway.
Market closed. Use --force to run anyway.
Market closed. Use --force to run anyway.
Market closed. Use --force to run anyway.
Market closed. Use --force to run anyway.
Market closed. Use --force to run anyway.
Market closed. Use --force to run anyway.
Market closed. Use --force to run anyway.
Market closed. Use --force to run anyway.
Market closed. Use --force to run anyway.
Market closed. Use --force to run anyway.
Market closed. Use --force to run anyway.
Market closed. Use --force to run anyway.
Market closed. Use --force to run anyway.
Market closed. Use --force to run anyway.
Market closed. Use --force to run anyway.
Market closed. Use --force to run anyway.
Market closed. Use --force to run anyway.
Market closed. Use --force to run anyway.
Market closed. Use --force to run anyway.
Market closed. Use --force to run anyway.
Market closed. Use --force to run anyway.
Market closed. Use --force to run anyway.
Market closed. Use --force to run anyway.
Market closed. Use --force to run anyway.
Market closed. Use --force to run anyway.
Market closed. Use --force to run anyway.
Market closed. Use --force to run anyway.
Market closed. Use --force to run anyway.
Market closed. Use --force to run anyway.
Market closed. Use --force to run anyway.
Market closed. Use --force to run anyway.
Market closed. Use --force to run anyway.
Market closed. Use --force to run anyway.
Market closed. Use --force to run anyway.
Market closed. Use --force to run anyway.
Market closed. Use --force to run anyway.
Market closed. Use --force to run anyway.
Market closed. Use --force to run anyway.
Market closed. Use --force to run anyway.
Market closed. Use --force to run anyway.
Market closed. Use --force to run anyway.
Market closed. Use --force to run anyway.
Market closed. Use --force to run anyway.
Market closed. Use --force to run anyway.
Market closed. Use --force to run anyway.
Market closed. Use --force to run anyway.
Market closed. Use --force to run anyway.
Market closed. Use --force to run anyway.
Market closed. Use --force to run anyway.
Market closed. Use --force to run anyway.
Market closed. Use --force to run anyway.
Market closed. Use --force to run anyway.
Market closed. Use --force to run anyway.
Market closed. Use --force to run anyway.
Market closed. Use --force to run anyway.
Market closed. Use --force to run anyway.
Market closed. Use --force to run anyway.
Market closed. Use --force to run anyway.
Market closed. Use --force to run anyway.
Market closed. Use --force to run anyway.
Market closed. Use --force to run anyway.
Market closed. Use --force to run anyway.
Market closed. Use --force to run anyway.
Market closed. Use --force to run anyway.
Market closed. Use --force to run anyway.
Market closed. Use --force to run anyway.
Market closed. Use --force to run anyway.
Market closed. Use --force to run anyway.
Market closed. Use --force to run anyway.
Market closed. Use --force to run anyway.
Market closed. Use --force to run anyway.
Market closed. Use --force to run anyway.
Market closed. Use --force to run anyway.
Market closed. Use --force to run anyway.
Market closed. Use --force to run anyway.
Market closed. Use --force to run anyway.
Market closed. Use --force to run anyway.
Market closed. Use --force to run anyway.
Market closed. Use --force to run anyway.
Market closed. Use --force to run anyway.
Market closed. Use --force to run anyway.
Market closed. Use --force to run anyway.
Market closed. Use --force to run anyway.
Market closed. Use --force to run anyway.
Market closed. Use --force to run anyway.
Market closed. Use --force to run anyway.
Market closed. Use --force to run anyway.
Market closed. Use --force to run anyway.
Market closed. Use --force to run anyway.
Market closed. Use --force to run anyway.
Market closed. Use --force to run anyway.
Market closed. Use --force to run anyway.
Market closed. Use --force to run anyway.
Market closed. Use --force to run anyway.
Market closed. Use --force to run anyway.
Market closed. Use --force to run anyway.
Market closed. Use --force to run anyway.
Market closed. Use --force to run anyway.
Market closed. Use --force to run anyway.
Market closed. Use --force to run anyway.
Market closed. Use --force to run anyway.
Market closed. Use --force to run anyway.
Market closed. Use --force to run anyway.
Market closed. Use --force to run anyway.
Market closed. Use --force to run anyway.
Market closed. Use --force to run anyway.
Market closed. Use --force to run anyway.
Market closed. Use --force to run anyway.
Market closed. Use --force to run anyway.
Market closed. Use --force to run anyway.
Market closed. Use --force to run anyway.
Market closed. Use --force to run anyway.
Market closed. Use --force to run anyway.
Market closed. Use --force to run anyway.
Market closed. Use --force to run anyway.
Market closed. Use --force to run anyway.
Market closed. Use --force to run anyway.
Market closed. Use --force to run anyway.
Market closed. Use --force to run anyway.
Market closed. Use --force to run anyway.
Market closed. Use --force to run anyway.
Market closed. Use --force to run anyway.
Market closed. Use --force to run anyway.
Market closed. Use --force to run anyway.
Market closed. Use --force to run anyway.
Market closed. Use --force to run anyway.
Market closed. Use --force to run anyway.
Market closed. Use --force to run anyway.
Market closed. Use --force to run anyway.
Market closed. Use --force to run anyway.
Market closed. Use --force to run anyway.
Market closed. Use --force to run anyway.
Market closed. Use --force to run anyway.
Market closed. Use --force to run anyway.
Market closed. Use --force to run anyway.
Market closed. Use --force to run anyway.
Market closed. Use --force to run anyway.
Market closed. Use --force to run anyway.
Market closed. Use --force to run anyway.
Market closed. Use --force to run anyway.
Market closed. Use --force to run anyway.
Market closed. Use --force to run anyway.
Market closed. Use --force to run anyway.
Market closed. Use --force to run anyway.
Market closed. Use --force to run anyway.
Market closed. Use --force to run anyway.
Market closed. Use --force to run anyway.
Market closed. Use --force to run anyway.
Market closed. Use --force to run anyway.
Market closed. Use --force to run anyway.
Market closed. Use --force to run anyway.
Market closed. Use --force to run anyway.
Market closed. Use --force to run anyway.
Market closed. Use --force to run anyway.
Market closed. Use --force to run anyway.
Market closed. Use --force to run anyway.
Market closed. Use --force to run anyway.
Market closed. Use --force to run anyway.
Market closed. Use --force to run anyway.
Market closed. Use --force to run anyway.
Market closed. Use --force to run anyway.
Market closed. Use --force to run anyway.
Market closed. Use --force to run anyway.
Market closed. Use --force to run anyway.
Market closed. Use --force to run anyway.
Market closed. Use --force to run anyway.
Market closed. Use --force to run anyway.
Market closed. Use --force to run anyway.
Market closed. Use --force to run anyway.
Market closed. Use --force to run anyway.
Market closed. Use --force to run anyway.
Market closed. Use --force to run anyway.
Market closed. Use --force to run anyway.
Market closed. Use --force to run anyway.
Market closed. Use --force to run anyway.
Market closed. Use --force to run anyway.
Market closed. Use --force to run anyway.
Market closed. Use --force to run anyway.
Market closed. Use --force to run anyway.
Market closed. Use --force to run anyway.
Market closed. Use --force to run anyway.
Market closed. Use --force to run anyway.
Market closed. Use --force to run anyway.
Market closed. Use --force to run anyway.
Market closed. Use --force to run anyway.
Market closed. Use --force to run anyway.
Market closed. Use --force to run anyway.
Market closed. Use --force to run anyway.
Market closed. Use --force to run anyway.
Market closed. Use --force to run anyway.
Market closed. Use --force to run anyway.
Market closed. Use --force to run anyway.
Market closed. Use --force to run anyway.
Market closed. Use --force to run anyway.
Market closed. Use --force to run anyway.
Market closed. Use --force to run anyway.
Market closed. Use --force to run anyway.
Market closed. Use --force to run anyway.
Market closed. Use --force to run anyway.
Market closed. Use --force to run anyway.
Market closed. Use --force to run anyway.
Market closed. Use --force to run anyway.
Market closed. Use --force to run anyway.
Market closed. Use --force to run anyway.
Market closed. Use --force to run anyway.
Market closed. Use --force to run anyway.
Market closed. Use --force to run anyway.
Market closed. Use --force to run anyway.
Market closed. Use --force to run anyway.
Market closed. Use --force to run anyway.
Market closed. Use --force to run anyway.
Market closed. Use --force to run anyway.
Market closed. Use --force to run anyway.
Market closed. Use --force to run anyway.
Market closed. Use --force to run anyway.
Market closed. Use --force to run anyway.
Market closed. Use --force to run anyway.
Market closed. Use --force to run anyway.
Market closed. Use --force to run anyway.
Market closed. Use --force to run anyway.
Market closed. Use --force to run anyway.
Market closed. Use --force to run anyway.
Market closed. Use --force to run anyway.
Market closed. Use --force to run anyway.
Market closed. Use --force to run anyway.
Market closed. Use --force to run anyway.
Market closed. Use --force to run anyway.
Market closed. Use --force to run anyway.
Market closed. Use --force to run anyway.
Market closed. Use --force to run anyway.
Market closed. Use --force to run anyway.
Market closed. Use --force to run anyway.
Market closed. Use --force to run anyway.
Market closed. Use --force to run anyway.
Market closed. Use --force to run anyway.
Market closed. Use --force to run anyway.
Market closed. Use --force to run anyway.
Market closed. Use --force to run anyway.
Market closed. Use --force to run anyway.
Market closed. Use --force to run anyway.
Market closed. Use --force to run anyway.
Market closed. Use --force to run anyway.
Market closed. Use --force to run anyway.
Market closed. Use --force to run anyway.
Market closed. Use --force to run anyway.
Market closed. Use --force to run anyway.
Market closed. Use --force to run anyway.
Market closed. Use --force to run anyway.
Market closed. Use --force to run anyway.
Market closed. Use --force to run anyway.
Market closed. Use --force to run anyway.
Market closed. Use --force to run anyway.
Market closed. Use --force to run anyway.
Market closed. Use --force to run anyway.
Market closed. Use --force to run anyway.
Market closed. Use --force to run anyway.
Market closed. Use --force to run anyway.
Market closed. Use --force to run anyway.
Market closed. Use --force to run anyway.
Market closed. Use --force to run anyway.
Market closed. Use --force to run anyway.
Market closed. Use --force to run anyway.
Market closed. Use --force to run anyway.
Market closed. Use --force to run anyway.
Market closed. Use --force to run anyway.
Market closed. Use --force to run anyway.
Market closed. Use --force to run anyway.
Market closed. Use --force to run anyway.
Market closed. Use --force to run anyway.
Market closed. Use --force to run anyway.
Market closed. Use --force to run anyway.
Market closed. Use --force to run anyway.
Market closed. Use --force to run anyway.
Market closed. Use --force to run anyway.
Market closed. Use --force to run anyway.
Market closed. Use --force to run anyway.
Market closed. Use --force to run anyway.
Market closed. Use --force to run anyway.
Market closed. Use --force to run anyway.
Market closed. Use --force to run anyway.
Market closed. Use --force to run anyway.
Market closed. Use --force to run anyway.
Market closed. Use --force to run anyway.
Market closed. Use --force to run anyway.
Market closed. Use --force to run anyway.
Market closed. Use --force to run anyway.
Market closed. Use --force to run anyway.
Market closed. Use --force to run anyway.
Market closed. Use --force to run anyway.
💰 alfred: $14190 cash (44%) — needs deployment

1 bot(s) with excess cash. Route CONFIRM+ signals to them.
💰 alfred: $14190 cash (44%) — needs deployment

1 bot(s) with excess cash. Route CONFIRM+ signals to them.
💰 alfred: $14190 cash (44%) — needs deployment

1 bot(s) with excess cash. Route CONFIRM+ signals to them.
💰 alfred: $14190 cash (44%) — needs deployment

1 bot(s) with excess cash. Route CONFIRM+ signals to them.
💰 alfred: $14190 cash (44%) — needs deployment

1 bot(s) with excess cash. Route CONFIRM+ signals to them.
💰 alfred: $14190 cash (44%) — needs deployment

1 bot(s) with excess cash. Route CONFIRM+ signals to them.
💰 alfred: $14190 cash (44%) — needs deployment

1 bot(s) with excess cash. Route CONFIRM+ signals to them.
💰 alfred: $14190 cash (44%) — needs deployment

1 bot(s) with excess cash. Route CONFIRM+ signals to them.
💰 alfred: $14190 cash (44%) — needs deployment

1 bot(s) with excess cash. Route CONFIRM+ signals to them.
💰 alfred: $14190 cash (44%) — needs deployment

1 bot(s) with excess cash. Route CONFIRM+ signals to them.
💰 alfred: $14190 cash (44%) — needs deployment

1 bot(s) with excess cash. Route CONFIRM+ signals to them.
💰 alfred: $14190 cash (44%) — needs deployment

1 bot(s) with excess cash. Route CONFIRM+ signals to them.
💰 vex: $55004 cash (469%) — needs deployment
💰 alfred: $25529 cash (75%) — needs deployment
💰 eddie_v: $29657 cash (146%) — needs deployment

3 bot(s) with excess cash. Route CONFIRM+ signals to them.
💰 eddie_v: $162408 cash (935%) — needs deployment
💰 alfred: $69162 cash (191%) — needs deployment
💰 tars: $214084 cash (855%) — needs deployment
💰 vex: $107137 cash (211%) — needs deployment

4 bot(s) with excess cash. Route CONFIRM+ signals to them.
Market closed. Use --force to run anyway.
Market closed. Use --force to run anyway.
Market closed. Use --force to run anyway.
Market closed. Use --force to run anyway.
Market closed. Use --force to run anyway.
Market closed. Use --force to run anyway.
Market closed. Use --force to run anyway.
Market closed. Use --force to run anyway.
Market closed. Use --force to run anyway.
Market closed. Use --force to run anyway.
Market closed. Use --force to run anyway.
Market closed. Use --force to run anyway.
Market closed. Use --force to run anyway.
Market closed. Use --force to run anyway.
Market closed. Use --force to run anyway.
Market closed. Use --force to run anyway.
Market closed. Use --force to run anyway.
Market closed. Use --force to run anyway.
Market closed. Use --force to run anyway.
Market closed. Use --force to run anyway.
Market closed. Use --force to run anyway.
Market closed. Use --force to run anyway.
Market closed. Use --force to run anyway.
Market closed. Use --force to run anyway.
Market closed. Use --force to run anyway.
Market closed. Use --force to run anyway.
Market closed. Use --force to run anyway.
Market closed. Use --force to run anyway.
Market closed. Use --force to run anyway.
Market closed. Use --force to run anyway.
Market closed. Use --force to run anyway.
Market closed. Use --force to run anyway.
Market closed. Use --force to run anyway.
Market closed. Use --force to run anyway.
Market closed. Use --force to run anyway.
Market closed. Use --force to run anyway.
Market closed. Use --force to run anyway.
Market closed. Use --force to run anyway.
Market closed. Use --force to run anyway.
Market closed. Use --force to run anyway.
Market closed. Use --force to run anyway.
Market closed. Use --force to run anyway.
Market closed. Use --force to run anyway.
Market closed. Use --force to run anyway.
Market closed. Use --force to run anyway.
Market closed. Use --force to run anyway.
Market closed. Use --force to run anyway.
Market closed. Use --force to run anyway.
Market closed. Use --force to run anyway.
Market closed. Use --force to run anyway.
Market closed. Use --force to run anyway.
Market closed. Use --force to run anyway.
Market closed. Use --force to run anyway.
Market closed. Use --force to run anyway.
Market closed. Use --force to run anyway.
Market closed. Use --force to run anyway.
Market closed. Use --force to run anyway.
Market closed. Use --force to run anyway.
Market closed. Use --force to run anyway.
Market closed. Use --force to run anyway.
Market closed. Use --force to run anyway.
Market closed. Use --force to run anyway.
Market closed. Use --force to run anyway.
Market closed. Use --force to run anyway.
Market closed. Use --force to run anyway.
Market closed. Use --force to run anyway.
Market closed. Use --force to run anyway.
Market closed. Use --force to run anyway.
Market closed. Use --force to run anyway.
Market closed. Use --force to run anyway.
Market closed. Use --force to run anyway.
Market closed. Use --force to run anyway.
Market closed. Use --force to run anyway.
Market closed. Use --force to run anyway.
Market closed. Use --force to run anyway.
Market closed. Use --force to run anyway.
Market closed. Use --force to run anyway.
Market closed. Use --force to run anyway.
Market closed. Use --force to run anyway.
Market closed. Use --force to run anyway.
Market closed. Use --force to run anyway.
Market closed. Use --force to run anyway.
Market closed. Use --force to run anyway.
Market closed. Use --force to run anyway.
Market closed. Use --force to run anyway.
Market closed. Use --force to run anyway.
Market closed. Use --force to run anyway.
Market closed. Use --force to run anyway.
Market closed. Use --force to run anyway.
Market closed. Use --force to run anyway.
Market closed. Use --force to run anyway.
Market closed. Use --force to run anyway.
Market closed. Use --force to run anyway.
Market closed. Use --force to run anyway.
Market closed. Use --force to run anyway.
Market closed. Use --force to run anyway.
Market closed. Use --force to run anyway.
Market closed. Use --force to run anyway.
Market closed. Use --force to run anyway.
Market closed. Use --force to run anyway.
Market closed. Use --force to run anyway.
Market closed. Use --force to run anyway.
Market closed. Use --force to run anyway.
Market closed. Use --force to run anyway.
Market closed. Use --force to run anyway.
Market closed. Use --force to run anyway.
Market closed. Use --force to run anyway.
Market closed. Use --force to run anyway.
Market closed. Use --force to run anyway.
Market closed. Use --force to run anyway.
Market closed. Use --force to run anyway.
Market closed. Use --force to run anyway.
Market closed. Use --force to run anyway.
Market closed. Use --force to run anyway.
Market closed. Use --force to run anyway.
Market closed. Use --force to run anyway.
Market closed. Use --force to run anyway.
Market closed. Use --force to run anyway.
Market closed. Use --force to run anyway.
Market closed. Use --force to run anyway.
Market closed. Use --force to run anyway.
Market closed. Use --force to run anyway.
Market closed. Use --force to run anyway.
Market closed. Use --force to run anyway.
Market closed. Use --force to run anyway.
Market closed. Use --force to run anyway.
Market closed. Use --force to run anyway.
Market closed. Use --force to run anyway.
Market closed. Use --force to run anyway.
Market closed. Use --force to run anyway.
Market closed. Use --force to run anyway.
Market closed. Use --force to run anyway.
Market closed. Use --force to run anyway.
Market closed. Use --force to run anyway.
Market closed. Use --force to run anyway.
Market closed. Use --force to run anyway.
Market closed. Use --force to run anyway.
Market closed. Use --force to run anyway.
Market closed. Use --force to run anyway.
Market closed. Use --force to run anyway.
Market closed. Use --force to run anyway.
Market closed. Use --force to run anyway.
Market closed. Use --force to run anyway.
Market closed. Use --force to run anyway.
Market closed. Use --force to run anyway.
Market closed. Use --force to run anyway.
Market closed. Use --force to run anyway.
Market closed. Use --force to run anyway.
Market closed. Use --force to run anyway.
Market closed. Use --force to run anyway.
Market closed. Use --force to run anyway.
Market closed. Use --force to run anyway.
Market closed. Use --force to run anyway.
Market closed. Use --force to run anyway.
Market closed. Use --force to run anyway.
Market closed. Use --force to run anyway.
Market closed. Use --force to run anyway.
Market closed. Use --force to run anyway.
Market closed. Use --force to run anyway.
Market closed. Use --force to run anyway.
Market closed. Use --force to run anyway.
Market closed. Use --force to run anyway.
Market closed. Use --force to run anyway.
Market closed. Use --force to run anyway.
Market closed. Use --force to run anyway.
Market closed. Use --force to run anyway.
Market closed. Use --force to run anyway.
Market closed. Use --force to run anyway.
Market closed. Use --force to run anyway.
Market closed. Use --force to run anyway.
Market closed. Use --force to run anyway.
Market closed. Use --force to run anyway.
Market closed. Use --force to run anyway.
Market closed. Use --force to run anyway.
Market closed. Use --force to run anyway.
Market closed. Use --force to run anyway.
Market closed. Use --force to run anyway.
Market closed. Use --force to run anyway.
Market closed. Use --force to run anyway.
Market closed. Use --force to run anyway.
Market closed. Use --force to run anyway.
Market closed. Use --force to run anyway.
Market closed. Use --force to run anyway.
Market closed. Use --force to run anyway.
Market closed. Use --force to run anyway.
Market closed. Use --force to run anyway.
Market closed. Use --force to run anyway.
Market closed. Use --force to run anyway.
Market closed. Use --force to run anyway.
Market closed. Use --force to run anyway.
Market closed. Use --force to run anyway.
Market closed. Use --force to run anyway.
Market closed. Use --force to run anyway.
Market closed. Use --force to run anyway.
Market closed. Use --force to run anyway.
Market closed. Use --force to run anyway.
Market closed. Use --force to run anyway.
Market closed. Use --force to run anyway.
Market closed. Use --force to run anyway.
Market closed. Use --force to run anyway.
Market closed. Use --force to run anyway.
Market closed. Use --force to run anyway.
Market closed. Use --force to run anyway.
Market closed. Use --force to run anyway.
Market closed. Use --force to run anyway.
Market closed. Use --force to run anyway.
Market closed. Use --force to run anyway.
Market closed. Use --force to run anyway.
Market closed. Use --force to run anyway.
Market closed. Use --force to run anyway.
💰 vex: $33304 cash (67%) — needs deployment
💰 alfred: $40654 cash (82%) — needs deployment
💰 eddie_v: $44285 cash (89%) — needs deployment

3 bot(s) with excess cash. Route CONFIRM+ signals to them.
💰 vex: $33304 cash (67%) — needs deployment
💰 alfred: $44574 cash (89%) — needs deployment
💰 eddie_v: $36074 cash (72%) — needs deployment

3 bot(s) with excess cash. Route CONFIRM+ signals to them.
💰 vex: $33304 cash (67%) — needs deployment
💰 alfred: $41607 cash (83%) — needs deployment
💰 eddie_v: $36074 cash (72%) — needs deployment

3 bot(s) with excess cash. Route CONFIRM+ signals to them.
💰 vex: $33304 cash (67%) — needs deployment
💰 eddie_v: $36074 cash (72%) — needs deployment
💰 alfred: $41607 cash (83%) — needs deployment

3 bot(s) with excess cash. Route CONFIRM+ signals to them.
💰 alfred: $41607 cash (83%) — needs deployment
💰 vex: $33304 cash (67%) — needs deployment
💰 eddie_v: $36074 cash (72%) — needs deployment

3 bot(s) with excess cash. Route CONFIRM+ signals to them.
💰 vex: $35754 cash (72%) — needs deployment
💰 eddie_v: $36074 cash (72%) — needs deployment
💰 alfred: $41607 cash (83%) — needs deployment

3 bot(s) with excess cash. Route CONFIRM+ signals to them.
💰 alfred: $36794 cash (74%) — needs deployment
💰 vex: $31149 cash (63%) — needs deployment
💰 eddie_v: $40869 cash (82%) — needs deployment

3 bot(s) with excess cash. Route CONFIRM+ signals to them.
💰 alfred: $36794 cash (74%) — needs deployment
💰 vex: $26503 cash (53%) — needs deployment
💰 eddie_v: $38926 cash (78%) — needs deployment

3 bot(s) with excess cash. Route CONFIRM+ signals to them.
💰 alfred: $36794 cash (74%) — needs deployment
💰 eddie_v: $40927 cash (82%) — needs deployment
💰 vex: $28486 cash (57%) — needs deployment

3 bot(s) with excess cash. Route CONFIRM+ signals to them.
💰 eddie_v: $40932 cash (82%) — needs deployment
💰 alfred: $38792 cash (78%) — needs deployment
💰 vex: $30468 cash (61%) — needs deployment

3 bot(s) with excess cash. Route CONFIRM+ signals to them.
💰 alfred: $44797 cash (90%) — needs deployment
💰 eddie_v: $40932 cash (81%) — needs deployment
💰 vex: $24485 cash (49%) — needs deployment

3 bot(s) with excess cash. Route CONFIRM+ signals to them.
💰 alfred: $47605 cash (95%) — needs deployment
💰 eddie_v: $40932 cash (81%) — needs deployment
💰 vex: $24485 cash (49%) — needs deployment

3 bot(s) with excess cash. Route CONFIRM+ signals to them.
💰 eddie_v: $40932 cash (81%) — needs deployment
💰 alfred: $47605 cash (95%) — needs deployment
💰 vex: $20500 cash (41%) — needs deployment

3 bot(s) with excess cash. Route CONFIRM+ signals to them.
💰 eddie_v: $40932 cash (81%) — needs deployment
💰 alfred: $47605 cash (95%) — needs deployment
💰 vex: $35754 cash (72%) — needs deployment

3 bot(s) with excess cash. Route CONFIRM+ signals to them.
💰 eddie_v: $40932 cash (81%) — needs deployment
💰 alfred: $47605 cash (95%) — needs deployment
💰 vex: $35754 cash (72%) — needs deployment

3 bot(s) with excess cash. Route CONFIRM+ signals to them.
💰 eddie_v: $40932 cash (81%) — needs deployment
💰 alfred: $47605 cash (95%) — needs deployment
💰 vex: $31754 cash (64%) — needs deployment

3 bot(s) with excess cash. Route CONFIRM+ signals to them.
💰 eddie_v: $40932 cash (81%) — needs deployment
💰 alfred: $47605 cash (95%) — needs deployment
💰 vex: $31754 cash (64%) — needs deployment

3 bot(s) with excess cash. Route CONFIRM+ signals to them.
💰 eddie_v: $40932 cash (81%) — needs deployment
💰 alfred: $47605 cash (95%) — needs deployment
💰 vex: $27693 cash (56%) — needs deployment

3 bot(s) with excess cash. Route CONFIRM+ signals to them.
💰 vex: $21734 cash (44%) — needs deployment
💰 eddie_v: $40932 cash (81%) — needs deployment
💰 alfred: $47605 cash (95%) — needs deployment

3 bot(s) with excess cash. Route CONFIRM+ signals to them.
💰 eddie_v: $40932 cash (82%) — needs deployment
💰 vex: $21734 cash (44%) — needs deployment
💰 alfred: $47605 cash (95%) — needs deployment

3 bot(s) with excess cash. Route CONFIRM+ signals to them.
💰 alfred: $47605 cash (95%) — needs deployment
💰 vex: $21734 cash (44%) — needs deployment
💰 eddie_v: $40932 cash (82%) — needs deployment

3 bot(s) with excess cash. Route CONFIRM+ signals to them.
💰 eddie_v: $40932 cash (82%) — needs deployment
💰 vex: $21734 cash (44%) — needs deployment
💰 alfred: $47605 cash (95%) — needs deployment

3 bot(s) with excess cash. Route CONFIRM+ signals to them.
💰 eddie_v: $40932 cash (82%) — needs deployment
💰 vex: $21734 cash (44%) — needs deployment
💰 alfred: $47605 cash (95%) — needs deployment

3 bot(s) with excess cash. Route CONFIRM+ signals to them.
💰 eddie_v: $40932 cash (82%) — needs deployment
💰 vex: $21734 cash (44%) — needs deployment
💰 alfred: $47605 cash (95%) — needs deployment

3 bot(s) with excess cash. Route CONFIRM+ signals to them.
💰 vex: $21734 cash (44%) — needs deployment
💰 alfred: $47605 cash (95%) — needs deployment
💰 eddie_v: $40932 cash (82%) — needs deployment

3 bot(s) with excess cash. Route CONFIRM+ signals to them.
💰 vex: $21734 cash (44%) — needs deployment
💰 alfred: $47605 cash (95%) — needs deployment
💰 eddie_v: $40932 cash (82%) — needs deployment

3 bot(s) with excess cash. Route CONFIRM+ signals to them.
💰 vex: $21734 cash (44%) — needs deployment
💰 alfred: $47605 cash (95%) — needs deployment
💰 eddie_v: $40932 cash (82%) — needs deployment

3 bot(s) with excess cash. Route CONFIRM+ signals to them.
💰 alfred: $47605 cash (95%) — needs deployment
💰 eddie_v: $40932 cash (82%) — needs deployment

2 bot(s) with excess cash. Route CONFIRM+ signals to them.
💰 alfred: $47605 cash (95%) — needs deployment
💰 eddie_v: $40932 cash (82%) — needs deployment

2 bot(s) with excess cash. Route CONFIRM+ signals to them.
💰 eddie_v: $40932 cash (82%) — needs deployment
💰 alfred: $47605 cash (95%) — needs deployment

2 bot(s) with excess cash. Route CONFIRM+ signals to them.
💰 eddie_v: $40932 cash (82%) — needs deployment
💰 alfred: $47605 cash (95%) — needs deployment

2 bot(s) with excess cash. Route CONFIRM+ signals to them.
💰 eddie_v: $40932 cash (82%) — needs deployment
💰 alfred: $47605 cash (95%) — needs deployment

2 bot(s) with excess cash. Route CONFIRM+ signals to them.
💰 eddie_v: $40932 cash (82%) — needs deployment
💰 alfred: $47605 cash (95%) — needs deployment

2 bot(s) with excess cash. Route CONFIRM+ signals to them.
💰 eddie_v: $40932 cash (82%) — needs deployment
💰 alfred: $47605 cash (95%) — needs deployment

2 bot(s) with excess cash. Route CONFIRM+ signals to them.
💰 eddie_v: $40932 cash (82%) — needs deployment
💰 alfred: $47605 cash (95%) — needs deployment

2 bot(s) with excess cash. Route CONFIRM+ signals to them.
💰 alfred: $45607 cash (91%) — needs deployment
💰 eddie_v: $38932 cash (78%) — needs deployment

2 bot(s) with excess cash. Route CONFIRM+ signals to them.
💰 alfred: $48002 cash (96%) — needs deployment
💰 eddie_v: $48000 cash (96%) — needs deployment

2 bot(s) with excess cash. Route CONFIRM+ signals to them.
💰 alfred: $48002 cash (96%) — needs deployment
💰 eddie_v: $48000 cash (96%) — needs deployment

2 bot(s) with excess cash. Route CONFIRM+ signals to them.
💰 alfred: $48002 cash (96%) — needs deployment
💰 eddie_v: $48000 cash (96%) — needs deployment

2 bot(s) with excess cash. Route CONFIRM+ signals to them.
💰 alfred: $48002 cash (96%) — needs deployment
💰 eddie_v: $48000 cash (96%) — needs deployment

2 bot(s) with excess cash. Route CONFIRM+ signals to them.
💰 alfred: $48002 cash (96%) — needs deployment
💰 eddie_v: $48000 cash (96%) — needs deployment

2 bot(s) with excess cash. Route CONFIRM+ signals to them.
💰 alfred: $48002 cash (96%) — needs deployment
💰 eddie_v: $48000 cash (96%) — needs deployment

2 bot(s) with excess cash. Route CONFIRM+ signals to them.
💰 alfred: $48002 cash (96%) — needs deployment
💰 eddie_v: $48000 cash (96%) — needs deployment

2 bot(s) with excess cash. Route CONFIRM+ signals to them.
💰 alfred: $48002 cash (96%) — needs deployment
💰 eddie_v: $48000 cash (96%) — needs deployment

2 bot(s) with excess cash. Route CONFIRM+ signals to them.
💰 alfred: $48002 cash (96%) — needs deployment
💰 eddie_v: $48000 cash (96%) — needs deployment

2 bot(s) with excess cash. Route CONFIRM+ signals to them.
💰 alfred: $48002 cash (96%) — needs deployment
💰 eddie_v: $48000 cash (96%) — needs deployment

2 bot(s) with excess cash. Route CONFIRM+ signals to them.
💰 alfred: $48002 cash (96%) — needs deployment
💰 eddie_v: $48000 cash (96%) — needs deployment

2 bot(s) with excess cash. Route CONFIRM+ signals to them.
💰 alfred: $48002 cash (96%) — needs deployment
💰 eddie_v: $48000 cash (96%) — needs deployment

2 bot(s) with excess cash. Route CONFIRM+ signals to them.
💰 alfred: $48002 cash (96%) — needs deployment
💰 eddie_v: $48000 cash (96%) — needs deployment

2 bot(s) with excess cash. Route CONFIRM+ signals to them.
💰 alfred: $48002 cash (96%) — needs deployment
💰 eddie_v: $48000 cash (96%) — needs deployment

2 bot(s) with excess cash. Route CONFIRM+ signals to them.
💰 alfred: $48002 cash (96%) — needs deployment
💰 eddie_v: $48000 cash (96%) — needs deployment

2 bot(s) with excess cash. Route CONFIRM+ signals to them.
💰 alfred: $48002 cash (96%) — needs deployment
💰 eddie_v: $48000 cash (96%) — needs deployment

2 bot(s) with excess cash. Route CONFIRM+ signals to them.
💰 alfred: $48002 cash (96%) — needs deployment
💰 eddie_v: $48000 cash (96%) — needs deployment

2 bot(s) with excess cash. Route CONFIRM+ signals to them.
💰 alfred: $48002 cash (96%) — needs deployment
💰 eddie_v: $48000 cash (96%) — needs deployment

2 bot(s) with excess cash. Route CONFIRM+ signals to them.
💰 vex: $35754 cash (72%) — needs deployment
💰 alfred: $48002 cash (96%) — needs deployment
💰 eddie_v: $48000 cash (96%) — needs deployment

3 bot(s) with excess cash. Route CONFIRM+ signals to them.
💰 vex: $35754 cash (72%) — needs deployment
💰 alfred: $48002 cash (96%) — needs deployment
💰 eddie_v: $48000 cash (96%) — needs deployment

3 bot(s) with excess cash. Route CONFIRM+ signals to them.
💰 vex: $35754 cash (72%) — needs deployment
💰 alfred: $48002 cash (96%) — needs deployment
💰 eddie_v: $48000 cash (96%) — needs deployment

3 bot(s) with excess cash. Route CONFIRM+ signals to them.
💰 vex: $35754 cash (72%) — needs deployment
💰 alfred: $48002 cash (96%) — needs deployment
💰 eddie_v: $48000 cash (96%) — needs deployment

3 bot(s) with excess cash. Route CONFIRM+ signals to them.
💰 vex: $35754 cash (72%) — needs deployment
💰 alfred: $48002 cash (96%) — needs deployment
💰 eddie_v: $48000 cash (96%) — needs deployment

3 bot(s) with excess cash. Route CONFIRM+ signals to them.
💰 vex: $35754 cash (72%) — needs deployment
💰 alfred: $48002 cash (96%) — needs deployment
💰 eddie_v: $48000 cash (96%) — needs deployment

3 bot(s) with excess cash. Route CONFIRM+ signals to them.
💰 vex: $35754 cash (72%) — needs deployment
💰 alfred: $48002 cash (96%) — needs deployment
💰 eddie_v: $48000 cash (96%) — needs deployment

3 bot(s) with excess cash. Route CONFIRM+ signals to them.
💰 vex: $35754 cash (72%) — needs deployment
💰 alfred: $48002 cash (96%) — needs deployment
💰 eddie_v: $48000 cash (96%) — needs deployment

3 bot(s) with excess cash. Route CONFIRM+ signals to them.
💰 vex: $35754 cash (72%) — needs deployment
💰 alfred: $48002 cash (96%) — needs deployment
💰 eddie_v: $48000 cash (96%) — needs deployment

3 bot(s) with excess cash. Route CONFIRM+ signals to them.
💰 vex: $35754 cash (72%) — needs deployment
💰 alfred: $48002 cash (96%) — needs deployment
💰 eddie_v: $48000 cash (96%) — needs deployment

3 bot(s) with excess cash. Route CONFIRM+ signals to them.
💰 vex: $35754 cash (72%) — needs deployment
💰 alfred: $48002 cash (96%) — needs deployment
💰 eddie_v: $48000 cash (96%) — needs deployment

3 bot(s) with excess cash. Route CONFIRM+ signals to them.
💰 vex: $35754 cash (72%) — needs deployment
💰 alfred: $48002 cash (96%) — needs deployment
💰 eddie_v: $48000 cash (96%) — needs deployment

3 bot(s) with excess cash. Route CONFIRM+ signals to them.
💰 alfred: $48002 cash (96%) — needs deployment
💰 eddie_v: $48000 cash (96%) — needs deployment

2 bot(s) with excess cash. Route CONFIRM+ signals to them.
💰 alfred: $51999 cash (104%) — needs deployment
💰 eddie_v: $51999 cash (104%) — needs deployment

2 bot(s) with excess cash. Route CONFIRM+ signals to them.
💰 alfred: $51999 cash (104%) — needs deployment
💰 eddie_v: $51999 cash (104%) — needs deployment

2 bot(s) with excess cash. Route CONFIRM+ signals to them.
💰 alfred: $51999 cash (104%) — needs deployment
💰 eddie_v: $51999 cash (104%) — needs deployment

2 bot(s) with excess cash. Route CONFIRM+ signals to them.
💰 alfred: $51999 cash (104%) — needs deployment
💰 eddie_v: $51999 cash (104%) — needs deployment

2 bot(s) with excess cash. Route CONFIRM+ signals to them.
💰 alfred: $51999 cash (104%) — needs deployment
💰 eddie_v: $51999 cash (104%) — needs deployment

2 bot(s) with excess cash. Route CONFIRM+ signals to them.
💰 alfred: $51999 cash (104%) — needs deployment
💰 eddie_v: $51999 cash (104%) — needs deployment

2 bot(s) with excess cash. Route CONFIRM+ signals to them.
💰 alfred: $53999 cash (108%) — needs deployment
💰 eddie_v: $53999 cash (108%) — needs deployment

2 bot(s) with excess cash. Route CONFIRM+ signals to them.
💰 alfred: $53999 cash (108%) — needs deployment
💰 eddie_v: $53999 cash (108%) — needs deployment

2 bot(s) with excess cash. Route CONFIRM+ signals to them.
💰 alfred: $53999 cash (108%) — needs deployment
💰 eddie_v: $53999 cash (108%) — needs deployment

2 bot(s) with excess cash. Route CONFIRM+ signals to them.
💰 alfred: $53999 cash (108%) — needs deployment
💰 eddie_v: $53999 cash (108%) — needs deployment

2 bot(s) with excess cash. Route CONFIRM+ signals to them.
Market closed. Use --force to run anyway.
Market closed. Use --force to run anyway.
Market closed. Use --force to run anyway.
Market closed. Use --force to run anyway.
Market closed. Use --force to run anyway.
Market closed. Use --force to run anyway.
Market closed. Use --force to run anyway.
Market closed. Use --force to run anyway.
Market closed. Use --force to run anyway.
Market closed. Use --force to run anyway.
Market closed. Use --force to run anyway.
Market closed. Use --force to run anyway.
Market closed. Use --force to run anyway.
Market closed. Use --force to run anyway.
Market closed. Use --force to run anyway.
Market closed. Use --force to run anyway.
Market closed. Use --force to run anyway.
Market closed. Use --force to run anyway.
Market closed. Use --force to run anyway.
Market closed. Use --force to run anyway.
Market closed. Use --force to run anyway.
Market closed. Use --force to run anyway.
Market closed. Use --force to run anyway.
Market closed. Use --force to run anyway.
Market closed. Use --force to run anyway.
Market closed. Use --force to run anyway.
Market closed. Use --force to run anyway.
Market closed. Use --force to run anyway.
Market closed. Use --force to run anyway.
Market closed. Use --force to run anyway.
Market closed. Use --force to run anyway.
Market closed. Use --force to run anyway.
Market closed. Use --force to run anyway.
Market closed. Use --force to run anyway.
Market closed. Use --force to run anyway.
Market closed. Use --force to run anyway.
Market closed. Use --force to run anyway.
Market closed. Use --force to run anyway.
Market closed. Use --force to run anyway.
Market closed. Use --force to run anyway.
Market closed. Use --force to run anyway.
Market closed. Use --force to run anyway.
Market closed. Use --force to run anyway.
Market closed. Use --force to run anyway.
Market closed. Use --force to run anyway.
Market closed. Use --force to run anyway.
Market closed. Use --force to run anyway.
Market closed. Use --force to run anyway.
Market closed. Use --force to run anyway.
Market closed. Use --force to run anyway.
Market closed. Use --force to run anyway.
Market closed. Use --force to run anyway.
Market closed. Use --force to run anyway.
Market closed. Use --force to run anyway.
Market closed. Use --force to run anyway.
Market closed. Use --force to run anyway.
Market closed. Use --force to run anyway.
Market closed. Use --force to run anyway.
Market closed. Use --force to run anyway.
Market closed. Use --force to run anyway.
Market closed. Use --force to run anyway.
Market closed. Use --force to run anyway.
Market closed. Use --force to run anyway.
Market closed. Use --force to run anyway.
Market closed. Use --force to run anyway.
Market closed. Use --force to run anyway.
Market closed. Use --force to run anyway.
Market closed. Use --force to run anyway.
Market closed. Use --force to run anyway.
Market closed. Use --force to run anyway.
Market closed. Use --force to run anyway.
Market closed. Use --force to run anyway.
Market closed. Use --force to run anyway.
Market closed. Use --force to run anyway.
Market closed. Use --force to run anyway.
Market closed. Use --force to run anyway.
Market closed. Use --force to run anyway.
Market closed. Use --force to run anyway.
Market closed. Use --force to run anyway.
Market closed. Use --force to run anyway.
Market closed. Use --force to run anyway.
Market closed. Use --force to run anyway.
Market closed. Use --force to run anyway.
Market closed. Use --force to run anyway.
Market closed. Use --force to run anyway.
Market closed. Use --force to run anyway.
Market closed. Use --force to run anyway.
Market closed. Use --force to run anyway.
Market closed. Use --force to run anyway.
Market closed. Use --force to run anyway.
Market closed. Use --force to run anyway.
Market closed. Use --force to run anyway.
Market closed. Use --force to run anyway.
Market closed. Use --force to run anyway.
Market closed. Use --force to run anyway.
Market closed. Use --force to run anyway.
Market closed. Use --force to run anyway.
Market closed. Use --force to run anyway.
Market closed. Use --force to run anyway.
Market closed. Use --force to run anyway.
Market closed. Use --force to run anyway.
Market closed. Use --force to run anyway.
Market closed. Use --force to run anyway.
Market closed. Use --force to run anyway.
Market closed. Use --force to run anyway.
Market closed. Use --force to run anyway.
Market closed. Use --force to run anyway.
Market closed. Use --force to run anyway.
Market closed. Use --force to run anyway.
Market closed. Use --force to run anyway.
Market closed. Use --force to run anyway.
Market closed. Use --force to run anyway.
Market closed. Use --force to run anyway.
Market closed. Use --force to run anyway.
Market closed. Use --force to run anyway.
Market closed. Use --force to run anyway.
Market closed. Use --force to run anyway.
Market closed. Use --force to run anyway.
Market closed. Use --force to run anyway.
Market closed. Use --force to run anyway.
Market closed. Use --force to run anyway.
Market closed. Use --force to run anyway.
Market closed. Use --force to run anyway.
Market closed. Use --force to run anyway.
Market closed. Use --force to run anyway.
Market closed. Use --force to run anyway.
Market closed. Use --force to run anyway.
Market closed. Use --force to run anyway.
Market closed. Use --force to run anyway.
Market closed. Use --force to run anyway.
Market closed. Use --force to run anyway.
Market closed. Use --force to run anyway.
Market closed. Use --force to run anyway.
Market closed. Use --force to run anyway.
Market closed. Use --force to run anyway.
Market closed. Use --force to run anyway.
Market closed. Use --force to run anyway.
Market closed. Use --force to run anyway.
Market closed. Use --force to run anyway.
Market closed. Use --force to run anyway.
Market closed. Use --force to run anyway.
Market closed. Use --force to run anyway.
Market closed. Use --force to run anyway.
Market closed. Use --force to run anyway.
Market closed. Use --force to run anyway.
Market closed. Use --force to run anyway.
Market closed. Use --force to run anyway.
Market closed. Use --force to run anyway.
Market closed. Use --force to run anyway.
Market closed. Use --force to run anyway.
Market closed. Use --force to run anyway.
Market closed. Use --force to run anyway.
Market closed. Use --force to run anyway.
Market closed. Use --force to run anyway.
Market closed. Use --force to run anyway.
Market closed. Use --force to run anyway.
Market closed. Use --force to run anyway.
Market closed. Use --force to run anyway.
Market closed. Use --force to run anyway.
Market closed. Use --force to run anyway.
Market closed. Use --force to run anyway.
Market closed. Use --force to run anyway.
Market closed. Use --force to run anyway.
Market closed. Use --force to run anyway.
Market closed. Use --force to run anyway.
Market closed. Use --force to run anyway.
Market closed. Use --force to run anyway.
Market closed. Use --force to run anyway.
Market closed. Use --force to run anyway.
Market closed. Use --force to run anyway.
Market closed. Use --force to run anyway.
Market closed. Use --force to run anyway.
Market closed. Use --force to run anyway.
Market closed. Use --force to run anyway.
Market closed. Use --force to run anyway.
Market closed. Use --force to run anyway.
Market closed. Use --force to run anyway.
Market closed. Use --force to run anyway.
Market closed. Use --force to run anyway.
Market closed. Use --force to run anyway.
Market closed. Use --force to run anyway.
Market closed. Use --force to run anyway.
Market closed. Use --force to run anyway.
Market closed. Use --force to run anyway.
Market closed. Use --force to run anyway.
Market closed. Use --force to run anyway.
Market closed. Use --force to run anyway.
Market closed. Use --force to run anyway.
Market closed. Use --force to run anyway.
Market closed. Use --force to run anyway.
Market closed. Use --force to run anyway.
Market closed. Use --force to run anyway.
Market closed. Use --force to run anyway.
Market closed. Use --force to run anyway.
Market closed. Use --force to run anyway.
Market closed. Use --force to run anyway.
Market closed. Use --force to run anyway.
Market closed. Use --force to run anyway.
Market closed. Use --force to run anyway.
Market closed. Use --force to run anyway.
Market closed. Use --force to run anyway.
Market closed. Use --force to run anyway.
Market closed. Use --force to run anyway.
Market closed. Use --force to run anyway.
Market closed. Use --force to run anyway.
Market closed. Use --force to run anyway.
Market closed. Use --force to run anyway.
Market closed. Use --force to run anyway.
Market closed. Use --force to run anyway.
Market closed. Use --force to run anyway.
💰 alfred: $32261 cash (63%) — needs deployment
💰 tars: $39386 cash (97%) — needs deployment
💰 vex: $52798 cash (100%) — needs deployment
💰 eddie_v: $50506 cash (90%) — needs deployment

4 bot(s) with excess cash. Route CONFIRM+ signals to them.
💰 alfred: $31172 cash (62%) — needs deployment
💰 tars: $50002 cash (100%) — needs deployment
💰 vex: $52798 cash (100%) — needs deployment
💰 eddie_v: $45922 cash (85%) — needs deployment

4 bot(s) with excess cash. Route CONFIRM+ signals to them.
💰 alfred: $31172 cash (62%) — needs deployment
💰 tars: $50002 cash (100%) — needs deployment
💰 vex: $52798 cash (100%) — needs deployment
💰 eddie_v: $45986 cash (92%) — needs deployment

4 bot(s) with excess cash. Route CONFIRM+ signals to them.
💰 alfred: $31172 cash (62%) — needs deployment
💰 tars: $50002 cash (100%) — needs deployment
💰 vex: $52798 cash (100%) — needs deployment
💰 eddie_v: $45986 cash (92%) — needs deployment

4 bot(s) with excess cash. Route CONFIRM+ signals to them.
💰 alfred: $31172 cash (62%) — needs deployment
💰 tars: $50002 cash (100%) — needs deployment
💰 vex: $52798 cash (100%) — needs deployment
💰 eddie_v: $45986 cash (92%) — needs deployment

4 bot(s) with excess cash. Route CONFIRM+ signals to them.
💰 alfred: $31172 cash (62%) — needs deployment
💰 tars: $50002 cash (100%) — needs deployment
💰 vex: $52798 cash (100%) — needs deployment
💰 eddie_v: $45986 cash (92%) — needs deployment

4 bot(s) with excess cash. Route CONFIRM+ signals to them.
💰 alfred: $31172 cash (62%) — needs deployment
💰 tars: $50002 cash (100%) — needs deployment
💰 vex: $52798 cash (100%) — needs deployment
💰 eddie_v: $45986 cash (92%) — needs deployment

4 bot(s) with excess cash. Route CONFIRM+ signals to them.
💰 alfred: $31172 cash (62%) — needs deployment
💰 tars: $50002 cash (100%) — needs deployment
💰 vex: $52798 cash (100%) — needs deployment
💰 eddie_v: $43986 cash (88%) — needs deployment

4 bot(s) with excess cash. Route CONFIRM+ signals to them.
💰 tars: $50002 cash (100%) — needs deployment
💰 alfred: $41948 cash (84%) — needs deployment
💰 vex: $52798 cash (100%) — needs deployment
💰 eddie_v: $43986 cash (88%) — needs deployment

4 bot(s) with excess cash. Route CONFIRM+ signals to them.
💰 alfred: $42122 cash (84%) — needs deployment
💰 tars: $50002 cash (100%) — needs deployment
💰 vex: $52798 cash (100%) — needs deployment
💰 eddie_v: $43986 cash (88%) — needs deployment

4 bot(s) with excess cash. Route CONFIRM+ signals to them.
💰 alfred: $42122 cash (84%) — needs deployment
💰 tars: $50002 cash (100%) — needs deployment
💰 vex: $52798 cash (100%) — needs deployment
💰 eddie_v: $43986 cash (88%) — needs deployment

4 bot(s) with excess cash. Route CONFIRM+ signals to them.
💰 tars: $50002 cash (100%) — needs deployment
💰 alfred: $42122 cash (84%) — needs deployment
💰 vex: $52798 cash (100%) — needs deployment
💰 eddie_v: $43986 cash (88%) — needs deployment

4 bot(s) with excess cash. Route CONFIRM+ signals to them.
💰 alfred: $42122 cash (84%) — needs deployment
💰 vex: $52798 cash (100%) — needs deployment
💰 eddie_v: $43986 cash (88%) — needs deployment

3 bot(s) with excess cash. Route CONFIRM+ signals to them.
💰 alfred: $42122 cash (84%) — needs deployment
💰 vex: $47700 cash (95%) — needs deployment
💰 eddie_v: $43986 cash (88%) — needs deployment

3 bot(s) with excess cash. Route CONFIRM+ signals to them.
💰 alfred: $42122 cash (84%) — needs deployment
💰 vex: $43123 cash (90%) — needs deployment
💰 eddie_v: $43986 cash (88%) — needs deployment

3 bot(s) with excess cash. Route CONFIRM+ signals to them.
💰 alfred: $42122 cash (84%) — needs deployment
💰 vex: $47700 cash (95%) — needs deployment
💰 eddie_v: $43986 cash (88%) — needs deployment

3 bot(s) with excess cash. Route CONFIRM+ signals to them.
💰 alfred: $42122 cash (84%) — needs deployment
💰 vex: $46640 cash (93%) — needs deployment
💰 eddie_v: $43986 cash (88%) — needs deployment

3 bot(s) with excess cash. Route CONFIRM+ signals to them.
💰 alfred: $42122 cash (84%) — needs deployment
💰 vex: $46640 cash (93%) — needs deployment
💰 eddie_v: $43986 cash (88%) — needs deployment

3 bot(s) with excess cash. Route CONFIRM+ signals to them.
💰 alfred: $42122 cash (84%) — needs deployment
💰 vex: $46640 cash (93%) — needs deployment
💰 eddie_v: $43986 cash (88%) — needs deployment

3 bot(s) with excess cash. Route CONFIRM+ signals to them.
💰 eddie_v: $46776 cash (94%) — needs deployment
💰 alfred: $42122 cash (84%) — needs deployment
💰 vex: $46640 cash (93%) — needs deployment

3 bot(s) with excess cash. Route CONFIRM+ signals to them.
💰 eddie_v: $46776 cash (94%) — needs deployment
💰 alfred: $42122 cash (84%) — needs deployment
💰 vex: $46640 cash (93%) — needs deployment

3 bot(s) with excess cash. Route CONFIRM+ signals to them.
💰 alfred: $42122 cash (84%) — needs deployment
💰 vex: $46640 cash (93%) — needs deployment

2 bot(s) with excess cash. Route CONFIRM+ signals to them.
💰 alfred: $42122 cash (84%) — needs deployment

1 bot(s) with excess cash. Route CONFIRM+ signals to them.
💰 alfred: $42122 cash (84%) — needs deployment

1 bot(s) with excess cash. Route CONFIRM+ signals to them.
💰 eddie_v: $22024 cash (42%) — needs deployment
💰 alfred: $37599 cash (75%) — needs deployment
💰 vex: $27444 cash (55%) — needs deployment

3 bot(s) with excess cash. Route CONFIRM+ signals to them.
💰 eddie_v: $30814 cash (59%) — needs deployment
💰 alfred: $37650 cash (75%) — needs deployment
💰 vex: $27444 cash (55%) — needs deployment

3 bot(s) with excess cash. Route CONFIRM+ signals to them.
💰 alfred: $37650 cash (75%) — needs deployment
💰 eddie_v: $24392 cash (54%) — needs deployment
💰 vex: $27444 cash (55%) — needs deployment

3 bot(s) with excess cash. Route CONFIRM+ signals to them.
💰 eddie_v: $24392 cash (54%) — needs deployment
💰 alfred: $37650 cash (75%) — needs deployment
💰 vex: $27444 cash (55%) — needs deployment

3 bot(s) with excess cash. Route CONFIRM+ signals to them.
💰 eddie_v: $24392 cash (54%) — needs deployment
💰 alfred: $37650 cash (75%) — needs deployment
💰 vex: $27444 cash (55%) — needs deployment

3 bot(s) with excess cash. Route CONFIRM+ signals to them.
💰 eddie_v: $24392 cash (54%) — needs deployment
💰 alfred: $37650 cash (75%) — needs deployment
💰 vex: $23416 cash (47%) — needs deployment

3 bot(s) with excess cash. Route CONFIRM+ signals to them.
💰 eddie_v: $24392 cash (54%) — needs deployment
💰 alfred: $35521 cash (71%) — needs deployment
💰 vex: $23416 cash (47%) — needs deployment

3 bot(s) with excess cash. Route CONFIRM+ signals to them.
💰 eddie_v: $24392 cash (54%) — needs deployment
💰 alfred: $35521 cash (71%) — needs deployment
💰 vex: $23416 cash (47%) — needs deployment

3 bot(s) with excess cash. Route CONFIRM+ signals to them.
💰 eddie_v: $24392 cash (54%) — needs deployment
💰 alfred: $35521 cash (71%) — needs deployment
💰 vex: $21094 cash (42%) — needs deployment

3 bot(s) with excess cash. Route CONFIRM+ signals to them.
💰 eddie_v: $24392 cash (54%) — needs deployment
💰 alfred: $35521 cash (71%) — needs deployment
💰 vex: $21094 cash (42%) — needs deployment

3 bot(s) with excess cash. Route CONFIRM+ signals to them.
💰 eddie_v: $24392 cash (54%) — needs deployment
💰 alfred: $35521 cash (71%) — needs deployment
💰 vex: $20600 cash (41%) — needs deployment

3 bot(s) with excess cash. Route CONFIRM+ signals to them.
💰 eddie_v: $24392 cash (54%) — needs deployment
💰 alfred: $35521 cash (71%) — needs deployment
💰 vex: $20600 cash (41%) — needs deployment

3 bot(s) with excess cash. Route CONFIRM+ signals to them.
💰 eddie_v: $24392 cash (54%) — needs deployment
💰 alfred: $35521 cash (71%) — needs deployment
💰 vex: $20600 cash (41%) — needs deployment

3 bot(s) with excess cash. Route CONFIRM+ signals to them.
💰 eddie_v: $24392 cash (54%) — needs deployment
💰 alfred: $35521 cash (71%) — needs deployment
💰 vex: $20600 cash (41%) — needs deployment

3 bot(s) with excess cash. Route CONFIRM+ signals to them.
💰 eddie_v: $24392 cash (54%) — needs deployment
💰 alfred: $35521 cash (71%) — needs deployment
💰 vex: $20600 cash (41%) — needs deployment

3 bot(s) with excess cash. Route CONFIRM+ signals to them.
💰 eddie_v: $24392 cash (54%) — needs deployment
💰 alfred: $35521 cash (71%) — needs deployment
💰 vex: $20600 cash (41%) — needs deployment

3 bot(s) with excess cash. Route CONFIRM+ signals to them.
💰 eddie_v: $24392 cash (54%) — needs deployment
💰 alfred: $35521 cash (71%) — needs deployment
💰 vex: $20600 cash (41%) — needs deployment

3 bot(s) with excess cash. Route CONFIRM+ signals to them.
💰 eddie_v: $24392 cash (54%) — needs deployment
💰 alfred: $35521 cash (71%) — needs deployment
💰 vex: $20600 cash (41%) — needs deployment

3 bot(s) with excess cash. Route CONFIRM+ signals to them.
💰 eddie_v: $24392 cash (54%) — needs deployment
💰 alfred: $35521 cash (71%) — needs deployment
💰 vex: $20600 cash (41%) — needs deployment

3 bot(s) with excess cash. Route CONFIRM+ signals to them.
💰 eddie_v: $24392 cash (54%) — needs deployment
💰 alfred: $35521 cash (71%) — needs deployment
💰 vex: $20600 cash (41%) — needs deployment

3 bot(s) with excess cash. Route CONFIRM+ signals to them.
💰 alfred: $35521 cash (71%) — needs deployment
💰 eddie_v: $34534 cash (75%) — needs deployment
💰 vex: $20600 cash (41%) — needs deployment

3 bot(s) with excess cash. Route CONFIRM+ signals to them.
💰 eddie_v: $38281 cash (77%) — needs deployment
💰 alfred: $37650 cash (75%) — needs deployment
💰 vex: $20600 cash (41%) — needs deployment

3 bot(s) with excess cash. Route CONFIRM+ signals to them.
💰 eddie_v: $38281 cash (77%) — needs deployment
💰 alfred: $32358 cash (65%) — needs deployment

2 bot(s) with excess cash. Route CONFIRM+ signals to them.
💰 eddie_v: $38281 cash (77%) — needs deployment
💰 alfred: $32358 cash (65%) — needs deployment

2 bot(s) with excess cash. Route CONFIRM+ signals to them.
💰 eddie_v: $36281 cash (73%) — needs deployment
💰 alfred: $32358 cash (65%) — needs deployment

2 bot(s) with excess cash. Route CONFIRM+ signals to them.
💰 alfred: $32358 cash (65%) — needs deployment
💰 eddie_v: $36281 cash (73%) — needs deployment

2 bot(s) with excess cash. Route CONFIRM+ signals to them.
💰 eddie_v: $36281 cash (73%) — needs deployment
💰 alfred: $32358 cash (65%) — needs deployment

2 bot(s) with excess cash. Route CONFIRM+ signals to them.
💰 alfred: $32358 cash (65%) — needs deployment
💰 eddie_v: $36281 cash (73%) — needs deployment

2 bot(s) with excess cash. Route CONFIRM+ signals to them.
💰 alfred: $32358 cash (65%) — needs deployment
💰 eddie_v: $36281 cash (73%) — needs deployment

2 bot(s) with excess cash. Route CONFIRM+ signals to them.
💰 eddie_v: $36281 cash (73%) — needs deployment
💰 alfred: $32358 cash (65%) — needs deployment

2 bot(s) with excess cash. Route CONFIRM+ signals to them.
💰 eddie_v: $36281 cash (73%) — needs deployment
💰 alfred: $32358 cash (65%) — needs deployment

2 bot(s) with excess cash. Route CONFIRM+ signals to them.
💰 eddie_v: $24168 cash (48%) — needs deployment
💰 alfred: $32358 cash (65%) — needs deployment

2 bot(s) with excess cash. Route CONFIRM+ signals to them.
💰 alfred: $32358 cash (65%) — needs deployment

1 bot(s) with excess cash. Route CONFIRM+ signals to them.
💰 alfred: $32358 cash (65%) — needs deployment

1 bot(s) with excess cash. Route CONFIRM+ signals to them.
💰 alfred: $32358 cash (65%) — needs deployment

1 bot(s) with excess cash. Route CONFIRM+ signals to them.
💰 alfred: $32358 cash (65%) — needs deployment

1 bot(s) with excess cash. Route CONFIRM+ signals to them.
💰 alfred: $32358 cash (65%) — needs deployment

1 bot(s) with excess cash. Route CONFIRM+ signals to them.
💰 alfred: $32358 cash (65%) — needs deployment

1 bot(s) with excess cash. Route CONFIRM+ signals to them.
💰 alfred: $32358 cash (65%) — needs deployment

1 bot(s) with excess cash. Route CONFIRM+ signals to them.
💰 alfred: $32358 cash (65%) — needs deployment

1 bot(s) with excess cash. Route CONFIRM+ signals to them.
💰 alfred: $35545 cash (71%) — needs deployment

1 bot(s) with excess cash. Route CONFIRM+ signals to them.
💰 alfred: $35545 cash (71%) — needs deployment

1 bot(s) with excess cash. Route CONFIRM+ signals to them.
💰 alfred: $35545 cash (71%) — needs deployment

1 bot(s) with excess cash. Route CONFIRM+ signals to them.
💰 alfred: $35545 cash (71%) — needs deployment

1 bot(s) with excess cash. Route CONFIRM+ signals to them.
💰 alfred: $35545 cash (71%) — needs deployment

1 bot(s) with excess cash. Route CONFIRM+ signals to them.
💰 alfred: $35545 cash (71%) — needs deployment

1 bot(s) with excess cash. Route CONFIRM+ signals to them.
💰 alfred: $35545 cash (71%) — needs deployment

1 bot(s) with excess cash. Route CONFIRM+ signals to them.
💰 alfred: $35545 cash (71%) — needs deployment

1 bot(s) with excess cash. Route CONFIRM+ signals to them.
💰 alfred: $35545 cash (71%) — needs deployment

1 bot(s) with excess cash. Route CONFIRM+ signals to them.
💰 alfred: $35545 cash (71%) — needs deployment

1 bot(s) with excess cash. Route CONFIRM+ signals to them.
💰 alfred: $35545 cash (71%) — needs deployment

1 bot(s) with excess cash. Route CONFIRM+ signals to them.
💰 alfred: $35545 cash (71%) — needs deployment

1 bot(s) with excess cash. Route CONFIRM+ signals to them.
💰 alfred: $35545 cash (71%) — needs deployment

1 bot(s) with excess cash. Route CONFIRM+ signals to them.
💰 alfred: $35545 cash (71%) — needs deployment

1 bot(s) with excess cash. Route CONFIRM+ signals to them.
Market closed. Use --force to run anyway.
Market closed. Use --force to run anyway.
Market closed. Use --force to run anyway.
Market closed. Use --force to run anyway.
Market closed. Use --force to run anyway.
Market closed. Use --force to run anyway.
Market closed. Use --force to run anyway.
Market closed. Use --force to run anyway.
Market closed. Use --force to run anyway.
Market closed. Use --force to run anyway.
Market closed. Use --force to run anyway.
Market closed. Use --force to run anyway.
Market closed. Use --force to run anyway.
Market closed. Use --force to run anyway.
Market closed. Use --force to run anyway.
Market closed. Use --force to run anyway.
Market closed. Use --force to run anyway.
Market closed. Use --force to run anyway.
Market closed. Use --force to run anyway.
Market closed. Use --force to run anyway.
Market closed. Use --force to run anyway.
Market closed. Use --force to run anyway.
Market closed. Use --force to run anyway.
Market closed. Use --force to run anyway.
Market closed. Use --force to run anyway.
Market closed. Use --force to run anyway.
Market closed. Use --force to run anyway.
Market closed. Use --force to run anyway.
Market closed. Use --force to run anyway.
Market closed. Use --force to run anyway.
Market closed. Use --force to run anyway.
Market closed. Use --force to run anyway.
Market closed. Use --force to run anyway.
Market closed. Use --force to run anyway.
Market closed. Use --force to run anyway.
Market closed. Use --force to run anyway.
Market closed. Use --force to run anyway.
Market closed. Use --force to run anyway.
Market closed. Use --force to run anyway.
Market closed. Use --force to run anyway.
Market closed. Use --force to run anyway.
Market closed. Use --force to run anyway.
Market closed. Use --force to run anyway.
Market closed. Use --force to run anyway.
Market closed. Use --force to run anyway.
Market closed. Use --force to run anyway.
Market closed. Use --force to run anyway.
Market closed. Use --force to run anyway.
Market closed. Use --force to run anyway.
Market closed. Use --force to run anyway.
Market closed. Use --force to run anyway.
Market closed. Use --force to run anyway.
Market closed. Use --force to run anyway.
Market closed. Use --force to run anyway.
Market closed. Use --force to run anyway.
Market closed. Use --force to run anyway.
Market closed. Use --force to run anyway.
Market closed. Use --force to run anyway.
Market closed. Use --force to run anyway.
Market closed. Use --force to run anyway.
Market closed. Use --force to run anyway.
Market closed. Use --force to run anyway.
Market closed. Use --force to run anyway.
Market closed. Use --force to run anyway.
Market closed. Use --force to run anyway.
Market closed. Use --force to run anyway.
Market closed. Use --force to run anyway.
Market closed. Use --force to run anyway.
Market closed. Use --force to run anyway.
Market closed. Use --force to run anyway.
Market closed. Use --force to run anyway.
Market closed. Use --force to run anyway.
Market closed. Use --force to run anyway.
Market closed. Use --force to run anyway.
Market closed. Use --force to run anyway.
Market closed. Use --force to run anyway.
Market closed. Use --force to run anyway.
Market closed. Use --force to run anyway.
Market closed. Use --force to run anyway.
Market closed. Use --force to run anyway.
Market closed. Use --force to run anyway.
Market closed. Use --force to run anyway.
Market closed. Use --force to run anyway.
Market closed. Use --force to run anyway.
Market closed. Use --force to run anyway.
Market closed. Use --force to run anyway.
Market closed. Use --force to run anyway.
Market closed. Use --force to run anyway.
Market closed. Use --force to run anyway.
Market closed. Use --force to run anyway.
Market closed. Use --force to run anyway.
Market closed. Use --force to run anyway.
Market closed. Use --force to run anyway.
Market closed. Use --force to run anyway.
Market closed. Use --force to run anyway.
Market closed. Use --force to run anyway.
Market closed. Use --force to run anyway.
Market closed. Use --force to run anyway.
Market closed. Use --force to run anyway.
Market closed. Use --force to run anyway.
Market closed. Use --force to run anyway.
Market closed. Use --force to run anyway.
Market closed. Use --force to run anyway.
Market closed. Use --force to run anyway.
Market closed. Use --force to run anyway.
Market closed. Use --force to run anyway.
Market closed. Use --force to run anyway.
Market closed. Use --force to run anyway.
Market closed. Use --force to run anyway.
Market closed. Use --force to run anyway.
Market closed. Use --force to run anyway.
Market closed. Use --force to run anyway.
Market closed. Use --force to run anyway.
Market closed. Use --force to run anyway.
Market closed. Use --force to run anyway.
Market closed. Use --force to run anyway.
Market closed. Use --force to run anyway.
Market closed. Use --force to run anyway.
Market closed. Use --force to run anyway.
Market closed. Use --force to run anyway.
Market closed. Use --force to run anyway.
Market closed. Use --force to run anyway.
Market closed. Use --force to run anyway.
Market closed. Use --force to run anyway.
Market closed. Use --force to run anyway.
Market closed. Use --force to run anyway.
Market closed. Use --force to run anyway.
Market closed. Use --force to run anyway.
Market closed. Use --force to run anyway.
Market closed. Use --force to run anyway.
Market closed. Use --force to run anyway.
Market closed. Use --force to run anyway.
Market closed. Use --force to run anyway.
Market closed. Use --force to run anyway.
Market closed. Use --force to run anyway.
Market closed. Use --force to run anyway.
Market closed. Use --force to run anyway.
Market closed. Use --force to run anyway.
Market closed. Use --force to run anyway.
Market closed. Use --force to run anyway.
Market closed. Use --force to run anyway.
Market closed. Use --force to run anyway.
Market closed. Use --force to run anyway.
Market closed. Use --force to run anyway.
Market closed. Use --force to run anyway.
Market closed. Use --force to run anyway.
Market closed. Use --force to run anyway.
Market closed. Use --force to run anyway.
Market closed. Use --force to run anyway.
Market closed. Use --force to run anyway.
Market closed. Use --force to run anyway.
Market closed. Use --force to run anyway.
Market closed. Use --force to run anyway.
Market closed. Use --force to run anyway.
Market closed. Use --force to run anyway.
Market closed. Use --force to run anyway.
Market closed. Use --force to run anyway.
Market closed. Use --force to run anyway.
Market closed. Use --force to run anyway.
Market closed. Use --force to run anyway.
Market closed. Use --force to run anyway.
Market closed. Use --force to run anyway.
Market closed. Use --force to run anyway.
Market closed. Use --force to run anyway.
Market closed. Use --force to run anyway.
Market closed. Use --force to run anyway.
Market closed. Use --force to run anyway.
Market closed. Use --force to run anyway.
Market closed. Use --force to run anyway.
Market closed. Use --force to run anyway.
Market closed. Use --force to run anyway.
Market closed. Use --force to run anyway.
Market closed. Use --force to run anyway.
Market closed. Use --force to run anyway.
Market closed. Use --force to run anyway.
Market closed. Use --force to run anyway.
Market closed. Use --force to run anyway.
Market closed. Use --force to run anyway.
Market closed. Use --force to run anyway.
Market closed. Use --force to run anyway.
Market closed. Use --force to run anyway.
Market closed. Use --force to run anyway.
Market closed. Use --force to run anyway.
Market closed. Use --force to run anyway.
Market closed. Use --force to run anyway.
Market closed. Use --force to run anyway.
Market closed. Use --force to run anyway.
Market closed. Use --force to run anyway.
Market closed. Use --force to run anyway.
Market closed. Use --force to run anyway.
Market closed. Use --force to run anyway.
Market closed. Use --force to run anyway.
Market closed. Use --force to run anyway.
Market closed. Use --force to run anyway.
Market closed. Use --force to run anyway.
Market closed. Use --force to run anyway.
