   ⚠️ CROSS-BOT GUARD: tars is not local ({'alfred_crypto', 'alfred'}). ALERT ONLY — not executing.
🚨 STOP HIT: tars LONG SOL-USD — entry $91.96, now $90.20, drawdown 1.9%
   ⚠️ CROSS-BOT GUARD: tars is not local ({'alfred_crypto', 'alfred'}). ALERT ONLY — not executing.
⚠️ PRICE SANITY REJECTED for SUI-USD: REJECTED: SUI-USD $0.000300194 below absolute minimum $0.1
   ✅ CoinGecko fallback: SUI-USD = $0.951366
📊 Stop threshold: 1.5% (regime: NORMAL)
🚨 STOP HIT: alfred LONG ETH-USD — entry $2196.73, now $2117.38, drawdown 3.6%
❌ POSITION CHECK FAILED: alfred trying to SELL 4.15 ETH-USD but only owns 0
   Net position: 0 (positive=long, negative=short)
   ❌ Auto-execute failed for ETH-USD
🚨 STOP HIT: alfred LONG LINK-USD — entry $9.48, now $9.26, drawdown 2.3%
❌ POSITION CHECK FAILED: alfred trying to SELL 250.0 LINK-USD but only owns 0
   Net position: 0 (positive=long, negative=short)
   ❌ Auto-execute failed for LINK-USD
🚨 STOP HIT: alfred LONG RENDER-USD — entry $1.45, now $1.40, drawdown 3.6%
❌ POSITION CHECK FAILED: alfred trying to SELL 2193.0 RENDER-USD but only owns 0
   Net position: 0 (positive=long, negative=short)
   ❌ Auto-execute failed for RENDER-USD
🚨 STOP HIT: alfred LONG SOL-USD — entry $92.75, now $90.22, drawdown 2.7%
❌ POSITION CHECK FAILED: alfred trying to SELL 3.2 SOL-USD but only owns 0
   Net position: 0 (positive=long, negative=short)
   ❌ Auto-execute failed for SOL-USD
🚨 STOP HIT: tars LONG LINK-USD — entry $9.45, now $9.26, drawdown 2.0%
   ⚠️ CROSS-BOT GUARD: tars is not local ({'alfred_crypto', 'alfred'}). ALERT ONLY — not executing.
🚨 STOP HIT: tars LONG SOL-USD — entry $91.96, now $90.22, drawdown 1.9%
   ⚠️ CROSS-BOT GUARD: tars is not local ({'alfred_crypto', 'alfred'}). ALERT ONLY — not executing.
⚠️ PRICE SANITY REJECTED for SUI-USD: REJECTED: SUI-USD $0.000300194 below absolute minimum $0.1
📊 Stop threshold: 1.5% (regime: NORMAL)
🚨 STOP HIT: alfred LONG ETH-USD — entry $2196.73, now $2117.38, drawdown 3.6%
❌ POSITION CHECK FAILED: alfred trying to SELL 4.15 ETH-USD but only owns 0
   Net position: 0 (positive=long, negative=short)
   ❌ Auto-execute failed for ETH-USD
🚨 STOP HIT: alfred LONG LINK-USD — entry $9.48, now $9.26, drawdown 2.3%
❌ POSITION CHECK FAILED: alfred trying to SELL 250.0 LINK-USD but only owns 0
   Net position: 0 (positive=long, negative=short)
   ❌ Auto-execute failed for LINK-USD
🚨 STOP HIT: alfred LONG RENDER-USD — entry $1.45, now $1.40, drawdown 3.7%
❌ POSITION CHECK FAILED: alfred trying to SELL 2193.0 RENDER-USD but only owns 0
   Net position: 0 (positive=long, negative=short)
   ❌ Auto-execute failed for RENDER-USD
🚨 STOP HIT: alfred LONG SOL-USD — entry $92.75, now $90.22, drawdown 2.7%
❌ POSITION CHECK FAILED: alfred trying to SELL 3.2 SOL-USD but only owns 0
   Net position: 0 (positive=long, negative=short)
   ❌ Auto-execute failed for SOL-USD
🚨 STOP HIT: tars LONG LINK-USD — entry $9.45, now $9.26, drawdown 2.0%
   ⚠️ CROSS-BOT GUARD: tars is not local ({'alfred', 'alfred_crypto'}). ALERT ONLY — not executing.
🚨 STOP HIT: tars LONG SOL-USD — entry $91.96, now $90.22, drawdown 1.9%
   ⚠️ CROSS-BOT GUARD: tars is not local ({'alfred', 'alfred_crypto'}). ALERT ONLY — not executing.
⚠️ PRICE SANITY REJECTED for SUI-USD: REJECTED: SUI-USD $0.000300194 below absolute minimum $0.1
📊 Stop threshold: 1.5% (regime: NORMAL)
🚨 STOP HIT: tars LONG LINK-USD — entry $9.45, now $9.25, drawdown 2.1%
   ⚠️ CROSS-BOT GUARD: tars is not local ({'alfred', 'alfred_crypto'}). ALERT ONLY — not executing.
🚨 STOP HIT: tars LONG SOL-USD — entry $91.96, now $90.11, drawdown 2.0%
   ⚠️ CROSS-BOT GUARD: tars is not local ({'alfred', 'alfred_crypto'}). ALERT ONLY — not executing.
⚠️ PRICE SANITY REJECTED for SUI-USD: REJECTED: SUI-USD $0.000300194 below absolute minimum $0.1
📊 Stop threshold: 1.5% (regime: NORMAL)
🚨 STOP HIT: tars LONG LINK-USD — entry $9.45, now $9.25, drawdown 2.1%
   ⚠️ CROSS-BOT GUARD: tars is not local ({'alfred_crypto', 'alfred'}). ALERT ONLY — not executing.
🚨 STOP HIT: tars LONG SOL-USD — entry $91.96, now $90.11, drawdown 2.0%
   ⚠️ CROSS-BOT GUARD: tars is not local ({'alfred_crypto', 'alfred'}). ALERT ONLY — not executing.
⚠️ PRICE SANITY REJECTED for SUI-USD: REJECTED: SUI-USD $0.000300194 below absolute minimum $0.1
📊 Stop threshold: 1.5% (regime: NORMAL)
🚨 STOP HIT: tars LONG LINK-USD — entry $9.45, now $9.25, drawdown 2.2%
   ⚠️ CROSS-BOT GUARD: tars is not local ({'alfred_crypto', 'alfred'}). ALERT ONLY — not executing.
🚨 STOP HIT: tars LONG SOL-USD — entry $91.96, now $89.99, drawdown 2.1%
   ⚠️ CROSS-BOT GUARD: tars is not local ({'alfred_crypto', 'alfred'}). ALERT ONLY — not executing.
⚠️ PRICE SANITY REJECTED for SUI-USD: REJECTED: SUI-USD $0.000300194 below absolute minimum $0.1
   ✅ CoinGecko fallback: SUI-USD = $0.949579
📊 Stop threshold: 1.5% (regime: NORMAL)
🚨 STOP HIT: alfred LONG ETH-USD — entry $2196.73, now $2111.26, drawdown 3.9%
❌ POSITION CHECK FAILED: alfred trying to SELL 4.15 ETH-USD but only owns 0
   Net position: 0 (positive=long, negative=short)
   ❌ Auto-execute failed for ETH-USD
🚨 STOP HIT: alfred LONG LINK-USD — entry $9.48, now $9.24, drawdown 2.5%
❌ POSITION CHECK FAILED: alfred trying to SELL 250.0 LINK-USD but only owns 0
   Net position: 0 (positive=long, negative=short)
   ❌ Auto-execute failed for LINK-USD
🚨 STOP HIT: alfred LONG RENDER-USD — entry $1.45, now $1.39, drawdown 3.9%
❌ POSITION CHECK FAILED: alfred trying to SELL 2193.0 RENDER-USD but only owns 0
   Net position: 0 (positive=long, negative=short)
   ❌ Auto-execute failed for RENDER-USD
🚨 STOP HIT: alfred LONG SOL-USD — entry $92.75, now $89.99, drawdown 3.0%
❌ POSITION CHECK FAILED: alfred trying to SELL 3.2 SOL-USD but only owns 0
   Net position: 0 (positive=long, negative=short)
   ❌ Auto-execute failed for SOL-USD
🚨 STOP HIT: tars LONG LINK-USD — entry $9.45, now $9.24, drawdown 2.2%
   ⚠️ CROSS-BOT GUARD: tars is not local ({'alfred_crypto', 'alfred'}). ALERT ONLY — not executing.
🚨 STOP HIT: tars LONG SOL-USD — entry $91.96, now $89.99, drawdown 2.1%
   ⚠️ CROSS-BOT GUARD: tars is not local ({'alfred_crypto', 'alfred'}). ALERT ONLY — not executing.
⚠️ PRICE SANITY REJECTED for SUI-USD: REJECTED: SUI-USD $0.000300194 below absolute minimum $0.1
📊 Stop threshold: 1.5% (regime: NORMAL)
🚨 STOP HIT: alfred LONG ETH-USD — entry $2196.73, now $2111.26, drawdown 3.9%
❌ POSITION CHECK FAILED: alfred trying to SELL 4.15 ETH-USD but only owns 0
   Net position: 0 (positive=long, negative=short)
   ❌ Auto-execute failed for ETH-USD
🚨 STOP HIT: alfred LONG LINK-USD — entry $9.48, now $9.24, drawdown 2.5%
❌ POSITION CHECK FAILED: alfred trying to SELL 250.0 LINK-USD but only owns 0
   Net position: 0 (positive=long, negative=short)
   ❌ Auto-execute failed for LINK-USD
🚨 STOP HIT: alfred LONG RENDER-USD — entry $1.45, now $1.39, drawdown 3.9%
❌ POSITION CHECK FAILED: alfred trying to SELL 2193.0 RENDER-USD but only owns 0
   Net position: 0 (positive=long, negative=short)
   ❌ Auto-execute failed for RENDER-USD
🚨 STOP HIT: alfred LONG SOL-USD — entry $92.75, now $89.99, drawdown 3.0%
❌ POSITION CHECK FAILED: alfred trying to SELL 3.2 SOL-USD but only owns 0
   Net position: 0 (positive=long, negative=short)
   ❌ Auto-execute failed for SOL-USD
🚨 STOP HIT: tars LONG LINK-USD — entry $9.45, now $9.24, drawdown 2.2%
   ⚠️ CROSS-BOT GUARD: tars is not local ({'alfred', 'alfred_crypto'}). ALERT ONLY — not executing.
🚨 STOP HIT: tars LONG SOL-USD — entry $91.96, now $89.99, drawdown 2.1%
   ⚠️ CROSS-BOT GUARD: tars is not local ({'alfred', 'alfred_crypto'}). ALERT ONLY — not executing.
⚠️ PRICE SANITY REJECTED for SUI-USD: REJECTED: SUI-USD $0.000300194 below absolute minimum $0.1
   ✅ CoinGecko fallback: SUI-USD = $0.949326
📊 Stop threshold: 1.5% (regime: NORMAL)
🚨 STOP HIT: tars LONG LINK-USD — entry $9.45, now $9.25, drawdown 2.2%
   ⚠️ CROSS-BOT GUARD: tars is not local ({'alfred', 'alfred_crypto'}). ALERT ONLY — not executing.
🚨 STOP HIT: tars LONG SOL-USD — entry $91.96, now $89.98, drawdown 2.2%
   ⚠️ CROSS-BOT GUARD: tars is not local ({'alfred', 'alfred_crypto'}). ALERT ONLY — not executing.
⚠️ PRICE SANITY REJECTED for SUI-USD: REJECTED: SUI-USD $0.000300194 below absolute minimum $0.1
📊 Stop threshold: 1.5% (regime: NORMAL)
🚨 STOP HIT: tars LONG LINK-USD — entry $9.45, now $9.25, drawdown 2.1%
   ⚠️ CROSS-BOT GUARD: tars is not local ({'alfred', 'alfred_crypto'}). ALERT ONLY — not executing.
🚨 STOP HIT: tars LONG SOL-USD — entry $91.96, now $89.99, drawdown 2.1%
   ⚠️ CROSS-BOT GUARD: tars is not local ({'alfred', 'alfred_crypto'}). ALERT ONLY — not executing.
⚠️ PRICE SANITY REJECTED for SUI-USD: REJECTED: SUI-USD $0.000300194 below absolute minimum $0.1
   ✅ CoinGecko fallback: SUI-USD = $0.949358
📊 Stop threshold: 1.5% (regime: NORMAL)
🚨 STOP HIT: tars LONG LINK-USD — entry $9.45, now $9.25, drawdown 2.1%
   ⚠️ CROSS-BOT GUARD: tars is not local ({'alfred_crypto', 'alfred'}). ALERT ONLY — not executing.
🚨 STOP HIT: tars LONG SOL-USD — entry $91.96, now $89.97, drawdown 2.2%
   ⚠️ CROSS-BOT GUARD: tars is not local ({'alfred_crypto', 'alfred'}). ALERT ONLY — not executing.
⚠️ PRICE SANITY REJECTED for SUI-USD: REJECTED: SUI-USD $0.000300194 below absolute minimum $0.1
   ✅ CoinGecko fallback: SUI-USD = $0.949369
📊 Stop threshold: 1.5% (regime: NORMAL)
🚨 STOP HIT: tars LONG LINK-USD — entry $9.45, now $9.25, drawdown 2.1%
   ⚠️ CROSS-BOT GUARD: tars is not local ({'alfred_crypto', 'alfred'}). ALERT ONLY — not executing.
🚨 STOP HIT: tars LONG SOL-USD — entry $91.96, now $89.97, drawdown 2.2%
   ⚠️ CROSS-BOT GUARD: tars is not local ({'alfred_crypto', 'alfred'}). ALERT ONLY — not executing.
⚠️ PRICE SANITY REJECTED for SUI-USD: REJECTED: SUI-USD $0.000300194 below absolute minimum $0.1
📊 Stop threshold: 1.5% (regime: NORMAL)
🚨 STOP HIT: tars LONG LINK-USD — entry $9.45, now $9.25, drawdown 2.1%
   ⚠️ CROSS-BOT GUARD: tars is not local ({'alfred_crypto', 'alfred'}). ALERT ONLY — not executing.
🚨 STOP HIT: tars LONG SOL-USD — entry $91.96, now $89.91, drawdown 2.2%
   ⚠️ CROSS-BOT GUARD: tars is not local ({'alfred_crypto', 'alfred'}). ALERT ONLY — not executing.
⚠️ PRICE SANITY REJECTED for SUI-USD: REJECTED: SUI-USD $0.000300194 below absolute minimum $0.1
   ✅ CoinGecko fallback: SUI-USD = $0.948922
📊 Stop threshold: 1.5% (regime: NORMAL)
🚨 STOP HIT: tars LONG LINK-USD — entry $9.45, now $9.25, drawdown 2.1%
   ⚠️ CROSS-BOT GUARD: tars is not local ({'alfred', 'alfred_crypto'}). ALERT ONLY — not executing.
🚨 STOP HIT: tars LONG SOL-USD — entry $91.96, now $89.86, drawdown 2.3%
   ⚠️ CROSS-BOT GUARD: tars is not local ({'alfred', 'alfred_crypto'}). ALERT ONLY — not executing.
⚠️ PRICE SANITY REJECTED for SUI-USD: REJECTED: SUI-USD $0.000300194 below absolute minimum $0.1
📊 Stop threshold: 1.5% (regime: NORMAL)
🚨 STOP HIT: tars LONG LINK-USD — entry $9.45, now $9.25, drawdown 2.1%
   ⚠️ CROSS-BOT GUARD: tars is not local ({'alfred_crypto', 'alfred'}). ALERT ONLY — not executing.
🚨 STOP HIT: tars LONG SOL-USD — entry $91.96, now $89.88, drawdown 2.3%
   ⚠️ CROSS-BOT GUARD: tars is not local ({'alfred_crypto', 'alfred'}). ALERT ONLY — not executing.
⚠️ PRICE SANITY REJECTED for SUI-USD: REJECTED: SUI-USD $0.000300194 below absolute minimum $0.1
📊 Stop threshold: 1.5% (regime: NORMAL)
🚨 STOP HIT: alfred LONG ETH-USD — entry $2196.73, now $2112.74, drawdown 3.8%
❌ POSITION CHECK FAILED: alfred trying to SELL 4.15 ETH-USD but only owns 0
   Net position: 0 (positive=long, negative=short)
   ❌ Auto-execute failed for ETH-USD
🚨 STOP HIT: alfred LONG LINK-USD — entry $9.48, now $9.25, drawdown 2.4%
❌ POSITION CHECK FAILED: alfred trying to SELL 250.0 LINK-USD but only owns 0
   Net position: 0 (positive=long, negative=short)
   ❌ Auto-execute failed for LINK-USD
🚨 STOP HIT: alfred LONG RENDER-USD — entry $1.45, now $1.39, drawdown 4.0%
❌ POSITION CHECK FAILED: alfred trying to SELL 2193.0 RENDER-USD but only owns 0
   Net position: 0 (positive=long, negative=short)
   ❌ Auto-execute failed for RENDER-USD
🚨 STOP HIT: alfred LONG SOL-USD — entry $92.75, now $89.87, drawdown 3.1%
❌ POSITION CHECK FAILED: alfred trying to SELL 3.2 SOL-USD but only owns 0
   Net position: 0 (positive=long, negative=short)
   ❌ Auto-execute failed for SOL-USD
🚨 STOP HIT: tars LONG LINK-USD — entry $9.45, now $9.25, drawdown 2.1%
   ⚠️ CROSS-BOT GUARD: tars is not local ({'alfred_crypto', 'alfred'}). ALERT ONLY — not executing.
🚨 STOP HIT: tars LONG SOL-USD — entry $91.96, now $89.87, drawdown 2.3%
   ⚠️ CROSS-BOT GUARD: tars is not local ({'alfred_crypto', 'alfred'}). ALERT ONLY — not executing.
⚠️ PRICE SANITY REJECTED for SUI-USD: REJECTED: SUI-USD $0.000300194 below absolute minimum $0.1
📊 Stop threshold: 1.5% (regime: NORMAL)
🚨 STOP HIT: tars LONG LINK-USD — entry $9.45, now $9.25, drawdown 2.1%
   ⚠️ CROSS-BOT GUARD: tars is not local ({'alfred_crypto', 'alfred'}). ALERT ONLY — not executing.
🚨 STOP HIT: tars LONG SOL-USD — entry $91.96, now $89.80, drawdown 2.3%
   ⚠️ CROSS-BOT GUARD: tars is not local ({'alfred_crypto', 'alfred'}). ALERT ONLY — not executing.
⚠️ PRICE SANITY REJECTED for SUI-USD: REJECTED: SUI-USD $0.000300194 below absolute minimum $0.1
   ✅ CoinGecko fallback: SUI-USD = $0.94809
📊 Stop threshold: 1.5% (regime: NORMAL)
🚨 STOP HIT: tars LONG LINK-USD — entry $9.45, now $9.25, drawdown 2.1%
   ⚠️ CROSS-BOT GUARD: tars is not local ({'alfred_crypto', 'alfred'}). ALERT ONLY — not executing.
🚨 STOP HIT: tars LONG SOL-USD — entry $91.96, now $89.79, drawdown 2.4%
   ⚠️ CROSS-BOT GUARD: tars is not local ({'alfred_crypto', 'alfred'}). ALERT ONLY — not executing.
⚠️ PRICE SANITY REJECTED for SUI-USD: REJECTED: SUI-USD $0.000300194 below absolute minimum $0.1
   ✅ CoinGecko fallback: SUI-USD = $0.947791
📊 Stop threshold: 1.5% (regime: NORMAL)
🚨 STOP HIT: tars LONG LINK-USD — entry $9.45, now $9.25, drawdown 2.1%
   ⚠️ CROSS-BOT GUARD: tars is not local ({'alfred', 'alfred_crypto'}). ALERT ONLY — not executing.
🚨 STOP HIT: tars LONG SOL-USD — entry $91.96, now $89.79, drawdown 2.4%
   ⚠️ CROSS-BOT GUARD: tars is not local ({'alfred', 'alfred_crypto'}). ALERT ONLY — not executing.
⚠️ PRICE SANITY REJECTED for SUI-USD: REJECTED: SUI-USD $0.000300194 below absolute minimum $0.1
📊 Stop threshold: 1.5% (regime: NORMAL)
📋 MANUAL STOP OVERRIDE: alfred ETH-USD @ $2112.83 is above manual stop $2050. Regime says sell but Mark says hold.
📋 MANUAL STOP OVERRIDE: alfred LINK-USD @ $9.25 is above manual stop $8.8. Regime says sell but Mark says hold.
📋 MANUAL STOP OVERRIDE: alfred RENDER-USD @ $1.39 is above manual stop $1.2. Regime says sell but Mark says hold.
📋 MANUAL STOP OVERRIDE: alfred SOL-USD @ $89.81 is above manual stop $85. Regime says sell but Mark says hold.
🚨 STOP HIT: tars LONG LINK-USD — entry $9.45, now $9.25, drawdown 2.2%
   ⚠️ CROSS-BOT GUARD: tars is not local ({'alfred', 'alfred_crypto'}). ALERT ONLY — not executing.
🚨 STOP HIT: tars LONG SOL-USD — entry $91.96, now $89.81, drawdown 2.3%
   ⚠️ CROSS-BOT GUARD: tars is not local ({'alfred', 'alfred_crypto'}). ALERT ONLY — not executing.
⚠️ PRICE SANITY REJECTED for SUI-USD: REJECTED: SUI-USD $0.000300194 below absolute minimum $0.1
   ✅ CoinGecko fallback: SUI-USD = $0.947647
📊 Stop threshold: 1.5% (regime: NORMAL)
📋 MANUAL STOP OVERRIDE: alfred ETH-USD @ $2112.83 is above manual stop $2050. Regime says sell but Mark says hold.
📋 MANUAL STOP OVERRIDE: alfred LINK-USD @ $9.25 is above manual stop $8.8. Regime says sell but Mark says hold.
📋 MANUAL STOP OVERRIDE: alfred RENDER-USD @ $1.39 is above manual stop $1.2. Regime says sell but Mark says hold.
📋 MANUAL STOP OVERRIDE: alfred SOL-USD @ $89.85 is above manual stop $85. Regime says sell but Mark says hold.
🚨 STOP HIT: tars LONG LINK-USD — entry $9.45, now $9.25, drawdown 2.1%
   ⚠️ CROSS-BOT GUARD: tars is not local ({'alfred', 'alfred_crypto'}). ALERT ONLY — not executing.
🚨 STOP HIT: tars LONG SOL-USD — entry $91.96, now $89.85, drawdown 2.3%
   ⚠️ CROSS-BOT GUARD: tars is not local ({'alfred', 'alfred_crypto'}). ALERT ONLY — not executing.
⚠️ PRICE SANITY REJECTED for SUI-USD: REJECTED: SUI-USD $0.000300194 below absolute minimum $0.1
   ✅ CoinGecko fallback: SUI-USD = $0.947692
📊 Stop threshold: 1.5% (regime: NORMAL)
🚨 STOP HIT: tars LONG LINK-USD — entry $9.45, now $9.25, drawdown 2.1%
   ⚠️ CROSS-BOT GUARD: tars is not local ({'alfred_crypto', 'alfred'}). ALERT ONLY — not executing.
🚨 STOP HIT: tars LONG SOL-USD — entry $91.96, now $89.84, drawdown 2.3%
   ⚠️ CROSS-BOT GUARD: tars is not local ({'alfred_crypto', 'alfred'}). ALERT ONLY — not executing.
⚠️ PRICE SANITY REJECTED for SUI-USD: REJECTED: SUI-USD $0.000300194 below absolute minimum $0.1
   ✅ CoinGecko fallback: SUI-USD = $0.947393
📊 Stop threshold: 1.5% (regime: NORMAL)
🚨 STOP HIT: tars LONG LINK-USD — entry $9.45, now $9.25, drawdown 2.1%
   ⚠️ CROSS-BOT GUARD: tars is not local ({'alfred_crypto', 'alfred'}). ALERT ONLY — not executing.
🚨 STOP HIT: tars LONG SOL-USD — entry $91.96, now $89.94, drawdown 2.2%
   ⚠️ CROSS-BOT GUARD: tars is not local ({'alfred_crypto', 'alfred'}). ALERT ONLY — not executing.
⚠️ PRICE SANITY REJECTED for SUI-USD: REJECTED: SUI-USD $0.000300194 below absolute minimum $0.1
   ✅ CoinGecko fallback: SUI-USD = $0.94732
