🎩 ALFRED'S OPTIMIZED TRADING ENGINE
   Improvements: trailing stops, opportunity scoring,
   dynamic allocation, faster checks, momentum filters
   Capital: $10,000.00 | Duration: 30min | Check: every 15s
   Assets: POL, NEAR, BTC, SOL, XRP, ARB, LINK, DOT, ETH, AVAX, ALGO
============================================================

⏰ #1 [21:31:01] 1800s left | Portfolio: $10,000.00 (+0.0000%)
  👀   POL | $0.1063 | ↔️ RSI:49 ADX:10 | Score:13.607936168685507
  👀  NEAR | $0.9770 | ❓ RSI:55 ADX:24 | Score:12.309187323936051
  👀   BTC | $64,549.0500 | ❓ RSI:55 ADX:26 | Score:32.53838108828938
  👀   SOL | $78.5000 | ↔️ RSI:53 ADX:12 | Score:13.248631238111406
  👀   XRP | $1.3570 | ❓ RSI:50 ADX:21 | Score:13.31994955464953
  🟢   ARB | LONG @ $0.0937 | $828 | Stop: $0.0933 | Score:32.76350682639058
  👀  LINK | $8.3180 | ❓ RSI:61 ADX:26 | Score:33.22928654503025
  👀   DOT | $1.2680 | ↔️ RSI:55 ADX:19 | Score:12.655438189871841
  👀   ETH | $1,864.0100 | ❓ RSI:55 ADX:21 | Score:12.792132583154164
  👀  AVAX | $8.3900 | ❓ RSI:55 ADX:21 | Score:12.735870584506975
  👀  ALGO | $0.0836 | ↔️ RSI:54 ADX:17 | Score:11.977594494977913

⏰ #2 [21:31:34] 1768s left | Portfolio: $10,000.00 (+0.0000%)
  👀   POL | $0.1063 | ↔️ RSI:49 ADX:10 | Score:13.607936168685507
  👀  NEAR | $0.9770 | ❓ RSI:55 ADX:24 | Score:12.309187323936051
  👀   BTC | $64,558.9200 | ❓ RSI:55 ADX:26 | Score:32.53799301145443
  👀   SOL | $78.5300 | ↔️ RSI:54 ADX:12 | Score:13.26558160728787
  👀   XRP | $1.3579 | ❓ RSI:51 ADX:21 | Score:13.323009354740604
  📊   ARB | LONG  +0.000% | $0.0937 | 📈 RSI:71
  👀  LINK | $8.3210 | ❓ RSI:61 ADX:26 | Score:33.228122278759955
  👀   DOT | $1.2680 | ↔️ RSI:55 ADX:19 | Score:12.655438189871841
  👀   ETH | $1,864.1600 | ❓ RSI:55 ADX:21 | Score:12.795356422063428
  👀  AVAX | $8.3900 | ❓ RSI:55 ADX:21 | Score:12.735870584506975
  👀  ALGO | $0.0836 | ↔️ RSI:54 ADX:17 | Score:11.977594494977913

⏰ #3 [21:32:05] 1737s left | Portfolio: $10,000.00 (+0.0000%)
  👀   POL | $0.1063 | ↔️ RSI:49 ADX:10 | Score:13.607936168685507
  👀  NEAR | $0.9770 | ❓ RSI:55 ADX:24 | Score:12.309187323936051
  👀   BTC | $64,549.9900 | ❓ RSI:55 ADX:26 | Score:32.549841303525966
  👀   SOL | $78.5400 | ↔️ RSI:54 ADX:13 | Score:13.319733102954302
  👀   XRP | $1.3579 | ❓ RSI:51 ADX:21 | Score:13.328269577984479
  📊   ARB | LONG  +0.000% | $0.0937 | 📈 RSI:71
  👀  LINK | $8.3190 | ❓ RSI:61 ADX:26 | Score:33.228898362971705
  👀   DOT | $1.2680 | ↔️ RSI:55 ADX:19 | Score:12.655438189871841
  👀   ETH | $1,864.0800 | ❓ RSI:55 ADX:21 | Score:12.80697191063814
  👀  AVAX | $8.3900 | ❓ RSI:55 ADX:21 | Score:12.735870584506975
  👀  ALGO | $0.0836 | ↔️ RSI:54 ADX:17 | Score:11.977594494977913

⏰ #4 [21:32:37] 1705s left | Portfolio: $10,000.00 (+0.0000%)
  👀   POL | $0.1063 | ↔️ RSI:49 ADX:10 | Score:13.607936168685507
  👀  NEAR | $0.9770 | ❓ RSI:55 ADX:24 | Score:12.309187323936051
  👀   BTC | $64,534.0100 | ❓ RSI:54 ADX:26 | Score:32.55662670739554
  👀   SOL | $78.3900 | ↔️ RSI:50 ADX:13 | Score:13.389869089246465
  👀   XRP | $1.3568 | ❓ RSI:49 ADX:21 | Score:13.341496885488528
  📊   ARB | LONG  +0.000% | $0.0937 | 📈 RSI:71
  👀  LINK | $8.3130 | ❓ RSI:59 ADX:26 | Score:33.25700603823497
  👀   DOT | $1.2680 | ↔️ RSI:55 ADX:19 | Score:12.655438189871841
  👀   ETH | $1,863.4000 | ❓ RSI:54 ADX:21 | Score:12.852078488958458
  👀  AVAX | $8.3900 | ❓ RSI:55 ADX:21 | Score:12.735870584506975
  👀  ALGO | $0.0836 | ↔️ RSI:54 ADX:17 | Score:11.977594494977913

⏰ #5 [21:33:09] 1673s left | Portfolio: $10,000.00 (+0.0000%)
  👀   POL | $0.1063 | ↔️ RSI:49 ADX:10 | Score:13.607936168685507
  👀  NEAR | $0.9770 | ❓ RSI:55 ADX:24 | Score:12.309187323936051
  👀   BTC | $64,539.9900 | ❓ RSI:54 ADX:26 | Score:32.55638982127718
  👀   SOL | $78.4700 | ↔️ RSI:52 ADX:13 | Score:13.386413124837906
  👀   XRP | $1.3573 | ❓ RSI:50 ADX:21 | Score:13.350791047311978
  📊   ARB | LONG  +0.000% | $0.0937 | 📈 RSI:71
  👀  LINK | $8.3100 | ❓ RSI:58 ADX:26 | Score:33.275372844609436
  👀   DOT | $1.2680 | ↔️ RSI:55 ADX:19 | Score:12.655438189871841
  👀   ETH | $1,863.7600 | ❓ RSI:55 ADX:21 | Score:12.851527587417474
  👀  AVAX | $8.3900 | ❓ RSI:55 ADX:21 | Score:12.735870584506975
  👀  ALGO | $0.0836 | ↔️ RSI:54 ADX:17 | Score:11.977594494977913

⏰ #6 [21:33:41] 1641s left | Portfolio: $10,000.00 (+0.0000%)
  👀   POL | $0.1063 | ↔️ RSI:49 ADX:10 | Score:13.607936168685507
  👀  NEAR | $0.9770 | ❓ RSI:55 ADX:24 | Score:12.309187323936051
  👀   BTC | $64,558.1000 | ❓ RSI:55 ADX:26 | Score:32.55567269639799
  👀   SOL | $78.4100 | ↔️ RSI:51 ADX:13 | Score:13.416333312701028
  👀   XRP | $1.3572 | ❓ RSI:50 ADX:21 | Score:13.35103793730957
  📊   ARB | LONG  +0.000% | $0.0937 | 📈 RSI:71
  👀  LINK | $8.3120 | ❓ RSI:59 ADX:26 | Score:33.27458473757271
  👀   DOT | $1.2680 | ↔️ RSI:55 ADX:19 | Score:12.655438189871841
  👀   ETH | $1,863.6000 | ❓ RSI:54 ADX:21 | Score:12.851772406270225
  👀  AVAX | $8.3900 | ❓ RSI:55 ADX:21 | Score:12.735870584506975
  👀  ALGO | $0.0836 | ↔️ RSI:54 ADX:17 | Score:11.977594494977913

⏰ #7 [21:34:13] 1609s left | Portfolio: $10,000.00 (+0.0000%)
  👀   POL | $0.1063 | ↔️ RSI:49 ADX:10 | Score:13.607936168685507
  👀  NEAR | $0.9770 | ❓ RSI:55 ADX:25 | Score:12.382297427752398
  👀   BTC | $64,556.2100 | ❓ RSI:55 ADX:26 | Score:32.555747518346124
  👀   SOL | $78.4300 | ↔️ RSI:51 ADX:13 | Score:13.415462132460636
  👀   XRP | $1.3573 | ❓ RSI:50 ADX:21 | Score:13.350791047311978
  📊   ARB | LONG  +0.000% | $0.0937 | 📈 RSI:71
  👀  LINK | $8.3140 | ❓ RSI:60 ADX:26 | Score:33.273797009707046
  👀   DOT | $1.2680 | ↔️ RSI:55 ADX:19 | Score:12.655438189871841
  👀   ETH | $1,863.5100 | ❓ RSI:54 ADX:21 | Score:12.851910135349524
  👀  AVAX | $8.3900 | ❓ RSI:55 ADX:21 | Score:12.735870584506975
  👀  ALGO | $0.0836 | ↔️ RSI:54 ADX:17 | Score:11.977594494977913

⏰ #8 [21:34:44] 1578s left | Portfolio: $10,000.00 (+0.0000%)
  👀   POL | $0.1063 | ↔️ RSI:49 ADX:10 | Score:13.607936168685507
  👀  NEAR | $0.9770 | ❓ RSI:55 ADX:25 | Score:12.382297427752398
  👀   BTC | $64,578.0100 | ❓ RSI:56 ADX:26 | Score:32.5647731314406
  👀   SOL | $78.4100 | ↔️ RSI:51 ADX:13 | Score:13.416333312701028
  👀   XRP | $1.3573 | ❓ RSI:50 ADX:21 | Score:13.350791047311978
  📊   ARB | LONG  +0.000% | $0.0937 | 📈 RSI:71
  👀  LINK | $8.3140 | ❓ RSI:60 ADX:26 | Score:33.273797009707046
  👀   DOT | $1.2690 | ↔️ RSI:57 ADX:19 | Score:12.653345645986995
  👀   ETH | $1,863.6100 | ❓ RSI:54 ADX:21 | Score:12.851757103860352
  👀  AVAX | $8.3900 | ❓ RSI:55 ADX:21 | Score:12.735870584506975
  👀  ALGO | $0.0836 | ↔️ RSI:54 ADX:17 | Score:11.977594494977913

⏰ #9 [21:35:16] 1546s left | Portfolio: $10,000.00 (+0.0000%)
  👀   POL | $0.1063 | ↔️ RSI:49 ADX:10 | Score:13.607936168685507
  👀  NEAR | $0.9770 | ❓ RSI:55 ADX:25 | Score:12.382297427752398
  👀   BTC | $64,581.3100 | ❓ RSI:56 ADX:25 | Score:12.402314575732028
  👀   SOL | $78.3800 | ↔️ RSI:50 ADX:12 | Score:13.237315491958178
  👀   XRP | $1.3569 | ↔️ RSI:49 ADX:20 | Score:13.143950651733208
  📊   ARB | LONG  +0.000% | $0.0937 | 📈 RSI:71
  👀  LINK | $8.3100 | ❓ RSI:58 ADX:26 | Score:33.07579962526351
  👀   DOT | $1.2690 | ↔️ RSI:57 ADX:19 | Score:12.463820956987924
  👀   ETH | $1,863.1300 | ❓ RSI:54 ADX:20 | Score:12.665994464469833
  👀  AVAX | $8.3900 | ❓ RSI:55 ADX:20 | Score:12.540451257042191
  👀  ALGO | $0.0836 | ↔️ RSI:54 ADX:17 | Score:11.977594494977913

⏰ #10 [21:35:47] 1515s left | Portfolio: $10,000.00 (+0.0000%)
  👀   POL | $0.1063 | ↔️ RSI:49 ADX:10 | Score:13.607936168685507
  👀  NEAR | $0.9770 | ❓ RSI:55 ADX:25 | Score:12.382297427752398
  👀   BTC | $64,579.2600 | ❓ RSI:56 ADX:25 | Score:12.40834144038124
  👀   SOL | $78.3800 | ↔️ RSI:50 ADX:12 | Score:13.237315491958178
  👀   XRP | $1.3571 | ↔️ RSI:50 ADX:20 | Score:13.148750642163176
  📊   ARB | LONG  +0.000% | $0.0937 | 📈 RSI:71
  👀  LINK | $8.3120 | ❓ RSI:59 ADX:26 | Score:33.0836529664784
  👀   DOT | $1.2690 | ↔️ RSI:57 ADX:19 | Score:12.463820956987924
  👀   ETH | $1,863.0300 | ❓ RSI:54 ADX:20 | Score:12.676872764575815
  👀  AVAX | $8.3900 | ❓ RSI:55 ADX:20 | Score:12.540451257042191
  👀  ALGO | $0.0837 | ↔️ RSI:57 ADX:18 | Score:12.06057057255688

⏰ #11 [21:36:19] 1483s left | Portfolio: $10,000.00 (+0.0000%)
  👀   POL | $0.1061 | ↔️ RSI:45 ADX:10 | Score:13.614737179371058
  👀  NEAR | $0.9770 | ❓ RSI:55 ADX:25 | Score:12.382297427752398
  👀   BTC | $64,548.8500 | ❓ RSI:54 ADX:25 | Score:12.439873845998761
  👀   SOL | $78.3100 | ↔️ RSI:48 ADX:12 | Score:13.276694306178321
  👀   XRP | $1.3564 | ↔️ RSI:49 ADX:20 | Score:13.166173745140235
  📊   ARB | LONG  +0.000% | $0.0937 | 📈 RSI:71
  👀  LINK | $8.3030 | ❓ RSI:56 ADX:26 | Score:33.164420161414604
  👀   DOT | $1.2680 | ↔️ RSI:55 ADX:19 | Score:12.522095714389778
  👀   ETH | $1,861.1600 | ↔️ RSI:51 ADX:20 | Score:12.749027477956432
  👀  AVAX | $8.3800 | ↔️ RSI:53 ADX:20 | Score:12.628719780533375
  👀  ALGO | $0.0836 | ↔️ RSI:54 ADX:18 | Score:12.001116575529002

⏰ #12 [21:36:51] 1451s left | Portfolio: $10,000.00 (+0.0000%)
  👀   POL | $0.1061 | ↔️ RSI:45 ADX:10 | Score:13.614737179371058
  👀  NEAR | $0.9760 | ❓ RSI:52 ADX:24 | Score:12.287584867526583
  👀   BTC | $64,517.9800 | ❓ RSI:53 ADX:25 | Score:12.475804543898528
  👀   SOL | $78.2500 | ↔️ RSI:46 ADX:12 | Score:13.370489306832996
  👀   XRP | $1.3542 | ❓ RSI:45 ADX:21 | Score:13.276809341873694
  📊   ARB | LONG  +0.000% | $0.0937 | 📈 RSI:71
  👀  LINK | $8.2960 | ❓ RSI:54 ADX:26 | Score:33.20153024179602
  👀   DOT | $1.2670 | ↔️ RSI:53 ADX:18 | Score:12.580462460358973
  👀   ETH | $1,859.7800 | ↔️ RSI:49 ADX:19 | Score:12.809830031056954
  👀  AVAX | $8.3800 | ↔️ RSI:53 ADX:20 | Score:12.628719780533375
  👀  ALGO | $0.0836 | ↔️ RSI:54 ADX:18 | Score:12.001116575529002

⏰ #13 [21:37:23] 1419s left | Portfolio: $10,000.00 (+0.0000%)
  👀   POL | $0.1061 | ↔️ RSI:45 ADX:10 | Score:13.614737179371058
  👀  NEAR | $0.9760 | ❓ RSI:52 ADX:24 | Score:12.287584867526583
  👀   BTC | $64,515.9000 | ❓ RSI:53 ADX:25 | Score:12.475884364120384
  👀   SOL | $78.2400 | ↔️ RSI:46 ADX:12 | Score:13.370920095343584
  👀   XRP | $1.3544 | ❓ RSI:46 ADX:21 | Score:13.276325465715711
  📊   ARB | LONG  +0.000% | $0.0937 | 📈 RSI:71
  👀  LINK | $8.2990 | ❓ RSI:55 ADX:26 | Score:33.200372922754525
  👀   DOT | $1.2670 | ↔️ RSI:53 ADX:18 | Score:12.580462460358973
  👀   ETH | $1,859.5300 | ↔️ RSI:49 ADX:19 | Score:12.81020779183939
  👀  AVAX | $8.3800 | ↔️ RSI:53 ADX:20 | Score:12.628719780533375
  👀  ALGO | $0.0836 | ↔️ RSI:54 ADX:18 | Score:12.001116575529002

⏰ #14 [21:37:55] 1387s left | Portfolio: $10,000.00 (+0.0000%)
  👀   POL | $0.1063 | ↔️ RSI:49 ADX:9 | Score:13.484616981256892
  👀  NEAR | $0.9760 | ❓ RSI:52 ADX:24 | Score:12.287584867526583
  👀   BTC | $64,527.0100 | ❓ RSI:53 ADX:25 | Score:12.475458076349025
  👀   SOL | $78.2500 | ↔️ RSI:46 ADX:12 | Score:13.370489306832996
  👀   XRP | $1.3546 | ❓ RSI:46 ADX:21 | Score:13.275841732441576
  📊   ARB | LONG  -0.213% | $0.0935 | 📈 RSI:64
  👀  LINK | $8.2990 | ❓ RSI:55 ADX:26 | Score:33.200372922754525
  👀   DOT | $1.2670 | ↔️ RSI:53 ADX:18 | Score:12.580462460358973
  👀   ETH | $1,859.6500 | ↔️ RSI:49 ADX:19 | Score:12.81002645398817
  👀  AVAX | $8.3700 | ↔️ RSI:50 ADX:20 | Score:12.717199220448688
  👀  ALGO | $0.0836 | ↔️ RSI:54 ADX:18 | Score:12.001116575529002

⏰ #15 [21:38:27] 1355s left | Portfolio: $9,998.23 (-0.0177%)
  👀   POL | $0.1063 | ↔️ RSI:49 ADX:9 | Score:13.484616981256892
  👀  NEAR | $0.9760 | ❓ RSI:52 ADX:24 | Score:12.287584867526583
  👀   BTC | $64,527.0100 | ❓ RSI:53 ADX:25 | Score:12.475458076349025
  👀   SOL | $78.2500 | ↔️ RSI:46 ADX:12 | Score:13.370489306832996
  👀   XRP | $1.3549 | ❓ RSI:46 ADX:21 | Score:13.27511640029918
  📊   ARB | LONG  -0.213% | $0.0935 | 📈 RSI:64
  👀  LINK | $8.2960 | ❓ RSI:54 ADX:25 | Score:33.22736024592883
  👀   DOT | $1.2680 | ↔️ RSI:55 ADX:18 | Score:12.578427395327143
  👀   ETH | $1,859.4300 | ↔️ RSI:49 ADX:19 | Score:12.823419762747085
  👀  AVAX | $8.3700 | ↔️ RSI:50 ADX:20 | Score:12.717199220448688
  👀  ALGO | $0.0836 | ↔️ RSI:54 ADX:18 | Score:12.001116575529002

⏰ #16 [21:38:58] 1324s left | Portfolio: $9,998.23 (-0.0177%)
  👀   POL | $0.1061 | ↔️ RSI:45 ADX:9 | Score:13.491185533530704
  👀  NEAR | $0.9760 | ❓ RSI:52 ADX:24 | Score:12.287584867526583
  👀   BTC | $64,554.1900 | ❓ RSI:55 ADX:25 | Score:12.474415805498516
  👀   SOL | $78.2900 | ↔️ RSI:47 ADX:12 | Score:13.36876725328499
  👀   XRP | $1.3555 | ❓ RSI:47 ADX:21 | Score:13.273666699199822
  📊   ARB | LONG  -0.320% | $0.0934 | 📈 RSI:61
  👀  LINK | $8.2980 | ❓ RSI:55 ADX:25 | Score:33.22658238132388
  👀   DOT | $1.2680 | ↔️ RSI:55 ADX:18 | Score:12.634759076264496
  👀   ETH | $1,858.8100 | ↔️ RSI:48 ADX:19 | Score:12.845496378721084
  👀  AVAX | $8.3600 | ❓ RSI:48 ADX:20 | Score:12.805890333665218
  👀  ALGO | $0.0835 | ↔️ RSI:50 ADX:17 | Score:12.089056321641687

⏰ #17 [21:39:30] 1292s left | Portfolio: $9,997.35 (-0.0265%)
  👀   POL | $0.1061 | ↔️ RSI:45 ADX:9 | Score:13.491185533530704
  👀  NEAR | $0.9770 | ❓ RSI:55 ADX:24 | Score:12.285243429586432
  👀   BTC | $64,536.0100 | ❓ RSI:54 ADX:25 | Score:12.47511285632865
  👀   SOL | $78.2800 | ↔️ RSI:47 ADX:12 | Score:13.369197601682192
  👀   XRP | $1.3548 | ❓ RSI:46 ADX:21 | Score:13.275358141988011
  📊   ARB | LONG  -0.320% | $0.0934 | 📈 RSI:61
  👀  LINK | $8.2950 | ❓ RSI:54 ADX:25 | Score:33.22774931889398
  👀   DOT | $1.2680 | ↔️ RSI:55 ADX:18 | Score:12.634759076264496
  👀   ETH | $1,858.6300 | ↔️ RSI:48 ADX:19 | Score:12.854226720457977
  👀  AVAX | $8.3600 | ❓ RSI:48 ADX:20 | Score:12.805890333665218
  👀  ALGO | $0.0835 | ↔️ RSI:50 ADX:17 | Score:12.089056321641687

⏰ #18 [21:40:02] 1260s left | Portfolio: $9,997.35 (-0.0265%)
  👀   POL | $0.1061 | ↔️ RSI:45 ADX:9 | Score:13.491185533530704
  👀  NEAR | $0.9770 | ❓ RSI:55 ADX:24 | Score:12.285243429586432
  👀   BTC | $64,526.2700 | ❓ RSI:53 ADX:25 | Score:12.47548646539083
  👀   SOL | $78.2600 | ↔️ RSI:46 ADX:12 | Score:13.370058628414029
  👀   XRP | $1.3546 | ❓ RSI:46 ADX:21 | Score:13.275841732441576
  📊   ARB | LONG  -0.320% | $0.0934 | 📈 RSI:61
  👀  LINK | $8.2940 | ❓ RSI:53 ADX:25 | Score:13.014781320428991
  👀   DOT | $1.2680 | ↔️ RSI:55 ADX:18 | Score:12.634759076264496
  👀   ETH | $1,858.2500 | ↔️ RSI:48 ADX:18 | Score:12.679504681327227
  👀  AVAX | $8.3600 | ❓ RSI:48 ADX:20 | Score:12.805890333665218
  👀  ALGO | $0.0835 | ↔️ RSI:50 ADX:17 | Score:12.089056321641689

⏰ #19 [21:40:34] 1228s left | Portfolio: $9,997.35 (-0.0265%)
  👀   POL | $0.1061 | ↔️ RSI:45 ADX:9 | Score:13.491185533530704
  👀  NEAR | $0.9770 | ❓ RSI:55 ADX:24 | Score:12.285243429586432
  👀   BTC | $64,541.1000 | ❓ RSI:54 ADX:24 | Score:12.325728217714877
  👀   SOL | $78.2900 | ↔️ RSI:47 ADX:12 | Score:13.164635373406448
  👀   XRP | $1.3545 | ❓ RSI:46 ADX:20 | Score:13.068444747136507
  📊   ARB | LONG  -0.320% | $0.0934 | 📈 RSI:61
  👀  LINK | $8.3020 | ❓ RSI:55 ADX:25 | Score:13.080706437372509
  👀   DOT | $1.2680 | ↔️ RSI:55 ADX:18 | Score:12.634759076264496
  👀   ETH | $1,859.1200 | ↔️ RSI:49 ADX:18 | Score:12.706297835115087
  👀  AVAX | $8.3600 | ❓ RSI:48 ADX:20 | Score:12.805890333665218
  👀  ALGO | $0.0835 | ↔️ RSI:50 ADX:17 | Score:12.089056321641689

⏰ #20 [21:41:06] 1196s left | Portfolio: $9,997.35 (-0.0265%)
  👀   POL | $0.1064 | ↔️ RSI:51 ADX:9 | Score:13.29980679806585
  👀  NEAR | $0.9780 | ❓ RSI:57 ADX:23 | Score:12.192877358981688
  👀   BTC | $64,604.4600 | ❓ RSI:57 ADX:24 | Score:12.389022151780026
  👀   SOL | $78.4000 | ↔️ RSI:51 ADX:12 | Score:13.269524642288504
  👀   XRP | $1.3563 | ❓ RSI:49 ADX:20 | Score:13.15390177794365
  📊   ARB | LONG  +0.107% | $0.0938 | 📈 RSI:67
  👀  LINK | $8.3110 | ❓ RSI:57 ADX:25 | Score:13.154720489221962
  👀   DOT | $1.2700 | ↔️ RSI:59 ADX:17 | Score:12.55519508510371
  👀   ETH | $1,860.3500 | ↔️ RSI:50 ADX:18 | Score:12.769780419086588
  👀  AVAX | $8.3700 | ❓ RSI:50 ADX:20 | Score:12.802538015464899
  👀  ALGO | $0.0837 | ↔️ RSI:57 ADX:17 | Score:12.084064550263811

⏰ #21 [21:41:38] 1164s left | Portfolio: $10,000.88 (+0.0088%)
  👀   POL | $0.1064 | ↔️ RSI:51 ADX:9 | Score:13.29980679806585
  👀  NEAR | $0.9790 | ❓ RSI:59 ADX:23 | Score:12.263598190513445
  👀   BTC | $64,636.4500 | ❓ RSI:58 ADX:24 | Score:12.420660704837827
  👀   SOL | $78.4700 | ↔️ RSI:52 ADX:11 | Score:13.321223986760968
  👀   XRP | $1.3585 | ↔️ RSI:52 ADX:20 | Score:13.269725944579084
  📊   ARB | LONG  +0.320% | $0.0940 | 📈 RSI:70
  👀  LINK | $8.3120 | ❓ RSI:58 ADX:25 | Score:13.171527806638705
  👀   DOT | $1.2700 | ↔️ RSI:59 ADX:17 | Score:12.55519508510371
  👀   ETH | $1,861.2700 | ↔️ RSI:51 ADX:18 | Score:12.791820870276302
  👀  AVAX | $8.3800 | ↔️ RSI:53 ADX:19 | Score:12.684488249767622
  👀  ALGO | $0.0837 | ↔️ RSI:57 ADX:17 | Score:12.084064550263811

⏰ #22 [21:42:09] 1133s left | Portfolio: $10,002.65 (+0.0265%)
  👀   POL | $0.1064 | ↔️ RSI:51 ADX:9 | Score:13.29980679806585
  👀  NEAR | $0.9790 | ❓ RSI:59 ADX:23 | Score:12.263598190513445
  👀   BTC | $64,682.7600 | ❓ RSI:59 ADX:24 | Score:12.471922530177622
  👀   SOL | $78.5200 | ↔️ RSI:54 ADX:12 | Score:13.364593413303126
  👀   XRP | $1.3594 | ↔️ RSI:53 ADX:19 | Score:13.299087714114922
  📊   ARB | LONG  +0.427% | $0.0941 | 📈 RSI:71
  👀  LINK | $8.3180 | ❓ RSI:59 ADX:25 | Score:33.212176242597224
  👀   DOT | $1.2710 | ↔️ RSI:60 ADX:17 | Score:12.609383422116661
  👀   ETH | $1,863.0400 | ↔️ RSI:53 ADX:18 | Score:12.85089554234969
  👀  AVAX | $8.3900 | ↔️ RSI:55 ADX:19 | Score:12.766423986571915
  👀  ALGO | $0.0838 | ↔️ RSI:60 ADX:17 | Score:12.018130444205639

⏰ #23 [21:42:41] 1101s left | Portfolio: $10,003.53 (+0.0353%)
  👀   POL | $0.1067 | ↔️ RSI:57 ADX:10 | Score:13.491359088498392
  👀  NEAR | $0.9810 | ❓ RSI:63 ADX:24 | Score:12.404607310264836
  👀   BTC | $64,749.8800 | ❓ RSI:62 ADX:25 | Score:12.54653621929824
  👀   SOL | $78.6600 | ↔️ RSI:57 ADX:12 | Score:13.503895833220618
  👀   XRP | $1.3621 | ↔️ RSI:57 ADX:20 | Score:13.434136246549429
  📊   ARB | LONG  +0.640% | $0.0943 | 📈 RSI:73
  👀  LINK | $8.3340 | ❓ RSI:62 ADX:26 | Score:33.351711987066174
  👀   DOT | $1.2730 | ↔️ RSI:63 ADX:18 | Score:12.717504691569065
  👀   ETH | $1,865.3600 | ↔️ RSI:56 ADX:18 | Score:12.9652895050924
  👀  AVAX | $8.4100 | ↔️ RSI:59 ADX:19 | Score:12.929710900821613
  👀  ALGO | $0.0839 | ↔️ RSI:62 ADX:18 | Score:12.10086040962205

⏰ #24 [21:43:12] 1070s left | Portfolio: $10,005.30 (+0.0530%)
  👀   POL | $0.1068 | ↔️ RSI:58 ADX:10 | Score:13.55497071053966
  👀  NEAR | $0.9820 | ❓ RSI:64 ADX:24 | Score:12.474896479428082
  👀   BTC | $64,754.0000 | ❓ RSI:62 ADX:25 | Score:12.546374194879307
  👀   SOL | $78.6200 | ↔️ RSI:56 ADX:12 | Score:13.505678532703303
  👀   XRP | $1.3616 | ↔️ RSI:56 ADX:20 | Score:13.435397313032446
  💰   ARB | TAKE PROFIT | P&L: +0.747% | +$833.82
  👀  LINK | $8.3330 | ❓ RSI:62 ADX:26 | Score:33.352114208593484
  👀   DOT | $1.2740 | ↔️ RSI:65 ADX:18 | Score:12.771438024957611
  👀   ETH | $1,865.4500 | ↔️ RSI:56 ADX:18 | Score:12.968209663584368
  👀  AVAX | $8.4100 | ↔️ RSI:59 ADX:19 | Score:12.929710900821613
  👀  ALGO | $0.0840 | ↔️ RSI:65 ADX:18 | Score:12.183393398930324

⏰ #25 [21:43:44] 1038s left | Portfolio: $10,006.18 (+0.0618%)
  👀   POL | $0.1068 | ↔️ RSI:58 ADX:10 | Score:13.55497071053966
  👀  NEAR | $0.9830 | ❓ RSI:66 ADX:24 | Score:12.545042639091504
  👀   BTC | $64,713.2800 | ❓ RSI:60 ADX:25 | Score:12.56789951505318
  👀   SOL | $78.5600 | ↔️ RSI:55 ADX:12 | Score:13.508355985757813
  👀   XRP | $1.3605 | ↔️ RSI:55 ADX:20 | Score:13.459175604554504
  🟢   ARB | LONG @ $0.0941 | $834 | Stop: $0.0936 | Score:33.343217140251525
  👀  LINK | $8.3220 | ❓ RSI:60 ADX:26 | Score:33.373711228438665
  👀   DOT | $1.2730 | ↔️ RSI:63 ADX:18 | Score:12.773615116886095
  👀   ETH | $1,864.2900 | ↔️ RSI:55 ADX:18 | Score:12.970056545351559
  👀  AVAX | $8.4100 | ↔️ RSI:59 ADX:19 | Score:12.929710900821613
  👀  ALGO | $0.0840 | ↔️ RSI:65 ADX:18 | Score:12.183393398930324

⏰ #26 [21:44:16] 1006s left | Portfolio: $10,006.18 (+0.0618%)
  👀   POL | $0.1065 | ↔️ RSI:53 ADX:10 | Score:13.56498471254118
  👀  NEAR | $0.9830 | ❓ RSI:66 ADX:24 | Score:12.545042639091504
  👀   BTC | $64,702.3700 | ❓ RSI:60 ADX:25 | Score:12.5683325097597
  👀   SOL | $78.5300 | ↔️ RSI:54 ADX:12 | Score:13.509696246544426
  👀   XRP | $1.3602 | ↔️ RSI:54 ADX:20 | Score:13.459938545799444
  📊   ARB | LONG  +0.000% | $0.0941 | 📈 RSI:71
  👀  LINK | $8.3170 | ❓ RSI:59 ADX:26 | Score:33.375739430451674
  👀   DOT | $1.2730 | ↔️ RSI:63 ADX:18 | Score:12.773615116886095
  👀   ETH | $1,863.9200 | ↔️ RSI:54 ADX:18 | Score:12.970646120505954
  👀  AVAX | $8.4100 | ↔️ RSI:59 ADX:19 | Score:12.929710900821613
  👀  ALGO | $0.0839 | ↔️ RSI:62 ADX:18 | Score:12.185995774852769

⏰ #27 [21:44:48] 974s left | Portfolio: $10,006.18 (+0.0618%)
  👀   POL | $0.1063 | ↔️ RSI:49 ADX:10 | Score:13.571692115575125
  👀  NEAR | $0.9800 | ❓ RSI:61 ADX:24 | Score:12.552833585945866
  👀   BTC | $64,609.2000 | ❓ RSI:57 ADX:25 | Score:12.57203618570576
  👀   SOL | $78.3700 | ↔️ RSI:50 ADX:12 | Score:13.516861633802906
  👀   XRP | $1.3581 | ↔️ RSI:52 ADX:20 | Score:13.465288572267434
  📊   ARB | LONG  -0.213% | $0.0939 | 📈 RSI:69
  👀  LINK | $8.3040 | ❓ RSI:56 ADX:26 | Score:33.381024186303776
  👀   DOT | $1.2710 | ↔️ RSI:60 ADX:18 | Score:12.77797957812431
  👀   ETH | $1,861.8900 | ↔️ RSI:52 ADX:18 | Score:12.973884986187937
  👀  AVAX | $8.3800 | ↔️ RSI:53 ADX:19 | Score:12.94019912600355
  👀  ALGO | $0.0838 | ↔️ RSI:60 ADX:18 | Score:12.188604361696267

⏰ #28 [21:45:19] 943s left | Portfolio: $10,004.41 (+0.0441%)
  👀   POL | $0.1063 | ↔️ RSI:49 ADX:10 | Score:13.571692115575125
  👀  NEAR | $0.9800 | ❓ RSI:61 ADX:24 | Score:12.552833585945866
  👀   BTC | $64,606.5100 | ❓ RSI:56 ADX:25 | Score:32.41777227832603
  👀   SOL | $78.3300 | ↔️ RSI:49 ADX:12 | Score:13.34027630458567
  👀   XRP | $1.3578 | ↔️ RSI:51 ADX:19 | Score:13.276345628956154
  📊   ARB | LONG  -0.213% | $0.0939 | 📈 RSI:69
  👀  LINK | $8.3010 | ❓ RSI:55 ADX:26 | Score:33.16647153492579
  👀   DOT | $1.2710 | ↔️ RSI:60 ADX:18 | Score:12.77797957812431
  👀   ETH | $1,861.6800 | ↔️ RSI:52 ADX:18 | Score:12.808584846564662
  👀  AVAX | $8.3900 | ↔️ RSI:54 ADX:18 | Score:12.812066173904535
  👀  ALGO | $0.0838 | ↔️ RSI:60 ADX:18 | Score:12.188604361696267

⏰ #29 [21:45:51] 911s left | Portfolio: $10,004.41 (+0.0441%)
  👀   POL | $0.1063 | ↔️ RSI:49 ADX:11 | Score:13.316571250176901
  👀  NEAR | $0.9800 | ❓ RSI:61 ADX:25 | Score:32.370488329806875
  👀   BTC | $64,615.7400 | ❓ RSI:57 ADX:25 | Score:32.41742691296878
  👀   SOL | $78.3400 | ↔️ RSI:49 ADX:12 | Score:13.339849922621847
  👀   XRP | $1.3580 | ↔️ RSI:51 ADX:19 | Score:13.281122939719825
  📊   ARB | LONG  -0.213% | $0.0939 | 📈 RSI:69
  👀  LINK | $8.3030 | ❓ RSI:56 ADX:26 | Score:33.165708805422014
  👀   DOT | $1.2710 | ↔️ RSI:60 ADX:19 | Score:12.579552465401145
  👀   ETH | $1,861.6700 | ↔️ RSI:52 ADX:18 | Score:12.808599932937899
  👀  AVAX | $8.3900 | ↔️ RSI:54 ADX:18 | Score:12.812066173904535
  👀  ALGO | $0.0838 | ↔️ RSI:60 ADX:18 | Score:12.188604361696267

⏰ #30 [21:46:23] 879s left | Portfolio: $10,004.41 (+0.0441%)
  👀   POL | $0.1063 | ↔️ RSI:49 ADX:11 | Score:13.316571250176901
  👀  NEAR | $0.9800 | ❓ RSI:61 ADX:25 | Score:32.370488329806875
  👀   BTC | $64,632.9800 | ❓ RSI:58 ADX:25 | Score:32.42726988636839
  👀   SOL | $78.3400 | ↔️ RSI:49 ADX:12 | Score:13.339849922621847
  👀   XRP | $1.3582 | ↔️ RSI:52 ADX:19 | Score:13.280639782167224
  📊   ARB | LONG  -0.213% | $0.0939 | 📈 RSI:69
  👀  LINK | $8.3050 | ❓ RSI:56 ADX:26 | Score:33.17354711412974
  👀   DOT | $1.2710 | ↔️ RSI:60 ADX:19 | Score:12.579552465401145
  👀   ETH | $1,862.1700 | ↔️ RSI:52 ADX:18 | Score:12.81743523953755
  👀  AVAX | $8.4000 | ↔️ RSI:57 ADX:18 | Score:12.808718476078457
  👀  ALGO | $0.0838 | ↔️ RSI:60 ADX:18 | Score:12.188604361696267

⏰ #31 [21:46:54] 848s left | Portfolio: $10,004.41 (+0.0441%)
  👀   POL | $0.1063 | ↔️ RSI:49 ADX:11 | Score:13.316571250176901
  👀  NEAR | $0.9810 | ❓ RSI:63 ADX:25 | Score:32.440883929295936
  👀   BTC | $64,634.1700 | ❓ RSI:58 ADX:25 | Score:32.42722519714032
  👀   SOL | $78.2900 | ↔️ RSI:47 ADX:12 | Score:13.36023009792779
  👀   XRP | $1.3581 | ↔️ RSI:51 ADX:19 | Score:13.280881343155528
  📊   ARB | LONG  -0.213% | $0.0939 | 📈 RSI:69
  👀  LINK | $8.3060 | ❓ RSI:56 ADX:26 | Score:33.1817646706328
  👀   DOT | $1.2710 | ↔️ RSI:60 ADX:19 | Score:12.579552465401145
  👀   ETH | $1,862.0600 | ↔️ RSI:52 ADX:18 | Score:12.83064406855598
  👀  AVAX | $8.4000 | ↔️ RSI:57 ADX:18 | Score:12.808718476078457
  👀  ALGO | $0.0838 | ↔️ RSI:60 ADX:18 | Score:12.032275478717963

⏰ #32 [21:47:26] 816s left | Portfolio: $10,004.41 (+0.0441%)
  👀   POL | $0.1064 | ↔️ RSI:51 ADX:11 | Score:13.380586287938543
  👀  NEAR | $0.9810 | ❓ RSI:63 ADX:25 | Score:32.440883929295936
  👀   BTC | $64,649.2400 | ❓ RSI:58 ADX:25 | Score:32.45902084660845
  👀   SOL | $78.3500 | ↔️ RSI:49 ADX:12 | Score:13.35765685216039
  👀   XRP | $1.3596 | ↔️ RSI:54 ADX:19 | Score:13.329798119717626
  📊   ARB | LONG  -0.213% | $0.0939 | 📈 RSI:69
  👀  LINK | $8.3120 | ❓ RSI:58 ADX:26 | Score:33.239621914614546
  👀   DOT | $1.2720 | ↔️ RSI:62 ADX:19 | Score:12.633679052636346
  👀   ETH | $1,863.1700 | ↔️ RSI:54 ADX:18 | Score:12.861544239124518
  👀  AVAX | $8.4000 | ↔️ RSI:57 ADX:18 | Score:12.808718476078457
  👀  ALGO | $0.0838 | ↔️ RSI:60 ADX:18 | Score:12.032275478717963

⏰ #33 [21:47:58] 784s left | Portfolio: $10,004.41 (+0.0441%)
  👀   POL | $0.1064 | ↔️ RSI:51 ADX:11 | Score:13.380586287938543
  👀  NEAR | $0.9810 | ❓ RSI:63 ADX:25 | Score:32.440883929295936
  👀   BTC | $64,655.9200 | ❓ RSI:59 ADX:25 | Score:32.45876679006954
  👀   SOL | $78.3300 | ↔️ RSI:49 ADX:12 | Score:13.358514162731606
  👀   XRP | $1.3596 | ↔️ RSI:54 ADX:19 | Score:13.356066349869362
  📊   ARB | LONG  -0.213% | $0.0939 | 📈 RSI:69
  👀  LINK | $8.3120 | ❓ RSI:58 ADX:26 | Score:33.24821534236101
  👀   DOT | $1.2720 | ↔️ RSI:62 ADX:19 | Score:12.633679052636346
  👀   ETH | $1,862.8000 | ↔️ RSI:53 ADX:18 | Score:12.86211261542282
  👀  AVAX | $8.4100 | ↔️ RSI:59 ADX:18 | Score:12.890311642490458
  👀  ALGO | $0.0838 | ↔️ RSI:60 ADX:18 | Score:12.032275478717963

⏰ #34 [21:48:30] 752s left | Portfolio: $10,004.41 (+0.0441%)
  👀   POL | $0.1064 | ↔️ RSI:51 ADX:11 | Score:13.380586287938543
  👀  NEAR | $0.9810 | ❓ RSI:63 ADX:25 | Score:32.440883929295936
  👀   BTC | $64,680.0000 | ❓ RSI:59 ADX:25 | Score:32.47090467828818
  👀   SOL | $78.3800 | ↔️ RSI:50 ADX:12 | Score:13.356371706644126
  👀   XRP | $1.3599 | ↔️ RSI:54 ADX:19 | Score:13.355325986677244
  📊   ARB | LONG  -0.213% | $0.0939 | 📈 RSI:69
  👀  LINK | $8.3140 | ❓ RSI:58 ADX:26 | Score:33.25602531839466
  👀   DOT | $1.2710 | ↔️ RSI:60 ADX:19 | Score:12.635751184070365
  👀   ETH | $1,863.5100 | ↔️ RSI:54 ADX:18 | Score:12.866771665150132
  👀  AVAX | $8.4100 | ↔️ RSI:59 ADX:18 | Score:12.890311642490458
  👀  ALGO | $0.0838 | ↔️ RSI:60 ADX:18 | Score:12.032275478717963

⏰ #35 [21:49:01] 721s left | Portfolio: $10,004.41 (+0.0441%)
  👀   POL | $0.1064 | ↔️ RSI:51 ADX:11 | Score:13.380586287938543
  👀  NEAR | $0.9810 | ❓ RSI:63 ADX:25 | Score:32.440883929295936
  👀   BTC | $64,676.0200 | ❓ RSI:59 ADX:25 | Score:32.47612595417183
  👀   SOL | $78.4200 | ↔️ RSI:51 ADX:12 | Score:13.391093563171513
  👀   XRP | $1.3606 | ↔️ RSI:55 ADX:19 | Score:13.390348235544892
  📊   ARB | LONG  -0.213% | $0.0939 | 📈 RSI:69
  👀  LINK | $8.3170 | ❓ RSI:59 ADX:26 | Score:33.27202737044492
  👀   DOT | $1.2710 | ↔️ RSI:60 ADX:19 | Score:12.635751184070365
  👀   ETH | $1,864.1500 | ↔️ RSI:55 ADX:18 | Score:12.892226151334194
  👀  AVAX | $8.4000 | ↔️ RSI:57 ADX:18 | Score:12.893752489683898
  👀  ALGO | $0.0838 | ↔️ RSI:60 ADX:18 | Score:12.032275478717963

⏰ #36 [21:49:33] 689s left | Portfolio: $10,004.41 (+0.0441%)
  👀   POL | $0.1065 | ↔️ RSI:53 ADX:11 | Score:13.444481109666839
  👀  NEAR | $0.9810 | ❓ RSI:63 ADX:25 | Score:32.440883929295936
  👀   BTC | $64,698.2300 | ❓ RSI:60 ADX:25 | Score:32.490732308048244
  👀   SOL | $78.4800 | ↔️ RSI:53 ADX:12 | Score:13.434008483630713
  👀   XRP | $1.3623 | ↔️ RSI:57 ADX:19 | Score:13.490982127387156
  📊   ARB | LONG  -0.213% | $0.0939 | 📈 RSI:69
  👀  LINK | $8.3160 | ❓ RSI:59 ADX:26 | Score:33.272420832129676
  👀   DOT | $1.2720 | ↔️ RSI:62 ADX:19 | Score:12.633679052636346
  👀   ETH | $1,865.0600 | ↔️ RSI:56 ADX:18 | Score:12.92451745405873
  👀  AVAX | $8.4100 | ↔️ RSI:59 ADX:18 | Score:12.890311642490458
  👀  ALGO | $0.0838 | ↔️ RSI:60 ADX:18 | Score:12.032275478717963

⏰ #37 [21:50:04] 658s left | Portfolio: $10,004.41 (+0.0441%)
  👀   POL | $0.1065 | ↔️ RSI:53 ADX:11 | Score:13.444481109666839
  👀  NEAR | $0.9810 | ❓ RSI:63 ADX:25 | Score:32.440883929295936
  👀   BTC | $64,697.0500 | ❓ RSI:60 ADX:25 | Score:32.504026297824694
  👀   SOL | $78.4900 | ↔️ RSI:53 ADX:12 | Score:13.460871995645249
  👀   XRP | $1.3620 | ↔️ RSI:57 ADX:19 | Score:13.278301796912523
  📊   ARB | LONG  -0.213% | $0.0939 | 📈 RSI:69
  👀  LINK | $8.3140 | ❓ RSI:58 ADX:26 | Score:33.08113693062492
  👀   DOT | $1.2710 | ↔️ RSI:60 ADX:19 | Score:12.635751184070365
  👀   ETH | $1,864.4100 | ↔️ RSI:55 ADX:17 | Score:12.763666043396102
  👀  AVAX | $8.4100 | ↔️ RSI:59 ADX:18 | Score:12.890311642490458
  👀  ALGO | $0.0838 | ↔️ RSI:60 ADX:18 | Score:12.032275478717963

⏰ #38 [21:50:35] 627s left | Portfolio: $10,004.41 (+0.0441%)
  👀   POL | $0.1065 | ↔️ RSI:53 ADX:11 | Score:13.444481109666839
  👀  NEAR | $0.9810 | ❓ RSI:63 ADX:25 | Score:32.440883929295936
  👀   BTC | $64,666.4500 | ❓ RSI:58 ADX:25 | Score:32.36261891344168
  👀   SOL | $78.4500 | ↔️ RSI:52 ADX:13 | Score:13.26993531657701
  👀   XRP | $1.3612 | ↔️ RSI:55 ADX:19 | Score:13.348445629042025
  📊   ARB | LONG  -0.213% | $0.0939 | 📈 RSI:69
  👀  LINK | $8.3140 | ❓ RSI:58 ADX:26 | Score:33.08113693062492
  👀   DOT | $1.2710 | ↔️ RSI:60 ADX:19 | Score:12.447483242351053
  👀   ETH | $1,864.1600 | ↔️ RSI:54 ADX:17 | Score:12.787026730980859
  👀  AVAX | $8.4100 | ↔️ RSI:59 ADX:17 | Score:12.76879371389062
  👀  ALGO | $0.0839 | ↔️ RSI:63 ADX:19 | Score:11.96999906905785

⏰ #39 [21:51:08] 594s left | Portfolio: $10,004.41 (+0.0441%)
  👀   POL | $0.1065 | ↔️ RSI:53 ADX:11 | Score:13.444481109666839
  👀  NEAR | $0.9810 | ❓ RSI:63 ADX:25 | Score:32.440883929295936
  👀   BTC | $64,703.5300 | ❓ RSI:60 ADX:25 | Score:32.37158675852751
  👀   SOL | $78.5000 | ↔️ RSI:53 ADX:13 | Score:13.27695173630258
  👀   XRP | $1.3626 | ↔️ RSI:58 ADX:19 | Score:13.350247356080185
  📊   ARB | LONG  -0.213% | $0.0939 | 📈 RSI:69
  👀  LINK | $8.3190 | ❓ RSI:59 ADX:26 | Score:33.096457456914635
  👀   DOT | $1.2720 | ↔️ RSI:62 ADX:19 | Score:12.501713657591798
  👀   ETH | $1,865.1500 | ↔️ RSI:56 ADX:17 | Score:12.787845194815961
  👀  AVAX | $8.4200 | ↔️ RSI:61 ADX:17 | Score:12.765505360311177
  👀  ALGO | $0.0840 | ↔️ RSI:65 ADX:20 | Score:12.052687845676322

⏰ #40 [21:51:40] 562s left | Portfolio: $10,004.41 (+0.0441%)
  👀   POL | $0.1065 | ↔️ RSI:53 ADX:12 | Score:13.198446744690635
  👀  NEAR | $0.9810 | ❓ RSI:63 ADX:25 | Score:32.440883929295936
  👀   BTC | $64,688.7300 | ❓ RSI:60 ADX:25 | Score:32.372129348929676
  👀   SOL | $78.4900 | ↔️ RSI:53 ADX:13 | Score:13.277369235568258
  👀   XRP | $1.3630 | ↔️ RSI:58 ADX:19 | Score:13.39642902544429
  📊   ARB | LONG  -0.213% | $0.0939 | 📈 RSI:69
  👀  LINK | $8.3180 | ❓ RSI:59 ADX:26 | Score:33.09682971676759
  👀   DOT | $1.2720 | ↔️ RSI:62 ADX:19 | Score:12.501713657591798
  👀   ETH | $1,864.7900 | ↔️ RSI:55 ADX:17 | Score:12.788383391755097
  👀  AVAX | $8.4200 | ↔️ RSI:61 ADX:17 | Score:12.765505360311177
  👀  ALGO | $0.0840 | ↔️ RSI:65 ADX:20 | Score:12.052687845676322

⏰ #41 [21:52:12] 530s left | Portfolio: $10,004.41 (+0.0441%)
  👀   POL | $0.1064 | ↔️ RSI:51 ADX:12 | Score:13.268584919665507
  👀  NEAR | $0.9810 | ❓ RSI:63 ADX:25 | Score:32.440883929295936
  👀   BTC | $64,686.0400 | ❓ RSI:59 ADX:25 | Score:32.372227995066446
  👀   SOL | $78.5100 | ↔️ RSI:54 ADX:13 | Score:13.285632365482595
  👀   XRP | $1.3628 | ↔️ RSI:58 ADX:19 | Score:13.396927474083187
  📊   ARB | LONG  -0.213% | $0.0939 | 📈 RSI:69
  👀  LINK | $8.3160 | ❓ RSI:59 ADX:26 | Score:33.09757450505926
  👀   DOT | $1.2720 | ↔️ RSI:62 ADX:19 | Score:12.501713657591798
  👀   ETH | $1,865.2000 | ↔️ RSI:56 ADX:17 | Score:12.792748863069221
  👀  AVAX | $8.4200 | ↔️ RSI:61 ADX:17 | Score:12.765505360311177
  👀  ALGO | $0.0840 | ↔️ RSI:65 ADX:20 | Score:12.052687845676322

⏰ #42 [21:52:44] 498s left | Portfolio: $10,004.41 (+0.0441%)
  👀   POL | $0.1063 | ↔️ RSI:49 ADX:12 | Score:13.33885505734023
  👀  NEAR | $0.9810 | ❓ RSI:63 ADX:26 | Score:32.266535077203365
  👀   BTC | $64,650.0100 | ❓ RSI:57 ADX:25 | Score:32.38917263861193
  👀   SOL | $78.5200 | ↔️ RSI:54 ADX:13 | Score:13.294310783600658
  👀   XRP | $1.3626 | ↔️ RSI:58 ADX:19 | Score:13.39742606904489
  📊   ARB | LONG  -0.106% | $0.0940 | 📈 RSI:70
  👀  LINK | $8.3120 | ❓ RSI:57 ADX:26 | Score:33.1162520123833
  👀   DOT | $1.2720 | ↔️ RSI:62 ADX:19 | Score:12.501713657591798
  👀   ETH | $1,864.1700 | ↔️ RSI:54 ADX:17 | Score:12.79429192584191
  👀  AVAX | $8.4100 | ↔️ RSI:59 ADX:17 | Score:12.76879371389062
  👀  ALGO | $0.0840 | ↔️ RSI:65 ADX:20 | Score:12.052687845676322

⏰ #43 [21:53:16] 466s left | Portfolio: $10,005.30 (+0.0530%)
  👀   POL | $0.1064 | ↔️ RSI:51 ADX:12 | Score:13.335717035669798
  👀  NEAR | $0.9810 | ❓ RSI:63 ADX:26 | Score:32.266535077203365
  👀   BTC | $64,626.0200 | ❓ RSI:56 ADX:25 | Score:32.41905050638364
  👀   SOL | $78.4100 | ↔️ RSI:51 ADX:13 | Score:13.317151564301694
  👀   XRP | $1.3632 | ↔️ RSI:58 ADX:19 | Score:13.411650038959166
  📊   ARB | LONG  -0.213% | $0.0939 | 📈 RSI:69
  👀  LINK | $8.3120 | ❓ RSI:57 ADX:26 | Score:33.1162520123833
  👀   DOT | $1.2710 | ↔️ RSI:60 ADX:19 | Score:12.503681961020273
  👀   ETH | $1,864.2500 | ↔️ RSI:54 ADX:17 | Score:12.794172015232245
  👀  AVAX | $8.4100 | ↔️ RSI:59 ADX:17 | Score:12.76879371389062
  👀  ALGO | $0.0840 | ↔️ RSI:65 ADX:20 | Score:12.052687845676322

⏰ #44 [21:53:48] 434s left | Portfolio: $10,004.41 (+0.0441%)
  👀   POL | $0.1064 | ↔️ RSI:51 ADX:12 | Score:13.335717035669798
  👀  NEAR | $0.9800 | ❓ RSI:60 ADX:26 | Score:32.34173416547456
  👀   BTC | $64,610.0200 | ❓ RSI:55 ADX:25 | Score:32.443717033465695
  👀   SOL | $78.3500 | ↔️ RSI:49 ADX:13 | Score:13.37439142875061
  👀   XRP | $1.3626 | ↔️ RSI:58 ADX:19 | Score:13.413152306699793
  📊   ARB | LONG  -0.213% | $0.0939 | 📈 RSI:69
  👀  LINK | $8.3060 | ❓ RSI:55 ADX:26 | Score:33.17010090964381
  👀   DOT | $1.2710 | ↔️ RSI:60 ADX:19 | Score:12.503681961020273
  👀   ETH | $1,863.5200 | ↔️ RSI:53 ADX:17 | Score:12.806765557023954
  👀  AVAX | $8.4100 | ↔️ RSI:59 ADX:17 | Score:12.76879371389062
  👀  ALGO | $0.0840 | ↔️ RSI:65 ADX:20 | Score:12.052687845676322

⏰ #45 [21:54:20] 402s left | Portfolio: $10,004.41 (+0.0441%)
  👀   POL | $0.1063 | ↔️ RSI:49 ADX:12 | Score:13.33885505734023
  👀  NEAR | $0.9800 | ❓ RSI:60 ADX:26 | Score:32.34173416547456
  👀   BTC | $64,607.5700 | ❓ RSI:55 ADX:25 | Score:32.44380970227729
  👀   SOL | $78.3700 | ↔️ RSI:49 ADX:13 | Score:13.382644559868513
  👀   XRP | $1.3627 | ↔️ RSI:58 ADX:19 | Score:13.412901836874688
  📊   ARB | LONG  -0.213% | $0.0939 | 📈 RSI:69
  👀  LINK | $8.3060 | ❓ RSI:55 ADX:26 | Score:33.17010090964381
  👀   DOT | $1.2700 | ↔️ RSI:58 ADX:19 | Score:12.561896333767978
  👀   ETH | $1,863.4500 | ↔️ RSI:53 ADX:17 | Score:12.809170873976221
  👀  AVAX | $8.4100 | ↔️ RSI:59 ADX:17 | Score:12.76879371389062
  👀  ALGO | $0.0840 | ↔️ RSI:65 ADX:20 | Score:12.052687845676322

⏰ #46 [21:54:52] 370s left | Portfolio: $10,004.41 (+0.0441%)
  👀   POL | $0.1062 | ↔️ RSI:47 ADX:11 | Score:13.409257530490809
  👀  NEAR | $0.9790 | ❓ RSI:57 ADX:25 | Score:32.41708687803232
  👀   BTC | $64,588.1000 | ❓ RSI:54 ADX:25 | Score:12.471773869104847
  👀   SOL | $78.3300 | ↔️ RSI:48 ADX:13 | Score:13.420847657526345
  👀   XRP | $1.3618 | ↔️ RSI:56 ADX:19 | Score:13.415157389564648
  📊   ARB | LONG  -0.213% | $0.0939 | 📈 RSI:69
  👀  LINK | $8.3040 | ❓ RSI:55 ADX:26 | Score:33.18806783458075
  👀   DOT | $1.2700 | ↔️ RSI:58 ADX:19 | Score:12.561896333767978
  👀   ETH | $1,862.8100 | ↔️ RSI:53 ADX:17 | Score:12.841578525819816
  👀  AVAX | $8.4000 | ↔️ RSI:56 ADX:17 | Score:12.857123910488788
  👀  ALGO | $0.0840 | ↔️ RSI:65 ADX:20 | Score:12.052687845676322

⏰ #47 [21:55:24] 338s left | Portfolio: $10,004.41 (+0.0441%)
  👀   POL | $0.1061 | ↔️ RSI:45 ADX:11 | Score:13.479792713298597
  👀  NEAR | $0.9790 | ❓ RSI:57 ADX:25 | Score:32.41708687803232
  👀   BTC | $64,585.9700 | ❓ RSI:54 ADX:25 | Score:12.299939259095508
  👀   SOL | $78.2900 | ↔️ RSI:47 ADX:13 | Score:13.223090593095453
  👀   XRP | $1.3613 | ↔️ RSI:55 ADX:19 | Score:13.198617777671487
  📊   ARB | LONG  -0.213% | $0.0939 | 📈 RSI:69
  👀  LINK | $8.3030 | ❓ RSI:55 ADX:26 | Score:33.20565728546498
  👀   DOT | $1.2700 | ↔️ RSI:58 ADX:19 | Score:12.561896333767978
  👀   ETH | $1,863.4600 | ↔️ RSI:53 ADX:16 | Score:12.664903367846886
  👀  AVAX | $8.4000 | ↔️ RSI:56 ADX:17 | Score:12.857123910488788
  👀  ALGO | $0.0840 | ↔️ RSI:65 ADX:20 | Score:12.052687845676322

⏰ #48 [21:55:56] 306s left | Portfolio: $10,004.41 (+0.0441%)
  👀   POL | $0.1061 | ↔️ RSI:45 ADX:11 | Score:13.479792713298597
  👀  NEAR | $0.9790 | ❓ RSI:57 ADX:25 | Score:32.41708687803232
  👀   BTC | $64,584.0000 | ❓ RSI:54 ADX:25 | Score:12.3152719292004
  👀   SOL | $78.2600 | ↔️ RSI:47 ADX:12 | Score:13.242580295962355
  👀   XRP | $1.3614 | ↔️ RSI:56 ADX:19 | Score:13.203629526874579
  📊   ARB | LONG  -0.319% | $0.0938 | 📈 RSI:66
  👀  LINK | $8.3020 | ❓ RSI:54 ADX:27 | Score:32.98564409381393
  👀   DOT | $1.2700 | ↔️ RSI:58 ADX:19 | Score:12.561896333767978
  👀   ETH | $1,863.3900 | ↔️ RSI:53 ADX:16 | Score:12.674203299894717
  👀  AVAX | $8.4000 | ↔️ RSI:56 ADX:17 | Score:12.857123910488788
  👀  ALGO | $0.0840 | ↔️ RSI:65 ADX:20 | Score:12.052687845676322

⏰ #49 [21:56:27] 275s left | Portfolio: $10,003.52 (+0.0352%)
  👀   POL | $0.1061 | ↔️ RSI:45 ADX:11 | Score:13.479792713298597
  👀  NEAR | $0.9790 | ❓ RSI:57 ADX:25 | Score:32.41708687803232
  👀   BTC | $64,589.5600 | ❓ RSI:54 ADX:25 | Score:12.321707930880006
  👀   SOL | $78.3200 | ↔️ RSI:48 ADX:12 | Score:13.267456474781312
  👀   XRP | $1.3621 | ↔️ RSI:57 ADX:19 | Score:13.243935169980116
  📊   ARB | LONG  -0.319% | $0.0938 | 📈 RSI:66
  👀  LINK | $8.3040 | ❓ RSI:55 ADX:27 | Score:33.01933183436385
  👀   DOT | $1.2710 | ↔️ RSI:60 ADX:18 | Score:12.43323077838087
  👀   ETH | $1,864.0100 | ↔️ RSI:54 ADX:16 | Score:12.691707341310686
  👀  AVAX | $8.4000 | ↔️ RSI:56 ADX:17 | Score:12.857123910488788
  👀  ALGO | $0.0838 | ❓ RSI:57 ADX:20 | Score:12.08109028936119

⏰ #50 [21:56:58] 244s left | Portfolio: $10,003.52 (+0.0352%)
  👀   POL | $0.1063 | ↔️ RSI:49 ADX:11 | Score:13.359547163991909
  👀  NEAR | $0.9790 | ❓ RSI:57 ADX:25 | Score:32.41708687803232
  👀   BTC | $64,576.1700 | ❓ RSI:54 ADX:25 | Score:12.3264257563219
  👀   SOL | $78.2600 | ↔️ RSI:47 ADX:12 | Score:13.269961552579508
  👀   XRP | $1.3620 | ↔️ RSI:57 ADX:19 | Score:13.244173344368514
  📊   ARB | LONG  -0.319% | $0.0938 | 📈 RSI:66
  👀  LINK | $8.3040 | ❓ RSI:55 ADX:27 | Score:33.02793354094243
  👀   DOT | $1.2710 | ↔️ RSI:60 ADX:18 | Score:12.43323077838087
  👀   ETH | $1,863.6200 | ↔️ RSI:54 ADX:16 | Score:12.692653913883095
  👀  AVAX | $8.4000 | ↔️ RSI:56 ADX:17 | Score:12.857123910488788
  👀  ALGO | $0.0838 | ❓ RSI:57 ADX:20 | Score:12.08109028936119

⏰ #51 [21:57:30] 212s left | Portfolio: $10,003.52 (+0.0352%)
  👀   POL | $0.1063 | ↔️ RSI:49 ADX:11 | Score:13.359547163991909
  👀  NEAR | $0.9790 | ❓ RSI:57 ADX:25 | Score:32.41708687803232
  👀   BTC | $64,583.0400 | ❓ RSI:54 ADX:25 | Score:12.326178283534215
  👀   SOL | $78.3100 | ↔️ RSI:48 ADX:12 | Score:13.267873721170634
  👀   XRP | $1.3627 | ↔️ RSI:57 ADX:19 | Score:13.252990246800932
  🛑   ARB | TRAIL STOP | P&L: -0.531% | +$+829.77
  👀  LINK | $8.3060 | ❓ RSI:55 ADX:27 | Score:33.02720444545942
  👀   DOT | $1.2710 | ↔️ RSI:60 ADX:18 | Score:12.43323077838087
  👀   ETH | $1,863.8200 | ↔️ RSI:54 ADX:16 | Score:12.692364974617085
  👀  AVAX | $8.4000 | ↔️ RSI:56 ADX:17 | Score:12.857123910488788
  👀  ALGO | $0.0838 | ❓ RSI:57 ADX:20 | Score:12.08109028936119

⏰ #52 [21:58:02] 180s left | Portfolio: $10,002.00 (+0.0200%)
  👀   POL | $0.1063 | ↔️ RSI:49 ADX:11 | Score:13.359547163991909
  👀  NEAR | $0.9790 | ❓ RSI:57 ADX:25 | Score:32.41708687803232
  👀   BTC | $64,594.9700 | ❓ RSI:55 ADX:25 | Score:12.325748663287893
  👀   SOL | $78.3300 | ↔️ RSI:49 ADX:12 | Score:13.267039334927517
  👀   XRP | $1.3629 | ↔️ RSI:58 ADX:19 | Score:13.278717510477593
  🟢   ARB | LONG @ $0.0936 | $932 | Stop: $0.0932 | Score:43.19241931905775
  👀  LINK | $8.3060 | ❓ RSI:55 ADX:27 | Score:33.02720444545942
  👀   DOT | $1.2710 | ↔️ RSI:60 ADX:18 | Score:12.43323077838087
  👀   ETH | $1,863.6300 | ↔️ RSI:54 ADX:16 | Score:12.692639465446906
  👀  AVAX | $8.4000 | ↔️ RSI:56 ADX:17 | Score:12.857123910488788
  👀  ALGO | $0.0838 | ❓ RSI:57 ADX:20 | Score:12.08109028936119

⏰ #53 [21:58:34] 148s left | Portfolio: $10,002.00 (+0.0200%)
  👀   POL | $0.1063 | ↔️ RSI:49 ADX:11 | Score:13.359547163991909
  👀  NEAR | $0.9790 | ❓ RSI:57 ADX:25 | Score:32.24443781531573
  👀   BTC | $64,597.3600 | ❓ RSI:55 ADX:25 | Score:12.325662614271259
  👀   SOL | $78.3000 | ↔️ RSI:48 ADX:12 | Score:13.2682910741363
  👀   XRP | $1.3613 | ↔️ RSI:55 ADX:19 | Score:13.282571141577838
  📊   ARB | LONG  +0.000% | $0.0936 | 📈 RSI:60
  👀  LINK | $8.3030 | ❓ RSI:55 ADX:27 | Score:33.028298220400565
  👀   DOT | $1.2700 | ↔️ RSI:58 ADX:18 | Score:12.435146708127625
  👀   ETH | $1,863.4000 | ↔️ RSI:53 ADX:16 | Score:12.692971818713543
  👀  AVAX | $8.4000 | ↔️ RSI:56 ADX:17 | Score:12.857123910488788
  👀  ALGO | $0.0838 | ❓ RSI:57 ADX:20 | Score:12.08109028936119

⏰ #54 [21:59:06] 116s left | Portfolio: $10,002.00 (+0.0200%)
  👀   POL | $0.1061 | ↔️ RSI:45 ADX:11 | Score:13.36587995789199
  👀  NEAR | $0.9790 | ❓ RSI:57 ADX:25 | Score:32.24443781531573
  👀   BTC | $64,553.9800 | ❓ RSI:53 ADX:25 | Score:12.357454857222594
  👀   SOL | $78.2700 | ↔️ RSI:47 ADX:12 | Score:13.278669692336251
  👀   XRP | $1.3608 | ↔️ RSI:55 ADX:19 | Score:13.336267391577362
  📊   ARB | LONG  +0.000% | $0.0936 | 📈 RSI:60
  👀  LINK | $8.2980 | ❓ RSI:53 ADX:27 | Score:33.047338788484346
  👀   DOT | $1.2680 | ↔️ RSI:53 ADX:18 | Score:12.551650995409487
  👀   ETH | $1,862.0200 | ↔️ RSI:52 ADX:16 | Score:12.732177635727078
  👀  AVAX | $8.4000 | ↔️ RSI:56 ADX:17 | Score:12.857123910488788
  👀  ALGO | $0.0838 | ❓ RSI:57 ADX:20 | Score:12.08109028936119

⏰ #55 [21:59:38] 84s left | Portfolio: $10,002.00 (+0.0200%)
  👀   POL | $0.1061 | ↔️ RSI:45 ADX:11 | Score:13.36587995789199
  👀  NEAR | $0.9790 | ❓ RSI:57 ADX:25 | Score:32.24443781531573
  👀   BTC | $64,557.9800 | ❓ RSI:53 ADX:25 | Score:12.361568526525303
  👀   SOL | $78.3500 | ↔️ RSI:49 ADX:12 | Score:13.284438577325378
  👀   XRP | $1.3613 | ↔️ RSI:55 ADX:19 | Score:13.335041994019303
  📊   ARB | LONG  -0.107% | $0.0935 | 📈 RSI:58
  👀  LINK | $8.3040 | ❓ RSI:55 ADX:27 | Score:33.045136954099604
  👀   DOT | $1.2690 | ↔️ RSI:55 ADX:18 | Score:12.5496402381239
  👀   ETH | $1,862.8600 | ↔️ RSI:53 ADX:16 | Score:12.730945643406661
  👀  AVAX | $8.4000 | ↔️ RSI:56 ADX:17 | Score:12.65304363116816
  👀  ALGO | $0.0838 | ❓ RSI:57 ADX:20 | Score:12.08109028936119

⏰ #56 [22:00:10] 52s left | Portfolio: $10,001.01 (+0.0101%)
  👀   POL | $0.1061 | ↔️ RSI:45 ADX:11 | Score:13.36587995789199
  👀  NEAR | $0.9800 | ❓ RSI:59 ADX:25 | Score:32.31503387002313
  👀   BTC | $64,576.9500 | ❓ RSI:54 ADX:24 | Score:12.197594407195764
  👀   SOL | $78.4100 | ↔️ RSI:51 ADX:12 | Score:13.100858437796013
  👀   XRP | $1.3617 | ↔️ RSI:56 ADX:18 | Score:13.111651646783965
  📊   ARB | LONG  +0.000% | $0.0936 | 📈 RSI:60
  👀  LINK | $8.3070 | ❓ RSI:56 ADX:27 | Score:32.83520459912433
  👀   DOT | $1.2700 | ↔️ RSI:58 ADX:18 | Score:12.54763264738522
  👀   ETH | $1,863.8300 | ↔️ RSI:54 ADX:15 | Score:12.56751658898209
  👀  AVAX | $8.4000 | ↔️ RSI:56 ADX:17 | Score:12.65304363116816
  👀  ALGO | $0.0838 | ❓ RSI:57 ADX:20 | Score:12.08109028936119

⏰ #57 [22:00:42] 20s left | Portfolio: $10,002.00 (+0.0200%)
  👀   POL | $0.1061 | ↔️ RSI:45 ADX:11 | Score:13.36587995789199
  👀  NEAR | $0.9800 | ❓ RSI:59 ADX:25 | Score:32.31503387002313
  👀   BTC | $64,566.4400 | ❓ RSI:53 ADX:24 | Score:12.212444397421867
  👀   SOL | $78.4000 | ↔️ RSI:51 ADX:13 | Score:13.119475529797928
  👀   XRP | $1.3607 | ↔️ RSI:54 ADX:18 | Score:13.155933640456071
  📊   ARB | LONG  +0.000% | $0.0936 | 📈 RSI:60
  👀  LINK | $8.3050 | ❓ RSI:55 ADX:27 | Score:32.844488040500224
  👀   DOT | $1.2700 | ↔️ RSI:58 ADX:18 | Score:12.54763264738522
  👀   ETH | $1,863.2100 | ↔️ RSI:53 ADX:15 | Score:12.57105449414854
  👀  AVAX | $8.4000 | ↔️ RSI:56 ADX:17 | Score:12.65304363116816
  👀  ALGO | $0.0838 | ❓ RSI:57 ADX:20 | Score:12.08109028936119

============================================================
  🎩 ALFRED'S COMPETITION RESULTS
============================================================
  💰 Final Value:  $10,002.00
  💵 Started:      $10,000.00
  📈 Return:       +0.0200% ($+2.00)
  🔄 Trades:       2 closed | 1 wins | 1 still open
  💵 Cash:         $9,069.89

  Closed trades:
    ✅   ARB |  take_profit | +0.747%
    ❌   ARB | trailing_stop | -0.531%

  Open positions:
    ❌   ARB  LONG | Entry: $0.0936 → $0.0936 | +0.000% | $932.11

  Asset leaderboard:
    🥇   ARB +0.2157%
============================================================
