[2026-03-05 09:49:19 UTC]   [MEDIUM] BTC-USD is 46.3% of portfolio. Max recommended: 25%.
[2026-03-05 09:49:19 UTC]   [MEDIUM] ETH-USD is 28.7% of portfolio. Max recommended: 25%.
[2026-03-05 09:50:20 UTC] ALERTS: 2 (0 critical, 0 high)
[2026-03-05 09:50:20 UTC]   [MEDIUM] BTC-USD is 46.3% of portfolio. Max recommended: 25%.
[2026-03-05 09:50:20 UTC]   [MEDIUM] ETH-USD is 28.7% of portfolio. Max recommended: 25%.
[2026-03-05 09:51:20 UTC] ALERTS: 2 (0 critical, 0 high)
[2026-03-05 09:51:20 UTC]   [MEDIUM] BTC-USD is 46.3% of portfolio. Max recommended: 25%.
[2026-03-05 09:51:20 UTC]   [MEDIUM] ETH-USD is 28.7% of portfolio. Max recommended: 25%.
[2026-03-05 09:52:21 UTC] ALERTS: 2 (0 critical, 0 high)
[2026-03-05 09:52:21 UTC]   [MEDIUM] BTC-USD is 46.3% of portfolio. Max recommended: 25%.
[2026-03-05 09:52:21 UTC]   [MEDIUM] ETH-USD is 28.7% of portfolio. Max recommended: 25%.
[2026-03-05 09:53:21 UTC] ALERTS: 2 (0 critical, 0 high)
[2026-03-05 09:53:21 UTC]   [MEDIUM] BTC-USD is 46.3% of portfolio. Max recommended: 25%.
[2026-03-05 09:53:21 UTC]   [MEDIUM] ETH-USD is 28.7% of portfolio. Max recommended: 25%.
[2026-03-05 09:54:21 UTC] ALERTS: 2 (0 critical, 0 high)
[2026-03-05 09:54:21 UTC]   [MEDIUM] BTC-USD is 46.3% of portfolio. Max recommended: 25%.
[2026-03-05 09:54:21 UTC]   [MEDIUM] ETH-USD is 28.7% of portfolio. Max recommended: 25%.
[2026-03-05 09:55:22 UTC] ALERTS: 2 (0 critical, 0 high)
[2026-03-05 09:55:22 UTC]   [MEDIUM] BTC-USD is 46.3% of portfolio. Max recommended: 25%.
[2026-03-05 09:55:22 UTC]   [MEDIUM] ETH-USD is 28.7% of portfolio. Max recommended: 25%.
[2026-03-05 09:56:22 UTC] ALERTS: 2 (0 critical, 0 high)
[2026-03-05 09:56:22 UTC]   [MEDIUM] BTC-USD is 46.3% of portfolio. Max recommended: 25%.
[2026-03-05 09:56:22 UTC]   [MEDIUM] ETH-USD is 28.7% of portfolio. Max recommended: 25%.
[2026-03-05 09:57:22 UTC] ALERTS: 2 (0 critical, 0 high)
[2026-03-05 09:57:22 UTC]   [MEDIUM] BTC-USD is 46.3% of portfolio. Max recommended: 25%.
[2026-03-05 09:57:22 UTC]   [MEDIUM] ETH-USD is 28.7% of portfolio. Max recommended: 25%.
[2026-03-05 09:58:23 UTC] ALERTS: 2 (0 critical, 0 high)
[2026-03-05 09:58:23 UTC]   [MEDIUM] BTC-USD is 46.3% of portfolio. Max recommended: 25%.
[2026-03-05 09:58:23 UTC]   [MEDIUM] ETH-USD is 28.7% of portfolio. Max recommended: 25%.
[2026-03-05 09:59:23 UTC] ALERTS: 2 (0 critical, 0 high)
[2026-03-05 09:59:23 UTC]   [MEDIUM] BTC-USD is 46.3% of portfolio. Max recommended: 25%.
[2026-03-05 09:59:23 UTC]   [MEDIUM] ETH-USD is 28.7% of portfolio. Max recommended: 25%.
[2026-03-05 10:00:24 UTC] ALERTS: 2 (0 critical, 0 high)
[2026-03-05 10:00:24 UTC]   [MEDIUM] BTC-USD is 46.3% of portfolio. Max recommended: 25%.
[2026-03-05 10:00:24 UTC]   [MEDIUM] ETH-USD is 28.7% of portfolio. Max recommended: 25%.
[2026-03-05 10:01:24 UTC] ALERTS: 2 (0 critical, 0 high)
[2026-03-05 10:01:24 UTC]   [MEDIUM] BTC-USD is 46.3% of portfolio. Max recommended: 25%.
[2026-03-05 10:01:24 UTC]   [MEDIUM] ETH-USD is 28.7% of portfolio. Max recommended: 25%.
[2026-03-05 10:02:25 UTC] ALERTS: 2 (0 critical, 0 high)
[2026-03-05 10:02:25 UTC]   [MEDIUM] BTC-USD is 46.3% of portfolio. Max recommended: 25%.
[2026-03-05 10:02:25 UTC]   [MEDIUM] ETH-USD is 28.7% of portfolio. Max recommended: 25%.
[2026-03-05 10:03:25 UTC] ALERTS: 2 (0 critical, 0 high)
[2026-03-05 10:03:25 UTC]   [MEDIUM] BTC-USD is 46.3% of portfolio. Max recommended: 25%.
[2026-03-05 10:03:25 UTC]   [MEDIUM] ETH-USD is 28.7% of portfolio. Max recommended: 25%.
[2026-03-05 10:04:26 UTC] ALERTS: 2 (0 critical, 0 high)
[2026-03-05 10:04:26 UTC]   [MEDIUM] BTC-USD is 46.3% of portfolio. Max recommended: 25%.
[2026-03-05 10:04:26 UTC]   [MEDIUM] ETH-USD is 28.7% of portfolio. Max recommended: 25%.
[2026-03-05 10:05:26 UTC] ALERTS: 2 (0 critical, 0 high)
[2026-03-05 10:05:26 UTC]   [MEDIUM] BTC-USD is 46.3% of portfolio. Max recommended: 25%.
[2026-03-05 10:05:26 UTC]   [MEDIUM] ETH-USD is 28.7% of portfolio. Max recommended: 25%.
[2026-03-05 10:06:26 UTC] ALERTS: 2 (0 critical, 0 high)
[2026-03-05 10:06:26 UTC]   [MEDIUM] BTC-USD is 46.3% of portfolio. Max recommended: 25%.
[2026-03-05 10:06:26 UTC]   [MEDIUM] ETH-USD is 28.7% of portfolio. Max recommended: 25%.
[2026-03-05 10:07:27 UTC] ERROR in health check: list indices must be integers or slices, not str
[2026-03-05 10:08:27 UTC] ALERTS: 2 (0 critical, 0 high)
[2026-03-05 10:08:27 UTC]   [MEDIUM] BTC-USD is 46.3% of portfolio. Max recommended: 25%.
[2026-03-05 10:08:27 UTC]   [MEDIUM] ETH-USD is 28.7% of portfolio. Max recommended: 25%.
[2026-03-05 10:09:28 UTC] ALERTS: 2 (0 critical, 0 high)
[2026-03-05 10:09:28 UTC]   [MEDIUM] BTC-USD is 46.3% of portfolio. Max recommended: 25%.
[2026-03-05 10:09:28 UTC]   [MEDIUM] ETH-USD is 28.7% of portfolio. Max recommended: 25%.
[2026-03-05 10:10:28 UTC] ALERTS: 2 (0 critical, 0 high)
[2026-03-05 10:10:28 UTC]   [MEDIUM] BTC-USD is 46.3% of portfolio. Max recommended: 25%.
[2026-03-05 10:10:28 UTC]   [MEDIUM] ETH-USD is 28.7% of portfolio. Max recommended: 25%.
[2026-03-05 10:11:29 UTC] ALERTS: 2 (0 critical, 0 high)
[2026-03-05 10:11:29 UTC]   [MEDIUM] BTC-USD is 46.3% of portfolio. Max recommended: 25%.
[2026-03-05 10:11:29 UTC]   [MEDIUM] ETH-USD is 28.7% of portfolio. Max recommended: 25%.
[2026-03-05 10:12:29 UTC] ERROR in health check: list indices must be integers or slices, not str
[2026-03-05 10:13:30 UTC] ALERTS: 2 (0 critical, 0 high)
[2026-03-05 10:13:30 UTC]   [MEDIUM] BTC-USD is 46.3% of portfolio. Max recommended: 25%.
[2026-03-05 10:13:30 UTC]   [MEDIUM] ETH-USD is 28.7% of portfolio. Max recommended: 25%.
[2026-03-05 10:14:30 UTC] ALERTS: 2 (0 critical, 0 high)
[2026-03-05 10:14:30 UTC]   [MEDIUM] BTC-USD is 46.3% of portfolio. Max recommended: 25%.
[2026-03-05 10:14:30 UTC]   [MEDIUM] ETH-USD is 28.7% of portfolio. Max recommended: 25%.
[2026-03-05 10:15:31 UTC] ALERTS: 2 (0 critical, 0 high)
[2026-03-05 10:15:31 UTC]   [MEDIUM] BTC-USD is 46.3% of portfolio. Max recommended: 25%.
[2026-03-05 10:15:31 UTC]   [MEDIUM] ETH-USD is 28.7% of portfolio. Max recommended: 25%.
[2026-03-05 10:16:31 UTC] ALERTS: 2 (0 critical, 0 high)
[2026-03-05 10:16:31 UTC]   [MEDIUM] BTC-USD is 46.3% of portfolio. Max recommended: 25%.
[2026-03-05 10:16:31 UTC]   [MEDIUM] ETH-USD is 28.7% of portfolio. Max recommended: 25%.
[2026-03-05 10:17:32 UTC] ALERTS: 2 (0 critical, 0 high)
[2026-03-05 10:17:32 UTC]   [MEDIUM] BTC-USD is 46.3% of portfolio. Max recommended: 25%.
[2026-03-05 10:17:32 UTC]   [MEDIUM] ETH-USD is 28.7% of portfolio. Max recommended: 25%.
[2026-03-05 10:18:32 UTC] ALERTS: 2 (0 critical, 0 high)
[2026-03-05 10:18:32 UTC]   [MEDIUM] BTC-USD is 46.3% of portfolio. Max recommended: 25%.
[2026-03-05 10:18:32 UTC]   [MEDIUM] ETH-USD is 28.7% of portfolio. Max recommended: 25%.
[2026-03-05 10:19:32 UTC] ALERTS: 2 (0 critical, 0 high)
[2026-03-05 10:19:32 UTC]   [MEDIUM] BTC-USD is 46.3% of portfolio. Max recommended: 25%.
[2026-03-05 10:19:32 UTC]   [MEDIUM] ETH-USD is 28.7% of portfolio. Max recommended: 25%.
[2026-03-05 10:20:33 UTC] ALERTS: 2 (0 critical, 0 high)
[2026-03-05 10:20:33 UTC]   [MEDIUM] BTC-USD is 46.3% of portfolio. Max recommended: 25%.
[2026-03-05 10:20:33 UTC]   [MEDIUM] ETH-USD is 28.7% of portfolio. Max recommended: 25%.
[2026-03-05 10:21:33 UTC] ALERTS: 2 (0 critical, 0 high)
[2026-03-05 10:21:33 UTC]   [MEDIUM] BTC-USD is 46.3% of portfolio. Max recommended: 25%.
[2026-03-05 10:21:33 UTC]   [MEDIUM] ETH-USD is 28.7% of portfolio. Max recommended: 25%.
[2026-03-05 10:22:34 UTC] ALERTS: 2 (0 critical, 0 high)
[2026-03-05 10:22:34 UTC]   [MEDIUM] BTC-USD is 46.3% of portfolio. Max recommended: 25%.
[2026-03-05 10:22:34 UTC]   [MEDIUM] ETH-USD is 28.7% of portfolio. Max recommended: 25%.
[2026-03-05 10:23:34 UTC] ALERTS: 2 (0 critical, 0 high)
[2026-03-05 10:23:34 UTC]   [MEDIUM] BTC-USD is 46.3% of portfolio. Max recommended: 25%.
[2026-03-05 10:23:34 UTC]   [MEDIUM] ETH-USD is 28.7% of portfolio. Max recommended: 25%.
[2026-03-05 10:24:35 UTC] ALERTS: 2 (0 critical, 0 high)
[2026-03-05 10:24:35 UTC]   [MEDIUM] BTC-USD is 46.3% of portfolio. Max recommended: 25%.
[2026-03-05 10:24:35 UTC]   [MEDIUM] ETH-USD is 28.7% of portfolio. Max recommended: 25%.
[2026-03-05 10:25:35 UTC] ALERTS: 2 (0 critical, 0 high)
[2026-03-05 10:25:35 UTC]   [MEDIUM] BTC-USD is 46.3% of portfolio. Max recommended: 25%.
[2026-03-05 10:25:35 UTC]   [MEDIUM] ETH-USD is 28.7% of portfolio. Max recommended: 25%.
[2026-03-05 10:26:36 UTC] ALERTS: 2 (0 critical, 0 high)
[2026-03-05 10:26:36 UTC]   [MEDIUM] BTC-USD is 46.3% of portfolio. Max recommended: 25%.
[2026-03-05 10:26:36 UTC]   [MEDIUM] ETH-USD is 28.7% of portfolio. Max recommended: 25%.
[2026-03-05 10:27:36 UTC] ALERTS: 2 (0 critical, 0 high)
[2026-03-05 10:27:36 UTC]   [MEDIUM] BTC-USD is 46.3% of portfolio. Max recommended: 25%.
[2026-03-05 10:27:36 UTC]   [MEDIUM] ETH-USD is 28.7% of portfolio. Max recommended: 25%.
[2026-03-05 10:28:36 UTC] ALERTS: 2 (0 critical, 0 high)
[2026-03-05 10:28:36 UTC]   [MEDIUM] BTC-USD is 46.3% of portfolio. Max recommended: 25%.
[2026-03-05 10:28:36 UTC]   [MEDIUM] ETH-USD is 28.7% of portfolio. Max recommended: 25%.
[2026-03-05 10:29:37 UTC] ALERTS: 2 (0 critical, 0 high)
[2026-03-05 10:29:37 UTC]   [MEDIUM] BTC-USD is 46.3% of portfolio. Max recommended: 25%.
[2026-03-05 10:29:37 UTC]   [MEDIUM] ETH-USD is 28.7% of portfolio. Max recommended: 25%.
[2026-03-05 10:30:37 UTC] ALERTS: 2 (0 critical, 0 high)
[2026-03-05 10:30:37 UTC]   [MEDIUM] BTC-USD is 46.3% of portfolio. Max recommended: 25%.
[2026-03-05 10:30:37 UTC]   [MEDIUM] ETH-USD is 28.7% of portfolio. Max recommended: 25%.
[2026-03-05 10:31:38 UTC] ALERTS: 2 (0 critical, 0 high)
[2026-03-05 10:31:38 UTC]   [MEDIUM] BTC-USD is 46.3% of portfolio. Max recommended: 25%.
[2026-03-05 10:31:38 UTC]   [MEDIUM] ETH-USD is 28.7% of portfolio. Max recommended: 25%.
[2026-03-05 10:32:38 UTC] ALERTS: 2 (0 critical, 0 high)
[2026-03-05 10:32:38 UTC]   [MEDIUM] BTC-USD is 46.3% of portfolio. Max recommended: 25%.
[2026-03-05 10:32:38 UTC]   [MEDIUM] ETH-USD is 28.7% of portfolio. Max recommended: 25%.
[2026-03-05 10:33:39 UTC] ALERTS: 2 (0 critical, 0 high)
[2026-03-05 10:33:39 UTC]   [MEDIUM] BTC-USD is 46.3% of portfolio. Max recommended: 25%.
[2026-03-05 10:33:39 UTC]   [MEDIUM] ETH-USD is 28.7% of portfolio. Max recommended: 25%.
[2026-03-05 10:34:39 UTC] ALERTS: 2 (0 critical, 0 high)
[2026-03-05 10:34:39 UTC]   [MEDIUM] BTC-USD is 46.3% of portfolio. Max recommended: 25%.
[2026-03-05 10:34:39 UTC]   [MEDIUM] ETH-USD is 28.7% of portfolio. Max recommended: 25%.
[2026-03-05 10:35:40 UTC] ALERTS: 2 (0 critical, 0 high)
[2026-03-05 10:35:40 UTC]   [MEDIUM] BTC-USD is 46.3% of portfolio. Max recommended: 25%.
[2026-03-05 10:35:40 UTC]   [MEDIUM] ETH-USD is 28.7% of portfolio. Max recommended: 25%.
[2026-03-05 10:36:40 UTC] ALERTS: 2 (0 critical, 0 high)
[2026-03-05 10:36:40 UTC]   [MEDIUM] BTC-USD is 46.3% of portfolio. Max recommended: 25%.
[2026-03-05 10:36:40 UTC]   [MEDIUM] ETH-USD is 28.7% of portfolio. Max recommended: 25%.
[2026-03-05 10:37:40 UTC] ALERTS: 2 (0 critical, 0 high)
[2026-03-05 10:37:40 UTC]   [MEDIUM] BTC-USD is 46.3% of portfolio. Max recommended: 25%.
[2026-03-05 10:37:40 UTC]   [MEDIUM] ETH-USD is 28.7% of portfolio. Max recommended: 25%.
[2026-03-05 10:38:41 UTC] ALERTS: 2 (0 critical, 0 high)
[2026-03-05 10:38:41 UTC]   [MEDIUM] BTC-USD is 46.3% of portfolio. Max recommended: 25%.
[2026-03-05 10:38:41 UTC]   [MEDIUM] ETH-USD is 28.7% of portfolio. Max recommended: 25%.
[2026-03-05 10:39:41 UTC] ALERTS: 2 (0 critical, 0 high)
[2026-03-05 10:39:41 UTC]   [MEDIUM] BTC-USD is 46.3% of portfolio. Max recommended: 25%.
[2026-03-05 10:39:41 UTC]   [MEDIUM] ETH-USD is 28.7% of portfolio. Max recommended: 25%.
[2026-03-05 10:40:42 UTC] ALERTS: 2 (0 critical, 0 high)
[2026-03-05 10:40:42 UTC]   [MEDIUM] BTC-USD is 46.3% of portfolio. Max recommended: 25%.
[2026-03-05 10:40:42 UTC]   [MEDIUM] ETH-USD is 28.7% of portfolio. Max recommended: 25%.
[2026-03-05 10:41:42 UTC] ALERTS: 2 (0 critical, 0 high)
[2026-03-05 10:41:42 UTC]   [MEDIUM] BTC-USD is 46.3% of portfolio. Max recommended: 25%.
[2026-03-05 10:41:42 UTC]   [MEDIUM] ETH-USD is 28.7% of portfolio. Max recommended: 25%.
[2026-03-05 10:42:43 UTC] ERROR in health check: list indices must be integers or slices, not str
[2026-03-05 10:43:43 UTC] ALERTS: 2 (0 critical, 0 high)
[2026-03-05 10:43:43 UTC]   [MEDIUM] BTC-USD is 46.3% of portfolio. Max recommended: 25%.
[2026-03-05 10:43:43 UTC]   [MEDIUM] ETH-USD is 28.7% of portfolio. Max recommended: 25%.
[2026-03-05 10:44:44 UTC] ALERTS: 2 (0 critical, 0 high)
[2026-03-05 10:44:44 UTC]   [MEDIUM] BTC-USD is 46.3% of portfolio. Max recommended: 25%.
[2026-03-05 10:44:44 UTC]   [MEDIUM] ETH-USD is 28.7% of portfolio. Max recommended: 25%.
[2026-03-05 10:45:44 UTC] ALERTS: 2 (0 critical, 0 high)
[2026-03-05 10:45:44 UTC]   [MEDIUM] BTC-USD is 46.3% of portfolio. Max recommended: 25%.
[2026-03-05 10:45:44 UTC]   [MEDIUM] ETH-USD is 28.7% of portfolio. Max recommended: 25%.
[2026-03-05 10:46:45 UTC] ALERTS: 2 (0 critical, 0 high)
[2026-03-05 10:46:45 UTC]   [MEDIUM] BTC-USD is 46.3% of portfolio. Max recommended: 25%.
[2026-03-05 10:46:45 UTC]   [MEDIUM] ETH-USD is 28.7% of portfolio. Max recommended: 25%.
[2026-03-05 10:47:45 UTC] ERROR in health check: list indices must be integers or slices, not str
[2026-03-05 10:48:46 UTC] ALERTS: 2 (0 critical, 0 high)
[2026-03-05 10:48:46 UTC]   [MEDIUM] BTC-USD is 46.3% of portfolio. Max recommended: 25%.
[2026-03-05 10:48:46 UTC]   [MEDIUM] ETH-USD is 28.7% of portfolio. Max recommended: 25%.
[2026-03-05 10:49:46 UTC] ALERTS: 2 (0 critical, 0 high)
[2026-03-05 10:49:46 UTC]   [MEDIUM] BTC-USD is 46.3% of portfolio. Max recommended: 25%.
[2026-03-05 10:49:46 UTC]   [MEDIUM] ETH-USD is 28.7% of portfolio. Max recommended: 25%.
[2026-03-05 10:50:46 UTC] ALERTS: 2 (0 critical, 0 high)
[2026-03-05 10:50:46 UTC]   [MEDIUM] BTC-USD is 46.3% of portfolio. Max recommended: 25%.
[2026-03-05 10:50:46 UTC]   [MEDIUM] ETH-USD is 28.7% of portfolio. Max recommended: 25%.
[2026-03-05 10:51:47 UTC] ALERTS: 2 (0 critical, 0 high)
[2026-03-05 10:51:47 UTC]   [MEDIUM] BTC-USD is 46.3% of portfolio. Max recommended: 25%.
[2026-03-05 10:51:47 UTC]   [MEDIUM] ETH-USD is 28.7% of portfolio. Max recommended: 25%.
[2026-03-05 10:52:47 UTC] ERROR in health check: list indices must be integers or slices, not str
[2026-03-05 10:53:48 UTC] ALERTS: 2 (0 critical, 0 high)
[2026-03-05 10:53:48 UTC]   [MEDIUM] BTC-USD is 46.3% of portfolio. Max recommended: 25%.
[2026-03-05 10:53:48 UTC]   [MEDIUM] ETH-USD is 28.7% of portfolio. Max recommended: 25%.
[2026-03-05 10:54:48 UTC] ALERTS: 2 (0 critical, 0 high)
[2026-03-05 10:54:48 UTC]   [MEDIUM] BTC-USD is 46.3% of portfolio. Max recommended: 25%.
[2026-03-05 10:54:48 UTC]   [MEDIUM] ETH-USD is 28.7% of portfolio. Max recommended: 25%.
[2026-03-05 10:55:49 UTC] ALERTS: 2 (0 critical, 0 high)
[2026-03-05 10:55:49 UTC]   [MEDIUM] BTC-USD is 46.3% of portfolio. Max recommended: 25%.
[2026-03-05 10:55:49 UTC]   [MEDIUM] ETH-USD is 28.7% of portfolio. Max recommended: 25%.
[2026-03-05 10:56:49 UTC] ALERTS: 2 (0 critical, 0 high)
[2026-03-05 10:56:49 UTC]   [MEDIUM] BTC-USD is 46.3% of portfolio. Max recommended: 25%.
[2026-03-05 10:56:49 UTC]   [MEDIUM] ETH-USD is 28.7% of portfolio. Max recommended: 25%.
[2026-03-05 10:57:50 UTC] ERROR in health check: list indices must be integers or slices, not str
[2026-03-05 10:58:50 UTC] ALERTS: 2 (0 critical, 0 high)
[2026-03-05 10:58:50 UTC]   [MEDIUM] BTC-USD is 46.3% of portfolio. Max recommended: 25%.
[2026-03-05 10:58:50 UTC]   [MEDIUM] ETH-USD is 28.7% of portfolio. Max recommended: 25%.
[2026-03-05 10:59:51 UTC] ALERTS: 2 (0 critical, 0 high)
[2026-03-05 10:59:51 UTC]   [MEDIUM] BTC-USD is 46.3% of portfolio. Max recommended: 25%.
[2026-03-05 10:59:51 UTC]   [MEDIUM] ETH-USD is 28.7% of portfolio. Max recommended: 25%.
[2026-03-05 11:00:51 UTC] ALERTS: 2 (0 critical, 0 high)
[2026-03-05 11:00:51 UTC]   [MEDIUM] BTC-USD is 46.3% of portfolio. Max recommended: 25%.
[2026-03-05 11:00:51 UTC]   [MEDIUM] ETH-USD is 28.7% of portfolio. Max recommended: 25%.
[2026-03-05 11:01:52 UTC] ALERTS: 2 (0 critical, 0 high)
[2026-03-05 11:01:52 UTC]   [MEDIUM] BTC-USD is 46.3% of portfolio. Max recommended: 25%.
[2026-03-05 11:01:52 UTC]   [MEDIUM] ETH-USD is 28.7% of portfolio. Max recommended: 25%.
[2026-03-05 11:02:52 UTC] ERROR in health check: list indices must be integers or slices, not str
[2026-03-05 11:03:53 UTC] ALERTS: 2 (0 critical, 0 high)
[2026-03-05 11:03:53 UTC]   [MEDIUM] BTC-USD is 46.3% of portfolio. Max recommended: 25%.
[2026-03-05 11:03:53 UTC]   [MEDIUM] ETH-USD is 28.7% of portfolio. Max recommended: 25%.
[2026-03-05 11:04:53 UTC] ALERTS: 2 (0 critical, 0 high)
[2026-03-05 11:04:53 UTC]   [MEDIUM] BTC-USD is 46.3% of portfolio. Max recommended: 25%.
[2026-03-05 11:04:53 UTC]   [MEDIUM] ETH-USD is 28.7% of portfolio. Max recommended: 25%.
[2026-03-05 11:05:54 UTC] ALERTS: 2 (0 critical, 0 high)
[2026-03-05 11:05:54 UTC]   [MEDIUM] BTC-USD is 46.3% of portfolio. Max recommended: 25%.
[2026-03-05 11:05:54 UTC]   [MEDIUM] ETH-USD is 28.7% of portfolio. Max recommended: 25%.
[2026-03-05 11:06:54 UTC] ALERTS: 2 (0 critical, 0 high)
[2026-03-05 11:06:54 UTC]   [MEDIUM] BTC-USD is 46.3% of portfolio. Max recommended: 25%.
[2026-03-05 11:06:54 UTC]   [MEDIUM] ETH-USD is 28.7% of portfolio. Max recommended: 25%.
[2026-03-05 11:07:55 UTC] ERROR in health check: list indices must be integers or slices, not str
[2026-03-05 11:08:55 UTC] ALERTS: 2 (0 critical, 0 high)
[2026-03-05 11:08:55 UTC]   [MEDIUM] BTC-USD is 46.3% of portfolio. Max recommended: 25%.
[2026-03-05 11:08:55 UTC]   [MEDIUM] ETH-USD is 28.7% of portfolio. Max recommended: 25%.
[2026-03-05 11:09:55 UTC] ALERTS: 2 (0 critical, 0 high)
[2026-03-05 11:09:55 UTC]   [MEDIUM] BTC-USD is 46.3% of portfolio. Max recommended: 25%.
[2026-03-05 11:09:55 UTC]   [MEDIUM] ETH-USD is 28.7% of portfolio. Max recommended: 25%.
[2026-03-05 11:10:56 UTC] ALERTS: 2 (0 critical, 0 high)
[2026-03-05 11:10:56 UTC]   [MEDIUM] BTC-USD is 46.3% of portfolio. Max recommended: 25%.
[2026-03-05 11:10:56 UTC]   [MEDIUM] ETH-USD is 28.7% of portfolio. Max recommended: 25%.
[2026-03-05 11:11:56 UTC] ALERTS: 2 (0 critical, 0 high)
[2026-03-05 11:11:56 UTC]   [MEDIUM] BTC-USD is 46.3% of portfolio. Max recommended: 25%.
[2026-03-05 11:11:56 UTC]   [MEDIUM] ETH-USD is 28.7% of portfolio. Max recommended: 25%.
[2026-03-05 11:12:57 UTC] ALERTS: 2 (0 critical, 0 high)
[2026-03-05 11:12:57 UTC]   [MEDIUM] BTC-USD is 46.3% of portfolio. Max recommended: 25%.
[2026-03-05 11:12:57 UTC]   [MEDIUM] ETH-USD is 28.7% of portfolio. Max recommended: 25%.
[2026-03-05 11:13:58 UTC] ALERTS: 2 (0 critical, 0 high)
[2026-03-05 11:13:58 UTC]   [MEDIUM] BTC-USD is 46.3% of portfolio. Max recommended: 25%.
[2026-03-05 11:13:58 UTC]   [MEDIUM] ETH-USD is 28.7% of portfolio. Max recommended: 25%.
[2026-03-05 11:14:58 UTC] ALERTS: 2 (0 critical, 0 high)
[2026-03-05 11:14:58 UTC]   [MEDIUM] BTC-USD is 46.3% of portfolio. Max recommended: 25%.
[2026-03-05 11:14:58 UTC]   [MEDIUM] ETH-USD is 28.7% of portfolio. Max recommended: 25%.
[2026-03-05 11:16:08 UTC] Error fetching alfred: <urlopen error _ssl.c:1112: The handshake operation timed out>
[2026-03-05 11:16:18 UTC] Error fetching alfred_crypto: <urlopen error _ssl.c:1112: The handshake operation timed out>
[2026-03-05 11:16:18 UTC] OK — no alerts
[2026-03-05 11:17:19 UTC] ALERTS: 2 (0 critical, 0 high)
[2026-03-05 11:17:19 UTC]   [MEDIUM] BTC-USD is 46.3% of portfolio. Max recommended: 25%.
[2026-03-05 11:17:19 UTC]   [MEDIUM] ETH-USD is 28.7% of portfolio. Max recommended: 25%.
[2026-03-05 11:18:19 UTC] ALERTS: 2 (0 critical, 0 high)
[2026-03-05 11:18:19 UTC]   [MEDIUM] BTC-USD is 46.3% of portfolio. Max recommended: 25%.
[2026-03-05 11:18:19 UTC]   [MEDIUM] ETH-USD is 28.7% of portfolio. Max recommended: 25%.
[2026-03-05 11:19:19 UTC] ALERTS: 2 (0 critical, 0 high)
[2026-03-05 11:19:19 UTC]   [MEDIUM] BTC-USD is 46.3% of portfolio. Max recommended: 25%.
[2026-03-05 11:19:19 UTC]   [MEDIUM] ETH-USD is 28.7% of portfolio. Max recommended: 25%.
[2026-03-05 11:20:20 UTC] ALERTS: 2 (0 critical, 0 high)
[2026-03-05 11:20:20 UTC]   [MEDIUM] BTC-USD is 46.3% of portfolio. Max recommended: 25%.
[2026-03-05 11:20:20 UTC]   [MEDIUM] ETH-USD is 28.7% of portfolio. Max recommended: 25%.
[2026-03-05 11:21:20 UTC] ALERTS: 2 (0 critical, 0 high)
[2026-03-05 11:21:20 UTC]   [MEDIUM] BTC-USD is 46.3% of portfolio. Max recommended: 25%.
[2026-03-05 11:21:20 UTC]   [MEDIUM] ETH-USD is 28.7% of portfolio. Max recommended: 25%.
[2026-03-05 11:22:21 UTC] ALERTS: 2 (0 critical, 0 high)
[2026-03-05 11:22:21 UTC]   [MEDIUM] BTC-USD is 46.3% of portfolio. Max recommended: 25%.
[2026-03-05 11:22:21 UTC]   [MEDIUM] ETH-USD is 28.7% of portfolio. Max recommended: 25%.
[2026-03-05 11:23:21 UTC] ALERTS: 2 (0 critical, 0 high)
[2026-03-05 11:23:21 UTC]   [MEDIUM] BTC-USD is 46.3% of portfolio. Max recommended: 25%.
[2026-03-05 11:23:21 UTC]   [MEDIUM] ETH-USD is 28.7% of portfolio. Max recommended: 25%.
[2026-03-05 11:24:22 UTC] ALERTS: 2 (0 critical, 0 high)
[2026-03-05 11:24:22 UTC]   [MEDIUM] BTC-USD is 46.3% of portfolio. Max recommended: 25%.
[2026-03-05 11:24:22 UTC]   [MEDIUM] ETH-USD is 28.7% of portfolio. Max recommended: 25%.
[2026-03-05 11:25:22 UTC] ALERTS: 2 (0 critical, 0 high)
[2026-03-05 11:25:22 UTC]   [MEDIUM] BTC-USD is 46.3% of portfolio. Max recommended: 25%.
[2026-03-05 11:25:22 UTC]   [MEDIUM] ETH-USD is 28.7% of portfolio. Max recommended: 25%.
[2026-03-05 11:26:23 UTC] ALERTS: 2 (0 critical, 0 high)
[2026-03-05 11:26:23 UTC]   [MEDIUM] BTC-USD is 46.3% of portfolio. Max recommended: 25%.
[2026-03-05 11:26:23 UTC]   [MEDIUM] ETH-USD is 28.7% of portfolio. Max recommended: 25%.
[2026-03-05 11:27:23 UTC] ALERTS: 2 (0 critical, 0 high)
[2026-03-05 11:27:23 UTC]   [MEDIUM] BTC-USD is 46.3% of portfolio. Max recommended: 25%.
[2026-03-05 11:27:23 UTC]   [MEDIUM] ETH-USD is 28.7% of portfolio. Max recommended: 25%.
[2026-03-05 11:28:24 UTC] ALERTS: 2 (0 critical, 0 high)
[2026-03-05 11:28:24 UTC]   [MEDIUM] BTC-USD is 46.3% of portfolio. Max recommended: 25%.
[2026-03-05 11:28:24 UTC]   [MEDIUM] ETH-USD is 28.7% of portfolio. Max recommended: 25%.
[2026-03-05 11:29:24 UTC] ALERTS: 2 (0 critical, 0 high)
[2026-03-05 11:29:24 UTC]   [MEDIUM] BTC-USD is 46.3% of portfolio. Max recommended: 25%.
[2026-03-05 11:29:24 UTC]   [MEDIUM] ETH-USD is 28.7% of portfolio. Max recommended: 25%.
[2026-03-05 11:30:25 UTC] ALERTS: 2 (0 critical, 0 high)
[2026-03-05 11:30:25 UTC]   [MEDIUM] BTC-USD is 46.3% of portfolio. Max recommended: 25%.
[2026-03-05 11:30:25 UTC]   [MEDIUM] ETH-USD is 28.7% of portfolio. Max recommended: 25%.
[2026-03-05 11:31:25 UTC] ALERTS: 2 (0 critical, 0 high)
[2026-03-05 11:31:25 UTC]   [MEDIUM] BTC-USD is 46.3% of portfolio. Max recommended: 25%.
[2026-03-05 11:31:25 UTC]   [MEDIUM] ETH-USD is 28.7% of portfolio. Max recommended: 25%.
[2026-03-05 11:32:26 UTC] ALERTS: 2 (0 critical, 0 high)
[2026-03-05 11:32:26 UTC]   [MEDIUM] BTC-USD is 46.3% of portfolio. Max recommended: 25%.
[2026-03-05 11:32:26 UTC]   [MEDIUM] ETH-USD is 28.7% of portfolio. Max recommended: 25%.
[2026-03-05 11:33:26 UTC] ALERTS: 2 (0 critical, 0 high)
[2026-03-05 11:33:26 UTC]   [MEDIUM] BTC-USD is 46.3% of portfolio. Max recommended: 25%.
[2026-03-05 11:33:26 UTC]   [MEDIUM] ETH-USD is 28.7% of portfolio. Max recommended: 25%.
[2026-03-05 11:34:27 UTC] ALERTS: 2 (0 critical, 0 high)
[2026-03-05 11:34:27 UTC]   [MEDIUM] BTC-USD is 46.3% of portfolio. Max recommended: 25%.
[2026-03-05 11:34:27 UTC]   [MEDIUM] ETH-USD is 28.7% of portfolio. Max recommended: 25%.
[2026-03-05 11:35:27 UTC] ALERTS: 2 (0 critical, 0 high)
[2026-03-05 11:35:27 UTC]   [MEDIUM] BTC-USD is 46.3% of portfolio. Max recommended: 25%.
[2026-03-05 11:35:27 UTC]   [MEDIUM] ETH-USD is 28.7% of portfolio. Max recommended: 25%.
[2026-03-05 11:36:28 UTC] ALERTS: 2 (0 critical, 0 high)
[2026-03-05 11:36:28 UTC]   [MEDIUM] BTC-USD is 46.3% of portfolio. Max recommended: 25%.
[2026-03-05 11:36:28 UTC]   [MEDIUM] ETH-USD is 28.7% of portfolio. Max recommended: 25%.
[2026-03-05 11:37:28 UTC] ALERTS: 2 (0 critical, 0 high)
[2026-03-05 11:37:28 UTC]   [MEDIUM] BTC-USD is 46.3% of portfolio. Max recommended: 25%.
[2026-03-05 11:37:28 UTC]   [MEDIUM] ETH-USD is 28.7% of portfolio. Max recommended: 25%.
[2026-03-05 11:38:29 UTC] ALERTS: 2 (0 critical, 0 high)
[2026-03-05 11:38:29 UTC]   [MEDIUM] BTC-USD is 46.3% of portfolio. Max recommended: 25%.
[2026-03-05 11:38:29 UTC]   [MEDIUM] ETH-USD is 28.7% of portfolio. Max recommended: 25%.
[2026-03-05 11:39:29 UTC] ALERTS: 2 (0 critical, 0 high)
[2026-03-05 11:39:29 UTC]   [MEDIUM] BTC-USD is 46.3% of portfolio. Max recommended: 25%.
[2026-03-05 11:39:29 UTC]   [MEDIUM] ETH-USD is 28.7% of portfolio. Max recommended: 25%.
[2026-03-05 11:40:30 UTC] ALERTS: 2 (0 critical, 0 high)
[2026-03-05 11:40:30 UTC]   [MEDIUM] BTC-USD is 46.3% of portfolio. Max recommended: 25%.
[2026-03-05 11:40:30 UTC]   [MEDIUM] ETH-USD is 28.7% of portfolio. Max recommended: 25%.
[2026-03-05 11:41:30 UTC] ALERTS: 2 (0 critical, 0 high)
[2026-03-05 11:41:30 UTC]   [MEDIUM] BTC-USD is 46.3% of portfolio. Max recommended: 25%.
[2026-03-05 11:41:30 UTC]   [MEDIUM] ETH-USD is 28.7% of portfolio. Max recommended: 25%.
[2026-03-05 11:42:31 UTC] ALERTS: 2 (0 critical, 0 high)
[2026-03-05 11:42:31 UTC]   [MEDIUM] BTC-USD is 46.3% of portfolio. Max recommended: 25%.
[2026-03-05 11:42:31 UTC]   [MEDIUM] ETH-USD is 28.7% of portfolio. Max recommended: 25%.
[2026-03-05 11:43:31 UTC] ALERTS: 2 (0 critical, 0 high)
[2026-03-05 11:43:31 UTC]   [MEDIUM] BTC-USD is 46.3% of portfolio. Max recommended: 25%.
[2026-03-05 11:43:31 UTC]   [MEDIUM] ETH-USD is 28.7% of portfolio. Max recommended: 25%.
[2026-03-05 11:44:32 UTC] ALERTS: 2 (0 critical, 0 high)
[2026-03-05 11:44:32 UTC]   [MEDIUM] BTC-USD is 46.3% of portfolio. Max recommended: 25%.
[2026-03-05 11:44:32 UTC]   [MEDIUM] ETH-USD is 28.7% of portfolio. Max recommended: 25%.
[2026-03-05 11:45:32 UTC] ALERTS: 2 (0 critical, 0 high)
[2026-03-05 11:45:32 UTC]   [MEDIUM] BTC-USD is 46.3% of portfolio. Max recommended: 25%.
[2026-03-05 11:45:32 UTC]   [MEDIUM] ETH-USD is 28.7% of portfolio. Max recommended: 25%.
[2026-03-05 11:46:33 UTC] ALERTS: 2 (0 critical, 0 high)
[2026-03-05 11:46:33 UTC]   [MEDIUM] BTC-USD is 46.3% of portfolio. Max recommended: 25%.
[2026-03-05 11:46:33 UTC]   [MEDIUM] ETH-USD is 28.7% of portfolio. Max recommended: 25%.
[2026-03-05 11:47:33 UTC] ALERTS: 2 (0 critical, 0 high)
[2026-03-05 11:47:33 UTC]   [MEDIUM] BTC-USD is 46.3% of portfolio. Max recommended: 25%.
[2026-03-05 11:47:33 UTC]   [MEDIUM] ETH-USD is 28.7% of portfolio. Max recommended: 25%.
[2026-03-05 11:48:34 UTC] ALERTS: 2 (0 critical, 0 high)
[2026-03-05 11:48:34 UTC]   [MEDIUM] BTC-USD is 46.3% of portfolio. Max recommended: 25%.
[2026-03-05 11:48:34 UTC]   [MEDIUM] ETH-USD is 28.7% of portfolio. Max recommended: 25%.
[2026-03-05 11:49:34 UTC] ALERTS: 2 (0 critical, 0 high)
[2026-03-05 11:49:34 UTC]   [MEDIUM] BTC-USD is 46.3% of portfolio. Max recommended: 25%.
[2026-03-05 11:49:34 UTC]   [MEDIUM] ETH-USD is 28.7% of portfolio. Max recommended: 25%.
[2026-03-05 11:50:34 UTC] ALERTS: 2 (0 critical, 0 high)
[2026-03-05 11:50:34 UTC]   [MEDIUM] BTC-USD is 46.3% of portfolio. Max recommended: 25%.
[2026-03-05 11:50:34 UTC]   [MEDIUM] ETH-USD is 28.7% of portfolio. Max recommended: 25%.
[2026-03-05 11:51:35 UTC] ALERTS: 2 (0 critical, 0 high)
[2026-03-05 11:51:35 UTC]   [MEDIUM] BTC-USD is 46.3% of portfolio. Max recommended: 25%.
[2026-03-05 11:51:35 UTC]   [MEDIUM] ETH-USD is 28.7% of portfolio. Max recommended: 25%.
[2026-03-05 11:52:35 UTC] ALERTS: 2 (0 critical, 0 high)
[2026-03-05 11:52:35 UTC]   [MEDIUM] BTC-USD is 46.3% of portfolio. Max recommended: 25%.
[2026-03-05 11:52:35 UTC]   [MEDIUM] ETH-USD is 28.7% of portfolio. Max recommended: 25%.
[2026-03-05 11:53:36 UTC] ALERTS: 2 (0 critical, 0 high)
[2026-03-05 11:53:36 UTC]   [MEDIUM] BTC-USD is 46.3% of portfolio. Max recommended: 25%.
[2026-03-05 11:53:36 UTC]   [MEDIUM] ETH-USD is 28.7% of portfolio. Max recommended: 25%.
[2026-03-05 11:54:36 UTC] ALERTS: 2 (0 critical, 0 high)
[2026-03-05 11:54:36 UTC]   [MEDIUM] BTC-USD is 46.3% of portfolio. Max recommended: 25%.
[2026-03-05 11:54:36 UTC]   [MEDIUM] ETH-USD is 28.7% of portfolio. Max recommended: 25%.
[2026-03-05 11:55:37 UTC] ALERTS: 2 (0 critical, 0 high)
[2026-03-05 11:55:37 UTC]   [MEDIUM] BTC-USD is 46.3% of portfolio. Max recommended: 25%.
[2026-03-05 11:55:37 UTC]   [MEDIUM] ETH-USD is 28.7% of portfolio. Max recommended: 25%.
[2026-03-05 11:56:37 UTC] ALERTS: 2 (0 critical, 0 high)
[2026-03-05 11:56:37 UTC]   [MEDIUM] BTC-USD is 46.3% of portfolio. Max recommended: 25%.
[2026-03-05 11:56:37 UTC]   [MEDIUM] ETH-USD is 28.7% of portfolio. Max recommended: 25%.
[2026-03-05 11:57:38 UTC] ALERTS: 2 (0 critical, 0 high)
[2026-03-05 11:57:38 UTC]   [MEDIUM] BTC-USD is 46.3% of portfolio. Max recommended: 25%.
[2026-03-05 11:57:38 UTC]   [MEDIUM] ETH-USD is 28.7% of portfolio. Max recommended: 25%.
[2026-03-05 11:58:38 UTC] ALERTS: 2 (0 critical, 0 high)
[2026-03-05 11:58:38 UTC]   [MEDIUM] BTC-USD is 46.3% of portfolio. Max recommended: 25%.
[2026-03-05 11:58:38 UTC]   [MEDIUM] ETH-USD is 28.7% of portfolio. Max recommended: 25%.
[2026-03-05 11:59:39 UTC] ALERTS: 2 (0 critical, 0 high)
[2026-03-05 11:59:39 UTC]   [MEDIUM] BTC-USD is 46.3% of portfolio. Max recommended: 25%.
[2026-03-05 11:59:39 UTC]   [MEDIUM] ETH-USD is 28.7% of portfolio. Max recommended: 25%.
[2026-03-05 12:00:40 UTC] ALERTS: 2 (0 critical, 0 high)
[2026-03-05 12:00:40 UTC]   [MEDIUM] BTC-USD is 46.3% of portfolio. Max recommended: 25%.
[2026-03-05 12:00:40 UTC]   [MEDIUM] ETH-USD is 28.7% of portfolio. Max recommended: 25%.
[2026-03-05 12:01:40 UTC] ALERTS: 2 (0 critical, 0 high)
[2026-03-05 12:01:40 UTC]   [MEDIUM] BTC-USD is 46.3% of portfolio. Max recommended: 25%.
[2026-03-05 12:01:40 UTC]   [MEDIUM] ETH-USD is 28.7% of portfolio. Max recommended: 25%.
[2026-03-05 12:02:40 UTC] ALERTS: 2 (0 critical, 0 high)
[2026-03-05 12:02:40 UTC]   [MEDIUM] BTC-USD is 46.3% of portfolio. Max recommended: 25%.
[2026-03-05 12:02:40 UTC]   [MEDIUM] ETH-USD is 28.7% of portfolio. Max recommended: 25%.
[2026-03-05 12:03:41 UTC] ALERTS: 2 (0 critical, 0 high)
[2026-03-05 12:03:41 UTC]   [MEDIUM] BTC-USD is 46.3% of portfolio. Max recommended: 25%.
[2026-03-05 12:03:41 UTC]   [MEDIUM] ETH-USD is 28.7% of portfolio. Max recommended: 25%.
[2026-03-05 12:04:41 UTC] ALERTS: 2 (0 critical, 0 high)
[2026-03-05 12:04:41 UTC]   [MEDIUM] BTC-USD is 46.3% of portfolio. Max recommended: 25%.
[2026-03-05 12:04:41 UTC]   [MEDIUM] ETH-USD is 28.7% of portfolio. Max recommended: 25%.
[2026-03-05 12:05:42 UTC] ALERTS: 2 (0 critical, 0 high)
[2026-03-05 12:05:42 UTC]   [MEDIUM] BTC-USD is 46.3% of portfolio. Max recommended: 25%.
[2026-03-05 12:05:42 UTC]   [MEDIUM] ETH-USD is 28.7% of portfolio. Max recommended: 25%.
[2026-03-05 12:06:42 UTC] ALERTS: 2 (0 critical, 0 high)
[2026-03-05 12:06:42 UTC]   [MEDIUM] BTC-USD is 46.3% of portfolio. Max recommended: 25%.
[2026-03-05 12:06:42 UTC]   [MEDIUM] ETH-USD is 28.7% of portfolio. Max recommended: 25%.
[2026-03-05 12:07:43 UTC] ALERTS: 2 (0 critical, 0 high)
[2026-03-05 12:07:43 UTC]   [MEDIUM] BTC-USD is 46.3% of portfolio. Max recommended: 25%.
[2026-03-05 12:07:43 UTC]   [MEDIUM] ETH-USD is 28.7% of portfolio. Max recommended: 25%.
[2026-03-05 12:08:43 UTC] ALERTS: 2 (0 critical, 0 high)
[2026-03-05 12:08:43 UTC]   [MEDIUM] BTC-USD is 46.3% of portfolio. Max recommended: 25%.
[2026-03-05 12:08:43 UTC]   [MEDIUM] ETH-USD is 28.7% of portfolio. Max recommended: 25%.
[2026-03-05 12:09:43 UTC] ALERTS: 2 (0 critical, 0 high)
[2026-03-05 12:09:43 UTC]   [MEDIUM] BTC-USD is 46.3% of portfolio. Max recommended: 25%.
[2026-03-05 12:09:43 UTC]   [MEDIUM] ETH-USD is 28.7% of portfolio. Max recommended: 25%.
[2026-03-05 12:10:44 UTC] ALERTS: 2 (0 critical, 0 high)
[2026-03-05 12:10:44 UTC]   [MEDIUM] BTC-USD is 46.3% of portfolio. Max recommended: 25%.
[2026-03-05 12:10:44 UTC]   [MEDIUM] ETH-USD is 28.7% of portfolio. Max recommended: 25%.
[2026-03-05 12:11:44 UTC] ALERTS: 2 (0 critical, 0 high)
[2026-03-05 12:11:44 UTC]   [MEDIUM] BTC-USD is 46.3% of portfolio. Max recommended: 25%.
[2026-03-05 12:11:44 UTC]   [MEDIUM] ETH-USD is 28.7% of portfolio. Max recommended: 25%.
[2026-03-05 12:12:45 UTC] ALERTS: 2 (0 critical, 0 high)
[2026-03-05 12:12:45 UTC]   [MEDIUM] BTC-USD is 46.3% of portfolio. Max recommended: 25%.
[2026-03-05 12:12:45 UTC]   [MEDIUM] ETH-USD is 28.7% of portfolio. Max recommended: 25%.
[2026-03-05 12:13:45 UTC] ALERTS: 2 (0 critical, 0 high)
[2026-03-05 12:13:45 UTC]   [MEDIUM] BTC-USD is 46.3% of portfolio. Max recommended: 25%.
[2026-03-05 12:13:45 UTC]   [MEDIUM] ETH-USD is 28.7% of portfolio. Max recommended: 25%.
[2026-03-05 12:14:46 UTC] ALERTS: 2 (0 critical, 0 high)
[2026-03-05 12:14:46 UTC]   [MEDIUM] BTC-USD is 46.3% of portfolio. Max recommended: 25%.
[2026-03-05 12:14:46 UTC]   [MEDIUM] ETH-USD is 28.7% of portfolio. Max recommended: 25%.
[2026-03-05 12:15:46 UTC] ALERTS: 2 (0 critical, 0 high)
[2026-03-05 12:15:46 UTC]   [MEDIUM] BTC-USD is 46.3% of portfolio. Max recommended: 25%.
[2026-03-05 12:15:46 UTC]   [MEDIUM] ETH-USD is 28.7% of portfolio. Max recommended: 25%.
[2026-03-05 12:16:47 UTC] ALERTS: 2 (0 critical, 0 high)
[2026-03-05 12:16:47 UTC]   [MEDIUM] BTC-USD is 46.3% of portfolio. Max recommended: 25%.
[2026-03-05 12:16:47 UTC]   [MEDIUM] ETH-USD is 28.7% of portfolio. Max recommended: 25%.
[2026-03-05 12:17:47 UTC] ALERTS: 2 (0 critical, 0 high)
[2026-03-05 12:17:47 UTC]   [MEDIUM] BTC-USD is 46.3% of portfolio. Max recommended: 25%.
[2026-03-05 12:17:47 UTC]   [MEDIUM] ETH-USD is 28.7% of portfolio. Max recommended: 25%.
[2026-03-05 12:18:48 UTC] ALERTS: 2 (0 critical, 0 high)
[2026-03-05 12:18:48 UTC]   [MEDIUM] BTC-USD is 46.3% of portfolio. Max recommended: 25%.
[2026-03-05 12:18:48 UTC]   [MEDIUM] ETH-USD is 28.7% of portfolio. Max recommended: 25%.
[2026-03-05 12:19:48 UTC] ALERTS: 2 (0 critical, 0 high)
[2026-03-05 12:19:48 UTC]   [MEDIUM] BTC-USD is 46.3% of portfolio. Max recommended: 25%.
[2026-03-05 12:19:48 UTC]   [MEDIUM] ETH-USD is 28.7% of portfolio. Max recommended: 25%.
[2026-03-05 12:20:49 UTC] ALERTS: 2 (0 critical, 0 high)
[2026-03-05 12:20:49 UTC]   [MEDIUM] BTC-USD is 46.3% of portfolio. Max recommended: 25%.
[2026-03-05 12:20:49 UTC]   [MEDIUM] ETH-USD is 28.7% of portfolio. Max recommended: 25%.
[2026-03-05 12:21:49 UTC] ALERTS: 2 (0 critical, 0 high)
[2026-03-05 12:21:49 UTC]   [MEDIUM] BTC-USD is 46.3% of portfolio. Max recommended: 25%.
[2026-03-05 12:21:49 UTC]   [MEDIUM] ETH-USD is 28.7% of portfolio. Max recommended: 25%.
[2026-03-05 12:22:50 UTC] ALERTS: 2 (0 critical, 0 high)
[2026-03-05 12:22:50 UTC]   [MEDIUM] BTC-USD is 46.3% of portfolio. Max recommended: 25%.
[2026-03-05 12:22:50 UTC]   [MEDIUM] ETH-USD is 28.7% of portfolio. Max recommended: 25%.
[2026-03-05 12:23:50 UTC] ALERTS: 2 (0 critical, 0 high)
[2026-03-05 12:23:50 UTC]   [MEDIUM] BTC-USD is 46.3% of portfolio. Max recommended: 25%.
[2026-03-05 12:23:50 UTC]   [MEDIUM] ETH-USD is 28.7% of portfolio. Max recommended: 25%.
[2026-03-05 12:24:50 UTC] ALERTS: 2 (0 critical, 0 high)
[2026-03-05 12:24:50 UTC]   [MEDIUM] BTC-USD is 46.3% of portfolio. Max recommended: 25%.
[2026-03-05 12:24:50 UTC]   [MEDIUM] ETH-USD is 28.7% of portfolio. Max recommended: 25%.
[2026-03-05 12:25:51 UTC] ALERTS: 2 (0 critical, 0 high)
[2026-03-05 12:25:51 UTC]   [MEDIUM] BTC-USD is 46.3% of portfolio. Max recommended: 25%.
[2026-03-05 12:25:51 UTC]   [MEDIUM] ETH-USD is 28.7% of portfolio. Max recommended: 25%.
[2026-03-05 12:26:51 UTC] ALERTS: 2 (0 critical, 0 high)
[2026-03-05 12:26:51 UTC]   [MEDIUM] BTC-USD is 46.3% of portfolio. Max recommended: 25%.
[2026-03-05 12:26:51 UTC]   [MEDIUM] ETH-USD is 28.7% of portfolio. Max recommended: 25%.
[2026-03-05 12:27:52 UTC] ALERTS: 2 (0 critical, 0 high)
[2026-03-05 12:27:52 UTC]   [MEDIUM] BTC-USD is 46.3% of portfolio. Max recommended: 25%.
[2026-03-05 12:27:52 UTC]   [MEDIUM] ETH-USD is 28.7% of portfolio. Max recommended: 25%.
[2026-03-05 12:28:53 UTC] ALERTS: 2 (0 critical, 0 high)
[2026-03-05 12:28:53 UTC]   [MEDIUM] BTC-USD is 46.3% of portfolio. Max recommended: 25%.
[2026-03-05 12:28:53 UTC]   [MEDIUM] ETH-USD is 28.7% of portfolio. Max recommended: 25%.
[2026-03-05 12:29:53 UTC] ALERTS: 2 (0 critical, 0 high)
[2026-03-05 12:29:53 UTC]   [MEDIUM] BTC-USD is 46.3% of portfolio. Max recommended: 25%.
[2026-03-05 12:29:53 UTC]   [MEDIUM] ETH-USD is 28.7% of portfolio. Max recommended: 25%.
[2026-03-05 12:30:54 UTC] ALERTS: 2 (0 critical, 0 high)
[2026-03-05 12:30:54 UTC]   [MEDIUM] BTC-USD is 46.3% of portfolio. Max recommended: 25%.
[2026-03-05 12:30:54 UTC]   [MEDIUM] ETH-USD is 28.7% of portfolio. Max recommended: 25%.
[2026-03-05 12:31:54 UTC] ALERTS: 2 (0 critical, 0 high)
[2026-03-05 12:31:54 UTC]   [MEDIUM] BTC-USD is 46.3% of portfolio. Max recommended: 25%.
[2026-03-05 12:31:54 UTC]   [MEDIUM] ETH-USD is 28.7% of portfolio. Max recommended: 25%.
[2026-03-05 12:32:54 UTC] ALERTS: 2 (0 critical, 0 high)
[2026-03-05 12:32:54 UTC]   [MEDIUM] BTC-USD is 46.3% of portfolio. Max recommended: 25%.
[2026-03-05 12:32:54 UTC]   [MEDIUM] ETH-USD is 28.7% of portfolio. Max recommended: 25%.
[2026-03-05 12:33:55 UTC] ALERTS: 2 (0 critical, 0 high)
[2026-03-05 12:33:55 UTC]   [MEDIUM] BTC-USD is 46.3% of portfolio. Max recommended: 25%.
[2026-03-05 12:33:55 UTC]   [MEDIUM] ETH-USD is 28.7% of portfolio. Max recommended: 25%.
[2026-03-05 12:34:55 UTC] ALERTS: 2 (0 critical, 0 high)
[2026-03-05 12:34:55 UTC]   [MEDIUM] BTC-USD is 46.3% of portfolio. Max recommended: 25%.
[2026-03-05 12:34:55 UTC]   [MEDIUM] ETH-USD is 28.7% of portfolio. Max recommended: 25%.
[2026-03-05 12:35:56 UTC] ALERTS: 2 (0 critical, 0 high)
[2026-03-05 12:35:56 UTC]   [MEDIUM] BTC-USD is 46.3% of portfolio. Max recommended: 25%.
[2026-03-05 12:35:56 UTC]   [MEDIUM] ETH-USD is 28.7% of portfolio. Max recommended: 25%.
[2026-03-05 12:36:56 UTC] ALERTS: 2 (0 critical, 0 high)
[2026-03-05 12:36:56 UTC]   [MEDIUM] BTC-USD is 46.3% of portfolio. Max recommended: 25%.
[2026-03-05 12:36:56 UTC]   [MEDIUM] ETH-USD is 28.7% of portfolio. Max recommended: 25%.
[2026-03-05 12:37:57 UTC] ALERTS: 2 (0 critical, 0 high)
[2026-03-05 12:37:57 UTC]   [MEDIUM] BTC-USD is 46.3% of portfolio. Max recommended: 25%.
[2026-03-05 12:37:57 UTC]   [MEDIUM] ETH-USD is 28.7% of portfolio. Max recommended: 25%.
[2026-03-05 12:38:57 UTC] ALERTS: 2 (0 critical, 0 high)
[2026-03-05 12:38:57 UTC]   [MEDIUM] BTC-USD is 46.3% of portfolio. Max recommended: 25%.
[2026-03-05 12:38:57 UTC]   [MEDIUM] ETH-USD is 28.7% of portfolio. Max recommended: 25%.
[2026-03-05 12:39:58 UTC] ALERTS: 2 (0 critical, 0 high)
[2026-03-05 12:39:58 UTC]   [MEDIUM] BTC-USD is 46.3% of portfolio. Max recommended: 25%.
[2026-03-05 12:39:58 UTC]   [MEDIUM] ETH-USD is 28.7% of portfolio. Max recommended: 25%.
[2026-03-05 12:40:58 UTC] ALERTS: 2 (0 critical, 0 high)
[2026-03-05 12:40:58 UTC]   [MEDIUM] BTC-USD is 46.3% of portfolio. Max recommended: 25%.
[2026-03-05 12:40:58 UTC]   [MEDIUM] ETH-USD is 28.7% of portfolio. Max recommended: 25%.
[2026-03-05 12:41:58 UTC] ALERTS: 2 (0 critical, 0 high)
[2026-03-05 12:41:58 UTC]   [MEDIUM] BTC-USD is 46.3% of portfolio. Max recommended: 25%.
[2026-03-05 12:41:58 UTC]   [MEDIUM] ETH-USD is 28.7% of portfolio. Max recommended: 25%.
[2026-03-05 12:42:59 UTC] ALERTS: 2 (0 critical, 0 high)
[2026-03-05 12:42:59 UTC]   [MEDIUM] BTC-USD is 46.3% of portfolio. Max recommended: 25%.
[2026-03-05 12:42:59 UTC]   [MEDIUM] ETH-USD is 28.7% of portfolio. Max recommended: 25%.
[2026-03-05 12:43:59 UTC] ALERTS: 2 (0 critical, 0 high)
[2026-03-05 12:43:59 UTC]   [MEDIUM] BTC-USD is 46.3% of portfolio. Max recommended: 25%.
[2026-03-05 12:43:59 UTC]   [MEDIUM] ETH-USD is 28.7% of portfolio. Max recommended: 25%.
[2026-03-05 12:45:00 UTC] ALERTS: 2 (0 critical, 0 high)
[2026-03-05 12:45:00 UTC]   [MEDIUM] BTC-USD is 46.3% of portfolio. Max recommended: 25%.
[2026-03-05 12:45:00 UTC]   [MEDIUM] ETH-USD is 28.7% of portfolio. Max recommended: 25%.
[2026-03-05 12:46:00 UTC] ALERTS: 2 (0 critical, 0 high)
[2026-03-05 12:46:00 UTC]   [MEDIUM] BTC-USD is 46.3% of portfolio. Max recommended: 25%.
[2026-03-05 12:46:00 UTC]   [MEDIUM] ETH-USD is 28.7% of portfolio. Max recommended: 25%.
[2026-03-05 12:47:01 UTC] ALERTS: 2 (0 critical, 0 high)
[2026-03-05 12:47:01 UTC]   [MEDIUM] BTC-USD is 46.3% of portfolio. Max recommended: 25%.
[2026-03-05 12:47:01 UTC]   [MEDIUM] ETH-USD is 28.7% of portfolio. Max recommended: 25%.
[2026-03-05 12:48:01 UTC] ALERTS: 2 (0 critical, 0 high)
[2026-03-05 12:48:01 UTC]   [MEDIUM] BTC-USD is 46.3% of portfolio. Max recommended: 25%.
[2026-03-05 12:48:01 UTC]   [MEDIUM] ETH-USD is 28.7% of portfolio. Max recommended: 25%.
[2026-03-05 12:49:02 UTC] ALERTS: 2 (0 critical, 0 high)
[2026-03-05 12:49:02 UTC]   [MEDIUM] BTC-USD is 46.3% of portfolio. Max recommended: 25%.
[2026-03-05 12:49:02 UTC]   [MEDIUM] ETH-USD is 28.7% of portfolio. Max recommended: 25%.
[2026-03-05 12:50:02 UTC] ALERTS: 2 (0 critical, 0 high)
[2026-03-05 12:50:02 UTC]   [MEDIUM] BTC-USD is 46.3% of portfolio. Max recommended: 25%.
[2026-03-05 12:50:02 UTC]   [MEDIUM] ETH-USD is 28.7% of portfolio. Max recommended: 25%.
[2026-03-05 12:51:03 UTC] ALERTS: 2 (0 critical, 0 high)
[2026-03-05 12:51:03 UTC]   [MEDIUM] BTC-USD is 46.3% of portfolio. Max recommended: 25%.
[2026-03-05 12:51:03 UTC]   [MEDIUM] ETH-USD is 28.7% of portfolio. Max recommended: 25%.
[2026-03-05 12:52:03 UTC] ALERTS: 2 (0 critical, 0 high)
[2026-03-05 12:52:03 UTC]   [MEDIUM] BTC-USD is 46.3% of portfolio. Max recommended: 25%.
[2026-03-05 12:52:03 UTC]   [MEDIUM] ETH-USD is 28.7% of portfolio. Max recommended: 25%.
[2026-03-05 12:53:03 UTC] ALERTS: 2 (0 critical, 0 high)
[2026-03-05 12:53:03 UTC]   [MEDIUM] BTC-USD is 46.3% of portfolio. Max recommended: 25%.
[2026-03-05 12:53:03 UTC]   [MEDIUM] ETH-USD is 28.7% of portfolio. Max recommended: 25%.
[2026-03-05 12:54:04 UTC] ALERTS: 2 (0 critical, 0 high)
[2026-03-05 12:54:04 UTC]   [MEDIUM] BTC-USD is 46.3% of portfolio. Max recommended: 25%.
[2026-03-05 12:54:04 UTC]   [MEDIUM] ETH-USD is 28.7% of portfolio. Max recommended: 25%.
[2026-03-05 12:55:04 UTC] ALERTS: 2 (0 critical, 0 high)
[2026-03-05 12:55:04 UTC]   [MEDIUM] BTC-USD is 46.3% of portfolio. Max recommended: 25%.
[2026-03-05 12:55:04 UTC]   [MEDIUM] ETH-USD is 28.7% of portfolio. Max recommended: 25%.
[2026-03-05 12:56:05 UTC] ALERTS: 2 (0 critical, 0 high)
[2026-03-05 12:56:05 UTC]   [MEDIUM] BTC-USD is 46.3% of portfolio. Max recommended: 25%.
[2026-03-05 12:56:05 UTC]   [MEDIUM] ETH-USD is 28.7% of portfolio. Max recommended: 25%.
[2026-03-05 12:57:05 UTC] ALERTS: 2 (0 critical, 0 high)
[2026-03-05 12:57:05 UTC]   [MEDIUM] BTC-USD is 46.3% of portfolio. Max recommended: 25%.
[2026-03-05 12:57:05 UTC]   [MEDIUM] ETH-USD is 28.7% of portfolio. Max recommended: 25%.
[2026-03-05 12:58:06 UTC] ALERTS: 2 (0 critical, 0 high)
[2026-03-05 12:58:06 UTC]   [MEDIUM] BTC-USD is 46.3% of portfolio. Max recommended: 25%.
[2026-03-05 12:58:06 UTC]   [MEDIUM] ETH-USD is 28.7% of portfolio. Max recommended: 25%.
[2026-03-05 12:59:06 UTC] ALERTS: 2 (0 critical, 0 high)
[2026-03-05 12:59:06 UTC]   [MEDIUM] BTC-USD is 46.3% of portfolio. Max recommended: 25%.
[2026-03-05 12:59:06 UTC]   [MEDIUM] ETH-USD is 28.7% of portfolio. Max recommended: 25%.
[2026-03-05 13:00:07 UTC] ALERTS: 2 (0 critical, 0 high)
[2026-03-05 13:00:07 UTC]   [MEDIUM] BTC-USD is 46.3% of portfolio. Max recommended: 25%.
[2026-03-05 13:00:07 UTC]   [MEDIUM] ETH-USD is 28.7% of portfolio. Max recommended: 25%.
[2026-03-05 13:01:08 UTC] ALERTS: 2 (0 critical, 0 high)
[2026-03-05 13:01:08 UTC]   [MEDIUM] BTC-USD is 46.3% of portfolio. Max recommended: 25%.
[2026-03-05 13:01:08 UTC]   [MEDIUM] ETH-USD is 28.7% of portfolio. Max recommended: 25%.
[2026-03-05 13:02:08 UTC] ALERTS: 2 (0 critical, 0 high)
[2026-03-05 13:02:08 UTC]   [MEDIUM] BTC-USD is 46.3% of portfolio. Max recommended: 25%.
[2026-03-05 13:02:08 UTC]   [MEDIUM] ETH-USD is 28.7% of portfolio. Max recommended: 25%.
[2026-03-05 13:03:09 UTC] ALERTS: 2 (0 critical, 0 high)
[2026-03-05 13:03:09 UTC]   [MEDIUM] BTC-USD is 46.3% of portfolio. Max recommended: 25%.
[2026-03-05 13:03:09 UTC]   [MEDIUM] ETH-USD is 28.7% of portfolio. Max recommended: 25%.
[2026-03-05 13:04:09 UTC] ALERTS: 2 (0 critical, 0 high)
[2026-03-05 13:04:09 UTC]   [MEDIUM] BTC-USD is 46.3% of portfolio. Max recommended: 25%.
[2026-03-05 13:04:09 UTC]   [MEDIUM] ETH-USD is 28.7% of portfolio. Max recommended: 25%.
[2026-03-05 13:05:10 UTC] ALERTS: 2 (0 critical, 0 high)
[2026-03-05 13:05:10 UTC]   [MEDIUM] BTC-USD is 46.3% of portfolio. Max recommended: 25%.
[2026-03-05 13:05:10 UTC]   [MEDIUM] ETH-USD is 28.7% of portfolio. Max recommended: 25%.
[2026-03-05 13:06:10 UTC] ALERTS: 2 (0 critical, 0 high)
[2026-03-05 13:06:10 UTC]   [MEDIUM] BTC-USD is 46.3% of portfolio. Max recommended: 25%.
[2026-03-05 13:06:10 UTC]   [MEDIUM] ETH-USD is 28.7% of portfolio. Max recommended: 25%.
[2026-03-05 13:07:10 UTC] ALERTS: 2 (0 critical, 0 high)
[2026-03-05 13:07:10 UTC]   [MEDIUM] BTC-USD is 46.3% of portfolio. Max recommended: 25%.
[2026-03-05 13:07:10 UTC]   [MEDIUM] ETH-USD is 28.7% of portfolio. Max recommended: 25%.
[2026-03-05 13:08:11 UTC] ALERTS: 2 (0 critical, 0 high)
[2026-03-05 13:08:11 UTC]   [MEDIUM] BTC-USD is 46.3% of portfolio. Max recommended: 25%.
[2026-03-05 13:08:11 UTC]   [MEDIUM] ETH-USD is 28.7% of portfolio. Max recommended: 25%.
[2026-03-05 13:09:11 UTC] ALERTS: 2 (0 critical, 0 high)
[2026-03-05 13:09:11 UTC]   [MEDIUM] BTC-USD is 46.3% of portfolio. Max recommended: 25%.
[2026-03-05 13:09:11 UTC]   [MEDIUM] ETH-USD is 28.7% of portfolio. Max recommended: 25%.
[2026-03-05 13:10:12 UTC] ALERTS: 2 (0 critical, 0 high)
[2026-03-05 13:10:12 UTC]   [MEDIUM] BTC-USD is 46.3% of portfolio. Max recommended: 25%.
[2026-03-05 13:10:12 UTC]   [MEDIUM] ETH-USD is 28.7% of portfolio. Max recommended: 25%.
[2026-03-05 13:11:12 UTC] ALERTS: 2 (0 critical, 0 high)
[2026-03-05 13:11:12 UTC]   [MEDIUM] BTC-USD is 46.3% of portfolio. Max recommended: 25%.
[2026-03-05 13:11:12 UTC]   [MEDIUM] ETH-USD is 28.7% of portfolio. Max recommended: 25%.
[2026-03-05 13:12:13 UTC] ALERTS: 2 (0 critical, 0 high)
[2026-03-05 13:12:13 UTC]   [MEDIUM] BTC-USD is 46.3% of portfolio. Max recommended: 25%.
[2026-03-05 13:12:13 UTC]   [MEDIUM] ETH-USD is 28.7% of portfolio. Max recommended: 25%.
[2026-03-05 13:13:13 UTC] ALERTS: 2 (0 critical, 0 high)
[2026-03-05 13:13:13 UTC]   [MEDIUM] BTC-USD is 46.3% of portfolio. Max recommended: 25%.
[2026-03-05 13:13:13 UTC]   [MEDIUM] ETH-USD is 28.7% of portfolio. Max recommended: 25%.
[2026-03-05 13:14:14 UTC] ALERTS: 2 (0 critical, 0 high)
[2026-03-05 13:14:14 UTC]   [MEDIUM] BTC-USD is 46.3% of portfolio. Max recommended: 25%.
[2026-03-05 13:14:14 UTC]   [MEDIUM] ETH-USD is 28.7% of portfolio. Max recommended: 25%.
[2026-03-05 13:15:14 UTC] ALERTS: 2 (0 critical, 0 high)
[2026-03-05 13:15:14 UTC]   [MEDIUM] BTC-USD is 46.3% of portfolio. Max recommended: 25%.
[2026-03-05 13:15:14 UTC]   [MEDIUM] ETH-USD is 28.7% of portfolio. Max recommended: 25%.
[2026-03-05 13:16:15 UTC] ALERTS: 2 (0 critical, 0 high)
[2026-03-05 13:16:15 UTC]   [MEDIUM] BTC-USD is 46.3% of portfolio. Max recommended: 25%.
[2026-03-05 13:16:15 UTC]   [MEDIUM] ETH-USD is 28.7% of portfolio. Max recommended: 25%.
[2026-03-05 13:17:15 UTC] ALERTS: 2 (0 critical, 0 high)
[2026-03-05 13:17:15 UTC]   [MEDIUM] BTC-USD is 46.3% of portfolio. Max recommended: 25%.
[2026-03-05 13:17:15 UTC]   [MEDIUM] ETH-USD is 28.7% of portfolio. Max recommended: 25%.
[2026-03-05 13:18:16 UTC] ALERTS: 2 (0 critical, 0 high)
[2026-03-05 13:18:16 UTC]   [MEDIUM] BTC-USD is 46.3% of portfolio. Max recommended: 25%.
[2026-03-05 13:18:16 UTC]   [MEDIUM] ETH-USD is 28.7% of portfolio. Max recommended: 25%.
[2026-03-05 13:19:16 UTC] ALERTS: 2 (0 critical, 0 high)
[2026-03-05 13:19:16 UTC]   [MEDIUM] BTC-USD is 46.3% of portfolio. Max recommended: 25%.
[2026-03-05 13:19:16 UTC]   [MEDIUM] ETH-USD is 28.7% of portfolio. Max recommended: 25%.
[2026-03-05 13:20:17 UTC] ALERTS: 2 (0 critical, 0 high)
[2026-03-05 13:20:17 UTC]   [MEDIUM] BTC-USD is 46.3% of portfolio. Max recommended: 25%.
[2026-03-05 13:20:17 UTC]   [MEDIUM] ETH-USD is 28.7% of portfolio. Max recommended: 25%.
[2026-03-05 13:21:17 UTC] ALERTS: 2 (0 critical, 0 high)
[2026-03-05 13:21:17 UTC]   [MEDIUM] BTC-USD is 46.3% of portfolio. Max recommended: 25%.
[2026-03-05 13:21:17 UTC]   [MEDIUM] ETH-USD is 28.7% of portfolio. Max recommended: 25%.
[2026-03-05 13:22:17 UTC] ALERTS: 2 (0 critical, 0 high)
[2026-03-05 13:22:17 UTC]   [MEDIUM] BTC-USD is 46.3% of portfolio. Max recommended: 25%.
[2026-03-05 13:22:17 UTC]   [MEDIUM] ETH-USD is 28.7% of portfolio. Max recommended: 25%.
[2026-03-05 13:23:18 UTC] ALERTS: 2 (0 critical, 0 high)
[2026-03-05 13:23:18 UTC]   [MEDIUM] BTC-USD is 46.3% of portfolio. Max recommended: 25%.
[2026-03-05 13:23:18 UTC]   [MEDIUM] ETH-USD is 28.7% of portfolio. Max recommended: 25%.
[2026-03-05 13:24:18 UTC] ALERTS: 2 (0 critical, 0 high)
[2026-03-05 13:24:18 UTC]   [MEDIUM] BTC-USD is 46.3% of portfolio. Max recommended: 25%.
[2026-03-05 13:24:18 UTC]   [MEDIUM] ETH-USD is 28.7% of portfolio. Max recommended: 25%.
[2026-03-05 13:25:19 UTC] ALERTS: 2 (0 critical, 0 high)
[2026-03-05 13:25:19 UTC]   [MEDIUM] BTC-USD is 46.3% of portfolio. Max recommended: 25%.
[2026-03-05 13:25:19 UTC]   [MEDIUM] ETH-USD is 28.7% of portfolio. Max recommended: 25%.
[2026-03-05 13:26:19 UTC] ALERTS: 2 (0 critical, 0 high)
[2026-03-05 13:26:19 UTC]   [MEDIUM] BTC-USD is 46.3% of portfolio. Max recommended: 25%.
[2026-03-05 13:26:19 UTC]   [MEDIUM] ETH-USD is 28.7% of portfolio. Max recommended: 25%.
[2026-03-05 13:27:20 UTC] ALERTS: 2 (0 critical, 0 high)
[2026-03-05 13:27:20 UTC]   [MEDIUM] BTC-USD is 46.3% of portfolio. Max recommended: 25%.
[2026-03-05 13:27:20 UTC]   [MEDIUM] ETH-USD is 28.7% of portfolio. Max recommended: 25%.
[2026-03-05 13:28:20 UTC] ALERTS: 2 (0 critical, 0 high)
[2026-03-05 13:28:20 UTC]   [MEDIUM] BTC-USD is 46.3% of portfolio. Max recommended: 25%.
[2026-03-05 13:28:20 UTC]   [MEDIUM] ETH-USD is 28.7% of portfolio. Max recommended: 25%.
[2026-03-05 13:29:21 UTC] ALERTS: 2 (0 critical, 0 high)
[2026-03-05 13:29:21 UTC]   [MEDIUM] BTC-USD is 46.3% of portfolio. Max recommended: 25%.
[2026-03-05 13:29:21 UTC]   [MEDIUM] ETH-USD is 28.7% of portfolio. Max recommended: 25%.
[2026-03-05 13:30:21 UTC] ALERTS: 2 (0 critical, 0 high)
[2026-03-05 13:30:21 UTC]   [MEDIUM] BTC-USD is 46.3% of portfolio. Max recommended: 25%.
[2026-03-05 13:30:21 UTC]   [MEDIUM] ETH-USD is 28.7% of portfolio. Max recommended: 25%.
[2026-03-05 13:31:22 UTC] ALERTS: 2 (0 critical, 0 high)
[2026-03-05 13:31:22 UTC]   [MEDIUM] BTC-USD is 46.3% of portfolio. Max recommended: 25%.
[2026-03-05 13:31:22 UTC]   [MEDIUM] ETH-USD is 28.7% of portfolio. Max recommended: 25%.
[2026-03-05 13:32:22 UTC] ALERTS: 2 (0 critical, 0 high)
[2026-03-05 13:32:22 UTC]   [MEDIUM] BTC-USD is 46.3% of portfolio. Max recommended: 25%.
[2026-03-05 13:32:22 UTC]   [MEDIUM] ETH-USD is 28.7% of portfolio. Max recommended: 25%.
[2026-03-05 13:33:22 UTC] ALERTS: 2 (0 critical, 0 high)
[2026-03-05 13:33:22 UTC]   [MEDIUM] BTC-USD is 46.3% of portfolio. Max recommended: 25%.
[2026-03-05 13:33:22 UTC]   [MEDIUM] ETH-USD is 28.7% of portfolio. Max recommended: 25%.
[2026-03-05 13:34:23 UTC] ALERTS: 2 (0 critical, 0 high)
[2026-03-05 13:34:23 UTC]   [MEDIUM] BTC-USD is 46.3% of portfolio. Max recommended: 25%.
[2026-03-05 13:34:23 UTC]   [MEDIUM] ETH-USD is 28.7% of portfolio. Max recommended: 25%.
[2026-03-05 13:35:23 UTC] ALERTS: 2 (0 critical, 0 high)
[2026-03-05 13:35:23 UTC]   [MEDIUM] BTC-USD is 46.3% of portfolio. Max recommended: 25%.
[2026-03-05 13:35:23 UTC]   [MEDIUM] ETH-USD is 28.7% of portfolio. Max recommended: 25%.
[2026-03-05 13:36:24 UTC] ALERTS: 2 (0 critical, 0 high)
[2026-03-05 13:36:24 UTC]   [MEDIUM] BTC-USD is 46.3% of portfolio. Max recommended: 25%.
[2026-03-05 13:36:24 UTC]   [MEDIUM] ETH-USD is 28.7% of portfolio. Max recommended: 25%.
[2026-03-05 13:37:24 UTC] ALERTS: 2 (0 critical, 0 high)
[2026-03-05 13:37:24 UTC]   [MEDIUM] BTC-USD is 46.3% of portfolio. Max recommended: 25%.
[2026-03-05 13:37:24 UTC]   [MEDIUM] ETH-USD is 28.7% of portfolio. Max recommended: 25%.
[2026-03-05 13:38:25 UTC] ALERTS: 2 (0 critical, 0 high)
[2026-03-05 13:38:25 UTC]   [MEDIUM] BTC-USD is 46.3% of portfolio. Max recommended: 25%.
[2026-03-05 13:38:25 UTC]   [MEDIUM] ETH-USD is 28.7% of portfolio. Max recommended: 25%.
[2026-03-05 13:39:25 UTC] ALERTS: 2 (0 critical, 0 high)
[2026-03-05 13:39:25 UTC]   [MEDIUM] BTC-USD is 46.3% of portfolio. Max recommended: 25%.
[2026-03-05 13:39:25 UTC]   [MEDIUM] ETH-USD is 28.7% of portfolio. Max recommended: 25%.
[2026-03-05 13:40:26 UTC] ALERTS: 2 (0 critical, 0 high)
[2026-03-05 13:40:26 UTC]   [MEDIUM] BTC-USD is 46.3% of portfolio. Max recommended: 25%.
[2026-03-05 13:40:26 UTC]   [MEDIUM] ETH-USD is 28.7% of portfolio. Max recommended: 25%.
[2026-03-05 13:41:26 UTC] ALERTS: 2 (0 critical, 0 high)
[2026-03-05 13:41:26 UTC]   [MEDIUM] BTC-USD is 46.3% of portfolio. Max recommended: 25%.
[2026-03-05 13:41:26 UTC]   [MEDIUM] ETH-USD is 28.7% of portfolio. Max recommended: 25%.
[2026-03-05 13:42:27 UTC] ALERTS: 2 (0 critical, 0 high)
[2026-03-05 13:42:27 UTC]   [MEDIUM] BTC-USD is 46.3% of portfolio. Max recommended: 25%.
[2026-03-05 13:42:27 UTC]   [MEDIUM] ETH-USD is 28.7% of portfolio. Max recommended: 25%.
[2026-03-05 13:43:27 UTC] ALERTS: 2 (0 critical, 0 high)
[2026-03-05 13:43:27 UTC]   [MEDIUM] BTC-USD is 46.3% of portfolio. Max recommended: 25%.
[2026-03-05 13:43:27 UTC]   [MEDIUM] ETH-USD is 28.7% of portfolio. Max recommended: 25%.
[2026-03-05 13:44:27 UTC] ALERTS: 2 (0 critical, 0 high)
[2026-03-05 13:44:27 UTC]   [MEDIUM] BTC-USD is 46.3% of portfolio. Max recommended: 25%.
[2026-03-05 13:44:27 UTC]   [MEDIUM] ETH-USD is 28.7% of portfolio. Max recommended: 25%.
[2026-03-05 13:45:28 UTC] ALERTS: 2 (0 critical, 0 high)
[2026-03-05 13:45:28 UTC]   [MEDIUM] BTC-USD is 46.3% of portfolio. Max recommended: 25%.
[2026-03-05 13:45:28 UTC]   [MEDIUM] ETH-USD is 28.7% of portfolio. Max recommended: 25%.
[2026-03-05 13:46:28 UTC] ALERTS: 2 (0 critical, 0 high)
[2026-03-05 13:46:28 UTC]   [MEDIUM] BTC-USD is 46.3% of portfolio. Max recommended: 25%.
[2026-03-05 13:46:28 UTC]   [MEDIUM] ETH-USD is 28.7% of portfolio. Max recommended: 25%.
[2026-03-05 13:47:29 UTC] ALERTS: 2 (0 critical, 0 high)
[2026-03-05 13:47:29 UTC]   [MEDIUM] BTC-USD is 46.3% of portfolio. Max recommended: 25%.
[2026-03-05 13:47:29 UTC]   [MEDIUM] ETH-USD is 28.7% of portfolio. Max recommended: 25%.
[2026-03-05 13:48:29 UTC] ALERTS: 2 (0 critical, 0 high)
[2026-03-05 13:48:29 UTC]   [MEDIUM] BTC-USD is 46.3% of portfolio. Max recommended: 25%.
[2026-03-05 13:48:29 UTC]   [MEDIUM] ETH-USD is 28.7% of portfolio. Max recommended: 25%.
